-------------------------------------------------------------------------------
      name:  <unnamed>
       log:  /workspace/logs/2017_outcomes.log
  log type:  text
 opened on:  16 Dec 2022, 12:27:33

. use ./output/2017_ckd_complete.dta

. 
. foreach outcome of varlist      q1_hospital_days                        ///
>                                                         q2_hospital_days     
>                    ///
>                                                         q3_hospital_days     
>                    ///
>                                                         q4_hospital_days     
>                    ///
>                                                         q1_critical_care_days
>            ///
>                                                         q2_critical_care_days
>            ///
>                                                         q3_critical_care_days
>            ///
>                                                         q4_critical_care_days
>            ///
>                                                         q1_emergency_days    
>                    ///
>                                                         q2_emergency_days    
>                    ///
>                                                         q3_emergency_days    
>                    ///
>                                                         q4_emergency_days    
>                    ///
>                                                         q1_outpatient_appoint
> ments      ///
>                                                         q2_outpatient_appoint
> ments      ///
>                                                         q3_outpatient_appoint
> ments      ///
>                                                         q4_outpatient_appoint
> ments      ///
>                                                         q1_nephrology_appoint
> ments      ///
>                                                         q2_nephrology_appoint
> ments      ///
>                                                         q3_nephrology_appoint
> ments      ///
>                                                         q4_nephrology_appoint
> ments      ///
>                                                         q1_transplant_appoint
> ments      ///
>                                                         q2_transplant_appoint
> ments      ///
>                                                         q3_transplant_appoint
> ments      ///
>                                                         q4_transplant_appoint
> ments      ///
>                                                         q1_gp_interactions   
>                    ///
>                                                         q2_gp_interactions   
>                    ///
>                                                         q3_gp_interactions   
>                    ///
>                                                         q4_gp_interactions   
>                    ///
>                                                         q1_blood_pressure    
>                    ///
>                                                         q2_blood_pressure    
>                    ///
>                                                         q3_blood_pressure    
>                    ///
>                                                         q4_blood_pressure    
>                    ///
>                                                         q1_albuminuria       
>                    ///
>                                                         q2_albuminuria       
>                    ///
>                                                         q3_albuminuria       
>                    ///
>                                                         q4_albuminuria       
>                    ///
>                                                         q1_creatinine        
>                    ///
>                                                         q2_creatinine        
>                    ///
>                                                         q3_creatinine        
>                    ///
>                                                         q4_creatinine {
  2. total `outcome', over(ckd_group)
  3. }

Total estimation                                   Number of obs   =      1,288

------------------------------------------------------------------------------
                             |      Total   Std. Err.     [95% Conf. Interval]
-----------------------------+------------------------------------------------
c.q1_hospital_days@ckd_group |
  eGFR ≥60 with albuminuria  |        211   29.56759       152.994     269.006
                      CKD 3  |        120   20.87989      79.03764    160.9624
CKD 4/5 without kidney re..  |          4          4     -3.847236    11.84724
                   Dialysis  |          0  (omitted)
          Kidney transplant  |          3          3     -2.885427    8.885427
------------------------------------------------------------------------------

Total estimation                                   Number of obs   =      1,288

------------------------------------------------------------------------------
                             |      Total   Std. Err.     [95% Conf. Interval]
-----------------------------+------------------------------------------------
c.q2_hospital_days@ckd_group |
  eGFR ≥60 with albuminuria  |        153   23.64924      106.6047    199.3953
                      CKD 3  |        100   18.36355      63.97423    136.0258
CKD 4/5 without kidney re..  |          0  (omitted)
                   Dialysis  |          3          3     -2.885427    8.885427
          Kidney transplant  |          1          1     -.9618089    2.961809
------------------------------------------------------------------------------

Total estimation                                   Number of obs   =      1,288

------------------------------------------------------------------------------
                             |      Total   Std. Err.     [95% Conf. Interval]
-----------------------------+------------------------------------------------
c.q3_hospital_days@ckd_group |
  eGFR ≥60 with albuminuria  |        232    30.6795      171.8127    292.1873
                      CKD 3  |        150    23.7239      103.4582    196.5418
CKD 4/5 without kidney re..  |          6   4.306443     -2.448419    14.44842
                   Dialysis  |         12   7.375636     -2.469588    26.46959
          Kidney transplant  |          5   3.538361     -1.941589    11.94159
------------------------------------------------------------------------------

Total estimation                                   Number of obs   =      1,288

------------------------------------------------------------------------------
                             |      Total   Std. Err.     [95% Conf. Interval]
-----------------------------+------------------------------------------------
c.q4_hospital_days@ckd_group |
  eGFR ≥60 with albuminuria  |        193   27.70487      138.6483    247.3517
                      CKD 3  |        122   22.82788      77.21606    166.7839
CKD 4/5 without kidney re..  |          2          2     -1.923618    5.923618
                   Dialysis  |          2          2     -1.923618    5.923618
          Kidney transplant  |          4     3.1241     -2.128887    10.12889
------------------------------------------------------------------------------

Total estimation                                   Number of obs   =      1,288

------------------------------------------------------------------------------
                             |      Total   Std. Err.     [95% Conf. Interval]
-----------------------------+------------------------------------------------
     c.q1_critical_care_days@|
                   ckd_group |
  eGFR ≥60 with albuminuria  |        188   26.47547      136.0602    239.9398
                      CKD 3  |        158   25.25243      108.4596    207.5404
CKD 4/5 without kidney re..  |          7          7     -6.732663    20.73266
                   Dialysis  |          9   5.053052     -.9131224    18.91312
          Kidney transplant  |         14   7.929691     -1.556539    29.55654
------------------------------------------------------------------------------

Total estimation                                   Number of obs   =      1,288

------------------------------------------------------------------------------
                             |      Total   Std. Err.     [95% Conf. Interval]
-----------------------------+------------------------------------------------
     c.q2_critical_care_days@|
                   ckd_group |
  eGFR ≥60 with albuminuria  |        189   26.10431      137.7883    240.2117
                      CKD 3  |         87    16.8919      53.86132    120.1387
CKD 4/5 without kidney re..  |          9   4.926736     -.6653147    18.66531
                   Dialysis  |          0  (omitted)
          Kidney transplant  |          2          2     -1.923618    5.923618
------------------------------------------------------------------------------

Total estimation                                   Number of obs   =      1,288

------------------------------------------------------------------------------
                             |      Total   Std. Err.     [95% Conf. Interval]
-----------------------------+------------------------------------------------
     c.q3_critical_care_days@|
                   ckd_group |
  eGFR ≥60 with albuminuria  |        180   27.47451      126.1003    233.8997
                      CKD 3  |        107   20.23014      67.31233    146.6877
CKD 4/5 without kidney re..  |          0  (omitted)
                   Dialysis  |          9   5.259911     -1.318941    19.31894
          Kidney transplant  |         15   7.090839      1.089128    28.91087
------------------------------------------------------------------------------

Total estimation                                   Number of obs   =      1,288

------------------------------------------------------------------------------
                             |      Total   Std. Err.     [95% Conf. Interval]
-----------------------------+------------------------------------------------
     c.q4_critical_care_days@|
                   ckd_group |
  eGFR ≥60 with albuminuria  |        246   31.66401      183.8813    308.1187
                      CKD 3  |        100   17.92164      64.84116    135.1588
CKD 4/5 without kidney re..  |         13   6.842381     -.4234448    26.42344
                   Dialysis  |          2          2     -1.923618    5.923618
          Kidney transplant  |          6    3.32265     -.5184036     12.5184
------------------------------------------------------------------------------

Total estimation                                   Number of obs   =      1,288

------------------------------------------------------------------------------
                             |      Total   Std. Err.     [95% Conf. Interval]
-----------------------------+------------------------------------------------
         c.q1_emergency_days@|
                   ckd_group |
  eGFR ≥60 with albuminuria  |        199   27.13781      145.7608    252.2392
                      CKD 3  |        108    19.7422      69.26958    146.7304
CKD 4/5 without kidney re..  |          7   4.776838     -2.371244    16.37124
                   Dialysis  |          0  (omitted)
          Kidney transplant  |          5   3.538361     -1.941589    11.94159
------------------------------------------------------------------------------

Total estimation                                   Number of obs   =      1,288

------------------------------------------------------------------------------
                             |      Total   Std. Err.     [95% Conf. Interval]
-----------------------------+------------------------------------------------
         c.q2_emergency_days@|
                   ckd_group |
  eGFR ≥60 with albuminuria  |        200    27.3671       146.311     253.689
                      CKD 3  |        107    19.3697      69.00035    144.9997
CKD 4/5 without kidney re..  |          0  (omitted)
                   Dialysis  |          3   2.175623     -1.268156    7.268156
          Kidney transplant  |          8   5.351635     -2.498886    18.49889
------------------------------------------------------------------------------

Total estimation                                   Number of obs   =      1,288

------------------------------------------------------------------------------
                             |      Total   Std. Err.     [95% Conf. Interval]
-----------------------------+------------------------------------------------
         c.q3_emergency_days@|
                   ckd_group |
  eGFR ≥60 with albuminuria  |        173   24.83713      124.2743    221.7257
                      CKD 3  |         89   16.26452      57.09213    120.9079
CKD 4/5 without kidney re..  |          7          7     -6.732663    20.73266
                   Dialysis  |          6   5.033223     -3.874222    15.87422
          Kidney transplant  |          4   2.366432     -.6424873    8.642487
------------------------------------------------------------------------------

Total estimation                                   Number of obs   =      1,288

------------------------------------------------------------------------------
                             |      Total   Std. Err.     [95% Conf. Interval]
-----------------------------+------------------------------------------------
         c.q4_emergency_days@|
                   ckd_group |
  eGFR ≥60 with albuminuria  |        271   31.82476      208.5659    333.4341
                      CKD 3  |        112   20.44315      71.89444    152.1056
CKD 4/5 without kidney re..  |          0  (omitted)
                   Dialysis  |          0  (omitted)
          Kidney transplant  |         15   7.517978      .2511626    29.74884
------------------------------------------------------------------------------

Total estimation                                   Number of obs   =      1,288

------------------------------------------------------------------------------
                             |      Total   Std. Err.     [95% Conf. Interval]
-----------------------------+------------------------------------------------
                          c. |
  q1_outpatient_appointments@|
                   ckd_group |
  eGFR ≥60 with albuminuria  |        249   29.52131      191.0848    306.9152
                      CKD 3  |         86   17.45709      51.75252    120.2475
CKD 4/5 without kidney re..  |          1          1     -.9618089    2.961809
                   Dialysis  |          4          4     -3.847236    11.84724
          Kidney transplant  |         15   8.674099     -2.016926    32.01693
------------------------------------------------------------------------------

Total estimation                                   Number of obs   =      1,288

------------------------------------------------------------------------------
                             |      Total   Std. Err.     [95% Conf. Interval]
-----------------------------+------------------------------------------------
                          c. |
  q2_outpatient_appointments@|
                   ckd_group |
  eGFR ≥60 with albuminuria  |        211    27.2777      157.4864    264.5136
                      CKD 3  |        138   22.54191      93.77707    182.2229
CKD 4/5 without kidney re..  |          4   2.696799     -1.290605    9.290605
                   Dialysis  |          5          5     -4.809045    14.80904
          Kidney transplant  |          8   5.542563     -2.873449    18.87345
------------------------------------------------------------------------------

Total estimation                                   Number of obs   =      1,288

------------------------------------------------------------------------------
                             |      Total   Std. Err.     [95% Conf. Interval]
-----------------------------+------------------------------------------------
                          c. |
  q3_outpatient_appointments@|
                   ckd_group |
  eGFR ≥60 with albuminuria  |        194   25.92166      143.1467    244.8533
                      CKD 3  |        148   24.37565      100.1796    195.8204
CKD 4/5 without kidney re..  |          2          2     -1.923618    5.923618
                   Dialysis  |          6   5.033223     -3.874222    15.87422
          Kidney transplant  |          7          7     -6.732663    20.73266
------------------------------------------------------------------------------

Total estimation                                   Number of obs   =      1,288

------------------------------------------------------------------------------
                             |      Total   Std. Err.     [95% Conf. Interval]
-----------------------------+------------------------------------------------
                          c. |
  q4_outpatient_appointments@|
                   ckd_group |
  eGFR ≥60 with albuminuria  |        220   27.96566      165.1367    274.8633
                      CKD 3  |        107   19.21386      69.30608    144.6939
CKD 4/5 without kidney re..  |          2   3.247377     -4.370732    8.370732
                   Dialysis  |          9   6.526868     -3.804467    21.80447
          Kidney transplant  |          6        4.4     -2.631959    14.63196
------------------------------------------------------------------------------

Total estimation                                   Number of obs   =      1,288

------------------------------------------------------------------------------
                             |      Total   Std. Err.     [95% Conf. Interval]
-----------------------------+------------------------------------------------
                          c. |
  q1_nephrology_appointments@|
                   ckd_group |
  eGFR ≥60 with albuminuria  |        206   29.22203       148.672     263.328
                      CKD 3  |        127   21.84812      84.13816    169.8618
CKD 4/5 without kidney re..  |          5          5     -4.809045    14.80904
                   Dialysis  |          6   4.351245     -2.536311    14.53631
          Kidney transplant  |         10   7.076722     -3.883177    23.88318
------------------------------------------------------------------------------

Total estimation                                   Number of obs   =      1,288

------------------------------------------------------------------------------
                             |      Total   Std. Err.     [95% Conf. Interval]
-----------------------------+------------------------------------------------
                          c. |
  q2_nephrology_appointments@|
                   ckd_group |
  eGFR ≥60 with albuminuria  |        212   28.40078      156.2831    267.7169
                      CKD 3  |        163   25.08417      113.7897    212.2103
CKD 4/5 without kidney re..  |          0  (omitted)
                   Dialysis  |          7   3.855732     -.5642089    14.56421
          Kidney transplant  |          6          6     -5.770854    17.77085
------------------------------------------------------------------------------

Total estimation                                   Number of obs   =      1,288

------------------------------------------------------------------------------
                             |      Total   Std. Err.     [95% Conf. Interval]
-----------------------------+------------------------------------------------
                          c. |
  q3_nephrology_appointments@|
                   ckd_group |
  eGFR ≥60 with albuminuria  |        257   31.21502      195.7621    318.2379
                      CKD 3  |        146   24.96998      97.01367    194.9863
CKD 4/5 without kidney re..  |          7   5.992419     -4.755982    18.75598
                   Dialysis  |          0  (omitted)
          Kidney transplant  |          8    4.01995      .1136256    15.88637
------------------------------------------------------------------------------

Total estimation                                   Number of obs   =      1,288

------------------------------------------------------------------------------
                             |      Total   Std. Err.     [95% Conf. Interval]
-----------------------------+------------------------------------------------
                          c. |
  q4_nephrology_appointments@|
                   ckd_group |
  eGFR ≥60 with albuminuria  |        174   24.64588      125.6495    222.3505
                      CKD 3  |        102   20.74974      61.29297     142.707
CKD 4/5 without kidney re..  |          0  (omitted)
                   Dialysis  |          0  (omitted)
          Kidney transplant  |          9   6.276942     -3.314161    21.31416
------------------------------------------------------------------------------

Total estimation                                   Number of obs   =      1,288

------------------------------------------------------------------------------
                             |      Total   Std. Err.     [95% Conf. Interval]
-----------------------------+------------------------------------------------
                          c. |
  q1_transplant_appointments@|
                   ckd_group |
  eGFR ≥60 with albuminuria  |        167   25.09088      117.7765    216.2235
                      CKD 3  |        132   23.27432      86.34023    177.6598
CKD 4/5 without kidney re..  |          1          1     -.9618089    2.961809
                   Dialysis  |          3          3     -2.885427    8.885427
          Kidney transplant  |          3    4.16173      -5.16452    11.16452
------------------------------------------------------------------------------

Total estimation                                   Number of obs   =      1,288

------------------------------------------------------------------------------
                             |      Total   Std. Err.     [95% Conf. Interval]
-----------------------------+------------------------------------------------
                          c. |
  q2_transplant_appointments@|
                   ckd_group |
  eGFR ≥60 with albuminuria  |        186   26.18976      134.6207    237.3793
                      CKD 3  |        109    18.9267      71.86944    146.1306
CKD 4/5 without kidney re..  |          6   5.009083     -3.826863    15.82686
                   Dialysis  |          3          3     -2.885427    8.885427
          Kidney transplant  |         10   6.928203     -3.591811    23.59181
------------------------------------------------------------------------------

Total estimation                                   Number of obs   =      1,288

------------------------------------------------------------------------------
                             |      Total   Std. Err.     [95% Conf. Interval]
-----------------------------+------------------------------------------------
                          c. |
  q3_transplant_appointments@|
                   ckd_group |
  eGFR ≥60 with albuminuria  |        191     25.385      141.1995    240.8005
                      CKD 3  |        160   25.50186      109.9702    210.0298
CKD 4/5 without kidney re..  |          5   3.450955     -1.770115    11.77011
                   Dialysis  |          0  (omitted)
          Kidney transplant  |          3        2.2      -1.31598     7.31598
------------------------------------------------------------------------------

Total estimation                                   Number of obs   =      1,288

------------------------------------------------------------------------------
                             |      Total   Std. Err.     [95% Conf. Interval]
-----------------------------+------------------------------------------------
                          c. |
  q4_transplant_appointments@|
                   ckd_group |
  eGFR ≥60 with albuminuria  |        218   30.55183      158.0632    277.9368
                      CKD 3  |        147   23.53125      100.8362    193.1638
CKD 4/5 without kidney re..  |          5   3.450955     -1.770115    11.77011
                   Dialysis  |          6    4.09878     -2.041024    14.04102
          Kidney transplant  |         15   7.378347      .5250934    29.47491
------------------------------------------------------------------------------

Total estimation                                   Number of obs   =      1,288

------------------------------------------------------------------------------
                             |      Total   Std. Err.     [95% Conf. Interval]
-----------------------------+------------------------------------------------
        c.q1_gp_interactions@|
                   ckd_group |
  eGFR ≥60 with albuminuria  |       2761    88.8495      2586.694    2935.306
                      CKD 3  |       1690   66.46314      1559.612    1820.388
CKD 4/5 without kidney re..  |         48    11.3458       25.7417     70.2583
                   Dialysis  |         34   10.21111      13.96776    54.03224
          Kidney transplant  |         79   14.67106      50.21818    107.7818
------------------------------------------------------------------------------

Total estimation                                   Number of obs   =      1,288

------------------------------------------------------------------------------
                             |      Total   Std. Err.     [95% Conf. Interval]
-----------------------------+------------------------------------------------
        c.q2_gp_interactions@|
                   ckd_group |
  eGFR ≥60 with albuminuria  |       2704    87.8982      2531.561    2876.439
                      CKD 3  |       1634   68.67534      1499.272    1768.728
CKD 4/5 without kidney re..  |         44   13.32121      17.86634    70.13366
                   Dialysis  |         75   15.64396      44.30955    105.6905
          Kidney transplant  |        100    18.4521       63.8005    136.1995
------------------------------------------------------------------------------

Total estimation                                   Number of obs   =      1,288

------------------------------------------------------------------------------
                             |      Total   Std. Err.     [95% Conf. Interval]
-----------------------------+------------------------------------------------
        c.q3_gp_interactions@|
                   ckd_group |
  eGFR ≥60 with albuminuria  |       2811   90.72146      2633.022    2988.978
                      CKD 3  |       1792         68      1658.597    1925.403
CKD 4/5 without kidney re..  |         37   9.848858      17.67842    56.32158
                   Dialysis  |         60   14.12327      32.29285    87.70715
          Kidney transplant  |         95       19.4      56.94091    133.0591
------------------------------------------------------------------------------

Total estimation                                   Number of obs   =      1,288

------------------------------------------------------------------------------
                             |      Total   Std. Err.     [95% Conf. Interval]
-----------------------------+------------------------------------------------
        c.q4_gp_interactions@|
                   ckd_group |
  eGFR ≥60 with albuminuria  |       2860   87.59742      2688.151    3031.849
                      CKD 3  |       1654   67.24928       1522.07     1785.93
CKD 4/5 without kidney re..  |         49   12.91581      23.66165    74.33835
                   Dialysis  |         43   8.606199      26.11628    59.88372
          Kidney transplant  |        125   18.86054      87.99922    162.0008
------------------------------------------------------------------------------

Total estimation                                   Number of obs   =      1,288

------------------------------------------------------------------------------
                             |      Total   Std. Err.     [95% Conf. Interval]
-----------------------------+------------------------------------------------
         c.q1_blood_pressure@|
                   ckd_group |
  eGFR ≥60 with albuminuria  |        235   12.78274      209.9227    260.0773
                      CKD 3  |        125   9.570519      106.2245    143.7755
CKD 4/5 without kidney re..  |          3   1.566699     -.0735639    6.073564
                   Dialysis  |          2    1.36626     -.6803413    4.680341
          Kidney transplant  |          9   2.473863      4.146753    13.85325
------------------------------------------------------------------------------

Total estimation                                   Number of obs   =      1,288

------------------------------------------------------------------------------
                             |      Total   Std. Err.     [95% Conf. Interval]
-----------------------------+------------------------------------------------
         c.q2_blood_pressure@|
                   ckd_group |
  eGFR ≥60 with albuminuria  |        237   12.81296      211.8634    262.1366
                      CKD 3  |        135   9.798619       115.777     154.223
CKD 4/5 without kidney re..  |          2     1.3484     -.6453026    4.645303
                   Dialysis  |          5   1.914854      1.243422    8.756578
          Kidney transplant  |          7   2.306513      2.475063    11.52494
------------------------------------------------------------------------------

Total estimation                                   Number of obs   =      1,288

------------------------------------------------------------------------------
                             |      Total   Std. Err.     [95% Conf. Interval]
-----------------------------+------------------------------------------------
         c.q3_blood_pressure@|
                   ckd_group |
  eGFR ≥60 with albuminuria  |        217   12.48874      192.4995    241.5005
                      CKD 3  |        130   9.688021       110.994     149.006
CKD 4/5 without kidney re..  |          7   1.783765      3.500594    10.49941
                   Dialysis  |          7    2.04939      2.979488    11.02051
          Kidney transplant  |         10   2.529822      5.036972    14.96303
------------------------------------------------------------------------------

Total estimation                                   Number of obs   =      1,288

------------------------------------------------------------------------------
                             |      Total   Std. Err.     [95% Conf. Interval]
-----------------------------+------------------------------------------------
         c.q4_blood_pressure@|
                   ckd_group |
  eGFR ≥60 with albuminuria  |        245   12.92909      219.6356    270.3644
                      CKD 3  |        137   9.840977      117.6939    156.3061
CKD 4/5 without kidney re..  |          3   1.566699     -.0735639    6.073564
                   Dialysis  |          6          2      2.076382    9.923618
          Kidney transplant  |          5    2.04939      .9794881    9.020512
------------------------------------------------------------------------------

Total estimation                                   Number of obs   =      1,288

------------------------------------------------------------------------------
                             |      Total   Std. Err.     [95% Conf. Interval]
-----------------------------+------------------------------------------------
  c.q1_albuminuria@ckd_group |
  eGFR ≥60 with albuminuria  |         38   6.014089      26.20151    49.79849
                      CKD 3  |         23   4.680757      13.81725    32.18275
CKD 4/5 without kidney re..  |          2     1.3484     -.6453026    4.645303
                   Dialysis  |          1          1     -.9618089    2.961809
          Kidney transplant  |          3   1.661325     -.2592018    6.259202
------------------------------------------------------------------------------

Total estimation                                   Number of obs   =      1,288

------------------------------------------------------------------------------
                             |      Total   Std. Err.     [95% Conf. Interval]
-----------------------------+------------------------------------------------
  c.q2_albuminuria@ckd_group |
  eGFR ≥60 with albuminuria  |         50   6.841776      36.57774    63.42226
                      CKD 3  |         32    5.46462      21.27946    42.72054
CKD 4/5 without kidney re..  |          0  (omitted)
                   Dialysis  |          1          1     -.9618089    2.961809
          Kidney transplant  |          1          1     -.9618089    2.961809
------------------------------------------------------------------------------

Total estimation                                   Number of obs   =      1,288

------------------------------------------------------------------------------
                             |      Total   Std. Err.     [95% Conf. Interval]
-----------------------------+------------------------------------------------
  c.q3_albuminuria@ckd_group |
  eGFR ≥60 with albuminuria  |         38   6.014089      26.20151    49.79849
                      CKD 3  |         27   5.048472      17.09586    36.90414
CKD 4/5 without kidney re..  |          0  (omitted)
                   Dialysis  |          2    1.36626     -.6803413    4.680341
          Kidney transplant  |          1          1     -.9618089    2.961809
------------------------------------------------------------------------------

Total estimation                                   Number of obs   =      1,288

------------------------------------------------------------------------------
                             |      Total   Std. Err.     [95% Conf. Interval]
-----------------------------+------------------------------------------------
  c.q4_albuminuria@ckd_group |
  eGFR ≥60 with albuminuria  |         37   5.938487      25.34982    48.65018
                      CKD 3  |         21   4.482725      12.20575    29.79425
CKD 4/5 without kidney re..  |          1          1     -.9618089    2.961809
                   Dialysis  |          2    1.36626     -.6803413    4.680341
          Kidney transplant  |          0  (omitted)
------------------------------------------------------------------------------

Total estimation                                   Number of obs   =      1,288

------------------------------------------------------------------------------
                             |      Total   Std. Err.     [95% Conf. Interval]
-----------------------------+------------------------------------------------
   c.q1_creatinine@ckd_group |
  eGFR ≥60 with albuminuria  |        157   11.18523      135.0567    178.9433
                      CKD 3  |        102    8.93294      84.47528    119.5247
CKD 4/5 without kidney re..  |          4   1.705606      .6539274    7.346073
                   Dialysis  |          1          1     -.9618089    2.961809
          Kidney transplant  |          5    2.04939      .9794881    9.020512
------------------------------------------------------------------------------

Total estimation                                   Number of obs   =      1,288

------------------------------------------------------------------------------
                             |      Total   Std. Err.     [95% Conf. Interval]
-----------------------------+------------------------------------------------
   c.q2_creatinine@ckd_group |
  eGFR ≥60 with albuminuria  |        144   10.82532      122.7628    165.2372
                      CKD 3  |         93   8.634833      76.06011    109.9399
CKD 4/5 without kidney re..  |          1          1     -.9618089    2.961809
                   Dialysis  |          8   2.065591      3.947705     12.0523
          Kidney transplant  |          5    2.04939      .9794881    9.020512
------------------------------------------------------------------------------

Total estimation                                   Number of obs   =      1,288

------------------------------------------------------------------------------
                             |      Total   Std. Err.     [95% Conf. Interval]
-----------------------------+------------------------------------------------
   c.q3_creatinine@ckd_group |
  eGFR ≥60 with albuminuria  |        145   10.85415      123.7062    166.2938
                      CKD 3  |         95   8.703695      77.92501     112.075
CKD 4/5 without kidney re..  |          2     1.3484     -.6453026    4.645303
                   Dialysis  |          4   1.788854      .4906095    7.509391
          Kidney transplant  |          6    2.19089      1.701892    10.29811
------------------------------------------------------------------------------

Total estimation                                   Number of obs   =      1,288

------------------------------------------------------------------------------
                             |      Total   Std. Err.     [95% Conf. Interval]
-----------------------------+------------------------------------------------
   c.q4_creatinine@ckd_group |
  eGFR ≥60 with albuminuria  |        153   11.07785      131.2674    174.7326
                      CKD 3  |         92    8.59982       75.1288    108.8712
CKD 4/5 without kidney re..  |          3   1.566699     -.0735639    6.073564
                   Dialysis  |          6          2      2.076382    9.923618
          Kidney transplant  |          2   1.385641     -.7183622    4.718362
------------------------------------------------------------------------------

. tab ckd_group ckd_progression

                      |               CKD progression
            CKD group | No progre      CKD 3  CKD 4/5 w   Dialysis |     Total
----------------------+--------------------------------------------+----------
eGFR ≥60 with albumin |       642        102          6         12 |       769 
                CKD 3 |       453          0          5          4 |       465 
CKD 4/5 without kidne |        12          0          0          0 |        12 
             Dialysis |        16          0          0          0 |        16 
    Kidney transplant |        26          0          0          0 |        26 
----------------------+--------------------------------------------+----------
                Total |     1,149        102         11         16 |     1,288 


                      |    CKD
                      | progressio
                      |     n
            CKD group | Kidney tr |     Total
----------------------+-----------+----------
eGFR ≥60 with albumin |         7 |       769 
                CKD 3 |         3 |       465 
CKD 4/5 without kidne |         0 |        12 
             Dialysis |         0 |        16 
    Kidney transplant |         0 |        26 
----------------------+-----------+----------
                Total |        10 |     1,288 

. 
. log close
      name:  <unnamed>
       log:  /workspace/logs/2017_outcomes.log
  log type:  text
 closed on:  16 Dec 2022, 12:27:36
-------------------------------------------------------------------------------
