------------------------------------------------------------------------------------------------------------------------------------------------------------------------------------------------------------------------------------------------------------
      name:  <unnamed>
       log:  C:\Users\lsh1703468\Documents\ckd-healthcare-use\logs/2017_quarterly_outcomes.log
  log type:  text
 opened on:  14 Dec 2022, 22:58:45

. use ./output/2017_ckd_complete.dta

. 
. foreach outcome of varlist      q1_hospital_days                        ///
>                                                         q2_hospital_days                        ///
>                                                         q3_hospital_days                        ///
>                                                         q4_hospital_days                        ///
>                                                         q1_critical_care_days           ///
>                                                         q2_critical_care_days           ///
>                                                         q3_critical_care_days           ///
>                                                         q4_critical_care_days           ///
>                                                         q1_emergency_days                       ///
>                                                         q2_emergency_days                       ///
>                                                         q3_emergency_days                       ///
>                                                         q4_emergency_days                       ///
>                                                         q1_outpatient_appointments      ///
>                                                         q2_outpatient_appointments      ///
>                                                         q3_outpatient_appointments      ///
>                                                         q4_outpatient_appointments      ///
>                                                         q1_nephrology_appointments      ///
>                                                         q2_nephrology_appointments      ///
>                                                         q3_nephrology_appointments      ///
>                                                         q4_nephrology_appointments      ///
>                                                         q1_transplant_appointments      ///
>                                                         q2_transplant_appointments      ///
>                                                         q3_transplant_appointments      ///
>                                                         q4_transplant_appointments      ///
>                                                         q1_gp_interactions                      ///
>                                                         q2_gp_interactions                      ///
>                                                         q3_gp_interactions                      ///
>                                                         q4_gp_interactions                      ///
>                                                         q1_blood_pressure                       ///
>                                                         q2_blood_pressure                       ///
>                                                         q3_blood_pressure                       ///
>                                                         q4_blood_pressure                       ///
>                                                         q1_albuminuria                          ///
>                                                         q2_albuminuria                          ///
>                                                         q3_albuminuria                          ///
>                                                         q4_albuminuria                          ///
>                                                         q1_creatinine                           ///
>                                                         q2_creatinine                           ///
>                                                         q3_creatinine                           ///
>                                                         q4_creatinine {
  2. total `outcome', over(ckd_group)
  3. }

Total estimation                                           Number of obs = 247

------------------------------------------------------------------------------
                             |      Total   Std. err.     [95% conf. interval]
-----------------------------+------------------------------------------------
c.q1_hospital_days@ckd_group |
  eGFR ≥60 with albuminuria  |         30   13.53231      3.346038    56.65396
                      CKD 3  |         12   7.419822     -2.614484    26.61448
                   Dialysis  |          0  (omitted)
          Kidney transplant  |          0  (omitted)
------------------------------------------------------------------------------

Total estimation                                           Number of obs = 247

------------------------------------------------------------------------------
                             |      Total   Std. err.     [95% conf. interval]
-----------------------------+------------------------------------------------
c.q2_hospital_days@ckd_group |
  eGFR ≥60 with albuminuria  |         42   11.35239      19.63972    64.36028
                      CKD 3  |         20   7.770914      4.693988    35.30601
                   Dialysis  |          0  (omitted)
          Kidney transplant  |          0  (omitted)
------------------------------------------------------------------------------

Total estimation                                           Number of obs = 247

------------------------------------------------------------------------------
                             |      Total   Std. err.     [95% conf. interval]
-----------------------------+------------------------------------------------
c.q3_hospital_days@ckd_group |
  eGFR ≥60 with albuminuria  |         34   11.87838       10.6037     57.3963
                      CKD 3  |         21   9.554034      2.181857    39.81814
                   Dialysis  |          0  (omitted)
          Kidney transplant  |          0  (omitted)
------------------------------------------------------------------------------

Total estimation                                           Number of obs = 247

------------------------------------------------------------------------------
                             |      Total   Std. err.     [95% conf. interval]
-----------------------------+------------------------------------------------
c.q4_hospital_days@ckd_group |
  eGFR ≥60 with albuminuria  |         39   12.31604      14.74165    63.25835
                      CKD 3  |         29   10.64228      8.038394    49.96161
                   Dialysis  |          3          3     -2.908963    8.908963
          Kidney transplant  |          0  (omitted)
------------------------------------------------------------------------------

Total estimation                                                Number of obs = 247

-----------------------------------------------------------------------------------
                                  |      Total   Std. err.     [95% conf. interval]
----------------------------------+------------------------------------------------
c.q1_critical_care_days@ckd_group |
       eGFR ≥60 with albuminuria  |         24   11.87607      .6082444    47.39176
                           CKD 3  |          9    6.36945     -3.545614    21.54561
                        Dialysis  |          8          8     -7.757233    23.75723
               Kidney transplant  |          0  (omitted)
-----------------------------------------------------------------------------------

Total estimation                                                Number of obs = 247

-----------------------------------------------------------------------------------
                                  |      Total   Std. err.     [95% conf. interval]
----------------------------------+------------------------------------------------
c.q2_critical_care_days@ckd_group |
       eGFR ≥60 with albuminuria  |         33   9.912632      13.47554    52.52446
                           CKD 3  |         33   11.95556      9.451676    56.54832
                        Dialysis  |          0  (omitted)
               Kidney transplant  |          4          4     -3.878617    11.87862
-----------------------------------------------------------------------------------

Total estimation                                                Number of obs = 247

-----------------------------------------------------------------------------------
                                  |      Total   Std. err.     [95% conf. interval]
----------------------------------+------------------------------------------------
c.q3_critical_care_days@ckd_group |
       eGFR ≥60 with albuminuria  |         56   14.28477      27.86393    84.13607
                           CKD 3  |         25    9.01194      7.249596     42.7504
                        Dialysis  |          0  (omitted)
               Kidney transplant  |          0  (omitted)
-----------------------------------------------------------------------------------

Total estimation                                                Number of obs = 247

-----------------------------------------------------------------------------------
                                  |      Total   Std. err.     [95% conf. interval]
----------------------------------+------------------------------------------------
c.q4_critical_care_days@ckd_group |
       eGFR ≥60 with albuminuria  |         42   11.35239      19.63972    64.36028
                           CKD 3  |         31   10.48553      10.34714    51.65286
                        Dialysis  |          0  (omitted)
               Kidney transplant  |          0  (omitted)
-----------------------------------------------------------------------------------

Total estimation                                            Number of obs = 247

-------------------------------------------------------------------------------
                              |      Total   Std. err.     [95% conf. interval]
------------------------------+------------------------------------------------
c.q1_emergency_days@ckd_group |
   eGFR ≥60 with albuminuria  |         26   9.800755      6.695902     45.3041
                       CKD 3  |         27   9.061914      9.151164    44.84884
                    Dialysis  |          0  (omitted)
           Kidney transplant  |          3          3     -2.908963    8.908963
-------------------------------------------------------------------------------

Total estimation                                            Number of obs = 247

-------------------------------------------------------------------------------
                              |      Total   Std. err.     [95% conf. interval]
------------------------------+------------------------------------------------
c.q2_emergency_days@ckd_group |
   eGFR ≥60 with albuminuria  |         37   11.15949      15.01966    58.98034
                       CKD 3  |         38   11.31371      15.71591    60.28409
                    Dialysis  |          0  (omitted)
           Kidney transplant  |          0  (omitted)
-------------------------------------------------------------------------------

Total estimation                                            Number of obs = 247

-------------------------------------------------------------------------------
                              |      Total   Std. err.     [95% conf. interval]
------------------------------+------------------------------------------------
c.q3_emergency_days@ckd_group |
   eGFR ≥60 with albuminuria  |         37    11.6883      13.97808    60.02192
                       CKD 3  |         28   8.269649      11.71165    44.28835
                    Dialysis  |          4          4     -3.878617    11.87862
           Kidney transplant  |          1          1     -.9696542    2.969654
-------------------------------------------------------------------------------

Total estimation                                            Number of obs = 247

-------------------------------------------------------------------------------
                              |      Total   Std. err.     [95% conf. interval]
------------------------------+------------------------------------------------
c.q4_emergency_days@ckd_group |
   eGFR ≥60 with albuminuria  |         34   11.79331      10.77126    57.22874
                       CKD 3  |         31   11.31988      8.703742    53.29626
                    Dialysis  |          4          4     -3.878617    11.87862
           Kidney transplant  |          0  (omitted)
-------------------------------------------------------------------------------

Total estimation                                                     Number of obs = 247

----------------------------------------------------------------------------------------
                                       |      Total   Std. err.     [95% conf. interval]
---------------------------------------+------------------------------------------------
c.q1_outpatient_appointments@ckd_group |
            eGFR ≥60 with albuminuria  |         18   7.080748      4.053376    31.94662
                                CKD 3  |         28    9.72968      8.835896     47.1641
                             Dialysis  |          0  (omitted)
                    Kidney transplant  |          0  (omitted)
----------------------------------------------------------------------------------------

Total estimation                                                     Number of obs = 247

----------------------------------------------------------------------------------------
                                       |      Total   Std. err.     [95% conf. interval]
---------------------------------------+------------------------------------------------
c.q2_outpatient_appointments@ckd_group |
            eGFR ≥60 with albuminuria  |         27   9.088605      9.098591    44.90141
                                CKD 3  |         15   7.009211      1.194279    28.80572
                             Dialysis  |          2          2     -1.939308    5.939308
                    Kidney transplant  |          0  (omitted)
----------------------------------------------------------------------------------------

Total estimation                                                     Number of obs = 247

----------------------------------------------------------------------------------------
                                       |      Total   Std. err.     [95% conf. interval]
---------------------------------------+------------------------------------------------
c.q3_outpatient_appointments@ckd_group |
            eGFR ≥60 with albuminuria  |         18   7.221543      3.776057    32.22394
                                CKD 3  |         28   10.99756      6.338618    49.66138
                             Dialysis  |          0  (omitted)
                    Kidney transplant  |          0  (omitted)
----------------------------------------------------------------------------------------

Total estimation                                                     Number of obs = 247

----------------------------------------------------------------------------------------
                                       |      Total   Std. err.     [95% conf. interval]
---------------------------------------+------------------------------------------------
c.q4_outpatient_appointments@ckd_group |
            eGFR ≥60 with albuminuria  |         58   15.51623      27.43839    88.56161
                                CKD 3  |         45    12.8536      19.68285    70.31715
                             Dialysis  |          2          2     -1.939308    5.939308
                    Kidney transplant  |          0  (omitted)
----------------------------------------------------------------------------------------

Total estimation                                                     Number of obs = 247

----------------------------------------------------------------------------------------
                                       |      Total   Std. err.     [95% conf. interval]
---------------------------------------+------------------------------------------------
c.q1_nephrology_appointments@ckd_group |
            eGFR ≥60 with albuminuria  |         42   13.61104      15.19097    68.80903
                                CKD 3  |         10   5.217835     -.2773313    20.27733
                             Dialysis  |          1          1     -.9696542    2.969654
                    Kidney transplant  |          0  (omitted)
----------------------------------------------------------------------------------------

Total estimation                                                     Number of obs = 247

----------------------------------------------------------------------------------------
                                       |      Total   Std. err.     [95% conf. interval]
---------------------------------------+------------------------------------------------
c.q2_nephrology_appointments@ckd_group |
            eGFR ≥60 with albuminuria  |         33   11.33427       10.6754     55.3246
                                CKD 3  |         21   11.29897     -1.255059    43.25506
                             Dialysis  |          5          5     -4.848271    14.84827
                    Kidney transplant  |          0  (omitted)
----------------------------------------------------------------------------------------

Total estimation                                                     Number of obs = 247

----------------------------------------------------------------------------------------
                                       |      Total   Std. err.     [95% conf. interval]
---------------------------------------+------------------------------------------------
c.q3_nephrology_appointments@ckd_group |
            eGFR ≥60 with albuminuria  |         50   13.19765      24.00518    75.99482
                                CKD 3  |         13   7.333089     -1.443649    27.44365
                             Dialysis  |          0  (omitted)
                    Kidney transplant  |          0  (omitted)
----------------------------------------------------------------------------------------

Total estimation                                                     Number of obs = 247

----------------------------------------------------------------------------------------
                                       |      Total   Std. err.     [95% conf. interval]
---------------------------------------+------------------------------------------------
c.q4_nephrology_appointments@ckd_group |
            eGFR ≥60 with albuminuria  |          8   6.773235     -5.340931    21.34093
                                CKD 3  |         27   9.497594      8.293023    45.70698
                             Dialysis  |          0  (omitted)
                    Kidney transplant  |          0  (omitted)
----------------------------------------------------------------------------------------

Total estimation                                                     Number of obs = 247

----------------------------------------------------------------------------------------
                                       |      Total   Std. err.     [95% conf. interval]
---------------------------------------+------------------------------------------------
c.q1_transplant_appointments@ckd_group |
            eGFR ≥60 with albuminuria  |         24   8.979429      6.313631    41.68637
                                CKD 3  |         32   10.78629      10.75474    53.24526
                             Dialysis  |          0  (omitted)
                    Kidney transplant  |          0  (omitted)
----------------------------------------------------------------------------------------

Total estimation                                                     Number of obs = 247

----------------------------------------------------------------------------------------
                                       |      Total   Std. err.     [95% conf. interval]
---------------------------------------+------------------------------------------------
c.q2_transplant_appointments@ckd_group |
            eGFR ≥60 with albuminuria  |         34    10.9062      12.51856    55.48144
                                CKD 3  |         32   10.78629      10.75474    53.24526
                             Dialysis  |          8   4.898979     -1.649295     17.6493
                    Kidney transplant  |          0  (omitted)
----------------------------------------------------------------------------------------

Total estimation                                                     Number of obs = 247

----------------------------------------------------------------------------------------
                                       |      Total   Std. err.     [95% conf. interval]
---------------------------------------+------------------------------------------------
c.q3_transplant_appointments@ckd_group |
            eGFR ≥60 with albuminuria  |         61   13.96473      33.49431    88.50569
                                CKD 3  |         33   12.28908      8.794761    57.20524
                             Dialysis  |          1          1     -.9696542    2.969654
                    Kidney transplant  |          0  (omitted)
----------------------------------------------------------------------------------------

Total estimation                                                     Number of obs = 247

----------------------------------------------------------------------------------------
                                       |      Total   Std. err.     [95% conf. interval]
---------------------------------------+------------------------------------------------
c.q4_transplant_appointments@ckd_group |
            eGFR ≥60 with albuminuria  |         47   12.92709      21.53811    72.46189
                                CKD 3  |         20   10.53208     -.7445574    40.74456
                             Dialysis  |          0  (omitted)
                    Kidney transplant  |          0  (omitted)
----------------------------------------------------------------------------------------

Total estimation                                             Number of obs = 247

--------------------------------------------------------------------------------
                               |      Total   Std. err.     [95% conf. interval]
-------------------------------+------------------------------------------------
c.q1_gp_interactions@ckd_group |
    eGFR ≥60 with albuminuria  |        511   41.30707      429.6394    592.3606
                        CKD 3  |        374   33.10004      308.8044    439.1956
                     Dialysis  |         23   9.848858      3.601156    42.39884
            Kidney transplant  |         15          3      9.091037    20.90896
--------------------------------------------------------------------------------

Total estimation                                             Number of obs = 247

--------------------------------------------------------------------------------
                               |      Total   Std. err.     [95% conf. interval]
-------------------------------+------------------------------------------------
c.q2_gp_interactions@ckd_group |
    eGFR ≥60 with albuminuria  |        514   38.42908       438.308     589.692
                        CKD 3  |        316   30.38959       256.143     375.857
                     Dialysis  |         14   2.581989      8.914375    19.08563
            Kidney transplant  |          4          4     -3.878617    11.87862
--------------------------------------------------------------------------------

Total estimation                                             Number of obs = 247

--------------------------------------------------------------------------------
                               |      Total   Std. err.     [95% conf. interval]
-------------------------------+------------------------------------------------
c.q3_gp_interactions@ckd_group |
    eGFR ≥60 with albuminuria  |        554   38.99333      477.1966    630.8034
                        CKD 3  |        349   28.95102      291.9765    406.0235
                     Dialysis  |          8   5.887841      -3.59701    19.59701
            Kidney transplant  |         -1          5     -10.84827    8.848271
--------------------------------------------------------------------------------

Total estimation                                             Number of obs = 247

--------------------------------------------------------------------------------
                               |      Total   Std. err.     [95% conf. interval]
-------------------------------+------------------------------------------------
c.q4_gp_interactions@ckd_group |
    eGFR ≥60 with albuminuria  |        546   37.94462      471.2622    620.7378
                        CKD 3  |        337   31.35729       275.237     398.763
                     Dialysis  |         17   5.744563      5.685198     28.3148
            Kidney transplant  |          9          5     -.8482709    18.84827
--------------------------------------------------------------------------------

Total estimation                                            Number of obs = 247

-------------------------------------------------------------------------------
                              |      Total   Std. err.     [95% conf. interval]
------------------------------+------------------------------------------------
c.q1_blood_pressure@ckd_group |
   eGFR ≥60 with albuminuria  |         49   5.735016        37.704      60.296
                       CKD 3  |         28   4.457686       19.2199     36.7801
                    Dialysis  |          0  (omitted)
           Kidney transplant  |          1          1     -.9696542    2.969654
-------------------------------------------------------------------------------

Total estimation                                            Number of obs = 247

-------------------------------------------------------------------------------
                              |      Total   Std. err.     [95% conf. interval]
------------------------------+------------------------------------------------
c.q2_blood_pressure@ckd_group |
   eGFR ≥60 with albuminuria  |         49   5.735016        37.704      60.296
                       CKD 3  |         27   4.410398      18.31304    35.68696
                    Dialysis  |          0  (omitted)
           Kidney transplant  |          0  (omitted)
-------------------------------------------------------------------------------

Total estimation                                            Number of obs = 247

-------------------------------------------------------------------------------
                              |      Total   Std. err.     [95% conf. interval]
------------------------------+------------------------------------------------
c.q3_blood_pressure@ckd_group |
   eGFR ≥60 with albuminuria  |         37    5.27984      26.60054    47.39946
                       CKD 3  |         39   4.802553      29.54063    48.45937
                    Dialysis  |          0  (omitted)
           Kidney transplant  |          0  (omitted)
-------------------------------------------------------------------------------

Total estimation                                            Number of obs = 247

-------------------------------------------------------------------------------
                              |      Total   Std. err.     [95% conf. interval]
------------------------------+------------------------------------------------
c.q4_blood_pressure@ckd_group |
   eGFR ≥60 with albuminuria  |         53   5.841514      41.49424    64.50576
                       CKD 3  |         33   4.652436      23.83631    42.16369
                    Dialysis  |          2   1.154701     -.2743607    4.274361
           Kidney transplant  |          1          1     -.9696542    2.969654
-------------------------------------------------------------------------------

Total estimation                                         Number of obs = 247

----------------------------------------------------------------------------
                           |      Total   Std. err.     [95% conf. interval]
---------------------------+------------------------------------------------
c.q1_albuminuria@ckd_group |
eGFR ≥60 with albuminuria  |          5   2.205224       .656471    9.343529
                    CKD 3  |          6   2.382734      1.306839    10.69316
                 Dialysis  |          1          1     -.9696542    2.969654
        Kidney transplant  |          0  (omitted)
----------------------------------------------------------------------------

Total estimation                                         Number of obs = 247

----------------------------------------------------------------------------
                           |      Total   Std. err.     [95% conf. interval]
---------------------------+------------------------------------------------
c.q2_albuminuria@ckd_group |
eGFR ≥60 with albuminuria  |         11   3.201027      4.695083    17.30492
                    CKD 3  |          3   1.713325     -.3746585    6.374658
                 Dialysis  |          0  (omitted)
        Kidney transplant  |          0  (omitted)
----------------------------------------------------------------------------

Total estimation                                         Number of obs = 247

----------------------------------------------------------------------------
                           |      Total   Std. err.     [95% conf. interval]
---------------------------+------------------------------------------------
c.q3_albuminuria@ckd_group |
eGFR ≥60 with albuminuria  |          9    2.91665      3.255207    14.74479
                    CKD 3  |          6   2.382734      1.306839    10.69316
                 Dialysis  |          1          1     -.9696542    2.969654
        Kidney transplant  |          0  (omitted)
----------------------------------------------------------------------------

Total estimation                                         Number of obs = 247

----------------------------------------------------------------------------
                           |      Total   Std. err.     [95% conf. interval]
---------------------------+------------------------------------------------
c.q4_albuminuria@ckd_group |
eGFR ≥60 with albuminuria  |          9    2.91665      3.255207    14.74479
                    CKD 3  |          5   2.187452       .691476    9.308524
                 Dialysis  |          0  (omitted)
        Kidney transplant  |          0  (omitted)
----------------------------------------------------------------------------

Total estimation                                         Number of obs = 247

----------------------------------------------------------------------------
                           |      Total   Std. err.     [95% conf. interval]
---------------------------+------------------------------------------------
 c.q1_creatinine@ckd_group |
eGFR ≥60 with albuminuria  |         26   4.641976      16.85691    35.14309
                    CKD 3  |         24   4.250237       15.6285     32.3715
                 Dialysis  |          2   1.154701     -.2743607    4.274361
        Kidney transplant  |          0  (omitted)
----------------------------------------------------------------------------

Total estimation                                         Number of obs = 247

----------------------------------------------------------------------------
                           |      Total   Std. err.     [95% conf. interval]
---------------------------+------------------------------------------------
 c.q2_creatinine@ckd_group |
eGFR ≥60 with albuminuria  |         35   5.181632      24.79398    45.20602
                    CKD 3  |         19   3.914407      11.28997    26.71003
                 Dialysis  |          1          1     -.9696542    2.969654
        Kidney transplant  |          0  (omitted)
----------------------------------------------------------------------------

Total estimation                                         Number of obs = 247

----------------------------------------------------------------------------
                           |      Total   Std. err.     [95% conf. interval]
---------------------------+------------------------------------------------
 c.q3_creatinine@ckd_group |
eGFR ≥60 with albuminuria  |         35   5.181632      24.79398    45.20602
                    CKD 3  |         16   3.663244      8.784677    23.21532
                 Dialysis  |          1          1     -.9696542    2.969654
        Kidney transplant  |          2          0             .           .
----------------------------------------------------------------------------

Total estimation                                         Number of obs = 247

----------------------------------------------------------------------------
                           |      Total   Std. err.     [95% conf. interval]
---------------------------+------------------------------------------------
 c.q4_creatinine@ckd_group |
eGFR ≥60 with albuminuria  |         23   4.419756      14.29461    31.70539
                    CKD 3  |         18    3.83532      10.44575    25.55425
                 Dialysis  |          3          1      1.030346    4.969654
        Kidney transplant  |          0  (omitted)
----------------------------------------------------------------------------

. 
end of do-file

. do "C:\Users\LSH170~1\AppData\Local\Temp\STDadc_000000.tmp"

. sysdir set PLUS ./analysis/adofiles

. sysdir set PERSONAL ./analysis/adofiles

. pwd
C:\Users\lsh1703468\Documents\ckd-healthcare-use

. 
. cap log close
