-------------------------------------------------------------------------------
      name:  <unnamed>
       log:  /workspace/logs/2018_outcomes.log
  log type:  text
 opened on:  16 Dec 2022, 19:42:38

. use ./output/`dataset'_ckd_complete.dta

. 
. foreach outcome of varlist      q1_hospital_days                        ///
>                                                         q2_hospital_days     
>                    ///
>                                                         q3_hospital_days     
>                    ///
>                                                         q4_hospital_days     
>                    ///
>                                                         q1_critical_care_days
>            ///
>                                                         q2_critical_care_days
>            ///
>                                                         q3_critical_care_days
>            ///
>                                                         q4_critical_care_days
>            ///
>                                                         q1_emergency_days    
>                    ///
>                                                         q2_emergency_days    
>                    ///
>                                                         q3_emergency_days    
>                    ///
>                                                         q4_emergency_days    
>                    ///
>                                                         q1_outpatient_appoint
> ments      ///
>                                                         q2_outpatient_appoint
> ments      ///
>                                                         q3_outpatient_appoint
> ments      ///
>                                                         q4_outpatient_appoint
> ments      ///
>                                                         q1_nephrology_appoint
> ments      ///
>                                                         q2_nephrology_appoint
> ments      ///
>                                                         q3_nephrology_appoint
> ments      ///
>                                                         q4_nephrology_appoint
> ments      ///
>                                                         q1_transplant_appoint
> ments      ///
>                                                         q2_transplant_appoint
> ments      ///
>                                                         q3_transplant_appoint
> ments      ///
>                                                         q4_transplant_appoint
> ments      ///
>                                                         q1_gp_interactions   
>                    ///
>                                                         q2_gp_interactions   
>                    ///
>                                                         q3_gp_interactions   
>                    ///
>                                                         q4_gp_interactions   
>                    ///
>                                                         q1_blood_pressure    
>                    ///
>                                                         q2_blood_pressure    
>                    ///
>                                                         q3_blood_pressure    
>                    ///
>                                                         q4_blood_pressure    
>                    ///
>                                                         q1_albuminuria       
>                    ///
>                                                         q2_albuminuria       
>                    ///
>                                                         q3_albuminuria       
>                    ///
>                                                         q4_albuminuria       
>                    ///
>                                                         q1_creatinine        
>                    ///
>                                                         q2_creatinine        
>                    ///
>                                                         q3_creatinine        
>                    ///
>                                                         q4_creatinine {
  2. total `outcome', over(ckd_group)
  3. }

Total estimation                                   Number of obs   =      1,302

------------------------------------------------------------------------------
                             |      Total   Std. Err.     [95% Conf. Interval]
-----------------------------+------------------------------------------------
c.q1_hospital_days@ckd_group |
  eGFR ≥60 with albuminuria  |        205   27.73745       150.585     259.415
                      CKD 3  |        116   21.22203      74.36686    157.6331
CKD 4/5 without kidney re..  |          7     4.1833     -1.206752    15.20675
                   Dialysis  |          0  (omitted)
          Kidney transplant  |          5   3.538361     -1.941518    11.94152
------------------------------------------------------------------------------

Total estimation                                   Number of obs   =      1,302

------------------------------------------------------------------------------
                             |      Total   Std. Err.     [95% Conf. Interval]
-----------------------------+------------------------------------------------
c.q2_hospital_days@ckd_group |
  eGFR ≥60 with albuminuria  |        270   32.09439      207.0376    332.9624
                      CKD 3  |        111   20.29463      71.18621    150.8138
CKD 4/5 without kidney re..  |          3          3     -2.885367    8.885367
                   Dialysis  |         10   6.528782     -2.808094    22.80809
          Kidney transplant  |          9        6.6     -3.947808    21.94781
------------------------------------------------------------------------------

Total estimation                                   Number of obs   =      1,302

------------------------------------------------------------------------------
                             |      Total   Std. Err.     [95% Conf. Interval]
-----------------------------+------------------------------------------------
c.q3_hospital_days@ckd_group |
  eGFR ≥60 with albuminuria  |        213   30.68218       152.808     273.192
                      CKD 3  |        120   21.17119       78.4666    161.5334
CKD 4/5 without kidney re..  |          3          3     -2.885367    8.885367
                   Dialysis  |          0  (omitted)
          Kidney transplant  |          8   5.542563     -2.873339    18.87334
------------------------------------------------------------------------------

Total estimation                                   Number of obs   =      1,302

------------------------------------------------------------------------------
                             |      Total   Std. Err.     [95% Conf. Interval]
-----------------------------+------------------------------------------------
c.q4_hospital_days@ckd_group |
  eGFR ≥60 with albuminuria  |        133   20.81835       92.1588    173.8412
                      CKD 3  |        131   22.06849      87.70628    174.2937
CKD 4/5 without kidney re..  |          5          5     -4.808945    14.80895
                   Dialysis  |          0  (omitted)
          Kidney transplant  |         13   6.161169      .9130865    25.08691
------------------------------------------------------------------------------

Total estimation                                   Number of obs   =      1,302

------------------------------------------------------------------------------
                             |      Total   Std. Err.     [95% Conf. Interval]
-----------------------------+------------------------------------------------
     c.q1_critical_care_days@|
                   ckd_group |
  eGFR ≥60 with albuminuria  |        205   28.06044      149.9513    260.0487
                      CKD 3  |        132   21.94098      88.95643    175.0436
CKD 4/5 without kidney re..  |          7   4.878524     -2.570636    16.57064
                   Dialysis  |          0  (omitted)
          Kidney transplant  |          7    4.90306      -2.61877    16.61877
------------------------------------------------------------------------------

Total estimation                                   Number of obs   =      1,302

------------------------------------------------------------------------------
                             |      Total   Std. Err.     [95% Conf. Interval]
-----------------------------+------------------------------------------------
     c.q2_critical_care_days@|
                   ckd_group |
  eGFR ≥60 with albuminuria  |        223   28.10248      167.8689    278.1311
                      CKD 3  |        107   19.69273      68.36702     145.633
CKD 4/5 without kidney re..  |          7     4.1833     -1.206752    15.20675
                   Dialysis  |          7   4.387482     -1.607315    15.60731
          Kidney transplant  |          1          1     -.9617891    2.961789
------------------------------------------------------------------------------

Total estimation                                   Number of obs   =      1,302

------------------------------------------------------------------------------
                             |      Total   Std. Err.     [95% Conf. Interval]
-----------------------------+------------------------------------------------
     c.q3_critical_care_days@|
                   ckd_group |
  eGFR ≥60 with albuminuria  |        155   24.36543      107.2002    202.7998
                      CKD 3  |         65   15.87293      33.86067    96.13933
CKD 4/5 without kidney re..  |          0   1.449138     -2.842902    2.842902
                   Dialysis  |          0  (omitted)
          Kidney transplant  |         12        8.8     -5.263744    29.26374
------------------------------------------------------------------------------

Total estimation                                   Number of obs   =      1,302

------------------------------------------------------------------------------
                             |      Total   Std. Err.     [95% Conf. Interval]
-----------------------------+------------------------------------------------
     c.q4_critical_care_days@|
                   ckd_group |
  eGFR ≥60 with albuminuria  |        193   27.95279      138.1625    247.8375
                      CKD 3  |        126    22.6496      81.56625    170.4337
CKD 4/5 without kidney re..  |          0  (omitted)
                   Dialysis  |          3          3     -2.885367    8.885367
          Kidney transplant  |          2          2     -1.923578    5.923578
------------------------------------------------------------------------------

Total estimation                                   Number of obs   =      1,302

------------------------------------------------------------------------------
                             |      Total   Std. Err.     [95% Conf. Interval]
-----------------------------+------------------------------------------------
         c.q1_emergency_days@|
                   ckd_group |
  eGFR ≥60 with albuminuria  |        190   28.21018      134.6576    245.3424
                      CKD 3  |        121   21.03943      79.72508    162.2749
CKD 4/5 without kidney re..  |         15   7.120393       1.03129    28.96871
                   Dialysis  |          5          5     -4.808945    14.80895
          Kidney transplant  |          7   6.043178     -4.855441    18.85544
------------------------------------------------------------------------------

Total estimation                                   Number of obs   =      1,302

------------------------------------------------------------------------------
                             |      Total   Std. Err.     [95% Conf. Interval]
-----------------------------+------------------------------------------------
         c.q2_emergency_days@|
                   ckd_group |
  eGFR ≥60 with albuminuria  |        209   27.15241      155.7327    262.2673
                      CKD 3  |        124   21.63426      81.55815    166.4418
CKD 4/5 without kidney re..  |          8   4.219005     -.2767972     16.2768
                   Dialysis  |         12   6.955214     -1.644663    25.64466
          Kidney transplant  |          5          5     -4.808945    14.80895
------------------------------------------------------------------------------

Total estimation                                   Number of obs   =      1,302

------------------------------------------------------------------------------
                             |      Total   Std. Err.     [95% Conf. Interval]
-----------------------------+------------------------------------------------
         c.q3_emergency_days@|
                   ckd_group |
  eGFR ≥60 with albuminuria  |        217   27.36791      163.3099    270.6901
                      CKD 3  |         73   15.91975      41.76881    104.2312
CKD 4/5 without kidney re..  |          0  (omitted)
                   Dialysis  |          0  (omitted)
          Kidney transplant  |         14   6.951259      .3630963     27.6369
------------------------------------------------------------------------------

Total estimation                                   Number of obs   =      1,302

------------------------------------------------------------------------------
                             |      Total   Std. Err.     [95% Conf. Interval]
-----------------------------+------------------------------------------------
         c.q4_emergency_days@|
                   ckd_group |
  eGFR ≥60 with albuminuria  |        233    29.8021      174.5346    291.4654
                      CKD 3  |        100   18.43897      63.82664    136.1734
CKD 4/5 without kidney re..  |          3          3     -2.885367    8.885367
                   Dialysis  |          0  (omitted)
          Kidney transplant  |          4   2.771281     -1.436669    9.436669
------------------------------------------------------------------------------

Total estimation                                   Number of obs   =      1,302

------------------------------------------------------------------------------
                             |      Total   Std. Err.     [95% Conf. Interval]
-----------------------------+------------------------------------------------
                          c. |
  q1_outpatient_appointments@|
                   ckd_group |
  eGFR ≥60 with albuminuria  |        199   25.42136      149.1287    248.8713
                      CKD 3  |        128   21.85788      85.11944    170.8806
CKD 4/5 without kidney re..  |          6   3.286335     -.4470968     12.4471
                   Dialysis  |          4          4     -3.847156    11.84716
          Kidney transplant  |          2          2     -1.923578    5.923578
------------------------------------------------------------------------------

Total estimation                                   Number of obs   =      1,302

------------------------------------------------------------------------------
                             |      Total   Std. Err.     [95% Conf. Interval]
-----------------------------+------------------------------------------------
                          c. |
  q2_outpatient_appointments@|
                   ckd_group |
  eGFR ≥60 with albuminuria  |        195   27.24589      141.5493    248.4507
                      CKD 3  |        100   19.80187       61.1529    138.8471
CKD 4/5 without kidney re..  |          8   4.460942     -.7514265    16.75143
                   Dialysis  |          2          2     -1.923578    5.923578
          Kidney transplant  |          1   2.271563     -3.456328    5.456328
------------------------------------------------------------------------------

Total estimation                                   Number of obs   =      1,302

------------------------------------------------------------------------------
                             |      Total   Std. Err.     [95% Conf. Interval]
-----------------------------+------------------------------------------------
                          c. |
  q3_outpatient_appointments@|
                   ckd_group |
  eGFR ≥60 with albuminuria  |        243   30.76168      182.6521    303.3479
                      CKD 3  |        111   19.28162      73.17353    148.8265
CKD 4/5 without kidney re..  |          2          2     -1.923578    5.923578
                   Dialysis  |         13   8.314145     -3.310598     29.3106
          Kidney transplant  |         15   8.052329     -.7969708    30.79697
------------------------------------------------------------------------------

Total estimation                                   Number of obs   =      1,302

------------------------------------------------------------------------------
                             |      Total   Std. Err.     [95% Conf. Interval]
-----------------------------+------------------------------------------------
                          c. |
  q4_outpatient_appointments@|
                   ckd_group |
  eGFR ≥60 with albuminuria  |        189   25.59517      138.7877    239.2123
                      CKD 3  |        143    25.6108      92.75701     193.243
CKD 4/5 without kidney re..  |          6   7.120393      -7.96871    19.96871
                   Dialysis  |          3   2.179449      -1.27562     7.27562
          Kidney transplant  |          7    4.90306      -2.61877    16.61877
------------------------------------------------------------------------------

Total estimation                                   Number of obs   =      1,302

------------------------------------------------------------------------------
                             |      Total   Std. Err.     [95% Conf. Interval]
-----------------------------+------------------------------------------------
                          c. |
  q1_nephrology_appointments@|
                   ckd_group |
  eGFR ≥60 with albuminuria  |        230   27.87049       175.324     284.676
                      CKD 3  |        140   23.20732      94.47212    185.5279
CKD 4/5 without kidney re..  |          5          5     -4.808945    14.80895
                   Dialysis  |         12   6.314665     -.3880417    24.38804
          Kidney transplant  |         10        5.6     -.9860188    20.98602
------------------------------------------------------------------------------

Total estimation                                   Number of obs   =      1,302

------------------------------------------------------------------------------
                             |      Total   Std. Err.     [95% Conf. Interval]
-----------------------------+------------------------------------------------
                          c. |
  q2_nephrology_appointments@|
                   ckd_group |
  eGFR ≥60 with albuminuria  |        167   24.79646      118.3546    215.6454
                      CKD 3  |        103   18.26455      67.16881    138.8312
CKD 4/5 without kidney re..  |          5   3.521363     -1.908172    11.90817
                   Dialysis  |         11    6.82825     -2.395587    24.39559
          Kidney transplant  |         12        8.8     -5.263744    29.26374
------------------------------------------------------------------------------

Total estimation                                   Number of obs   =      1,302

------------------------------------------------------------------------------
                             |      Total   Std. Err.     [95% Conf. Interval]
-----------------------------+------------------------------------------------
                          c. |
  q3_nephrology_appointments@|
                   ckd_group |
  eGFR ≥60 with albuminuria  |        180   27.68408      125.6897    234.3103
                      CKD 3  |         95   18.14364        59.406     130.594
CKD 4/5 without kidney re..  |          4          4     -3.847156    11.84716
                   Dialysis  |          5   4.062019     -2.968825    12.96882
          Kidney transplant  |          3          3     -2.885367    8.885367
------------------------------------------------------------------------------

Total estimation                                   Number of obs   =      1,302

------------------------------------------------------------------------------
                             |      Total   Std. Err.     [95% Conf. Interval]
-----------------------------+------------------------------------------------
                          c. |
  q4_nephrology_appointments@|
                   ckd_group |
  eGFR ≥60 with albuminuria  |        209    30.0243      150.0987    267.9013
                      CKD 3  |        128   21.71989      85.39017    170.6098
CKD 4/5 without kidney re..  |          6   4.135215     -2.112419    14.11242
                   Dialysis  |          7    4.84768     -2.510125    16.51013
          Kidney transplant  |         13        7.8     -2.301955    28.30195
------------------------------------------------------------------------------

Total estimation                                   Number of obs   =      1,302

------------------------------------------------------------------------------
                             |      Total   Std. Err.     [95% Conf. Interval]
-----------------------------+------------------------------------------------
                          c. |
  q1_transplant_appointments@|
                   ckd_group |
  eGFR ≥60 with albuminuria  |        215   28.77817      158.5433    271.4567
                      CKD 3  |         97   18.44837      60.80818    133.1918
CKD 4/5 without kidney re..  |         11   5.727128      -.235418    22.23542
                   Dialysis  |          0  (omitted)
          Kidney transplant  |          6   4.156922     -2.155004      14.155
------------------------------------------------------------------------------

Total estimation                                   Number of obs   =      1,302

------------------------------------------------------------------------------
                             |      Total   Std. Err.     [95% Conf. Interval]
-----------------------------+------------------------------------------------
                          c. |
  q2_transplant_appointments@|
                   ckd_group |
  eGFR ≥60 with albuminuria  |        204    27.6201      149.8152    258.1848
                      CKD 3  |         83   17.49299      48.68245    117.3175
CKD 4/5 without kidney re..  |          9   5.138093     -1.079855    19.07985
                   Dialysis  |          8   5.667892     -3.119209    19.11921
          Kidney transplant  |         14   6.324555      1.592556    26.40744
------------------------------------------------------------------------------

Total estimation                                   Number of obs   =      1,302

------------------------------------------------------------------------------
                             |      Total   Std. Err.     [95% Conf. Interval]
-----------------------------+------------------------------------------------
                          c. |
  q3_transplant_appointments@|
                   ckd_group |
  eGFR ≥60 with albuminuria  |        217    28.5497      160.9915    273.0085
                      CKD 3  |        122    21.6602      79.50725    164.4927
CKD 4/5 without kidney re..  |          0  (omitted)
                   Dialysis  |          6   3.553168     -.9705654    12.97057
          Kidney transplant  |         12        6.8     -1.340166    25.34017
------------------------------------------------------------------------------

Total estimation                                   Number of obs   =      1,302

------------------------------------------------------------------------------
                             |      Total   Std. Err.     [95% Conf. Interval]
-----------------------------+------------------------------------------------
                          c. |
  q4_transplant_appointments@|
                   ckd_group |
  eGFR ≥60 with albuminuria  |        217   27.18437        163.67      270.33
                      CKD 3  |         87   18.77662      50.16422    123.8358
CKD 4/5 without kidney re..  |          0  (omitted)
                   Dialysis  |          5   4.062019     -2.968825    12.96882
          Kidney transplant  |          9   4.312772      .5392515    17.46075
------------------------------------------------------------------------------

Total estimation                                   Number of obs   =      1,302

------------------------------------------------------------------------------
                             |      Total   Std. Err.     [95% Conf. Interval]
-----------------------------+------------------------------------------------
        c.q1_gp_interactions@|
                   ckd_group |
  eGFR ≥60 with albuminuria  |       2848   89.23226      2672.945    3023.055
                      CKD 3  |       1565   66.72362      1434.102    1695.898
CKD 4/5 without kidney re..  |         69   17.45852      34.75006    103.2499
                   Dialysis  |         50   11.24166      27.94623    72.05377
          Kidney transplant  |         95   17.42297       60.8198    129.1802
------------------------------------------------------------------------------

Total estimation                                   Number of obs   =      1,302

------------------------------------------------------------------------------
                             |      Total   Std. Err.     [95% Conf. Interval]
-----------------------------+------------------------------------------------
        c.q2_gp_interactions@|
                   ckd_group |
  eGFR ≥60 with albuminuria  |       2917   88.73236      2742.926    3091.074
                      CKD 3  |       1589   63.13915      1465.134    1712.866
CKD 4/5 without kidney re..  |         78   13.52775      51.46141    104.5386
                   Dialysis  |         50   15.11208      20.35328    79.64672
          Kidney transplant  |         82   16.16911      50.27962    113.7204
------------------------------------------------------------------------------

Total estimation                                   Number of obs   =      1,302

------------------------------------------------------------------------------
                             |      Total   Std. Err.     [95% Conf. Interval]
-----------------------------+------------------------------------------------
        c.q3_gp_interactions@|
                   ckd_group |
  eGFR ≥60 with albuminuria  |       2842   89.42689      2666.563    3017.437
                      CKD 3  |       1480   63.68451      1355.064    1604.936
CKD 4/5 without kidney re..  |         77   13.54253      50.43242    103.5676
                   Dialysis  |         74   15.35415      43.87839    104.1216
          Kidney transplant  |        117   16.89615      83.85331    150.1467
------------------------------------------------------------------------------

Total estimation                                   Number of obs   =      1,302

------------------------------------------------------------------------------
                             |      Total   Std. Err.     [95% Conf. Interval]
-----------------------------+------------------------------------------------
        c.q4_gp_interactions@|
                   ckd_group |
  eGFR ≥60 with albuminuria  |       2807   86.94293      2636.436    2977.564
                      CKD 3  |       1655    68.2376      1521.132    1788.868
CKD 4/5 without kidney re..  |         74   14.89295      44.78317    103.2168
                   Dialysis  |         70   15.55635      39.48172    100.5183
          Kidney transplant  |         96   16.42924      63.76929    128.2307
------------------------------------------------------------------------------

Total estimation                                   Number of obs   =      1,302

------------------------------------------------------------------------------
                             |      Total   Std. Err.     [95% Conf. Interval]
-----------------------------+------------------------------------------------
         c.q1_blood_pressure@|
                   ckd_group |
  eGFR ≥60 with albuminuria  |        237   12.91936      211.6549    262.3451
                      CKD 3  |        134   9.659736      115.0496    152.9504
CKD 4/5 without kidney re..  |          6    2.12132      1.838417    10.16158
                   Dialysis  |          6    2.03101      2.015588    9.984412
          Kidney transplant  |          4   1.876166      .3193574    7.680643
------------------------------------------------------------------------------

Total estimation                                   Number of obs   =      1,302

------------------------------------------------------------------------------
                             |      Total   Std. Err.     [95% Conf. Interval]
-----------------------------+------------------------------------------------
         c.q2_blood_pressure@|
                   ckd_group |
  eGFR ≥60 with albuminuria  |        217   12.58027      192.3202    241.6798
                      CKD 3  |        125   9.466355       106.429     143.571
CKD 4/5 without kidney re..  |          4   1.843909      .3826397     7.61736
                   Dialysis  |          1          1     -.9617891    2.961789
          Kidney transplant  |          7   2.306513      2.475109    11.52489
------------------------------------------------------------------------------

Total estimation                                   Number of obs   =      1,302

------------------------------------------------------------------------------
                             |      Total   Std. Err.     [95% Conf. Interval]
-----------------------------+------------------------------------------------
         c.q3_blood_pressure@|
                   ckd_group |
  eGFR ≥60 with albuminuria  |        229    12.7895      203.9097    254.0903
                      CKD 3  |        119   9.324196      100.7079    137.2921
CKD 4/5 without kidney re..  |          5          2      1.076422    8.923578
                   Dialysis  |          7    2.09165      2.896624    11.10338
          Kidney transplant  |          3   1.661325     -.2591688    6.259169
------------------------------------------------------------------------------

Total estimation                                   Number of obs   =      1,302

------------------------------------------------------------------------------
                             |      Total   Std. Err.     [95% Conf. Interval]
-----------------------------+------------------------------------------------
         c.q4_blood_pressure@|
                   ckd_group |
  eGFR ≥60 with albuminuria  |        251   13.12882       225.244     276.756
                      CKD 3  |        153   9.995204      133.3915    172.6085
CKD 4/5 without kidney re..  |          6    2.12132      1.838417    10.16158
                   Dialysis  |          4   1.802776      .4633344    7.536666
          Kidney transplant  |          9   2.473863      4.146802     13.8532
------------------------------------------------------------------------------

Total estimation                                   Number of obs   =      1,302

------------------------------------------------------------------------------
                             |      Total   Std. Err.     [95% Conf. Interval]
-----------------------------+------------------------------------------------
  c.q1_albuminuria@ckd_group |
  eGFR ≥60 with albuminuria  |         40   6.168072      27.89954    52.10046
                      CKD 3  |         24   4.768619      14.64498    33.35502
CKD 4/5 without kidney re..  |          0  (omitted)
                   Dialysis  |          0  (omitted)
          Kidney transplant  |          1          1     -.9617891    2.961789
------------------------------------------------------------------------------

Total estimation                                   Number of obs   =      1,302

------------------------------------------------------------------------------
                             |      Total   Std. Err.     [95% Conf. Interval]
-----------------------------+------------------------------------------------
  c.q2_albuminuria@ckd_group |
  eGFR ≥60 with albuminuria  |         34   5.709114      22.79992    45.20008
                      CKD 3  |         27   5.039569      17.11343    36.88657
CKD 4/5 without kidney re..  |          0  (omitted)
                   Dialysis  |          1          1     -.9617891    2.961789
          Kidney transplant  |          1          1     -.9617891    2.961789
------------------------------------------------------------------------------

Total estimation                                   Number of obs   =      1,302

------------------------------------------------------------------------------
                             |      Total   Std. Err.     [95% Conf. Interval]
-----------------------------+------------------------------------------------
  c.q3_albuminuria@ckd_group |
  eGFR ≥60 with albuminuria  |         41   6.240582      28.75729    53.24271
                      CKD 3  |         20   4.374062      11.41901    28.58099
CKD 4/5 without kidney re..  |          1          1     -.9617891    2.961789
                   Dialysis  |          0  (omitted)
          Kidney transplant  |          1          1     -.9617891    2.961789
------------------------------------------------------------------------------

Total estimation                                   Number of obs   =      1,302

------------------------------------------------------------------------------
                             |      Total   Std. Err.     [95% Conf. Interval]
-----------------------------+------------------------------------------------
  c.q4_albuminuria@ckd_group |
  eGFR ≥60 with albuminuria  |         35   5.788676      23.64384    46.35616
                      CKD 3  |         25   4.861084      15.46358    34.53642
CKD 4/5 without kidney re..  |          0  (omitted)
                   Dialysis  |          0  (omitted)
          Kidney transplant  |          0  (omitted)
------------------------------------------------------------------------------

Total estimation                                   Number of obs   =      1,302

------------------------------------------------------------------------------
                             |      Total   Std. Err.     [95% Conf. Interval]
-----------------------------+------------------------------------------------
   c.q1_creatinine@ckd_group |
  eGFR ≥60 with albuminuria  |        151   11.07324      129.2766    172.7234
                      CKD 3  |         94   8.604714      77.11937    110.8806
CKD 4/5 without kidney re..  |          3   1.643168     -.2235484    6.223548
                   Dialysis  |          3   1.620185     -.1784616    6.178462
          Kidney transplant  |          1          1     -.9617891    2.961789
------------------------------------------------------------------------------

Total estimation                                   Number of obs   =      1,302

------------------------------------------------------------------------------
                             |      Total   Std. Err.     [95% Conf. Interval]
-----------------------------+------------------------------------------------
   c.q2_creatinine@ckd_group |
  eGFR ≥60 with albuminuria  |        135   10.59862      114.2077    155.7923
                      CKD 3  |         82   8.175305      65.96178    98.03822
CKD 4/5 without kidney re..  |          5          2      1.076422    8.923578
                   Dialysis  |          4   1.802776      .4633344    7.536666
          Kidney transplant  |          5    2.04939      .9795288    9.020471
------------------------------------------------------------------------------

Total estimation                                   Number of obs   =      1,302

------------------------------------------------------------------------------
                             |      Total   Std. Err.     [95% Conf. Interval]
-----------------------------+------------------------------------------------
   c.q3_creatinine@ckd_group |
  eGFR ≥60 with albuminuria  |        169    11.5508      146.3398    191.6602
                      CKD 3  |         80   8.097578      64.11426    95.88574
CKD 4/5 without kidney re..  |          6    2.12132      1.838417    10.16158
                   Dialysis  |          4   1.802776      .4633344    7.536666
          Kidney transplant  |          7   2.306513      2.475109    11.52489
------------------------------------------------------------------------------

Total estimation                                   Number of obs   =      1,302

------------------------------------------------------------------------------
                             |      Total   Std. Err.     [95% Conf. Interval]
-----------------------------+------------------------------------------------
   c.q4_creatinine@ckd_group |
  eGFR ≥60 with albuminuria  |        152   11.10127      130.2217    173.7783
                      CKD 3  |         77   7.977422      61.34998    92.65002
CKD 4/5 without kidney re..  |          4   1.843909      .3826397     7.61736
                   Dialysis  |          4   1.802776      .4633344    7.536666
          Kidney transplant  |         10   2.529822      5.037023    14.96298
------------------------------------------------------------------------------

. tab ckd_group ckd_progression

                      |               CKD progression
            CKD group | No progre      CKD 3  CKD 4/5 w   Dialysis |     Total
----------------------+--------------------------------------------+----------
eGFR ≥60 with albumin |       669        110          6         10 |       799 
                CKD 3 |       426          0          3          7 |       439 
CKD 4/5 without kidne |        21          0          0          0 |        21 
             Dialysis |        17          0          0          0 |        17 
    Kidney transplant |        26          0          0          0 |        26 
----------------------+--------------------------------------------+----------
                Total |     1,159        110          9         17 |     1,302 


                      |    CKD
                      | progressio
                      |     n
            CKD group | Kidney tr |     Total
----------------------+-----------+----------
eGFR ≥60 with albumin |         4 |       799 
                CKD 3 |         3 |       439 
CKD 4/5 without kidne |         0 |        21 
             Dialysis |         0 |        17 
    Kidney transplant |         0 |        26 
----------------------+-----------+----------
                Total |         7 |     1,302 

. 
. log close
      name:  <unnamed>
       log:  /workspace/logs/2018_outcomes.log
  log type:  text
 closed on:  16 Dec 2022, 19:42:40
-------------------------------------------------------------------------------
