-------------------------------------------------------------------------------
      name:  <unnamed>
       log:  /workspace/logs/2019_outcomes.log
  log type:  text
 opened on:  16 Dec 2022, 19:42:19

. use ./output/`dataset'_ckd_complete.dta

. 
. foreach outcome of varlist      q1_hospital_days                        ///
>                                                         q2_hospital_days     
>                    ///
>                                                         q3_hospital_days     
>                    ///
>                                                         q4_hospital_days     
>                    ///
>                                                         q1_critical_care_days
>            ///
>                                                         q2_critical_care_days
>            ///
>                                                         q3_critical_care_days
>            ///
>                                                         q4_critical_care_days
>            ///
>                                                         q1_emergency_days    
>                    ///
>                                                         q2_emergency_days    
>                    ///
>                                                         q3_emergency_days    
>                    ///
>                                                         q4_emergency_days    
>                    ///
>                                                         q1_outpatient_appoint
> ments      ///
>                                                         q2_outpatient_appoint
> ments      ///
>                                                         q3_outpatient_appoint
> ments      ///
>                                                         q4_outpatient_appoint
> ments      ///
>                                                         q1_nephrology_appoint
> ments      ///
>                                                         q2_nephrology_appoint
> ments      ///
>                                                         q3_nephrology_appoint
> ments      ///
>                                                         q4_nephrology_appoint
> ments      ///
>                                                         q1_transplant_appoint
> ments      ///
>                                                         q2_transplant_appoint
> ments      ///
>                                                         q3_transplant_appoint
> ments      ///
>                                                         q4_transplant_appoint
> ments      ///
>                                                         q1_gp_interactions   
>                    ///
>                                                         q2_gp_interactions   
>                    ///
>                                                         q3_gp_interactions   
>                    ///
>                                                         q4_gp_interactions   
>                    ///
>                                                         q1_blood_pressure    
>                    ///
>                                                         q2_blood_pressure    
>                    ///
>                                                         q3_blood_pressure    
>                    ///
>                                                         q4_blood_pressure    
>                    ///
>                                                         q1_albuminuria       
>                    ///
>                                                         q2_albuminuria       
>                    ///
>                                                         q3_albuminuria       
>                    ///
>                                                         q4_albuminuria       
>                    ///
>                                                         q1_creatinine        
>                    ///
>                                                         q2_creatinine        
>                    ///
>                                                         q3_creatinine        
>                    ///
>                                                         q4_creatinine {
  2. total `outcome', over(ckd_group)
  3. }

Total estimation                                   Number of obs   =      1,303

------------------------------------------------------------------------------
                             |      Total   Std. Err.     [95% Conf. Interval]
-----------------------------+------------------------------------------------
c.q1_hospital_days@ckd_group |
  eGFR ≥60 with albuminuria  |        224   29.13349      166.8463    281.1537
                      CKD 3  |        142   23.02857      96.82284    187.1772
CKD 4/5 without kidney re..  |          0  (omitted)
                   Dialysis  |          0  (omitted)
          Kidney transplant  |          3          3     -2.885363    8.885363
------------------------------------------------------------------------------

Total estimation                                   Number of obs   =      1,303

------------------------------------------------------------------------------
                             |      Total   Std. Err.     [95% Conf. Interval]
-----------------------------+------------------------------------------------
c.q2_hospital_days@ckd_group |
  eGFR ≥60 with albuminuria  |        223   29.12615      165.8607    280.1393
                      CKD 3  |         92   17.51231      57.64457    126.3554
CKD 4/5 without kidney re..  |         12   7.541552     -2.794923    26.79492
                   Dialysis  |          7   6.020797     -4.811526    18.81153
          Kidney transplant  |          1          1     -.9617877    2.961788
------------------------------------------------------------------------------

Total estimation                                   Number of obs   =      1,303

------------------------------------------------------------------------------
                             |      Total   Std. Err.     [95% Conf. Interval]
-----------------------------+------------------------------------------------
c.q3_hospital_days@ckd_group |
  eGFR ≥60 with albuminuria  |        230   30.68202      169.8084    290.1916
                      CKD 3  |        103   19.98308      63.79744    142.2026
CKD 4/5 without kidney re..  |          6          6     -5.770726    17.77073
                   Dialysis  |          3          3     -2.885363    8.885363
          Kidney transplant  |          2          2     -1.923575    5.923575
------------------------------------------------------------------------------

Total estimation                                   Number of obs   =      1,303

------------------------------------------------------------------------------
                             |      Total   Std. Err.     [95% Conf. Interval]
-----------------------------+------------------------------------------------
c.q4_hospital_days@ckd_group |
  eGFR ≥60 with albuminuria  |        187    26.7036      134.6132    239.3868
                      CKD 3  |        135   21.00577      93.79113    176.2089
CKD 4/5 without kidney re..  |          1          1     -.9617877    2.961788
                   Dialysis  |          3          3     -2.885363    8.885363
          Kidney transplant  |          5          5     -4.808938    14.80894
------------------------------------------------------------------------------

Total estimation                                   Number of obs   =      1,303

------------------------------------------------------------------------------
                             |      Total   Std. Err.     [95% Conf. Interval]
-----------------------------+------------------------------------------------
     c.q1_critical_care_days@|
                   ckd_group |
  eGFR ≥60 with albuminuria  |        202   27.90494      147.2564    256.7436
                      CKD 3  |        111   21.20839      69.39364    152.6064
CKD 4/5 without kidney re..  |          8   6.204837     -4.172572    20.17257
                   Dialysis  |         -1          1     -2.961788    .9617877
          Kidney transplant  |         11   7.855309     -4.410449    26.41045
------------------------------------------------------------------------------

Total estimation                                   Number of obs   =      1,303

------------------------------------------------------------------------------
                             |      Total   Std. Err.     [95% Conf. Interval]
-----------------------------+------------------------------------------------
     c.q2_critical_care_days@|
                   ckd_group |
  eGFR ≥60 with albuminuria  |        169   22.60616      124.6515    213.3485
                      CKD 3  |         90    18.0969      54.49772    125.5023
CKD 4/5 without kidney re..  |          0  (omitted)
                   Dialysis  |          0  (omitted)
          Kidney transplant  |          1          1     -.9617877    2.961788
------------------------------------------------------------------------------

Total estimation                                   Number of obs   =      1,303

------------------------------------------------------------------------------
                             |      Total   Std. Err.     [95% Conf. Interval]
-----------------------------+------------------------------------------------
     c.q3_critical_care_days@|
                   ckd_group |
  eGFR ≥60 with albuminuria  |        233   29.05996      175.9905    290.0095
                      CKD 3  |         80    19.3703      41.99958    118.0004
CKD 4/5 without kidney re..  |          2          2     -1.923575    5.923575
                   Dialysis  |          2          2     -1.923575    5.923575
          Kidney transplant  |          2          2     -1.923575    5.923575
------------------------------------------------------------------------------

Total estimation                                   Number of obs   =      1,303

------------------------------------------------------------------------------
                             |      Total   Std. Err.     [95% Conf. Interval]
-----------------------------+------------------------------------------------
     c.q4_critical_care_days@|
                   ckd_group |
  eGFR ≥60 with albuminuria  |        174   24.65693      125.6283    222.3717
                      CKD 3  |        159   23.84391      112.2233    205.7767
CKD 4/5 without kidney re..  |          4          4     -3.847151    11.84715
                   Dialysis  |          5        3.5     -1.866257    11.86626
          Kidney transplant  |          5          5     -4.808938    14.80894
------------------------------------------------------------------------------

Total estimation                                   Number of obs   =      1,303

------------------------------------------------------------------------------
                             |      Total   Std. Err.     [95% Conf. Interval]
-----------------------------+------------------------------------------------
         c.q1_emergency_days@|
                   ckd_group |
  eGFR ≥60 with albuminuria  |        206   28.50678      150.0757    261.9243
                      CKD 3  |        103   18.41727      66.86923    139.1308
CKD 4/5 without kidney re..  |          7   4.387482     -1.607308    15.60731
                   Dialysis  |          0  (omitted)
          Kidney transplant  |          3          3     -2.885363    8.885363
------------------------------------------------------------------------------

Total estimation                                   Number of obs   =      1,303

------------------------------------------------------------------------------
                             |      Total   Std. Err.     [95% Conf. Interval]
-----------------------------+------------------------------------------------
         c.q2_emergency_days@|
                   ckd_group |
  eGFR ≥60 with albuminuria  |        210   30.24292      150.6698    269.3302
                      CKD 3  |        151   24.65524      102.6317    199.3683
CKD 4/5 without kidney re..  |          3   2.179449     -1.275617    7.275617
                   Dialysis  |          7   5.267827     -3.334358    17.33436
          Kidney transplant  |          0  (omitted)
------------------------------------------------------------------------------

Total estimation                                   Number of obs   =      1,303

------------------------------------------------------------------------------
                             |      Total   Std. Err.     [95% Conf. Interval]
-----------------------------+------------------------------------------------
         c.q3_emergency_days@|
                   ckd_group |
  eGFR ≥60 with albuminuria  |        164   24.08863      116.7432    211.2568
                      CKD 3  |         90   17.59146      55.48928    124.5107
CKD 4/5 without kidney re..  |          0  (omitted)
                   Dialysis  |          0  (omitted)
          Kidney transplant  |          8   5.487955     -2.766202     18.7662
------------------------------------------------------------------------------

Total estimation                                   Number of obs   =      1,303

------------------------------------------------------------------------------
                             |      Total   Std. Err.     [95% Conf. Interval]
-----------------------------+------------------------------------------------
         c.q4_emergency_days@|
                   ckd_group |
  eGFR ≥60 with albuminuria  |        207    27.2216       153.597     260.403
                      CKD 3  |        130   21.51981      87.78271    172.2173
CKD 4/5 without kidney re..  |          4          4     -3.847151    11.84715
                   Dialysis  |          8   4.636809     -1.096435    17.09644
          Kidney transplant  |          1          1     -.9617877    2.961788
------------------------------------------------------------------------------

Total estimation                                   Number of obs   =      1,303

------------------------------------------------------------------------------
                             |      Total   Std. Err.     [95% Conf. Interval]
-----------------------------+------------------------------------------------
                          c. |
  q1_outpatient_appointments@|
                   ckd_group |
  eGFR ≥60 with albuminuria  |        211   28.08796      155.8974    266.1026
                      CKD 3  |        141   22.97631      95.92537    186.0746
CKD 4/5 without kidney re..  |          9   5.667892     -2.119201     20.1192
                   Dialysis  |          6   4.358899     -2.551234    14.55123
          Kidney transplant  |          0  (omitted)
------------------------------------------------------------------------------

Total estimation                                   Number of obs   =      1,303

------------------------------------------------------------------------------
                             |      Total   Std. Err.     [95% Conf. Interval]
-----------------------------+------------------------------------------------
                          c. |
  q2_outpatient_appointments@|
                   ckd_group |
  eGFR ≥60 with albuminuria  |        186   25.30745      136.3521    235.6479
                      CKD 3  |        120   20.84104      79.11431    160.8857
CKD 4/5 without kidney re..  |          5          5     -4.808938    14.80894
                   Dialysis  |          4          4     -3.847151    11.84715
          Kidney transplant  |         20   9.190788      1.969625    38.03038
------------------------------------------------------------------------------

Total estimation                                   Number of obs   =      1,303

------------------------------------------------------------------------------
                             |      Total   Std. Err.     [95% Conf. Interval]
-----------------------------+------------------------------------------------
                          c. |
  q3_outpatient_appointments@|
                   ckd_group |
  eGFR ≥60 with albuminuria  |        210   28.15098      154.7738    265.2262
                      CKD 3  |        140   23.05461      94.77176    185.2282
CKD 4/5 without kidney re..  |         11   7.842194     -4.384719    26.38472
                   Dialysis  |         11    6.82825     -2.395577    24.39558
          Kidney transplant  |         11   7.580936     -3.872186    25.87219
------------------------------------------------------------------------------

Total estimation                                   Number of obs   =      1,303

------------------------------------------------------------------------------
                             |      Total   Std. Err.     [95% Conf. Interval]
-----------------------------+------------------------------------------------
                          c. |
  q4_outpatient_appointments@|
                   ckd_group |
  eGFR ≥60 with albuminuria  |        222   28.66826       165.759     278.241
                      CKD 3  |        106   20.76197      65.26941    146.7306
CKD 4/5 without kidney re..  |          0  (omitted)
                   Dialysis  |          3   2.179449     -1.275617    7.275617
          Kidney transplant  |          0  (omitted)
------------------------------------------------------------------------------

Total estimation                                   Number of obs   =      1,303

------------------------------------------------------------------------------
                             |      Total   Std. Err.     [95% Conf. Interval]
-----------------------------+------------------------------------------------
                          c. |
  q1_nephrology_appointments@|
                   ckd_group |
  eGFR ≥60 with albuminuria  |        212   27.15372      158.7302    265.2698
                      CKD 3  |        136   24.49498      87.94604     184.054
CKD 4/5 without kidney re..  |          0  (omitted)
                   Dialysis  |          9   4.636809     -.0964352    18.09644
          Kidney transplant  |          0  (omitted)
------------------------------------------------------------------------------

Total estimation                                   Number of obs   =      1,303

------------------------------------------------------------------------------
                             |      Total   Std. Err.     [95% Conf. Interval]
-----------------------------+------------------------------------------------
                          c. |
  q2_nephrology_appointments@|
                   ckd_group |
  eGFR ≥60 with albuminuria  |        200   26.71391       147.593     252.407
                      CKD 3  |        127   22.44606       82.9656    171.0344
CKD 4/5 without kidney re..  |          3          3     -2.885363    8.885363
                   Dialysis  |          2          2     -1.923575    5.923575
          Kidney transplant  |          6          6     -5.770726    17.77073
------------------------------------------------------------------------------

Total estimation                                   Number of obs   =      1,303

------------------------------------------------------------------------------
                             |      Total   Std. Err.     [95% Conf. Interval]
-----------------------------+------------------------------------------------
                          c. |
  q3_nephrology_appointments@|
                   ckd_group |
  eGFR ≥60 with albuminuria  |        173   25.12845      123.7033    222.2967
                      CKD 3  |        141    24.2495      93.42763    188.5724
CKD 4/5 without kidney re..  |          4          4     -3.847151    11.84715
                   Dialysis  |          0  (omitted)
          Kidney transplant  |          5          5     -4.808938    14.80894
------------------------------------------------------------------------------

Total estimation                                   Number of obs   =      1,303

------------------------------------------------------------------------------
                             |      Total   Std. Err.     [95% Conf. Interval]
-----------------------------+------------------------------------------------
                          c. |
  q4_nephrology_appointments@|
                   ckd_group |
  eGFR ≥60 with albuminuria  |        194   26.62062       141.776     246.224
                      CKD 3  |        111   20.63358      70.52129    151.4787
CKD 4/5 without kidney re..  |         13    7.36546     -1.449468    27.44947
                   Dialysis  |          0  (omitted)
          Kidney transplant  |          6   4.365641     -2.564461    14.56446
------------------------------------------------------------------------------

Total estimation                                   Number of obs   =      1,303

------------------------------------------------------------------------------
                             |      Total   Std. Err.     [95% Conf. Interval]
-----------------------------+------------------------------------------------
                          c. |
  q1_transplant_appointments@|
                   ckd_group |
  eGFR ≥60 with albuminuria  |        180   26.33155      128.3431    231.6569
                      CKD 3  |        135   24.19812      87.52843    182.4716
CKD 4/5 without kidney re..  |          4          4     -3.847151    11.84715
                   Dialysis  |          3   2.179449     -1.275617    7.275617
          Kidney transplant  |          1          1     -.9617877    2.961788
------------------------------------------------------------------------------

Total estimation                                   Number of obs   =      1,303

------------------------------------------------------------------------------
                             |      Total   Std. Err.     [95% Conf. Interval]
-----------------------------+------------------------------------------------
                          c. |
  q2_transplant_appointments@|
                   ckd_group |
  eGFR ≥60 with albuminuria  |        198   25.93455      147.1219    248.8781
                      CKD 3  |        126   21.61678      83.59247    168.4075
CKD 4/5 without kidney re..  |          0  (omitted)
                   Dialysis  |          9   6.204837     -3.172572    21.17257
          Kidney transplant  |          5   3.506297      -1.87861    11.87861
------------------------------------------------------------------------------

Total estimation                                   Number of obs   =      1,303

------------------------------------------------------------------------------
                             |      Total   Std. Err.     [95% Conf. Interval]
-----------------------------+------------------------------------------------
                          c. |
  q3_transplant_appointments@|
                   ckd_group |
  eGFR ≥60 with albuminuria  |        196   26.22271      144.5566    247.4434
                      CKD 3  |        101   18.81738       64.0843    137.9157
CKD 4/5 without kidney re..  |          9   4.860556     -.5353779    18.53538
                   Dialysis  |          0  (omitted)
          Kidney transplant  |          0  (omitted)
------------------------------------------------------------------------------

Total estimation                                   Number of obs   =      1,303

------------------------------------------------------------------------------
                             |      Total   Std. Err.     [95% Conf. Interval]
-----------------------------+------------------------------------------------
                          c. |
  q4_transplant_appointments@|
                   ckd_group |
  eGFR ≥60 with albuminuria  |        245     30.549      185.0694    304.9306
                      CKD 3  |        101   18.16707      65.36006    136.6399
CKD 4/5 without kidney re..  |          0  (omitted)
                   Dialysis  |          8   5.477226     -2.745154    18.74515
          Kidney transplant  |          5   3.506297      -1.87861    11.87861
------------------------------------------------------------------------------

Total estimation                                   Number of obs   =      1,303

------------------------------------------------------------------------------
                             |      Total   Std. Err.     [95% Conf. Interval]
-----------------------------+------------------------------------------------
        c.q1_gp_interactions@|
                   ckd_group |
  eGFR ≥60 with albuminuria  |       2814   88.87114      2639.654    2988.346
                      CKD 3  |       1808   71.68436      1667.371    1948.629
CKD 4/5 without kidney re..  |         50   11.61357      27.21664    72.78336
                   Dialysis  |         53   12.27294       28.9231     77.0769
          Kidney transplant  |         66   13.80537       38.9168     93.0832
------------------------------------------------------------------------------

Total estimation                                   Number of obs   =      1,303

------------------------------------------------------------------------------
                             |      Total   Std. Err.     [95% Conf. Interval]
-----------------------------+------------------------------------------------
        c.q2_gp_interactions@|
                   ckd_group |
  eGFR ≥60 with albuminuria  |       2952   88.07815      2779.209    3124.791
                      CKD 3  |       1643   67.19578      1511.176    1774.824
CKD 4/5 without kidney re..  |         46   15.88631      14.83442    77.16558
                   Dialysis  |         92    16.5605      59.51182    124.4882
          Kidney transplant  |         60   12.60252      35.27653    84.72347
------------------------------------------------------------------------------

Total estimation                                   Number of obs   =      1,303

------------------------------------------------------------------------------
                             |      Total   Std. Err.     [95% Conf. Interval]
-----------------------------+------------------------------------------------
        c.q3_gp_interactions@|
                   ckd_group |
  eGFR ≥60 with albuminuria  |       2913   90.68963      2735.086    3090.914
                      CKD 3  |       1746   68.09855      1612.405    1879.595
CKD 4/5 without kidney re..  |         62   15.69634      31.20712    92.79288
                   Dialysis  |         40    12.4499      15.57594    64.42406
          Kidney transplant  |         73   14.29315      44.95988    101.0401
------------------------------------------------------------------------------

Total estimation                                   Number of obs   =      1,303

------------------------------------------------------------------------------
                             |      Total   Std. Err.     [95% Conf. Interval]
-----------------------------+------------------------------------------------
        c.q4_gp_interactions@|
                   ckd_group |
  eGFR ≥60 with albuminuria  |       2771    86.1996      2601.895    2940.105
                      CKD 3  |       1755   69.45438      1618.745    1891.255
CKD 4/5 without kidney re..  |         56   13.88794       28.7548     83.2452
                   Dialysis  |         76   14.80287      46.95991    105.0401
          Kidney transplant  |         71   15.01568      41.54243    100.4576
------------------------------------------------------------------------------

Total estimation                                   Number of obs   =      1,303

------------------------------------------------------------------------------
                             |      Total   Std. Err.     [95% Conf. Interval]
-----------------------------+------------------------------------------------
         c.q1_blood_pressure@|
                   ckd_group |
  eGFR ≥60 with albuminuria  |        228   12.71066      203.0644    252.9356
                      CKD 3  |        147   10.06659      127.2515    166.7485
CKD 4/5 without kidney re..  |          2   1.369306     -.6862884    4.686288
                   Dialysis  |          3   1.620185     -.1784593    6.178459
          Kidney transplant  |          6   2.057983      1.962674    10.03733
------------------------------------------------------------------------------

Total estimation                                   Number of obs   =      1,303

------------------------------------------------------------------------------
                             |      Total   Std. Err.     [95% Conf. Interval]
-----------------------------+------------------------------------------------
         c.q2_blood_pressure@|
                   ckd_group |
  eGFR ≥60 with albuminuria  |        236   12.83769      210.8152    261.1848
                      CKD 3  |        146   10.04776      126.2884    165.7116
CKD 4/5 without kidney re..  |          7    2.09165      2.896627    11.10337
                   Dialysis  |          7    2.09165      2.896627    11.10337
          Kidney transplant  |          6   2.057983      1.962674    10.03733
------------------------------------------------------------------------------

Total estimation                                   Number of obs   =      1,303

------------------------------------------------------------------------------
                             |      Total   Std. Err.     [95% Conf. Interval]
-----------------------------+------------------------------------------------
         c.q3_blood_pressure@|
                   ckd_group |
  eGFR ≥60 with albuminuria  |        233   12.79095      207.9069    258.0931
                      CKD 3  |        142   9.969955      122.4411    161.5589
CKD 4/5 without kidney re..  |          6    2.03101       2.01559     9.98441
                   Dialysis  |          5   1.936492      1.201015    8.798985
          Kidney transplant  |          6   2.057983      1.962674    10.03733
------------------------------------------------------------------------------

Total estimation                                   Number of obs   =      1,303

------------------------------------------------------------------------------
                             |      Total   Std. Err.     [95% Conf. Interval]
-----------------------------+------------------------------------------------
         c.q4_blood_pressure@|
                   ckd_group |
  eGFR ≥60 with albuminuria  |        228   12.71066      203.0644    252.9356
                      CKD 3  |        157   10.24155      136.9083    177.0917
CKD 4/5 without kidney re..  |          9    2.12132       4.83842    13.16158
                   Dialysis  |          6    2.03101       2.01559     9.98441
          Kidney transplant  |          4    1.81497      .4394134    7.560587
------------------------------------------------------------------------------

Total estimation                                   Number of obs   =      1,303

------------------------------------------------------------------------------
                             |      Total   Std. Err.     [95% Conf. Interval]
-----------------------------+------------------------------------------------
  c.q1_albuminuria@ckd_group |
  eGFR ≥60 with albuminuria  |         41   6.236565      28.76518    53.23482
                      CKD 3  |         34   5.622523       22.9698     45.0302
CKD 4/5 without kidney re..  |          0  (omitted)
                   Dialysis  |          1          1     -.9617877    2.961788
          Kidney transplant  |          2   1.371989     -.6915505     4.69155
------------------------------------------------------------------------------

Total estimation                                   Number of obs   =      1,303

------------------------------------------------------------------------------
                             |      Total   Std. Err.     [95% Conf. Interval]
-----------------------------+------------------------------------------------
  c.q2_albuminuria@ckd_group |
  eGFR ≥60 with albuminuria  |         39   6.090777      27.05119    50.94881
                      CKD 3  |         25   4.870668      15.44478    34.55522
CKD 4/5 without kidney re..  |          0  (omitted)
                   Dialysis  |          1          1     -.9617877    2.961788
          Kidney transplant  |          3   1.626978     -.1917862    6.191786
------------------------------------------------------------------------------

Total estimation                                   Number of obs   =      1,303

------------------------------------------------------------------------------
                             |      Total   Std. Err.     [95% Conf. Interval]
-----------------------------+------------------------------------------------
  c.q3_albuminuria@ckd_group |
  eGFR ≥60 with albuminuria  |         28   5.198993      17.80068    38.19932
                      CKD 3  |         20   4.380809      11.40578    28.59422
CKD 4/5 without kidney re..  |          0  (omitted)
                   Dialysis  |          0  (omitted)
          Kidney transplant  |          1          1     -.9617877    2.961788
------------------------------------------------------------------------------

Total estimation                                   Number of obs   =      1,303

------------------------------------------------------------------------------
                             |      Total   Std. Err.     [95% Conf. Interval]
-----------------------------+------------------------------------------------
  c.q4_albuminuria@ckd_group |
  eGFR ≥60 with albuminuria  |         42    6.30789      29.62526    54.37474
                      CKD 3  |         30   5.305557      19.59162    40.40838
CKD 4/5 without kidney re..  |          0  (omitted)
                   Dialysis  |          1          1     -.9617877    2.961788
          Kidney transplant  |          0  (omitted)
------------------------------------------------------------------------------

Total estimation                                   Number of obs   =      1,303

------------------------------------------------------------------------------
                             |      Total   Std. Err.     [95% Conf. Interval]
-----------------------------+------------------------------------------------
   c.q1_creatinine@ckd_group |
  eGFR ≥60 with albuminuria  |        162   11.33661        139.76      184.24
                      CKD 3  |         93   8.648453      76.03357    109.9664
CKD 4/5 without kidney re..  |          6    2.03101       2.01559     9.98441
                   Dialysis  |          4   1.802776       .463337    7.536663
          Kidney transplant  |          3   1.626978     -.1917862    6.191786
------------------------------------------------------------------------------

Total estimation                                   Number of obs   =      1,303

------------------------------------------------------------------------------
                             |      Total   Std. Err.     [95% Conf. Interval]
-----------------------------+------------------------------------------------
   c.q2_creatinine@ckd_group |
  eGFR ≥60 with albuminuria  |        158   11.23195      135.9653    180.0347
                      CKD 3  |         80   8.158014      63.99571    96.00429
CKD 4/5 without kidney re..  |          3   1.620185     -.1784593    6.178459
                   Dialysis  |          3   1.620185     -.1784593    6.178459
          Kidney transplant  |          4    1.81497      .4394134    7.560587
------------------------------------------------------------------------------

Total estimation                                   Number of obs   =      1,303

------------------------------------------------------------------------------
                             |      Total   Std. Err.     [95% Conf. Interval]
-----------------------------+------------------------------------------------
   c.q3_creatinine@ckd_group |
  eGFR ≥60 with albuminuria  |        164    11.3879      141.6594    186.3406
                      CKD 3  |        103   8.980357      85.38245    120.6176
CKD 4/5 without kidney re..  |          2   1.369306     -.6862884    4.686288
                   Dialysis  |          5   1.936492      1.201015    8.798985
          Kidney transplant  |          5   1.955385       1.16395     8.83605
------------------------------------------------------------------------------

Total estimation                                   Number of obs   =      1,303

------------------------------------------------------------------------------
                             |      Total   Std. Err.     [95% Conf. Interval]
-----------------------------+------------------------------------------------
   c.q4_creatinine@ckd_group |
  eGFR ≥60 with albuminuria  |        142   10.78415      120.8438    163.1562
                      CKD 3  |         94   8.683317      76.96518    111.0348
CKD 4/5 without kidney re..  |          4   1.802776       .463337    7.536663
                   Dialysis  |          4   1.802776       .463337    7.536663
          Kidney transplant  |          1          1     -.9617877    2.961788
------------------------------------------------------------------------------

. tab ckd_group ckd_progression

                      |               CKD progression
            CKD group | No progre      CKD 3  CKD 4/5 w   Dialysis |     Total
----------------------+--------------------------------------------+----------
eGFR ≥60 with albumin |       648        110          3         11 |       780 
                CKD 3 |       460          0          4          5 |       471 
CKD 4/5 without kidne |        17          0          0          0 |        17 
             Dialysis |        16          0          0          1 |        17 
    Kidney transplant |        17          0          0          1 |        18 
----------------------+--------------------------------------------+----------
                Total |     1,158        110          7         18 |     1,303 


                      |    CKD
                      | progressio
                      |     n
            CKD group | Kidney tr |     Total
----------------------+-----------+----------
eGFR ≥60 with albumin |         8 |       780 
                CKD 3 |         2 |       471 
CKD 4/5 without kidne |         0 |        17 
             Dialysis |         0 |        17 
    Kidney transplant |         0 |        18 
----------------------+-----------+----------
                Total |        10 |     1,303 

. 
. log close
      name:  <unnamed>
       log:  /workspace/logs/2019_outcomes.log
  log type:  text
 closed on:  16 Dec 2022, 19:42:21
-------------------------------------------------------------------------------
