-------------------------------------------------------------------------------
      name:  <unnamed>
       log:  /workspace/logs/2020_outcomes.log
  log type:  text
 opened on:  16 Dec 2022, 19:44:56

. use ./output/`dataset'_ckd_complete.dta

. 
. foreach outcome of varlist      q1_hospital_days                        ///
>                                                         q2_hospital_days     
>                    ///
>                                                         q3_hospital_days     
>                    ///
>                                                         q4_hospital_days     
>                    ///
>                                                         q1_critical_care_days
>            ///
>                                                         q2_critical_care_days
>            ///
>                                                         q3_critical_care_days
>            ///
>                                                         q4_critical_care_days
>            ///
>                                                         q1_emergency_days    
>                    ///
>                                                         q2_emergency_days    
>                    ///
>                                                         q3_emergency_days    
>                    ///
>                                                         q4_emergency_days    
>                    ///
>                                                         q1_outpatient_appoint
> ments      ///
>                                                         q2_outpatient_appoint
> ments      ///
>                                                         q3_outpatient_appoint
> ments      ///
>                                                         q4_outpatient_appoint
> ments      ///
>                                                         q1_nephrology_appoint
> ments      ///
>                                                         q2_nephrology_appoint
> ments      ///
>                                                         q3_nephrology_appoint
> ments      ///
>                                                         q4_nephrology_appoint
> ments      ///
>                                                         q1_transplant_appoint
> ments      ///
>                                                         q2_transplant_appoint
> ments      ///
>                                                         q3_transplant_appoint
> ments      ///
>                                                         q4_transplant_appoint
> ments      ///
>                                                         q1_gp_interactions   
>                    ///
>                                                         q2_gp_interactions   
>                    ///
>                                                         q3_gp_interactions   
>                    ///
>                                                         q4_gp_interactions   
>                    ///
>                                                         q1_blood_pressure    
>                    ///
>                                                         q2_blood_pressure    
>                    ///
>                                                         q3_blood_pressure    
>                    ///
>                                                         q4_blood_pressure    
>                    ///
>                                                         q1_albuminuria       
>                    ///
>                                                         q2_albuminuria       
>                    ///
>                                                         q3_albuminuria       
>                    ///
>                                                         q4_albuminuria       
>                    ///
>                                                         q1_creatinine        
>                    ///
>                                                         q2_creatinine        
>                    ///
>                                                         q3_creatinine        
>                    ///
>                                                         q4_creatinine {
  2. total `outcome', over(ckd_group)
  3. }

Total estimation                                   Number of obs   =      1,254

------------------------------------------------------------------------------
                             |      Total   Std. Err.     [95% Conf. Interval]
-----------------------------+------------------------------------------------
c.q1_hospital_days@ckd_group |
  eGFR ≥60 with albuminuria  |        165   25.11901        115.72      214.28
                      CKD 3  |        100   18.18392      64.32572    135.6743
CKD 4/5 without kidney re..  |          5          5     -4.809295     14.8093
                   Dialysis  |          6   3.328201     -.5294616    12.52946
          Kidney transplant  |          2          2     -1.923718    5.923718
------------------------------------------------------------------------------

Total estimation                                   Number of obs   =      1,254

------------------------------------------------------------------------------
                             |      Total   Std. Err.     [95% Conf. Interval]
-----------------------------+------------------------------------------------
c.q2_hospital_days@ckd_group |
  eGFR ≥60 with albuminuria  |        194   25.80514       143.374     244.626
                      CKD 3  |        122   21.02664       80.7487    163.2513
CKD 4/5 without kidney re..  |          8   5.686241     -3.155603     19.1556
                   Dialysis  |          8   5.547002     -2.882436    18.88244
          Kidney transplant  |          3          3     -2.885577    8.885577
------------------------------------------------------------------------------

Total estimation                                   Number of obs   =      1,254

------------------------------------------------------------------------------
                             |      Total   Std. Err.     [95% Conf. Interval]
-----------------------------+------------------------------------------------
c.q3_hospital_days@ckd_group |
  eGFR ≥60 with albuminuria  |        173   24.84517      124.2573    221.7427
                      CKD 3  |         95   18.43441      58.83429    131.1657
CKD 4/5 without kidney re..  |          9   5.507571     -1.805077    19.80508
                   Dialysis  |          4          4     -3.847436    11.84744
          Kidney transplant  |          2          2     -1.923718    5.923718
------------------------------------------------------------------------------

Total estimation                                   Number of obs   =      1,254

------------------------------------------------------------------------------
                             |      Total   Std. Err.     [95% Conf. Interval]
-----------------------------+------------------------------------------------
c.q4_hospital_days@ckd_group |
  eGFR ≥60 with albuminuria  |        210    27.3726      156.2988    263.7012
                      CKD 3  |         80   16.86713      46.90907    113.0909
CKD 4/5 without kidney re..  |          7          7     -6.733013    20.73301
                   Dialysis  |          8   5.731156     -3.243721    19.24372
          Kidney transplant  |         11   6.174545     -1.113586    23.11359
------------------------------------------------------------------------------

Total estimation                                   Number of obs   =      1,254

------------------------------------------------------------------------------
                             |      Total   Std. Err.     [95% Conf. Interval]
-----------------------------+------------------------------------------------
     c.q1_critical_care_days@|
                   ckd_group |
  eGFR ≥60 with albuminuria  |        126   21.61298      83.59839    168.4016
                      CKD 3  |        114   22.85748      69.15684    158.8432
CKD 4/5 without kidney re..  |          1          1     -.9618591    2.961859
                   Dialysis  |          5          5     -4.809295     14.8093
          Kidney transplant  |          6          6     -5.771154    17.77115
------------------------------------------------------------------------------

Total estimation                                   Number of obs   =      1,254

------------------------------------------------------------------------------
                             |      Total   Std. Err.     [95% Conf. Interval]
-----------------------------+------------------------------------------------
     c.q2_critical_care_days@|
                   ckd_group |
  eGFR ≥60 with albuminuria  |        208   29.06064      150.9871    265.0129
                      CKD 3  |         87   18.79018      50.13632    123.8637
CKD 4/5 without kidney re..  |          2    3.21455     -4.306495    8.306495
                   Dialysis  |          9   5.764614     -2.309359    20.30936
          Kidney transplant  |          4          4     -3.847436    11.84744
------------------------------------------------------------------------------

Total estimation                                   Number of obs   =      1,254

------------------------------------------------------------------------------
                             |      Total   Std. Err.     [95% Conf. Interval]
-----------------------------+------------------------------------------------
     c.q3_critical_care_days@|
                   ckd_group |
  eGFR ≥60 with albuminuria  |        166   26.86334      113.2979    218.7021
                      CKD 3  |        124   22.47604      79.90517    168.0948
CKD 4/5 without kidney re..  |          1          1     -.9618591    2.961859
                   Dialysis  |          0  (omitted)
          Kidney transplant  |          1          1     -.9618591    2.961859
------------------------------------------------------------------------------

Total estimation                                   Number of obs   =      1,254

------------------------------------------------------------------------------
                             |      Total   Std. Err.     [95% Conf. Interval]
-----------------------------+------------------------------------------------
     c.q4_critical_care_days@|
                   ckd_group |
  eGFR ≥60 with albuminuria  |        155   22.16103      111.5232    198.4768
                      CKD 3  |         77   16.50798      44.61368    109.3863
CKD 4/5 without kidney re..  |          2          2     -1.923718    5.923718
                   Dialysis  |          2          2     -1.923718    5.923718
          Kidney transplant  |          0  (omitted)
------------------------------------------------------------------------------

Total estimation                                   Number of obs   =      1,254

------------------------------------------------------------------------------
                             |      Total   Std. Err.     [95% Conf. Interval]
-----------------------------+------------------------------------------------
         c.q1_emergency_days@|
                   ckd_group |
  eGFR ≥60 with albuminuria  |        183   27.21444      129.6091    236.3909
                      CKD 3  |        101   18.79524      64.12639    137.8736
CKD 4/5 without kidney re..  |          5          5     -4.809295     14.8093
                   Dialysis  |          7   5.313264     -3.423874    17.42387
          Kidney transplant  |         16        7.5      1.286057    30.71394
------------------------------------------------------------------------------

Total estimation                                   Number of obs   =      1,254

------------------------------------------------------------------------------
                             |      Total   Std. Err.     [95% Conf. Interval]
-----------------------------+------------------------------------------------
         c.q2_emergency_days@|
                   ckd_group |
  eGFR ≥60 with albuminuria  |        240   29.44701      182.2291    297.7709
                      CKD 3  |        137   24.18385       89.5547    184.4453
CKD 4/5 without kidney re..  |          4          4     -3.847436    11.84744
                   Dialysis  |          5   3.540969     -1.946882    11.94688
          Kidney transplant  |         12   8.215838     -4.118317    28.11832
------------------------------------------------------------------------------

Total estimation                                   Number of obs   =      1,254

------------------------------------------------------------------------------
                             |      Total   Std. Err.     [95% Conf. Interval]
-----------------------------+------------------------------------------------
         c.q3_emergency_days@|
                   ckd_group |
  eGFR ≥60 with albuminuria  |        211   27.34386      157.3552    264.6448
                      CKD 3  |         86   18.01081      50.66532    121.3347
CKD 4/5 without kidney re..  |          0  (omitted)
                   Dialysis  |          2          2     -1.923718    5.923718
          Kidney transplant  |          0  (omitted)
------------------------------------------------------------------------------

Total estimation                                   Number of obs   =      1,254

------------------------------------------------------------------------------
                             |      Total   Std. Err.     [95% Conf. Interval]
-----------------------------+------------------------------------------------
         c.q4_emergency_days@|
                   ckd_group |
  eGFR ≥60 with albuminuria  |        258   31.57778      196.0489    319.9511
                      CKD 3  |        114   19.75279      75.24782    152.7522
CKD 4/5 without kidney re..  |          0  (omitted)
                   Dialysis  |          7   3.971049     -.7906386    14.79064
          Kidney transplant  |          0  (omitted)
------------------------------------------------------------------------------

Total estimation                                   Number of obs   =      1,254

------------------------------------------------------------------------------
                             |      Total   Std. Err.     [95% Conf. Interval]
-----------------------------+------------------------------------------------
                          c. |
  q1_outpatient_appointments@|
                   ckd_group |
  eGFR ≥60 with albuminuria  |        145   22.43196      100.9917    189.0083
                      CKD 3  |        119   21.60486      76.61431    161.3857
CKD 4/5 without kidney re..  |          2          2     -1.923718    5.923718
                   Dialysis  |          3          3     -2.885577    8.885577
          Kidney transplant  |         18   8.177714      1.956478    34.04352
------------------------------------------------------------------------------

Total estimation                                   Number of obs   =      1,254

------------------------------------------------------------------------------
                             |      Total   Std. Err.     [95% Conf. Interval]
-----------------------------+------------------------------------------------
                          c. |
  q2_outpatient_appointments@|
                   ckd_group |
  eGFR ≥60 with albuminuria  |        172   25.93887      121.1116    222.8884
                      CKD 3  |         89   17.78236      54.11351    123.8865
CKD 4/5 without kidney re..  |          0  (omitted)
                   Dialysis  |         10   5.967863     -1.708105    21.70811
          Kidney transplant  |          1          1     -.9618591    2.961859
------------------------------------------------------------------------------

Total estimation                                   Number of obs   =      1,254

------------------------------------------------------------------------------
                             |      Total   Std. Err.     [95% Conf. Interval]
-----------------------------+------------------------------------------------
                          c. |
  q3_outpatient_appointments@|
                   ckd_group |
  eGFR ≥60 with albuminuria  |        144   22.55198       99.7562    188.2438
                      CKD 3  |         87   17.46324      52.73959    121.2604
CKD 4/5 without kidney re..  |          5          5     -4.809295     14.8093
                   Dialysis  |          7          7     -6.733013    20.73301
          Kidney transplant  |          0  (omitted)
------------------------------------------------------------------------------

Total estimation                                   Number of obs   =      1,254

------------------------------------------------------------------------------
                             |      Total   Std. Err.     [95% Conf. Interval]
-----------------------------+------------------------------------------------
                          c. |
  q4_outpatient_appointments@|
                   ckd_group |
  eGFR ≥60 with albuminuria  |        235   30.28882      175.5776    294.4224
                      CKD 3  |        121   19.73676      82.27925    159.7207
CKD 4/5 without kidney re..  |          7   4.409586     -1.650985    15.65099
                   Dialysis  |         14   7.539639     -.7917087    28.79171
          Kidney transplant  |          0  (omitted)
------------------------------------------------------------------------------

Total estimation                                   Number of obs   =      1,254

------------------------------------------------------------------------------
                             |      Total   Std. Err.     [95% Conf. Interval]
-----------------------------+------------------------------------------------
                          c. |
  q1_nephrology_appointments@|
                   ckd_group |
  eGFR ≥60 with albuminuria  |        190    25.8842      139.2188    240.7812
                      CKD 3  |         94   19.00768       56.7096    131.2904
CKD 4/5 without kidney re..  |          0  (omitted)
                   Dialysis  |          7   4.463527     -1.756812    15.75681
          Kidney transplant  |          7   5.841661     -4.460515    18.46051
------------------------------------------------------------------------------

Total estimation                                   Number of obs   =      1,254

------------------------------------------------------------------------------
                             |      Total   Std. Err.     [95% Conf. Interval]
-----------------------------+------------------------------------------------
                          c. |
  q2_nephrology_appointments@|
                   ckd_group |
  eGFR ≥60 with albuminuria  |        223   29.91369      164.3136    281.6864
                      CKD 3  |        126   21.25915      84.29255    167.7074
CKD 4/5 without kidney re..  |          0  (omitted)
                   Dialysis  |          0  (omitted)
          Kidney transplant  |          5   4.062019     -2.969109    12.96911
------------------------------------------------------------------------------

Total estimation                                   Number of obs   =      1,254

------------------------------------------------------------------------------
                             |      Total   Std. Err.     [95% Conf. Interval]
-----------------------------+------------------------------------------------
                          c. |
  q3_nephrology_appointments@|
                   ckd_group |
  eGFR ≥60 with albuminuria  |        194   25.68846      143.6029    244.3971
                      CKD 3  |        186   26.06009      134.8738    237.1262
CKD 4/5 without kidney re..  |          5          5     -4.809295     14.8093
                   Dialysis  |          6   4.402796     -2.637666    14.63767
          Kidney transplant  |          2          2     -1.923718    5.923718
------------------------------------------------------------------------------

Total estimation                                   Number of obs   =      1,254

------------------------------------------------------------------------------
                             |      Total   Std. Err.     [95% Conf. Interval]
-----------------------------+------------------------------------------------
                          c. |
  q4_nephrology_appointments@|
                   ckd_group |
  eGFR ≥60 with albuminuria  |        155   22.65262      110.5588    199.4412
                      CKD 3  |        121   22.66747      76.52962    165.4704
CKD 4/5 without kidney re..  |          2          2     -1.923718    5.923718
                   Dialysis  |          4   4.251696     -4.341229    12.34123
          Kidney transplant  |          1          1     -.9618591    2.961859
------------------------------------------------------------------------------

Total estimation                                   Number of obs   =      1,254

------------------------------------------------------------------------------
                             |      Total   Std. Err.     [95% Conf. Interval]
-----------------------------+------------------------------------------------
                          c. |
  q1_transplant_appointments@|
                   ckd_group |
  eGFR ≥60 with albuminuria  |        210   29.17872      152.7555    267.2445
                      CKD 3  |         88   20.09469      48.57706    127.4229
CKD 4/5 without kidney re..  |          1          1     -.9618591    2.961859
                   Dialysis  |          5          5     -4.809295     14.8093
          Kidney transplant  |         17   8.624094      .0807428    33.91926
------------------------------------------------------------------------------

Total estimation                                   Number of obs   =      1,254

------------------------------------------------------------------------------
                             |      Total   Std. Err.     [95% Conf. Interval]
-----------------------------+------------------------------------------------
                          c. |
  q2_transplant_appointments@|
                   ckd_group |
  eGFR ≥60 with albuminuria  |        188   24.67658       139.588     236.412
                      CKD 3  |        147   22.00835      103.8227    190.1773
CKD 4/5 without kidney re..  |          2          2     -1.923718    5.923718
                   Dialysis  |          7   3.971049     -.7906386    14.79064
          Kidney transplant  |          2   1.369306     -.6863862    4.686386
------------------------------------------------------------------------------

Total estimation                                   Number of obs   =      1,254

------------------------------------------------------------------------------
                             |      Total   Std. Err.     [95% Conf. Interval]
-----------------------------+------------------------------------------------
                          c. |
  q3_transplant_appointments@|
                   ckd_group |
  eGFR ≥60 with albuminuria  |        161   26.01526      109.9617    212.0383
                      CKD 3  |        111    20.6092      70.56766    151.4323
CKD 4/5 without kidney re..  |          7   4.163332     -1.167871    15.16787
                   Dialysis  |         10   5.609059     -1.004182    21.00418
          Kidney transplant  |         -2          2     -5.923718    1.923718
------------------------------------------------------------------------------

Total estimation                                   Number of obs   =      1,254

------------------------------------------------------------------------------
                             |      Total   Std. Err.     [95% Conf. Interval]
-----------------------------+------------------------------------------------
                          c. |
  q4_transplant_appointments@|
                   ckd_group |
  eGFR ≥60 with albuminuria  |        203   28.67535       146.743     259.257
                      CKD 3  |         96    17.8426      60.99533    131.0047
CKD 4/5 without kidney re..  |          0  (omitted)
                   Dialysis  |          0   1.441153      -2.82734     2.82734
          Kidney transplant  |          0  (omitted)
------------------------------------------------------------------------------

Total estimation                                   Number of obs   =      1,254

------------------------------------------------------------------------------
                             |      Total   Std. Err.     [95% Conf. Interval]
-----------------------------+------------------------------------------------
        c.q1_gp_interactions@|
                   ckd_group |
  eGFR ≥60 with albuminuria  |       2675   87.42647      2503.482    2846.518
                      CKD 3  |       1601   65.83531       1471.84     1730.16
CKD 4/5 without kidney re..  |         83   15.66312      52.27117    113.7288
                   Dialysis  |         99   16.24097       67.1375    130.8625
          Kidney transplant  |         58   12.62933      33.22303    82.77697
------------------------------------------------------------------------------

Total estimation                                   Number of obs   =      1,254

------------------------------------------------------------------------------
                             |      Total   Std. Err.     [95% Conf. Interval]
-----------------------------+------------------------------------------------
        c.q2_gp_interactions@|
                   ckd_group |
  eGFR ≥60 with albuminuria  |       2703   86.56293      2533.176    2872.824
                      CKD 3  |       1577   69.04792      1441.538    1712.462
CKD 4/5 without kidney re..  |         72   16.41138      39.80319    104.1968
                   Dialysis  |        114   17.07224      80.50666    147.4933
          Kidney transplant  |         51    12.7916      25.90469    76.09531
------------------------------------------------------------------------------

Total estimation                                   Number of obs   =      1,254

------------------------------------------------------------------------------
                             |      Total   Std. Err.     [95% Conf. Interval]
-----------------------------+------------------------------------------------
        c.q3_gp_interactions@|
                   ckd_group |
  eGFR ≥60 with albuminuria  |       2618    86.6199      2448.064    2787.936
                      CKD 3  |       1611   67.92643      1477.738    1744.262
CKD 4/5 without kidney re..  |         68   13.73155      41.06063    94.93937
                   Dialysis  |         84   15.20627      54.16743    113.8326
          Kidney transplant  |         56   12.93735      30.61874    81.38126
------------------------------------------------------------------------------

Total estimation                                   Number of obs   =      1,254

------------------------------------------------------------------------------
                             |      Total   Std. Err.     [95% Conf. Interval]
-----------------------------+------------------------------------------------
        c.q4_gp_interactions@|
                   ckd_group |
  eGFR ≥60 with albuminuria  |       2728   86.84602       2557.62     2898.38
                      CKD 3  |       1636   67.64408      1503.292    1768.708
CKD 4/5 without kidney re..  |         59   14.15392      31.23201    86.76799
                   Dialysis  |        113   15.72357      82.15256    143.8474
          Kidney transplant  |         75   16.43168      42.76337    107.2366
------------------------------------------------------------------------------

Total estimation                                   Number of obs   =      1,254

------------------------------------------------------------------------------
                             |      Total   Std. Err.     [95% Conf. Interval]
-----------------------------+------------------------------------------------
         c.q1_blood_pressure@|
                   ckd_group |
  eGFR ≥60 with albuminuria  |        214   12.33499      189.8005    238.1995
                      CKD 3  |        117   9.325956      98.70379    135.2962
CKD 4/5 without kidney re..  |          7   2.160247        2.7619     11.2381
                   Dialysis  |          6   2.201398      1.681167    10.31883
          Kidney transplant  |          6    2.03101      2.015445    9.984555
------------------------------------------------------------------------------

Total estimation                                   Number of obs   =      1,254

------------------------------------------------------------------------------
                             |      Total   Std. Err.     [95% Conf. Interval]
-----------------------------+------------------------------------------------
         c.q2_blood_pressure@|
                   ckd_group |
  eGFR ≥60 with albuminuria  |        247    12.8279      221.8335    272.1665
                      CKD 3  |        142    9.88451       122.608     161.392
CKD 4/5 without kidney re..  |          8   2.211083      3.662166    12.33783
                   Dialysis  |          5   2.056883      .9646847    9.035315
          Kidney transplant  |          3   1.620185      -.178575    6.178575
------------------------------------------------------------------------------

Total estimation                                   Number of obs   =      1,254

------------------------------------------------------------------------------
                             |      Total   Std. Err.     [95% Conf. Interval]
-----------------------------+------------------------------------------------
         c.q3_blood_pressure@|
                   ckd_group |
  eGFR ≥60 with albuminuria  |        200   12.08293       176.295     223.705
                      CKD 3  |        145   9.940086       125.499     164.501
CKD 4/5 without kidney re..  |          7   2.160247        2.7619     11.2381
                   Dialysis  |         12   2.631174      6.838007    17.16199
          Kidney transplant  |          7    2.09165      2.896477    11.10352
------------------------------------------------------------------------------

Total estimation                                   Number of obs   =      1,254

------------------------------------------------------------------------------
                             |      Total   Std. Err.     [95% Conf. Interval]
-----------------------------+------------------------------------------------
         c.q4_blood_pressure@|
                   ckd_group |
  eGFR ≥60 with albuminuria  |        222   12.46716      197.5412    246.4588
                      CKD 3  |        125   9.524073      106.3151    143.6849
CKD 4/5 without kidney re..  |          6   2.081666      1.916065    10.08394
                   Dialysis  |         10   2.557042      4.983445    15.01656
          Kidney transplant  |          7    2.09165      2.896477    11.10352
------------------------------------------------------------------------------

Total estimation                                   Number of obs   =      1,254

------------------------------------------------------------------------------
                             |      Total   Std. Err.     [95% Conf. Interval]
-----------------------------+------------------------------------------------
  c.q1_albuminuria@ckd_group |
  eGFR ≥60 with albuminuria  |         31   5.453268      20.30146    41.69854
                      CKD 3  |         22   4.580161      13.01437    30.98563
CKD 4/5 without kidney re..  |          2   1.374369     -.6963174    4.696317
                   Dialysis  |          1          1     -.9618591    2.961859
          Kidney transplant  |          1          1     -.9618591    2.961859
------------------------------------------------------------------------------

Total estimation                                   Number of obs   =      1,254

------------------------------------------------------------------------------
                             |      Total   Std. Err.     [95% Conf. Interval]
-----------------------------+------------------------------------------------
  c.q2_albuminuria@ckd_group |
  eGFR ≥60 with albuminuria  |         37   5.932341      25.36158    48.63842
                      CKD 3  |         24    4.77271      14.63662    33.36338
CKD 4/5 without kidney re..  |          0  (omitted)
                   Dialysis  |          3   1.664101     -.2647308    6.264731
          Kidney transplant  |          0  (omitted)
------------------------------------------------------------------------------

Total estimation                                   Number of obs   =      1,254

------------------------------------------------------------------------------
                             |      Total   Std. Err.     [95% Conf. Interval]
-----------------------------+------------------------------------------------
  c.q3_albuminuria@ckd_group |
  eGFR ≥60 with albuminuria  |         43   6.367851      30.50717    55.49283
                      CKD 3  |         20   4.377133      11.41268    28.58732
CKD 4/5 without kidney re..  |          2   1.374369     -.6963174    4.696317
                   Dialysis  |          1          1     -.9618591    2.961859
          Kidney transplant  |          1          1     -.9618591    2.961859
------------------------------------------------------------------------------

Total estimation                                   Number of obs   =      1,254

------------------------------------------------------------------------------
                             |      Total   Std. Err.     [95% Conf. Interval]
-----------------------------+------------------------------------------------
  c.q4_albuminuria@ckd_group |
  eGFR ≥60 with albuminuria  |         29   5.281878       18.6377     39.3623
                      CKD 3  |         25   4.865446      15.45468    34.54532
CKD 4/5 without kidney re..  |          1          1     -.9618591    2.961859
                   Dialysis  |          0  (omitted)
          Kidney transplant  |          0  (omitted)
------------------------------------------------------------------------------

Total estimation                                   Number of obs   =      1,254

------------------------------------------------------------------------------
                             |      Total   Std. Err.     [95% Conf. Interval]
-----------------------------+------------------------------------------------
   c.q1_creatinine@ckd_group |
  eGFR ≥60 with albuminuria  |        147   10.85722      125.6997    168.3003
                      CKD 3  |         97   8.740608      79.85216    114.1478
CKD 4/5 without kidney re..  |          2   1.374369     -.6963174    4.696317
                   Dialysis  |          7   2.320477       2.44755    11.55245
          Kidney transplant  |          1          1     -.9618591    2.961859
------------------------------------------------------------------------------

Total estimation                                   Number of obs   =      1,254

------------------------------------------------------------------------------
                             |      Total   Std. Err.     [95% Conf. Interval]
-----------------------------+------------------------------------------------
   c.q2_creatinine@ckd_group |
  eGFR ≥60 with albuminuria  |        146   10.82938      124.7543    167.2457
                      CKD 3  |         86   8.356281      69.60615    102.3938
CKD 4/5 without kidney re..  |          5   1.972027      1.131162    8.868838
                   Dialysis  |          9   2.496151      4.102904     13.8971
          Kidney transplant  |          4   1.802776      .4632083    7.536792
------------------------------------------------------------------------------

Total estimation                                   Number of obs   =      1,254

------------------------------------------------------------------------------
                             |      Total   Std. Err.     [95% Conf. Interval]
-----------------------------+------------------------------------------------
   c.q3_creatinine@ckd_group |
  eGFR ≥60 with albuminuria  |        141   10.68718      120.0333    161.9667
                      CKD 3  |         95   8.674293      77.98226    112.0177
CKD 4/5 without kidney re..  |          3   1.632993     -.2037024    6.203702
                   Dialysis  |          5   2.056883      .9646847    9.035315
          Kidney transplant  |          4   1.802776      .4632083    7.536792
------------------------------------------------------------------------------

Total estimation                                   Number of obs   =      1,254

------------------------------------------------------------------------------
                             |      Total   Std. Err.     [95% Conf. Interval]
-----------------------------+------------------------------------------------
   c.q4_creatinine@ckd_group |
  eGFR ≥60 with albuminuria  |        156   11.09916       134.225     177.775
                      CKD 3  |         85   8.318866      68.67956    101.3204
CKD 4/5 without kidney re..  |          4   1.825742      .4181518    7.581848
                   Dialysis  |          3   1.664101     -.2647308    6.264731
          Kidney transplant  |          3   1.620185      -.178575    6.178575
------------------------------------------------------------------------------

. tab ckd_group ckd_progression

                      |               CKD progression
            CKD group | No progre      CKD 3  CKD 4/5 w   Dialysis |     Total
----------------------+--------------------------------------------+----------
eGFR ≥60 with albumin |       611        108          0         11 |       738 
                CKD 3 |       439          0          8          3 |       453 
CKD 4/5 without kidne |        17          0          0          1 |        19 
             Dialysis |        26          0          0          0 |        27 
    Kidney transplant |        16          0          0          0 |        17 
----------------------+--------------------------------------------+----------
                Total |     1,109        108          8         15 |     1,254 


                      |    CKD
                      | progressio
                      |     n
            CKD group | Kidney tr |     Total
----------------------+-----------+----------
eGFR ≥60 with albumin |         8 |       738 
                CKD 3 |         3 |       453 
CKD 4/5 without kidne |         1 |        19 
             Dialysis |         1 |        27 
    Kidney transplant |         1 |        17 
----------------------+-----------+----------
                Total |        14 |     1,254 

. 
. log close
      name:  <unnamed>
       log:  /workspace/logs/2020_outcomes.log
  log type:  text
 closed on:  16 Dec 2022, 19:44:57
-------------------------------------------------------------------------------
