-------------------------------------------------------------------------------
      name:  <unnamed>
       log:  /workspace/logs/2021_outcomes.log
  log type:  text
 opened on:  16 Dec 2022, 19:45:34

. use ./output/`dataset'_ckd_complete.dta

. 
. foreach outcome of varlist      q1_hospital_days                        ///
>                                                         q2_hospital_days     
>                    ///
>                                                         q3_hospital_days     
>                    ///
>                                                         q4_hospital_days     
>                    ///
>                                                         q1_critical_care_days
>            ///
>                                                         q2_critical_care_days
>            ///
>                                                         q3_critical_care_days
>            ///
>                                                         q4_critical_care_days
>            ///
>                                                         q1_emergency_days    
>                    ///
>                                                         q2_emergency_days    
>                    ///
>                                                         q3_emergency_days    
>                    ///
>                                                         q4_emergency_days    
>                    ///
>                                                         q1_outpatient_appoint
> ments      ///
>                                                         q2_outpatient_appoint
> ments      ///
>                                                         q3_outpatient_appoint
> ments      ///
>                                                         q4_outpatient_appoint
> ments      ///
>                                                         q1_nephrology_appoint
> ments      ///
>                                                         q2_nephrology_appoint
> ments      ///
>                                                         q3_nephrology_appoint
> ments      ///
>                                                         q4_nephrology_appoint
> ments      ///
>                                                         q1_transplant_appoint
> ments      ///
>                                                         q2_transplant_appoint
> ments      ///
>                                                         q3_transplant_appoint
> ments      ///
>                                                         q4_transplant_appoint
> ments      ///
>                                                         q1_gp_interactions   
>                    ///
>                                                         q2_gp_interactions   
>                    ///
>                                                         q3_gp_interactions   
>                    ///
>                                                         q4_gp_interactions   
>                    ///
>                                                         q1_blood_pressure    
>                    ///
>                                                         q2_blood_pressure    
>                    ///
>                                                         q3_blood_pressure    
>                    ///
>                                                         q4_blood_pressure    
>                    ///
>                                                         q1_albuminuria       
>                    ///
>                                                         q2_albuminuria       
>                    ///
>                                                         q3_albuminuria       
>                    ///
>                                                         q4_albuminuria       
>                    ///
>                                                         q1_creatinine        
>                    ///
>                                                         q2_creatinine        
>                    ///
>                                                         q3_creatinine        
>                    ///
>                                                         q4_creatinine {
  2. total `outcome', over(ckd_group)
  3. }

Total estimation                                   Number of obs   =      1,245

------------------------------------------------------------------------------
                             |      Total   Std. Err.     [95% Conf. Interval]
-----------------------------+------------------------------------------------
c.q1_hospital_days@ckd_group |
  eGFR ≥60 with albuminuria  |        237   30.07117      178.0042    295.9958
                      CKD 3  |        143   23.01464      97.84821    188.1518
CKD 4/5 without kidney re..  |         10    7.42967     -4.576068    24.57607
                   Dialysis  |          2          2     -1.923746    5.923746
          Kidney transplant  |          8   5.365232     -2.525903     18.5259
------------------------------------------------------------------------------

Total estimation                                   Number of obs   =      1,245

------------------------------------------------------------------------------
                             |      Total   Std. Err.     [95% Conf. Interval]
-----------------------------+------------------------------------------------
c.q2_hospital_days@ckd_group |
  eGFR ≥60 with albuminuria  |        199   26.22151      147.5567    250.4433
                      CKD 3  |        103   19.74331      64.26614    141.7339
CKD 4/5 without kidney re..  |          4          4     -3.847491    11.84749
                   Dialysis  |          3          3     -2.885618    8.885618
          Kidney transplant  |         12   6.519202     -.7898457    24.78985
------------------------------------------------------------------------------

Total estimation                                   Number of obs   =      1,245

------------------------------------------------------------------------------
                             |      Total   Std. Err.     [95% Conf. Interval]
-----------------------------+------------------------------------------------
c.q3_hospital_days@ckd_group |
  eGFR ≥60 with albuminuria  |        195   27.63913      140.7755    249.2245
                      CKD 3  |        112   22.24864      68.35099     155.649
CKD 4/5 without kidney re..  |          1          1     -.9618728    2.961873
                   Dialysis  |          9   7.150758     -5.028877    23.02888
          Kidney transplant  |         14   8.468429      -2.61398    30.61398
------------------------------------------------------------------------------

Total estimation                                   Number of obs   =      1,245

------------------------------------------------------------------------------
                             |      Total   Std. Err.     [95% Conf. Interval]
-----------------------------+------------------------------------------------
c.q4_hospital_days@ckd_group |
  eGFR ≥60 with albuminuria  |        173   24.27355      125.3784    220.6216
                      CKD 3  |        107   19.74984      68.25333    145.7467
CKD 4/5 without kidney re..  |          9   5.650959     -2.086462    20.08646
                   Dialysis  |          3          3     -2.885618    8.885618
          Kidney transplant  |          6   4.407785     -2.647514    14.64751
------------------------------------------------------------------------------

Total estimation                                   Number of obs   =      1,245

------------------------------------------------------------------------------
                             |      Total   Std. Err.     [95% Conf. Interval]
-----------------------------+------------------------------------------------
     c.q1_critical_care_days@|
                   ckd_group |
  eGFR ≥60 with albuminuria  |        236   29.86522      177.4082    294.5918
                      CKD 3  |        124   22.07057      80.70034    167.2997
CKD 4/5 without kidney re..  |          5          5     -4.809364    14.80936
                   Dialysis  |          5    3.49285     -1.852527    11.85253
          Kidney transplant  |          6   4.407785     -2.647514    14.64751
------------------------------------------------------------------------------

Total estimation                                   Number of obs   =      1,245

------------------------------------------------------------------------------
                             |      Total   Std. Err.     [95% Conf. Interval]
-----------------------------+------------------------------------------------
     c.q2_critical_care_days@|
                   ckd_group |
  eGFR ≥60 with albuminuria  |        193   26.20911      141.5811    244.4189
                      CKD 3  |         86   18.74526      49.22419    122.7758
CKD 4/5 without kidney re..  |          0  (omitted)
                   Dialysis  |          0  (omitted)
          Kidney transplant  |          5   4.566962     -3.959799     13.9598
------------------------------------------------------------------------------

Total estimation                                   Number of obs   =      1,245

------------------------------------------------------------------------------
                             |      Total   Std. Err.     [95% Conf. Interval]
-----------------------------+------------------------------------------------
     c.q3_critical_care_days@|
                   ckd_group |
  eGFR ≥60 with albuminuria  |        166   23.94919      119.0147    212.9853
                      CKD 3  |        155   23.96554      107.9827    202.0173
CKD 4/5 without kidney re..  |          0  (omitted)
                   Dialysis  |          5   2.816617     -.5258449    10.52584
          Kidney transplant  |         10   7.235824     -4.195765    24.19577
------------------------------------------------------------------------------

Total estimation                                   Number of obs   =      1,245

------------------------------------------------------------------------------
                             |      Total   Std. Err.     [95% Conf. Interval]
-----------------------------+------------------------------------------------
     c.q4_critical_care_days@|
                   ckd_group |
  eGFR ≥60 with albuminuria  |        142   22.22566      98.39608    185.6039
                      CKD 3  |        108   18.17929      72.33455    143.6654
CKD 4/5 without kidney re..  |          7   5.259911     -3.319277    17.31928
                   Dialysis  |          3   2.175623     -1.268295    7.268295
          Kidney transplant  |          6   4.407785     -2.647514    14.64751
------------------------------------------------------------------------------

Total estimation                                   Number of obs   =      1,245

------------------------------------------------------------------------------
                             |      Total   Std. Err.     [95% Conf. Interval]
-----------------------------+------------------------------------------------
         c.q1_emergency_days@|
                   ckd_group |
  eGFR ≥60 with albuminuria  |        199   27.52576       144.998     253.002
                      CKD 3  |        110   18.85826      73.00249    146.9975
CKD 4/5 without kidney re..  |         14   7.571878     -.8550609    28.85506
                   Dialysis  |          6   5.033223     -3.874543    15.87454
          Kidney transplant  |          5   4.088311     -3.020746    13.02075
------------------------------------------------------------------------------

Total estimation                                   Number of obs   =      1,245

------------------------------------------------------------------------------
                             |      Total   Std. Err.     [95% Conf. Interval]
-----------------------------+------------------------------------------------
         c.q2_emergency_days@|
                   ckd_group |
  eGFR ≥60 with albuminuria  |        205   27.57206      150.9071    259.0929
                      CKD 3  |        138   22.66175      93.54052    182.4595
CKD 4/5 without kidney re..  |          2    1.36626     -.6804285    4.680429
                   Dialysis  |          7   5.259911     -3.319277    17.31928
          Kidney transplant  |         10   5.042675      .1069131    19.89309
------------------------------------------------------------------------------

Total estimation                                   Number of obs   =      1,245

------------------------------------------------------------------------------
                             |      Total   Std. Err.     [95% Conf. Interval]
-----------------------------+------------------------------------------------
         c.q3_emergency_days@|
                   ckd_group |
  eGFR ≥60 with albuminuria  |        151   23.69218       104.519     197.481
                      CKD 3  |        119   21.08418      77.63552    160.3645
CKD 4/5 without kidney re..  |          6    4.09878     -2.041286    14.04129
                   Dialysis  |          4          4     -3.847491    11.84749
          Kidney transplant  |          5          5     -4.809364    14.80936
------------------------------------------------------------------------------

Total estimation                                   Number of obs   =      1,245

------------------------------------------------------------------------------
                             |      Total   Std. Err.     [95% Conf. Interval]
-----------------------------+------------------------------------------------
         c.q4_emergency_days@|
                   ckd_group |
  eGFR ≥60 with albuminuria  |        152   24.53458      103.8663    200.1337
                      CKD 3  |        150   23.92712       103.058     196.942
CKD 4/5 without kidney re..  |          1          1     -.9618728    2.961873
                   Dialysis  |          1          1     -.9618728    2.961873
          Kidney transplant  |         10   5.244044     -.2881477    20.28815
------------------------------------------------------------------------------

Total estimation                                   Number of obs   =      1,245

------------------------------------------------------------------------------
                             |      Total   Std. Err.     [95% Conf. Interval]
-----------------------------+------------------------------------------------
                          c. |
  q1_outpatient_appointments@|
                   ckd_group |
  eGFR ≥60 with albuminuria  |        172   24.26306       124.399     219.601
                      CKD 3  |        156   23.16514      110.5529    201.4471
CKD 4/5 without kidney re..  |          0  (omitted)
                   Dialysis  |         12   5.750362      .7185207    23.28148
          Kidney transplant  |          7          7     -6.733109    20.73311
------------------------------------------------------------------------------

Total estimation                                   Number of obs   =      1,245

------------------------------------------------------------------------------
                             |      Total   Std. Err.     [95% Conf. Interval]
-----------------------------+------------------------------------------------
                          c. |
  q2_outpatient_appointments@|
                   ckd_group |
  eGFR ≥60 with albuminuria  |        184   27.14446       130.746     237.254
                      CKD 3  |         83   17.58833      48.49394    117.5061
CKD 4/5 without kidney re..  |          4          4     -3.847491    11.84749
                   Dialysis  |          4          4     -3.847491    11.84749
          Kidney transplant  |          6    4.16619     -2.173536    14.17354
------------------------------------------------------------------------------

Total estimation                                   Number of obs   =      1,245

------------------------------------------------------------------------------
                             |      Total   Std. Err.     [95% Conf. Interval]
-----------------------------+------------------------------------------------
                          c. |
  q3_outpatient_appointments@|
                   ckd_group |
  eGFR ≥60 with albuminuria  |        152   25.01959      102.9147    201.0853
                      CKD 3  |        132   22.33575       88.1801    175.8199
CKD 4/5 without kidney re..  |          9   6.191392     -3.146723    21.14672
                   Dialysis  |          3          3     -2.885618    8.885618
          Kidney transplant  |          3          3     -2.885618    8.885618
------------------------------------------------------------------------------

Total estimation                                   Number of obs   =      1,245

------------------------------------------------------------------------------
                             |      Total   Std. Err.     [95% Conf. Interval]
-----------------------------+------------------------------------------------
                          c. |
  q4_outpatient_appointments@|
                   ckd_group |
  eGFR ≥60 with albuminuria  |        174   25.37299      124.2214    223.7786
                      CKD 3  |        152   23.47786      105.9394    198.0606
CKD 4/5 without kidney re..  |          4   3.098387      -2.07864    10.07864
                   Dialysis  |         11   7.827303     -4.356172    26.35617
          Kidney transplant  |         17   8.332381      .6529287    33.34707
------------------------------------------------------------------------------

Total estimation                                   Number of obs   =      1,245

------------------------------------------------------------------------------
                             |      Total   Std. Err.     [95% Conf. Interval]
-----------------------------+------------------------------------------------
                          c. |
  q1_nephrology_appointments@|
                   ckd_group |
  eGFR ≥60 with albuminuria  |        164   25.31006      114.3449    213.6551
                      CKD 3  |        119   19.19335      81.34509    156.6549
CKD 4/5 without kidney re..  |          0  (omitted)
                   Dialysis  |          0  (omitted)
          Kidney transplant  |          9   6.290583     -3.341323    21.34132
------------------------------------------------------------------------------

Total estimation                                   Number of obs   =      1,245

------------------------------------------------------------------------------
                             |      Total   Std. Err.     [95% Conf. Interval]
-----------------------------+------------------------------------------------
                          c. |
  q2_nephrology_appointments@|
                   ckd_group |
  eGFR ≥60 with albuminuria  |        179   26.46423      127.0806    230.9194
                      CKD 3  |        111   20.25559      71.26111    150.7389
CKD 4/5 without kidney re..  |          0  (omitted)
                   Dialysis  |          4          4     -3.847491    11.84749
          Kidney transplant  |          0  (omitted)
------------------------------------------------------------------------------

Total estimation                                   Number of obs   =      1,245

------------------------------------------------------------------------------
                             |      Total   Std. Err.     [95% Conf. Interval]
-----------------------------+------------------------------------------------
                          c. |
  q3_nephrology_appointments@|
                   ckd_group |
  eGFR ≥60 with albuminuria  |        178   25.17477      128.6103    227.3897
                      CKD 3  |        108   19.61119      69.52534    146.4747
CKD 4/5 without kidney re..  |          1          1     -.9618728    2.961873
                   Dialysis  |          3          3     -2.885618    8.885618
          Kidney transplant  |          9   6.290583     -3.341323    21.34132
------------------------------------------------------------------------------

Total estimation                                   Number of obs   =      1,245

------------------------------------------------------------------------------
                             |      Total   Std. Err.     [95% Conf. Interval]
-----------------------------+------------------------------------------------
                          c. |
  q4_nephrology_appointments@|
                   ckd_group |
  eGFR ≥60 with albuminuria  |        209   27.05215      155.9271    262.0729
                      CKD 3  |        147   24.56461      98.80736    195.1926
CKD 4/5 without kidney re..  |          1          1     -.9618728    2.961873
                   Dialysis  |          0  (omitted)
          Kidney transplant  |         13   7.421013     -1.559083    27.55908
------------------------------------------------------------------------------

Total estimation                                   Number of obs   =      1,245

------------------------------------------------------------------------------
                             |      Total   Std. Err.     [95% Conf. Interval]
-----------------------------+------------------------------------------------
                          c. |
  q1_transplant_appointments@|
                   ckd_group |
  eGFR ≥60 with albuminuria  |        168   26.77342       115.474     220.526
                      CKD 3  |        106   18.90583      68.90917    143.0908
CKD 4/5 without kidney re..  |          9   5.053052     -.9134449    18.91344
                   Dialysis  |          1          1     -.9618728    2.961873
          Kidney transplant  |          2          2     -1.923746    5.923746
------------------------------------------------------------------------------

Total estimation                                   Number of obs   =      1,245

------------------------------------------------------------------------------
                             |      Total   Std. Err.     [95% Conf. Interval]
-----------------------------+------------------------------------------------
                          c. |
  q2_transplant_appointments@|
                   ckd_group |
  eGFR ≥60 with albuminuria  |        191     28.709      134.6766    247.3234
                      CKD 3  |        101   19.50963      62.72458    139.2754
CKD 4/5 without kidney re..  |          8   5.656854     -3.098028    19.09803
                   Dialysis  |          8   4.844241     -1.503784    17.50378
          Kidney transplant  |          7          7     -6.733109    20.73311
------------------------------------------------------------------------------

Total estimation                                   Number of obs   =      1,245

------------------------------------------------------------------------------
                             |      Total   Std. Err.     [95% Conf. Interval]
-----------------------------+------------------------------------------------
                          c. |
  q3_transplant_appointments@|
                   ckd_group |
  eGFR ≥60 with albuminuria  |        235    28.6269      178.8377    291.1623
                      CKD 3  |        125   21.15447      83.49763    166.5024
CKD 4/5 without kidney re..  |          9   6.191392     -3.146723    21.14672
                   Dialysis  |         10     6.9857     -3.705054    23.70505
          Kidney transplant  |         12   6.193314     -.1504949    24.15049
------------------------------------------------------------------------------

Total estimation                                   Number of obs   =      1,245

------------------------------------------------------------------------------
                             |      Total   Std. Err.     [95% Conf. Interval]
-----------------------------+------------------------------------------------
                          c. |
  q4_transplant_appointments@|
                   ckd_group |
  eGFR ≥60 with albuminuria  |        130   21.64702       87.5313    172.4687
                      CKD 3  |        158   23.98752      110.9395    205.0605
CKD 4/5 without kidney re..  |          0  (omitted)
                   Dialysis  |          5          5     -4.809364    14.80936
          Kidney transplant  |         11   5.830952     -.4395858    22.43959
------------------------------------------------------------------------------

Total estimation                                   Number of obs   =      1,245

------------------------------------------------------------------------------
                             |      Total   Std. Err.     [95% Conf. Interval]
-----------------------------+------------------------------------------------
        c.q1_gp_interactions@|
                   ckd_group |
  eGFR ≥60 with albuminuria  |       2555    84.9712      2388.297    2721.703
                      CKD 3  |       1809   70.34121      1670.999    1947.001
CKD 4/5 without kidney re..  |         51   11.23981      28.94892    73.05108
                   Dialysis  |         43   8.729261       25.8743     60.1257
          Kidney transplant  |         93    14.7745      64.01432    121.9857
------------------------------------------------------------------------------

Total estimation                                   Number of obs   =      1,245

------------------------------------------------------------------------------
                             |      Total   Std. Err.     [95% Conf. Interval]
-----------------------------+------------------------------------------------
        c.q2_gp_interactions@|
                   ckd_group |
  eGFR ≥60 with albuminuria  |       2678   87.38881      2506.554    2849.446
                      CKD 3  |       1749   71.09861      1609.514    1888.486
CKD 4/5 without kidney re..  |         53   11.28716      30.85603    75.14397
                   Dialysis  |         69   8.225975      52.86168    85.13832
          Kidney transplant  |         84   13.97958      56.57385    111.4262
------------------------------------------------------------------------------

Total estimation                                   Number of obs   =      1,245

------------------------------------------------------------------------------
                             |      Total   Std. Err.     [95% Conf. Interval]
-----------------------------+------------------------------------------------
        c.q3_gp_interactions@|
                   ckd_group |
  eGFR ≥60 with albuminuria  |       2362    85.1644      2194.918    2529.082
                      CKD 3  |       1784   70.02251      1646.625    1921.375
CKD 4/5 without kidney re..  |         58   12.12161      34.21895    81.78105
                   Dialysis  |         61   11.97497      37.50662    84.49338
          Kidney transplant  |         88   15.39944      57.78825    118.2117
------------------------------------------------------------------------------

Total estimation                                   Number of obs   =      1,245

------------------------------------------------------------------------------
                             |      Total   Std. Err.     [95% Conf. Interval]
-----------------------------+------------------------------------------------
        c.q4_gp_interactions@|
                   ckd_group |
  eGFR ≥60 with albuminuria  |       2472   82.91546       2309.33     2634.67
                      CKD 3  |       1684   70.21902      1546.239    1821.761
CKD 4/5 without kidney re..  |         73   13.77679      45.97169    100.0283
                   Dialysis  |         51   13.24387      25.01722    76.98278
          Kidney transplant  |         73   14.50862      44.53594    101.4641
------------------------------------------------------------------------------

Total estimation                                   Number of obs   =      1,245

------------------------------------------------------------------------------
                             |      Total   Std. Err.     [95% Conf. Interval]
-----------------------------+------------------------------------------------
         c.q1_blood_pressure@|
                   ckd_group |
  eGFR ≥60 with albuminuria  |        189   11.76063      165.9271    212.0729
                      CKD 3  |        150   10.17518      130.0376    169.9624
CKD 4/5 without kidney re..  |          4   1.788854      .4904953    7.509505
                   Dialysis  |          3   1.612452     -.1634248    6.163425
          Kidney transplant  |          9   2.535463      4.025745    13.97426
------------------------------------------------------------------------------

Total estimation                                   Number of obs   =      1,245

------------------------------------------------------------------------------
                             |      Total   Std. Err.     [95% Conf. Interval]
-----------------------------+------------------------------------------------
         c.q2_blood_pressure@|
                   ckd_group |
  eGFR ≥60 with albuminuria  |        211    12.1569      187.1497    234.8503
                      CKD 3  |        165   10.42795      144.5417    185.4583
CKD 4/5 without kidney re..  |          6          2      2.076254    9.923746
                   Dialysis  |          5   1.914854        1.2433      8.7567
          Kidney transplant  |          6   2.220039      1.644567    10.35543
------------------------------------------------------------------------------

Total estimation                                   Number of obs   =      1,245

------------------------------------------------------------------------------
                             |      Total   Std. Err.     [95% Conf. Interval]
-----------------------------+------------------------------------------------
         c.q3_blood_pressure@|
                   ckd_group |
  eGFR ≥60 with albuminuria  |        208   12.10699      184.2476    231.7524
                      CKD 3  |        163    10.3972       142.602     183.398
CKD 4/5 without kidney re..  |          2    1.36626     -.6804285    4.680429
                   Dialysis  |          4   1.788854      .4904953    7.509505
          Kidney transplant  |         11   2.659216      5.782957    16.21704
------------------------------------------------------------------------------

Total estimation                                   Number of obs   =      1,245

------------------------------------------------------------------------------
                             |      Total   Std. Err.     [95% Conf. Interval]
-----------------------------+------------------------------------------------
         c.q4_blood_pressure@|
                   ckd_group |
  eGFR ≥60 with albuminuria  |        231   12.45826      206.5585    255.4415
                      CKD 3  |        148   10.13752      128.1115    167.8885
CKD 4/5 without kidney re..  |          8   2.065591      3.947573    12.05243
                   Dialysis  |          3   1.612452     -.1634248    6.163425
          Kidney transplant  |          7   2.345208         2.399      11.601
------------------------------------------------------------------------------

Total estimation                                   Number of obs   =      1,245

------------------------------------------------------------------------------
                             |      Total   Std. Err.     [95% Conf. Interval]
-----------------------------+------------------------------------------------
  c.q1_albuminuria@ckd_group |
  eGFR ≥60 with albuminuria  |         38   5.999524       26.2297     49.7703
                      CKD 3  |         26   4.964741      16.25981    35.74019
CKD 4/5 without kidney re..  |          0  (omitted)
                   Dialysis  |          1          1     -.9618728    2.961873
          Kidney transplant  |          1          1     -.9618728    2.961873
------------------------------------------------------------------------------

Total estimation                                   Number of obs   =      1,245

------------------------------------------------------------------------------
                             |      Total   Std. Err.     [95% Conf. Interval]
-----------------------------+------------------------------------------------
  c.q2_albuminuria@ckd_group |
  eGFR ≥60 with albuminuria  |         37   5.924513      25.37686    48.62314
                      CKD 3  |         25   4.873664      15.43849    34.56151
CKD 4/5 without kidney re..  |          0  (omitted)
                   Dialysis  |          1          1     -.9618728    2.961873
          Kidney transplant  |          1          1     -.9618728    2.961873
------------------------------------------------------------------------------

Total estimation                                   Number of obs   =      1,245

------------------------------------------------------------------------------
                             |      Total   Std. Err.     [95% Conf. Interval]
-----------------------------+------------------------------------------------
  c.q3_albuminuria@ckd_group |
  eGFR ≥60 with albuminuria  |         35   5.770825      23.67837    46.32163
                      CKD 3  |         22   4.586884      13.00112    30.99888
CKD 4/5 without kidney re..  |          1          1     -.9618728    2.961873
                   Dialysis  |          0  (omitted)
          Kidney transplant  |          2    1.38873     -.7245119    4.724512
------------------------------------------------------------------------------

Total estimation                                   Number of obs   =      1,245

------------------------------------------------------------------------------
                             |      Total   Std. Err.     [95% Conf. Interval]
-----------------------------+------------------------------------------------
  c.q4_albuminuria@ckd_group |
  eGFR ≥60 with albuminuria  |         29   5.276519      18.64814    39.35186
                      CKD 3  |         18   4.166992      9.824891    26.17511
CKD 4/5 without kidney re..  |          0  (omitted)
                   Dialysis  |          1          1     -.9618728    2.961873
          Kidney transplant  |          0  (omitted)
------------------------------------------------------------------------------

Total estimation                                   Number of obs   =      1,245

------------------------------------------------------------------------------
                             |      Total   Std. Err.     [95% Conf. Interval]
-----------------------------+------------------------------------------------
   c.q1_creatinine@ckd_group |
  eGFR ≥60 with albuminuria  |        134      10.42      113.5573    154.4427
                      CKD 3  |         95   8.742683      77.84797     112.152
CKD 4/5 without kidney re..  |          1          1     -.9618728    2.961873
                   Dialysis  |          5   1.914854        1.2433      8.7567
          Kidney transplant  |          5   2.070197      .9385375    9.061463
------------------------------------------------------------------------------

Total estimation                                   Number of obs   =      1,245

------------------------------------------------------------------------------
                             |      Total   Std. Err.     [95% Conf. Interval]
-----------------------------+------------------------------------------------
   c.q2_creatinine@ckd_group |
  eGFR ≥60 with albuminuria  |        121   10.01433      101.3532    140.6468
                      CKD 3  |         97   8.811375       79.7132    114.2868
CKD 4/5 without kidney re..  |          3   1.612452     -.1634248    6.163425
                   Dialysis  |          5   1.914854        1.2433      8.7567
          Kidney transplant  |          7   2.345208         2.399      11.601
------------------------------------------------------------------------------

Total estimation                                   Number of obs   =      1,245

------------------------------------------------------------------------------
                             |      Total   Std. Err.     [95% Conf. Interval]
-----------------------------+------------------------------------------------
   c.q3_creatinine@ckd_group |
  eGFR ≥60 with albuminuria  |        119   9.948297      99.48271    138.5173
                      CKD 3  |         91   8.600754      74.12641    107.8736
CKD 4/5 without kidney re..  |          4   1.788854      .4904953    7.509505
                   Dialysis  |          2    1.36626     -.6804285    4.680429
          Kidney transplant  |          5   2.070197      .9385375    9.061463
------------------------------------------------------------------------------

Total estimation                                   Number of obs   =      1,245

------------------------------------------------------------------------------
                             |      Total   Std. Err.     [95% Conf. Interval]
-----------------------------+------------------------------------------------
   c.q4_creatinine@ckd_group |
  eGFR ≥60 with albuminuria  |        152   10.92054      130.5753    173.4247
                      CKD 3  |         89   8.527441      72.27024    105.7298
CKD 4/5 without kidney re..  |          4   1.788854      .4904953    7.509505
                   Dialysis  |          3   1.612452     -.1634248    6.163425
          Kidney transplant  |          8    2.44949      3.194413    12.80559
------------------------------------------------------------------------------

. tab ckd_group ckd_progression

                      |               CKD progression
            CKD group | No progre      CKD 3  CKD 4/5 w   Dialysis |     Total
----------------------+--------------------------------------------+----------
eGFR ≥60 with albumin |       606         89          0          3 |       702 
                CKD 3 |       472          0          2          5 |       482 
CKD 4/5 without kidne |        16          0          0          0 |        16 
             Dialysis |        16          0          0          0 |        16 
    Kidney transplant |        29          0          0          0 |        29 
----------------------+--------------------------------------------+----------
                Total |     1,139         89          2          8 |     1,245 


                      |    CKD
                      | progressio
                      |     n
            CKD group | Kidney tr |     Total
----------------------+-----------+----------
eGFR ≥60 with albumin |         4 |       702 
                CKD 3 |         3 |       482 
CKD 4/5 without kidne |         0 |        16 
             Dialysis |         0 |        16 
    Kidney transplant |         0 |        29 
----------------------+-----------+----------
                Total |         7 |     1,245 

. 
. log close
      name:  <unnamed>
       log:  /workspace/logs/2021_outcomes.log
  log type:  text
 closed on:  16 Dec 2022, 19:45:35
-------------------------------------------------------------------------------
