-------------------------------------------------------------------------------
      name:  <unnamed>
       log:  /workspace/logs/2022_outcomes.log
  log type:  text
 opened on:  28 Dec 2022, 15:52:31

. use ./output/`dataset'_ckd_complete.dta

. 
. foreach outcome of varlist      q1_hospital_days                        ///
>                                                         q2_hospital_days     
>                    ///
>                                                         q3_hospital_days     
>                    ///
>                                                         q4_hospital_days     
>                    ///
>                                                         q1_critical_care_days
>            ///
>                                                         q2_critical_care_days
>            ///
>                                                         q3_critical_care_days
>            ///
>                                                         q4_critical_care_days
>            ///
>                                                         q1_emergency_days    
>                    ///
>                                                         q2_emergency_days    
>                    ///
>                                                         q3_emergency_days    
>                    ///
>                                                         q4_emergency_days    
>                    ///
>                                                         q1_outpatient_appoint
> ments      ///
>                                                         q2_outpatient_appoint
> ments      ///
>                                                         q3_outpatient_appoint
> ments      ///
>                                                         q4_outpatient_appoint
> ments      ///
>                                                         q1_nephrology_appoint
> ments      ///
>                                                         q2_nephrology_appoint
> ments      ///
>                                                         q3_nephrology_appoint
> ments      ///
>                                                         q4_nephrology_appoint
> ments      ///
>                                                         q1_transplant_appoint
> ments      ///
>                                                         q2_transplant_appoint
> ments      ///
>                                                         q3_transplant_appoint
> ments      ///
>                                                         q4_transplant_appoint
> ments      ///
>                                                         q1_gp_interactions   
>                    ///
>                                                         q2_gp_interactions   
>                    ///
>                                                         q3_gp_interactions   
>                    ///
>                                                         q4_gp_interactions   
>                    ///
>                                                         q1_blood_pressure    
>                    ///
>                                                         q2_blood_pressure    
>                    ///
>                                                         q3_blood_pressure    
>                    ///
>                                                         q4_blood_pressure    
>                    ///
>                                                         q1_albuminuria       
>                    ///
>                                                         q2_albuminuria       
>                    ///
>                                                         q3_albuminuria       
>                    ///
>                                                         q4_albuminuria       
>                    ///
>                                                         q1_creatinine        
>                    ///
>                                                         q2_creatinine        
>                    ///
>                                                         q3_creatinine        
>                    ///
>                                                         q4_creatinine {
  2. total `outcome', over(ckd_group)
  3. }

Total estimation                                   Number of obs   =      1,304

------------------------------------------------------------------------------
                             |      Total   Std. Err.     [95% Conf. Interval]
-----------------------------+------------------------------------------------
c.q1_hospital_days@ckd_group |
  eGFR ≥60 with albuminuria  |        251   29.88596      192.3701    309.6299
                      CKD 3  |        101   19.09567      63.53838    138.4616
CKD 4/5 without kidney re..  |         16   9.098495     -1.849302     33.8493
                   Dialysis  |         15   6.237715      2.762936    27.23706
          Kidney transplant  |         16    7.15697      1.959554    30.04045
------------------------------------------------------------------------------

Total estimation                                   Number of obs   =      1,304

------------------------------------------------------------------------------
                             |      Total   Std. Err.     [95% Conf. Interval]
-----------------------------+------------------------------------------------
c.q2_hospital_days@ckd_group |
  eGFR ≥60 with albuminuria  |        193   27.73601      138.5879    247.4121
                      CKD 3  |        135   22.10634      91.63209    178.3679
CKD 4/5 without kidney re..  |          4   3.120758      -2.12226    10.12226
                   Dialysis  |          5          5     -4.808931    14.80893
          Kidney transplant  |          5          5     -4.808931    14.80893
------------------------------------------------------------------------------

Total estimation                                   Number of obs   =      1,304

------------------------------------------------------------------------------
                             |      Total   Std. Err.     [95% Conf. Interval]
-----------------------------+------------------------------------------------
c.q3_hospital_days@ckd_group |
  eGFR ≥60 with albuminuria  |        246   30.81161      185.5542    306.4458
                      CKD 3  |        134    22.8117      89.24832    178.7517
CKD 4/5 without kidney re..  |          2          2     -1.923573    5.923573
                   Dialysis  |          2   1.381699     -.7105973    4.710597
          Kidney transplant  |          0  (omitted)
------------------------------------------------------------------------------

Total estimation                                   Number of obs   =      1,304

------------------------------------------------------------------------------
                             |      Total   Std. Err.     [95% Conf. Interval]
-----------------------------+------------------------------------------------
c.q4_hospital_days@ckd_group |
  eGFR ≥60 with albuminuria  |        173   26.50236       121.008     224.992
                      CKD 3  |        121   21.60523      78.61516    163.3848
CKD 4/5 without kidney re..  |          3   2.196836     -1.309722    7.309722
                   Dialysis  |          8          8      -7.69429    23.69429
          Kidney transplant  |          8   6.218253     -4.198883    20.19888
------------------------------------------------------------------------------

Total estimation                                   Number of obs   =      1,304

------------------------------------------------------------------------------
                             |      Total   Std. Err.     [95% Conf. Interval]
-----------------------------+------------------------------------------------
     c.q1_critical_care_days@|
                   ckd_group |
  eGFR ≥60 with albuminuria  |        224   28.74297      167.6124    280.3876
                      CKD 3  |         99   19.01438      61.69785    136.3022
CKD 4/5 without kidney re..  |          3          3     -2.885359    8.885359
                   Dialysis  |          0  (omitted)
          Kidney transplant  |         13    7.83156     -2.363847    28.36385
------------------------------------------------------------------------------

Total estimation                                   Number of obs   =      1,304

------------------------------------------------------------------------------
                             |      Total   Std. Err.     [95% Conf. Interval]
-----------------------------+------------------------------------------------
     c.q2_critical_care_days@|
                   ckd_group |
  eGFR ≥60 with albuminuria  |        211   27.89596      156.2741    265.7259
                      CKD 3  |        111   19.84674      72.06495    149.9351
CKD 4/5 without kidney re..  |          7   5.303813     -3.404948    17.40495
                   Dialysis  |          3          3     -2.885359    8.885359
          Kidney transplant  |          0  (omitted)
------------------------------------------------------------------------------

Total estimation                                   Number of obs   =      1,304

------------------------------------------------------------------------------
                             |      Total   Std. Err.     [95% Conf. Interval]
-----------------------------+------------------------------------------------
     c.q3_critical_care_days@|
                   ckd_group |
  eGFR ≥60 with albuminuria  |        192    27.9783      137.1125    246.8875
                      CKD 3  |        121   21.32507      79.16477    162.8352
CKD 4/5 without kidney re..  |          3          3     -2.885359    8.885359
                   Dialysis  |         16   6.849021      2.563684    29.43632
          Kidney transplant  |          4    3.72678     -3.311146    11.31115
------------------------------------------------------------------------------

Total estimation                                   Number of obs   =      1,304

------------------------------------------------------------------------------
                             |      Total   Std. Err.     [95% Conf. Interval]
-----------------------------+------------------------------------------------
     c.q4_critical_care_days@|
                   ckd_group |
  eGFR ≥60 with albuminuria  |        175   25.79645      124.3929    225.6071
                      CKD 3  |        106   20.03437      66.69685    145.3031
CKD 4/5 without kidney re..  |          3          3     -2.885359    8.885359
                   Dialysis  |          3   2.195036     -1.306191    7.306191
          Kidney transplant  |          7   5.280993      -3.36018    17.36018
------------------------------------------------------------------------------

Total estimation                                   Number of obs   =      1,304

------------------------------------------------------------------------------
                             |      Total   Std. Err.     [95% Conf. Interval]
-----------------------------+------------------------------------------------
         c.q1_emergency_days@|
                   ckd_group |
  eGFR ≥60 with albuminuria  |        226   28.75815      169.5827    282.4173
                      CKD 3  |        112   19.75799      73.23905     150.761
CKD 4/5 without kidney re..  |          2          2     -1.923573    5.923573
                   Dialysis  |          2          2     -1.923573    5.923573
          Kidney transplant  |          0  (omitted)
------------------------------------------------------------------------------

Total estimation                                   Number of obs   =      1,304

------------------------------------------------------------------------------
                             |      Total   Std. Err.     [95% Conf. Interval]
-----------------------------+------------------------------------------------
         c.q2_emergency_days@|
                   ckd_group |
  eGFR ≥60 with albuminuria  |        205    26.3288      153.3485    256.6515
                      CKD 3  |        112   20.35762       72.0627    151.9373
CKD 4/5 without kidney re..  |          4          4     -3.847145    11.84715
                   Dialysis  |          2          2     -1.923573    5.923573
          Kidney transplant  |         10   7.023769     -3.779134    23.77913
------------------------------------------------------------------------------

Total estimation                                   Number of obs   =      1,304

------------------------------------------------------------------------------
                             |      Total   Std. Err.     [95% Conf. Interval]
-----------------------------+------------------------------------------------
         c.q3_emergency_days@|
                   ckd_group |
  eGFR ≥60 with albuminuria  |        150    23.1187      104.6461    195.3539
                      CKD 3  |        164   24.98583      114.9831    213.0169
CKD 4/5 without kidney re..  |          8   4.491538     -.8114375    16.81144
                   Dialysis  |          6   4.145096     -2.131792    14.13179
          Kidney transplant  |          3          3     -2.885359    8.885359
------------------------------------------------------------------------------

Total estimation                                   Number of obs   =      1,304

------------------------------------------------------------------------------
                             |      Total   Std. Err.     [95% Conf. Interval]
-----------------------------+------------------------------------------------
         c.q4_emergency_days@|
                   ckd_group |
  eGFR ≥60 with albuminuria  |        173   26.08347      121.8298    224.1702
                      CKD 3  |        128   22.04241       84.7575    171.2425
CKD 4/5 without kidney re..  |          1          1     -.9617863    2.961786
                   Dialysis  |          5          5     -4.808931    14.80893
          Kidney transplant  |         10   5.109903      -.024538    20.02454
------------------------------------------------------------------------------

Total estimation                                   Number of obs   =      1,304

------------------------------------------------------------------------------
                             |      Total   Std. Err.     [95% Conf. Interval]
-----------------------------+------------------------------------------------
                          c. |
  q1_outpatient_appointments@|
                   ckd_group |
  eGFR ≥60 with albuminuria  |        234   32.10413      171.0186    296.9814
                      CKD 3  |        113   19.15237      75.42715    150.5729
CKD 4/5 without kidney re..  |          9    5.55995     -1.907433    19.90743
                   Dialysis  |          9   6.585107     -3.918573    21.91857
          Kidney transplant  |          4          4     -3.847145    11.84715
------------------------------------------------------------------------------

Total estimation                                   Number of obs   =      1,304

------------------------------------------------------------------------------
                             |      Total   Std. Err.     [95% Conf. Interval]
-----------------------------+------------------------------------------------
                          c. |
  q2_outpatient_appointments@|
                   ckd_group |
  eGFR ≥60 with albuminuria  |        241   28.62243      184.8489    297.1511
                      CKD 3  |         91    16.9361      57.77499     124.225
CKD 4/5 without kidney re..  |          8   4.491538     -.8114375    16.81144
                   Dialysis  |          8   4.482288     -.7932918    16.79329
          Kidney transplant  |          7   5.280993      -3.36018    17.36018
------------------------------------------------------------------------------

Total estimation                                   Number of obs   =      1,304

------------------------------------------------------------------------------
                             |      Total   Std. Err.     [95% Conf. Interval]
-----------------------------+------------------------------------------------
                          c. |
  q3_outpatient_appointments@|
                   ckd_group |
  eGFR ≥60 with albuminuria  |        205    27.1894      151.6602    258.3398
                      CKD 3  |        125   23.63807      78.62715    171.3728
CKD 4/5 without kidney re..  |          5          5     -4.808931    14.80893
                   Dialysis  |          5          5     -4.808931    14.80893
          Kidney transplant  |          1          1     -.9617863    2.961786
------------------------------------------------------------------------------

Total estimation                                   Number of obs   =      1,304

------------------------------------------------------------------------------
                             |      Total   Std. Err.     [95% Conf. Interval]
-----------------------------+------------------------------------------------
                          c. |
  q4_outpatient_appointments@|
                   ckd_group |
  eGFR ≥60 with albuminuria  |        209    28.3773      153.3298    264.6702
                      CKD 3  |         87   17.62111      52.43115    121.5688
CKD 4/5 without kidney re..  |          5   3.532458     -1.929928    11.92993
                   Dialysis  |          0  (omitted)
          Kidney transplant  |         13   7.272475     -1.267041    27.26704
------------------------------------------------------------------------------

Total estimation                                   Number of obs   =      1,304

------------------------------------------------------------------------------
                             |      Total   Std. Err.     [95% Conf. Interval]
-----------------------------+------------------------------------------------
                          c. |
  q1_nephrology_appointments@|
                   ckd_group |
  eGFR ≥60 with albuminuria  |        148    22.6538      103.5581    192.4419
                      CKD 3  |        165   25.78053      114.4241    215.5759
CKD 4/5 without kidney re..  |          7          7     -6.732504     20.7325
                   Dialysis  |          3          3     -2.885359    8.885359
          Kidney transplant  |          2          2     -1.923573    5.923573
------------------------------------------------------------------------------

Total estimation                                   Number of obs   =      1,304

------------------------------------------------------------------------------
                             |      Total   Std. Err.     [95% Conf. Interval]
-----------------------------+------------------------------------------------
                          c. |
  q2_nephrology_appointments@|
                   ckd_group |
  eGFR ≥60 with albuminuria  |        204   27.97911       149.111     258.889
                      CKD 3  |         92   18.26257      56.17273    127.8273
CKD 4/5 without kidney re..  |          4   3.120758      -2.12226    10.12226
                   Dialysis  |         17   8.702142     -.0717424    34.07174
          Kidney transplant  |          3   4.176655     -5.193704     11.1937
------------------------------------------------------------------------------

Total estimation                                   Number of obs   =      1,304

------------------------------------------------------------------------------
                             |      Total   Std. Err.     [95% Conf. Interval]
-----------------------------+------------------------------------------------
                          c. |
  q3_nephrology_appointments@|
                   ckd_group |
  eGFR ≥60 with albuminuria  |        216   29.54027      158.0483    273.9517
                      CKD 3  |        127   21.66587      84.49619    169.5038
CKD 4/5 without kidney re..  |          0  (omitted)
                   Dialysis  |          0  (omitted)
          Kidney transplant  |         14   8.326664     -2.335135    30.33514
------------------------------------------------------------------------------

Total estimation                                   Number of obs   =      1,304

------------------------------------------------------------------------------
                             |      Total   Std. Err.     [95% Conf. Interval]
-----------------------------+------------------------------------------------
                          c. |
  q4_nephrology_appointments@|
                   ckd_group |
  eGFR ≥60 with albuminuria  |        188   27.28814      134.4665    241.5335
                      CKD 3  |        123   20.53227      82.72008    163.2799
CKD 4/5 without kidney re..  |          2          2     -1.923573    5.923573
                   Dialysis  |          0  (omitted)
          Kidney transplant  |          8   4.434712     -.6999563    16.69996
------------------------------------------------------------------------------

Total estimation                                   Number of obs   =      1,304

------------------------------------------------------------------------------
                             |      Total   Std. Err.     [95% Conf. Interval]
-----------------------------+------------------------------------------------
                          c. |
  q1_transplant_appointments@|
                   ckd_group |
  eGFR ≥60 with albuminuria  |        204   28.44052      148.2058    259.7942
                      CKD 3  |        131   22.91705      86.04164    175.9584
CKD 4/5 without kidney re..  |          0  (omitted)
                   Dialysis  |         10   5.178627     -.1593601    20.15936
          Kidney transplant  |          0  (omitted)
------------------------------------------------------------------------------

Total estimation                                   Number of obs   =      1,304

------------------------------------------------------------------------------
                             |      Total   Std. Err.     [95% Conf. Interval]
-----------------------------+------------------------------------------------
                          c. |
  q2_transplant_appointments@|
                   ckd_group |
  eGFR ≥60 with albuminuria  |        173   25.42253      123.1264    222.8736
                      CKD 3  |         86   16.24163       54.1374    117.8626
CKD 4/5 without kidney re..  |         18   8.577017      1.173726    34.82627
                   Dialysis  |          7   4.889692     -2.592531    16.59253
          Kidney transplant  |          2          2     -1.923573    5.923573
------------------------------------------------------------------------------

Total estimation                                   Number of obs   =      1,304

------------------------------------------------------------------------------
                             |      Total   Std. Err.     [95% Conf. Interval]
-----------------------------+------------------------------------------------
                          c. |
  q3_transplant_appointments@|
                   ckd_group |
  eGFR ≥60 with albuminuria  |        162     25.415      112.1412    211.8588
                      CKD 3  |        140   23.89041      93.13212    186.8679
CKD 4/5 without kidney re..  |         10   6.915641     -3.567009    23.56701
                   Dialysis  |         18   10.01363     -1.644596     37.6446
          Kidney transplant  |          0  (omitted)
------------------------------------------------------------------------------

Total estimation                                   Number of obs   =      1,304

------------------------------------------------------------------------------
                             |      Total   Std. Err.     [95% Conf. Interval]
-----------------------------+------------------------------------------------
                          c. |
  q4_transplant_appointments@|
                   ckd_group |
  eGFR ≥60 with albuminuria  |        183   26.90615      130.2159    235.7841
                      CKD 3  |        112     20.796      71.20268    152.7973
CKD 4/5 without kidney re..  |          0  (omitted)
                   Dialysis  |         17   8.079154      1.150427    32.84957
          Kidney transplant  |          5   4.068852     -2.982218    12.98222
------------------------------------------------------------------------------

Total estimation                                   Number of obs   =      1,304

------------------------------------------------------------------------------
                             |      Total   Std. Err.     [95% Conf. Interval]
-----------------------------+------------------------------------------------
        c.q1_gp_interactions@|
                   ckd_group |
  eGFR ≥60 with albuminuria  |       2866   88.80712      2691.779    3040.221
                      CKD 3  |       1613   67.58899      1480.405    1745.595
CKD 4/5 without kidney re..  |         79   16.93851      45.77027    112.2297
                   Dialysis  |         93   15.26732      63.04879    122.9512
          Kidney transplant  |         72   14.49904      43.55598     100.444
------------------------------------------------------------------------------

Total estimation                                   Number of obs   =      1,304

------------------------------------------------------------------------------
                             |      Total   Std. Err.     [95% Conf. Interval]
-----------------------------+------------------------------------------------
        c.q2_gp_interactions@|
                   ckd_group |
  eGFR ≥60 with albuminuria  |       2642   85.88464      2473.513    2810.487
                      CKD 3  |       1502   64.23469      1375.985    1628.015
CKD 4/5 without kidney re..  |        106   12.16553      82.13384    129.8662
                   Dialysis  |         76   14.05185      48.43327    103.5667
          Kidney transplant  |         58   15.88151      26.84388    89.15612
------------------------------------------------------------------------------

Total estimation                                   Number of obs   =      1,304

------------------------------------------------------------------------------
                             |      Total   Std. Err.     [95% Conf. Interval]
-----------------------------+------------------------------------------------
        c.q3_gp_interactions@|
                   ckd_group |
  eGFR ≥60 with albuminuria  |       2920   91.27831      2740.931    3099.069
                      CKD 3  |       1519   66.15849      1389.211    1648.789
CKD 4/5 without kidney re..  |         78   15.64275      47.31227    108.6877
                   Dialysis  |         84   16.83881      50.96586    117.0341
          Kidney transplant  |         67   12.94433        41.606      92.394
------------------------------------------------------------------------------

Total estimation                                   Number of obs   =      1,304

------------------------------------------------------------------------------
                             |      Total   Std. Err.     [95% Conf. Interval]
-----------------------------+------------------------------------------------
        c.q4_gp_interactions@|
                   ckd_group |
  eGFR ≥60 with albuminuria  |       2876   91.69189       2696.12     3055.88
                      CKD 3  |       1592   67.30639      1459.959    1724.041
CKD 4/5 without kidney re..  |         83   18.88984      45.94217    120.0578
                   Dialysis  |         56    14.4474       27.6573     84.3427
          Kidney transplant  |         44    11.9861      20.48583    67.51417
------------------------------------------------------------------------------

Total estimation                                   Number of obs   =      1,304

------------------------------------------------------------------------------
                             |      Total   Std. Err.     [95% Conf. Interval]
-----------------------------+------------------------------------------------
         c.q1_blood_pressure@|
                   ckd_group |
  eGFR ≥60 with albuminuria  |        244   13.02329      218.4511    269.5489
                      CKD 3  |        122   9.400722      103.5578    140.4422
CKD 4/5 without kidney re..  |          4    1.86501      .3412497     7.65875
                   Dialysis  |          9   2.393172      4.305108    13.69489
          Kidney transplant  |          7   2.160247      2.762057    11.23794
------------------------------------------------------------------------------

Total estimation                                   Number of obs   =      1,304

------------------------------------------------------------------------------
                             |      Total   Std. Err.     [95% Conf. Interval]
-----------------------------+------------------------------------------------
         c.q2_blood_pressure@|
                   ckd_group |
  eGFR ≥60 with albuminuria  |        234   12.86822      208.7553    259.2447
                      CKD 3  |        145   9.871036      125.6351    164.3649
CKD 4/5 without kidney re..  |          8   2.359071      3.372006    12.62799
                   Dialysis  |          7   2.256304      2.573613    11.42639
          Kidney transplant  |          5   1.972027      1.131305    8.868695
------------------------------------------------------------------------------

Total estimation                                   Number of obs   =      1,304

------------------------------------------------------------------------------
                             |      Total   Std. Err.     [95% Conf. Interval]
-----------------------------+------------------------------------------------
         c.q3_blood_pressure@|
                   ckd_group |
  eGFR ≥60 with albuminuria  |        240   12.96264      214.5701    265.4299
                      CKD 3  |        126   9.493314      107.3761    144.6239
CKD 4/5 without kidney re..  |          8   2.359071      3.372006    12.62799
                   Dialysis  |          3   1.651446     -.2397834    6.239783
          Kidney transplant  |          7   2.160247      2.762057    11.23794
------------------------------------------------------------------------------

Total estimation                                   Number of obs   =      1,304

------------------------------------------------------------------------------
                             |      Total   Std. Err.     [95% Conf. Interval]
-----------------------------+------------------------------------------------
         c.q4_blood_pressure@|
                   ckd_group |
  eGFR ≥60 with albuminuria  |        250   13.11086      224.2793    275.7207
                      CKD 3  |        130   9.581208      111.2037    148.7963
CKD 4/5 without kidney re..  |          9   2.422719      4.247144    13.75286
                   Dialysis  |          8   2.335497      3.418254    12.58175
          Kidney transplant  |          4   1.825742      .4182847    7.581715
------------------------------------------------------------------------------

Total estimation                                   Number of obs   =      1,304

------------------------------------------------------------------------------
                             |      Total   Std. Err.     [95% Conf. Interval]
-----------------------------+------------------------------------------------
  c.q1_albuminuria@ckd_group |
  eGFR ≥60 with albuminuria  |         36   5.866777      24.49064    47.50936
                      CKD 3  |         28   5.126198       17.9435     38.0565
CKD 4/5 without kidney re..  |          2   1.383128     -.7134018    4.713402
                   Dialysis  |          1          1     -.9617863    2.961786
          Kidney transplant  |          0  (omitted)
------------------------------------------------------------------------------

Total estimation                                   Number of obs   =      1,304

------------------------------------------------------------------------------
                             |      Total   Std. Err.     [95% Conf. Interval]
-----------------------------+------------------------------------------------
  c.q2_albuminuria@ckd_group |
  eGFR ≥60 with albuminuria  |         46   6.588077       33.0756     58.9244
                      CKD 3  |         18   4.159683      9.839591    26.16041
CKD 4/5 without kidney re..  |          1          1     -.9617863    2.961786
                   Dialysis  |          0  (omitted)
          Kidney transplant  |          1          1     -.9617863    2.961786
------------------------------------------------------------------------------

Total estimation                                   Number of obs   =      1,304

------------------------------------------------------------------------------
                             |      Total   Std. Err.     [95% Conf. Interval]
-----------------------------+------------------------------------------------
  c.q3_albuminuria@ckd_group |
  eGFR ≥60 with albuminuria  |         50   6.850253      36.56127    63.43873
                      CKD 3  |         29   5.210599      18.77792    39.22208
CKD 4/5 without kidney re..  |          1          1     -.9617863    2.961786
                   Dialysis  |          3   1.651446     -.2397834    6.239783
          Kidney transplant  |          0  (omitted)
------------------------------------------------------------------------------

Total estimation                                   Number of obs   =      1,304

------------------------------------------------------------------------------
                             |      Total   Std. Err.     [95% Conf. Interval]
-----------------------------+------------------------------------------------
  c.q4_albuminuria@ckd_group |
  eGFR ≥60 with albuminuria  |         44   6.451829      31.34289    56.65711
                      CKD 3  |         25   4.861405      15.46296    34.53704
CKD 4/5 without kidney re..  |          0  (omitted)
                   Dialysis  |          0  (omitted)
          Kidney transplant  |          1          1     -.9617863    2.961786
------------------------------------------------------------------------------

Total estimation                                   Number of obs   =      1,304

------------------------------------------------------------------------------
                             |      Total   Std. Err.     [95% Conf. Interval]
-----------------------------+------------------------------------------------
   c.q1_creatinine@ckd_group |
  eGFR ≥60 with albuminuria  |        175   11.69591      152.0551    197.9449
                      CKD 3  |         90   8.470772      73.38215    106.6178
CKD 4/5 without kidney re..  |          8   2.359071      3.372006    12.62799
                   Dialysis  |          7   2.256304      2.573613    11.42639
          Kidney transplant  |          2   1.374369     -.6962173    4.696217
------------------------------------------------------------------------------

Total estimation                                   Number of obs   =      1,304

------------------------------------------------------------------------------
                             |      Total   Std. Err.     [95% Conf. Interval]
-----------------------------+------------------------------------------------
   c.q2_creatinine@ckd_group |
  eGFR ≥60 with albuminuria  |        154   11.15512       132.116     175.884
                      CKD 3  |         87   8.364013      70.59159    103.4084
CKD 4/5 without kidney re..  |          8   2.359071      3.372006    12.62799
                   Dialysis  |          4   1.858641      .3537441    7.646256
          Kidney transplant  |          5   1.972027      1.131305    8.868695
------------------------------------------------------------------------------

Total estimation                                   Number of obs   =      1,304

------------------------------------------------------------------------------
                             |      Total   Std. Err.     [95% Conf. Interval]
-----------------------------+------------------------------------------------
   c.q3_creatinine@ckd_group |
  eGFR ≥60 with albuminuria  |        149   11.01505      127.3908    170.6092
                      CKD 3  |         98   8.737634      80.85863    115.1414
CKD 4/5 without kidney re..  |          3   1.655032     -.2468188    6.246819
                   Dialysis  |          4   1.858641      .3537441    7.646256
          Kidney transplant  |          4   1.825742      .4182847    7.581715
------------------------------------------------------------------------------

Total estimation                                   Number of obs   =      1,304

------------------------------------------------------------------------------
                             |      Total   Std. Err.     [95% Conf. Interval]
-----------------------------+------------------------------------------------
   c.q4_creatinine@ckd_group |
  eGFR ≥60 with albuminuria  |        153   11.12747      131.1703    174.8297
                      CKD 3  |         91   8.505525      74.31398     107.686
CKD 4/5 without kidney re..  |          7   2.274624      2.537674    11.46233
                   Dialysis  |          3   1.651446     -.2397834    6.239783
          Kidney transplant  |          4   1.825742      .4182847    7.581715
------------------------------------------------------------------------------

. tab ckd_group ckd_progression

                      |               CKD progression
            CKD group | No progre      CKD 3  CKD 4/5 w   Dialysis |     Total
----------------------+--------------------------------------------+----------
eGFR ≥60 with albumin |       665        117          2          7 |       798 
                CKD 3 |       422          0          5          4 |       440 
CKD 4/5 without kidne |        23          0          0          0 |        24 
             Dialysis |        22          0          0          0 |        23 
    Kidney transplant |        19          0          0          0 |        19 
----------------------+--------------------------------------------+----------
                Total |     1,151        117          7         11 |     1,304 


                      |    CKD
                      | progressio
                      |     n
            CKD group | Kidney tr |     Total
----------------------+-----------+----------
eGFR ≥60 with albumin |         7 |       798 
                CKD 3 |         9 |       440 
CKD 4/5 without kidne |         1 |        24 
             Dialysis |         1 |        23 
    Kidney transplant |         0 |        19 
----------------------+-----------+----------
                Total |        18 |     1,304 

. 
. log close
      name:  <unnamed>
       log:  /workspace/logs/2022_outcomes.log
  log type:  text
 closed on:  28 Dec 2022, 15:52:33
-------------------------------------------------------------------------------
