-----------------------------------------------------------------------------------------------------------------------------------------------------------------------------------------------------------------------
      name:  <unnamed>
       log:  C:\Users\lsh1703468\Documents\Repo\ckd-healthcare-use\logs/costs_transplant.log
  log type:  text
 opened on:  12 Sep 2023, 15:46:42

. cap file close tablecontent

. **Creates output file for each year (`dataset')
. file open tablecontent using ./output/costs_transplant.csv, write text replace

. **Column headings
. file write tablecontent ("Date") _tab ("stratum") _tab ("apcs") _tab ("ec") _tab ("opa") _n

. 
. local year "2017 2018 2019 2020 2021 2022"

. foreach x of local year {
  2. file write tablecontent ("01/04/`x'") _tab ("all") _tab
  3. use ./output/`x'_ckd_complete.dta, clear
  4. drop if ckd_group!=5
  5. foreach cost of varlist apcs_cost ec_cost opa_cost {
  6. qui su total_`cost'
  7. local `x'_`cost' = r(mean)
  8. }
  9. file write tablecontent %10.2f (``x'_apcs_cost') _tab %10.2f (``x'_ec_cost') _tab %10.2f (``x'_opa_cost') _n
 10. }
(1,804 observations deleted)
(1,819 observations deleted)
(1,826 observations deleted)
(1,864 observations deleted)
(1,812 observations deleted)
(1,808 observations deleted)

. 
. forvalues i=1/6 {
  2. local label`i': label ethnicity `i'
  3. foreach x of local year {
  4. file write tablecontent ("01/04/`x'") _tab ("`label`i''") _tab
  5. use ./output/`x'_ckd_complete.dta, clear
  6. drop if ckd_group!=5
  7. foreach cost of varlist apcs_cost ec_cost opa_cost {
  8. qui su ethnicity_`cost' if ethnicity==`i'
  9. local `x'_`cost' = r(mean)
 10. }
 11. file write tablecontent %10.2f (``x'_apcs_cost') _tab %10.2f (``x'_ec_cost') _tab %10.2f (``x'_opa_cost') _n
 12. }
 13. }
(1,804 observations deleted)
(1,819 observations deleted)
(1,826 observations deleted)
(1,864 observations deleted)
(1,812 observations deleted)
(1,808 observations deleted)
(1,804 observations deleted)
(1,819 observations deleted)
(1,826 observations deleted)
(1,864 observations deleted)
(1,812 observations deleted)
(1,808 observations deleted)
(1,804 observations deleted)
(1,819 observations deleted)
(1,826 observations deleted)
(1,864 observations deleted)
(1,812 observations deleted)
(1,808 observations deleted)
(1,804 observations deleted)
(1,819 observations deleted)
(1,826 observations deleted)
(1,864 observations deleted)
(1,812 observations deleted)
(1,808 observations deleted)
(1,804 observations deleted)
(1,819 observations deleted)
(1,826 observations deleted)
(1,864 observations deleted)
(1,812 observations deleted)
(1,808 observations deleted)
(1,804 observations deleted)
(1,819 observations deleted)
(1,826 observations deleted)
(1,864 observations deleted)
(1,812 observations deleted)
(1,808 observations deleted)

. 
. forvalues i=1/5 {
  2. local label`i': label imd `i'
  3. foreach x of local year {
  4. file write tablecontent ("01/04/`x'") _tab ("`label`i''") _tab
  5. use ./output/`x'_ckd_complete.dta, clear
  6. drop if ckd_group!=5
  7. foreach cost of varlist apcs_cost ec_cost opa_cost {
  8. qui su imd_`cost' if imd==`i'
  9. local `x'_`cost' = r(mean)
 10. }
 11. file write tablecontent %10.2f (``x'_apcs_cost') _tab %10.2f (``x'_ec_cost') _tab %10.2f (``x'_opa_cost') _n
 12. }
 13. }
(1,804 observations deleted)
(1,819 observations deleted)
(1,826 observations deleted)
(1,864 observations deleted)
(1,812 observations deleted)
(1,808 observations deleted)
(1,804 observations deleted)
(1,819 observations deleted)
(1,826 observations deleted)
(1,864 observations deleted)
(1,812 observations deleted)
(1,808 observations deleted)
(1,804 observations deleted)
(1,819 observations deleted)
(1,826 observations deleted)
(1,864 observations deleted)
(1,812 observations deleted)
(1,808 observations deleted)
(1,804 observations deleted)
(1,819 observations deleted)
(1,826 observations deleted)
(1,864 observations deleted)
(1,812 observations deleted)
(1,808 observations deleted)
(1,804 observations deleted)
(1,819 observations deleted)
(1,826 observations deleted)
(1,864 observations deleted)
(1,812 observations deleted)
(1,808 observations deleted)

. 
. forvalues i=1/9 {
  2. local label`i': label region `i'
  3. foreach x of local year {
  4. file write tablecontent ("01/04/`x'") _tab ("`label`i''") _tab
  5. use ./output/`x'_ckd_complete.dta, clear
  6. drop if ckd_group!=5
  7. foreach cost of varlist apcs_cost ec_cost opa_cost {
  8. qui su region_`cost' if region==`i'
  9. local `x'_`cost' = r(mean)
 10. }
 11. file write tablecontent %10.2f (``x'_apcs_cost') _tab %10.2f (``x'_ec_cost') _tab %10.2f (``x'_opa_cost') _n
 12. }
 13. }
(1,804 observations deleted)
(1,819 observations deleted)
(1,826 observations deleted)
(1,864 observations deleted)
(1,812 observations deleted)
(1,808 observations deleted)
(1,804 observations deleted)
(1,819 observations deleted)
(1,826 observations deleted)
(1,864 observations deleted)
(1,812 observations deleted)
(1,808 observations deleted)
(1,804 observations deleted)
(1,819 observations deleted)
(1,826 observations deleted)
(1,864 observations deleted)
(1,812 observations deleted)
(1,808 observations deleted)
(1,804 observations deleted)
(1,819 observations deleted)
(1,826 observations deleted)
(1,864 observations deleted)
(1,812 observations deleted)
(1,808 observations deleted)
(1,804 observations deleted)
(1,819 observations deleted)
(1,826 observations deleted)
(1,864 observations deleted)
(1,812 observations deleted)
(1,808 observations deleted)
(1,804 observations deleted)
(1,819 observations deleted)
(1,826 observations deleted)
(1,864 observations deleted)
(1,812 observations deleted)
(1,808 observations deleted)
(1,804 observations deleted)
(1,819 observations deleted)
(1,826 observations deleted)
(1,864 observations deleted)
(1,812 observations deleted)
(1,808 observations deleted)
(1,804 observations deleted)
(1,819 observations deleted)
(1,826 observations deleted)
(1,864 observations deleted)
(1,812 observations deleted)
(1,808 observations deleted)
(1,804 observations deleted)
(1,819 observations deleted)
(1,826 observations deleted)
(1,864 observations deleted)
(1,812 observations deleted)
(1,808 observations deleted)

. 
. forvalues i=0/1 {
  2. local label`i': label urban `i'
  3. foreach x of local year {
  4. file write tablecontent ("01/04/`x'") _tab ("`label`i''") _tab
  5. use ./output/`x'_ckd_complete.dta, clear
  6. drop if ckd_group!=5
  7. foreach cost of varlist apcs_cost ec_cost opa_cost {
  8. qui su urban_`cost' if urban==`i'
  9. local `x'_`cost' = r(mean)
 10. }
 11. file write tablecontent %10.2f (``x'_apcs_cost') _tab %10.2f (``x'_ec_cost') _tab %10.2f (``x'_opa_cost') _n
 12. }
 13. }
(1,804 observations deleted)
(1,819 observations deleted)
(1,826 observations deleted)
(1,864 observations deleted)
(1,812 observations deleted)
(1,808 observations deleted)
(1,804 observations deleted)
(1,819 observations deleted)
(1,826 observations deleted)
(1,864 observations deleted)
(1,812 observations deleted)
(1,808 observations deleted)

. 
. file close tablecontent

. 
end of do-file

. do "C:\Users\lsh1703468\Documents\Repo\ckd-healthcare-use\analysis\costs_ckd4.do"

. sysdir set PLUS ./analysis/adofiles

. sysdir set PERSONAL ./analysis/adofiles

. pwd
C:\Users\lsh1703468\Documents\Repo\ckd-healthcare-use

. **Loops through datasets for each year 2017-2018 to 2022-2023
. * `dataset' specifies year from project.yaml script
. local dataset `1'

. cap log close
