-----------------------------------------------------------------------------------------------------------------------------------------------------------------------------------------------------------------------
      name:  <unnamed>
       log:  C:\Users\lsh1703468\Documents\repo\ckd-healthcare-use\logs/relative_healthcare_use_dialysis.log
  log type:  text
 opened on:  25 Aug 2023, 11:30:23

. cap file close tablecontent

. **Creates output file for each year (`dataset')
. file open tablecontent using ./output/relative_healthcare_use_dialysis.csv, write text replace

. **Column headings
. *Ratios are per 100 patients
. file write tablecontent ("Date") _tab ("stratum") _tab ("ip") _tab ("ip_ll") _tab ("ip_ul") _tab ("icu") _tab ("icu_ll") _tab ("icu_ul") _tab ("ed") _tab ("ed_ll") _tab ("ed_ul") _tab ("avf") _tab ("avf_ll") _tab 
> ("avf_ul") _tab ("pd") _tab ("pd_ll") _tab ("pd_ul") _tab ("opd") _tab ("opd_ll") _tab ("opd_ul") _tab ("neph") _tab ("neph_ll") _tab ("neph_ul") _tab ("tx") _tab ("tx_ll") _tab ("tx_ul") _tab ("gp") _tab ("gp_ll"
> ) _tab ("gp_ul") _n

. 
. local year "2017 2018 2019 2020 2021 2022"

. foreach x of local year {
  2. file write tablecontent ("01/04/`x'") _tab ("all") _tab
  3. use ./output/`x'_ckd_complete.dta, clear
  4. drop if ckd_group!=4
  5. qui safecount
  6. local denom = round(r(N),5)
  7. foreach aggregate of varlist hospital_days critical_care_days emergency_days op_appts neph_appts tx_appts gp_interactions {
  8. qui su total_`aggregate'
  9. local `x'_`aggregate' = (r(mean)/`denom')*100
 10. local `x'_`aggregate'_ef = exp(1.96 * sqrt(1 / ``x'_`aggregate''))
 11. local `x'_`aggregate'_ul = ``x'_`aggregate'' * ``x'_`aggregate'_ef'
 12. local `x'_`aggregate'_ll = ``x'_`aggregate'' / ``x'_`aggregate'_ef'
 13. }
 14. foreach binary of varlist fistula_formation pd_insertion {
 15. qui safecount if `binary'==1
 16. local `x'_`binary' = (round(r(N),5)/`denom')*100
 17. local `x'_`binary'_ef = exp(1.96 * sqrt(1 / ``x'_`binary''))
 18. local `x'_`binary'_ul = ``x'_`binary'' * ``x'_`binary'_ef'
 19. local `x'_`binary'_ll = ``x'_`binary'' / ``x'_`binary'_ef'
 20. }
 21. file write tablecontent %10.2f (``x'_hospital_days') _tab %10.2f (``x'_hospital_days_ll') _tab %10.2f (``x'_hospital_days_ul') _tab %10.2f (``x'_critical_care_days') _tab %10.2f (``x'_critical_care_days_ll') _t
> ab %10.2f (``x'_critical_care_days_ul') _tab %10.2f (``x'_emergency_days') _tab %10.2f (``x'_emergency_days_ll') _tab %10.2f (``x'_emergency_days_ul') _tab %10.2f (``x'_fistula_formation') _tab %10.2f (``x'_fistul
> a_formation_ll') _tab %10.2f (``x'_fistula_formation_ul') _tab %10.2f (``x'_pd_insertion') _tab %10.2f (``x'_pd_insertion_ll') _tab %10.2f (``x'_pd_insertion_ul') _tab %10.2f (``x'_op_appts') _tab %10.2f (``x'_op_
> appts_ll') _tab %10.2f (``x'_op_appts_ul') _tab %10.2f (``x'_neph_appts') _tab %10.2f (``x'_neph_appts_ll') _tab %10.2f (``x'_neph_appts_ul') _tab %10.2f (``x'_tx_appts') _tab %10.2f (``x'_tx_appts_ll') _tab %10.2
> f (``x'_tx_appts_ul') _tab %10.2f (``x'_gp_interactions') _tab %10.2f (``x'_gp_interactions_ll') _tab %10.2f (``x'_gp_interactions_ul') _n
 22. }
(1,998 observations deleted)
(2,017 observations deleted)
(1,976 observations deleted)
(2,049 observations deleted)
(2,061 observations deleted)
(2,007 observations deleted)

. 
. forvalues i=1/6 {
  2. local label`i': label ethnicity `i'
  3. foreach x of local year {
  4. file write tablecontent ("01/04/`x'") _tab ("`label`i''") _tab
  5. use ./output/`x'_ckd_complete.dta, clear
  6. drop if ckd_group!=4
  7. qui safecount if ethnicity==`i'
  8. local denom = round(r(N),5)
  9. foreach aggregate of varlist hospital_days critical_care_days emergency_days op_appts neph_appts tx_appts gp_interactions {
 10. qui su ethnicity_`aggregate' if ethnicity==`i'
 11. local `x'_`aggregate' = (r(mean)/`denom')*100
 12. local `x'_`aggregate'_ef = exp(1.96 * sqrt(1 / ``x'_`aggregate''))
 13. local `x'_`aggregate'_ul = ``x'_`aggregate'' * ``x'_`aggregate'_ef'
 14. local `x'_`aggregate'_ll = ``x'_`aggregate'' / ``x'_`aggregate'_ef'
 15. }
 16. foreach binary of varlist fistula_formation pd_insertion {
 17. qui safecount if `binary'==1 & ethnicity==`i'
 18. local `x'_`binary' = (round(r(N),5)/`denom')*100
 19. local `x'_`binary'_ef = exp(1.96 * sqrt(1 / ``x'_`binary''))
 20. local `x'_`binary'_ul = ``x'_`binary'' * ``x'_`binary'_ef'
 21. local `x'_`binary'_ll = ``x'_`binary'' / ``x'_`binary'_ef'
 22. }
 23. file write tablecontent %10.2f (``x'_hospital_days') _tab %10.2f (``x'_hospital_days_ll') _tab %10.2f (``x'_hospital_days_ul') _tab %10.2f (``x'_critical_care_days') _tab %10.2f (``x'_critical_care_days_ll') _t
> ab %10.2f (``x'_critical_care_days_ul') _tab %10.2f (``x'_emergency_days') _tab %10.2f (``x'_emergency_days_ll') _tab %10.2f (``x'_emergency_days_ul') _tab %10.2f (``x'_fistula_formation') _tab %10.2f (``x'_fistul
> a_formation_ll') _tab %10.2f (``x'_fistula_formation_ul') _tab %10.2f (``x'_pd_insertion') _tab %10.2f (``x'_pd_insertion_ll') _tab %10.2f (``x'_pd_insertion_ul') _tab %10.2f (``x'_op_appts') _tab %10.2f (``x'_op_
> appts_ll') _tab %10.2f (``x'_op_appts_ul') _tab %10.2f (``x'_neph_appts') _tab %10.2f (``x'_neph_appts_ll') _tab %10.2f (``x'_neph_appts_ul') _tab %10.2f (``x'_tx_appts') _tab %10.2f (``x'_tx_appts_ll') _tab %10.2
> f (``x'_tx_appts_ul') _tab %10.2f (``x'_gp_interactions') _tab %10.2f (``x'_gp_interactions_ll') _tab %10.2f (``x'_gp_interactions_ul') _n
 24. }
 25. }
(1,998 observations deleted)
(2,017 observations deleted)
(1,976 observations deleted)
(2,049 observations deleted)
(2,061 observations deleted)
(2,007 observations deleted)
(1,998 observations deleted)
(2,017 observations deleted)
(1,976 observations deleted)
(2,049 observations deleted)
(2,061 observations deleted)
(2,007 observations deleted)
(1,998 observations deleted)
(2,017 observations deleted)
(1,976 observations deleted)
(2,049 observations deleted)
(2,061 observations deleted)
(2,007 observations deleted)
(1,998 observations deleted)
(2,017 observations deleted)
(1,976 observations deleted)
(2,049 observations deleted)
(2,061 observations deleted)
(2,007 observations deleted)
(1,998 observations deleted)
(2,017 observations deleted)
(1,976 observations deleted)
(2,049 observations deleted)
(2,061 observations deleted)
(2,007 observations deleted)
(1,998 observations deleted)
(2,017 observations deleted)
(1,976 observations deleted)
(2,049 observations deleted)
(2,061 observations deleted)
(2,007 observations deleted)

. 
. forvalues i=1/5 {
  2. local label`i': label imd `i'
  3. foreach x of local year {
  4. file write tablecontent ("01/04/`x'") _tab ("`label`i''") _tab
  5. use ./output/`x'_ckd_complete.dta, clear
  6. drop if ckd_group!=4
  7. qui safecount if imd==`i'
  8. local denom = round(r(N),5)
  9. foreach aggregate of varlist hospital_days critical_care_days emergency_days op_appts neph_appts tx_appts gp_interactions {
 10. qui su imd_`aggregate' if imd==`i'
 11. local `x'_`aggregate' = (r(mean)/`denom')*100
 12. local `x'_`aggregate'_ef = exp(1.96 * sqrt(1 / ``x'_`aggregate''))
 13. local `x'_`aggregate'_ul = ``x'_`aggregate'' * ``x'_`aggregate'_ef'
 14. local `x'_`aggregate'_ll = ``x'_`aggregate'' / ``x'_`aggregate'_ef'
 15. }
 16. foreach binary of varlist fistula_formation pd_insertion {
 17. qui safecount if `binary'==1 & imd==`i'
 18. local `x'_`binary' = (round(r(N),5)/`denom')*100
 19. local `x'_`binary'_ef = exp(1.96 * sqrt(1 / ``x'_`binary''))
 20. local `x'_`binary'_ul = ``x'_`binary'' * ``x'_`binary'_ef'
 21. local `x'_`binary'_ll = ``x'_`binary'' / ``x'_`binary'_ef'
 22. }
 23. file write tablecontent %10.2f (``x'_hospital_days') _tab %10.2f (``x'_hospital_days_ll') _tab %10.2f (``x'_hospital_days_ul') _tab %10.2f (``x'_critical_care_days') _tab %10.2f (``x'_critical_care_days_ll') _t
> ab %10.2f (``x'_critical_care_days_ul') _tab %10.2f (``x'_emergency_days') _tab %10.2f (``x'_emergency_days_ll') _tab %10.2f (``x'_emergency_days_ul') _tab %10.2f (``x'_fistula_formation') _tab %10.2f (``x'_fistul
> a_formation_ll') _tab %10.2f (``x'_fistula_formation_ul') _tab %10.2f (``x'_pd_insertion') _tab %10.2f (``x'_pd_insertion_ll') _tab %10.2f (``x'_pd_insertion_ul') _tab %10.2f (``x'_op_appts') _tab %10.2f (``x'_op_
> appts_ll') _tab %10.2f (``x'_op_appts_ul') _tab %10.2f (``x'_neph_appts') _tab %10.2f (``x'_neph_appts_ll') _tab %10.2f (``x'_neph_appts_ul') _tab %10.2f (``x'_tx_appts') _tab %10.2f (``x'_tx_appts_ll') _tab %10.2
> f (``x'_tx_appts_ul') _tab %10.2f (``x'_gp_interactions') _tab %10.2f (``x'_gp_interactions_ll') _tab %10.2f (``x'_gp_interactions_ul') _n
 24. }
 25. }
(1,998 observations deleted)
(2,017 observations deleted)
(1,976 observations deleted)
(2,049 observations deleted)
(2,061 observations deleted)
(2,007 observations deleted)
(1,998 observations deleted)
(2,017 observations deleted)
(1,976 observations deleted)
(2,049 observations deleted)
(2,061 observations deleted)
(2,007 observations deleted)
(1,998 observations deleted)
(2,017 observations deleted)
(1,976 observations deleted)
(2,049 observations deleted)
(2,061 observations deleted)
(2,007 observations deleted)
(1,998 observations deleted)
(2,017 observations deleted)
(1,976 observations deleted)
(2,049 observations deleted)
(2,061 observations deleted)
(2,007 observations deleted)
(1,998 observations deleted)
(2,017 observations deleted)
(1,976 observations deleted)
(2,049 observations deleted)
(2,061 observations deleted)
(2,007 observations deleted)

. 
. forvalues i=1/9 {
  2. local label`i': label region `i'
  3. foreach x of local year {
  4. file write tablecontent ("01/04/`x'") _tab ("`label`i''") _tab
  5. use ./output/`x'_ckd_complete.dta, clear
  6. drop if ckd_group!=4
  7. qui safecount if region==`i'
  8. local denom = round(r(N),5)
  9. foreach aggregate of varlist hospital_days critical_care_days emergency_days op_appts neph_appts tx_appts gp_interactions {
 10. qui su region_`aggregate' if region==`i'
 11. local `x'_`aggregate' = (r(mean)/`denom')*100
 12. local `x'_`aggregate'_ef = exp(1.96 * sqrt(1 / ``x'_`aggregate''))
 13. local `x'_`aggregate'_ul = ``x'_`aggregate'' * ``x'_`aggregate'_ef'
 14. local `x'_`aggregate'_ll = ``x'_`aggregate'' / ``x'_`aggregate'_ef'
 15. }
 16. foreach binary of varlist fistula_formation pd_insertion {
 17. qui safecount if `binary'==1 & region==`i'
 18. local `x'_`binary' = (round(r(N),5)/`denom')*100
 19. local `x'_`binary'_ef = exp(1.96 * sqrt(1 / ``x'_`binary''))
 20. local `x'_`binary'_ul = ``x'_`binary'' * ``x'_`binary'_ef'
 21. local `x'_`binary'_ll = ``x'_`binary'' / ``x'_`binary'_ef'
 22. }
 23. file write tablecontent %10.2f (``x'_hospital_days') _tab %10.2f (``x'_hospital_days_ll') _tab %10.2f (``x'_hospital_days_ul') _tab %10.2f (``x'_critical_care_days') _tab %10.2f (``x'_critical_care_days_ll') _t
> ab %10.2f (``x'_critical_care_days_ul') _tab %10.2f (``x'_emergency_days') _tab %10.2f (``x'_emergency_days_ll') _tab %10.2f (``x'_emergency_days_ul') _tab %10.2f (``x'_fistula_formation') _tab %10.2f (``x'_fistul
> a_formation_ll') _tab %10.2f (``x'_fistula_formation_ul') _tab %10.2f (``x'_pd_insertion') _tab %10.2f (``x'_pd_insertion_ll') _tab %10.2f (``x'_pd_insertion_ul') _tab %10.2f (``x'_op_appts') _tab %10.2f (``x'_op_
> appts_ll') _tab %10.2f (``x'_op_appts_ul') _tab %10.2f (``x'_neph_appts') _tab %10.2f (``x'_neph_appts_ll') _tab %10.2f (``x'_neph_appts_ul') _tab %10.2f (``x'_tx_appts') _tab %10.2f (``x'_tx_appts_ll') _tab %10.2
> f (``x'_tx_appts_ul') _tab %10.2f (``x'_gp_interactions') _tab %10.2f (``x'_gp_interactions_ll') _tab %10.2f (``x'_gp_interactions_ul') _n
 24. }
 25. }
(1,998 observations deleted)
(2,017 observations deleted)
(1,976 observations deleted)
(2,049 observations deleted)
(2,061 observations deleted)
(2,007 observations deleted)
(1,998 observations deleted)
(2,017 observations deleted)
(1,976 observations deleted)
(2,049 observations deleted)
(2,061 observations deleted)
(2,007 observations deleted)
(1,998 observations deleted)
(2,017 observations deleted)
(1,976 observations deleted)
(2,049 observations deleted)
(2,061 observations deleted)
(2,007 observations deleted)
(1,998 observations deleted)
(2,017 observations deleted)
(1,976 observations deleted)
(2,049 observations deleted)
(2,061 observations deleted)
(2,007 observations deleted)
(1,998 observations deleted)
(2,017 observations deleted)
(1,976 observations deleted)
(2,049 observations deleted)
(2,061 observations deleted)
(2,007 observations deleted)
(1,998 observations deleted)
(2,017 observations deleted)
(1,976 observations deleted)
(2,049 observations deleted)
(2,061 observations deleted)
(2,007 observations deleted)
(1,998 observations deleted)
(2,017 observations deleted)
(1,976 observations deleted)
(2,049 observations deleted)
(2,061 observations deleted)
(2,007 observations deleted)
(1,998 observations deleted)
(2,017 observations deleted)
(1,976 observations deleted)
(2,049 observations deleted)
(2,061 observations deleted)
(2,007 observations deleted)
(1,998 observations deleted)
(2,017 observations deleted)
(1,976 observations deleted)
(2,049 observations deleted)
(2,061 observations deleted)
(2,007 observations deleted)

. 
. forvalues i=0/1 {
  2. local label`i': label urban `i'
  3. foreach x of local year {
  4. file write tablecontent ("01/04/`x'") _tab ("`label`i''") _tab
  5. use ./output/`x'_ckd_complete.dta, clear
  6. drop if ckd_group!=4
  7. qui safecount if urban==`i'
  8. local denom = round(r(N),5)
  9. foreach aggregate of varlist hospital_days critical_care_days emergency_days op_appts neph_appts tx_appts gp_interactions {
 10. qui su urban_`aggregate' if urban==`i'
 11. local `x'_`aggregate' = (r(mean)/`denom')*100
 12. local `x'_`aggregate'_ef = exp(1.96 * sqrt(1 / ``x'_`aggregate''))
 13. local `x'_`aggregate'_ul = ``x'_`aggregate'' * ``x'_`aggregate'_ef'
 14. local `x'_`aggregate'_ll = ``x'_`aggregate'' / ``x'_`aggregate'_ef'
 15. }
 16. foreach binary of varlist fistula_formation pd_insertion {
 17. qui safecount if `binary'==1 & urban==`i'
 18. local `x'_`binary' = (round(r(N),5)/`denom')*100
 19. local `x'_`binary'_ef = exp(1.96 * sqrt(1 / ``x'_`binary''))
 20. local `x'_`binary'_ul = ``x'_`binary'' * ``x'_`binary'_ef'
 21. local `x'_`binary'_ll = ``x'_`binary'' / ``x'_`binary'_ef'
 22. }
 23. file write tablecontent %10.2f (``x'_hospital_days') _tab %10.2f (``x'_hospital_days_ll') _tab %10.2f (``x'_hospital_days_ul') _tab %10.2f (``x'_critical_care_days') _tab %10.2f (``x'_critical_care_days_ll') _t
> ab %10.2f (``x'_critical_care_days_ul') _tab %10.2f (``x'_emergency_days') _tab %10.2f (``x'_emergency_days_ll') _tab %10.2f (``x'_emergency_days_ul') _tab %10.2f (``x'_fistula_formation') _tab %10.2f (``x'_fistul
> a_formation_ll') _tab %10.2f (``x'_fistula_formation_ul') _tab %10.2f (``x'_pd_insertion') _tab %10.2f (``x'_pd_insertion_ll') _tab %10.2f (``x'_pd_insertion_ul') _tab %10.2f (``x'_op_appts') _tab %10.2f (``x'_op_
> appts_ll') _tab %10.2f (``x'_op_appts_ul') _tab %10.2f (``x'_neph_appts') _tab %10.2f (``x'_neph_appts_ll') _tab %10.2f (``x'_neph_appts_ul') _tab %10.2f (``x'_tx_appts') _tab %10.2f (``x'_tx_appts_ll') _tab %10.2
> f (``x'_tx_appts_ul') _tab %10.2f (``x'_gp_interactions') _tab %10.2f (``x'_gp_interactions_ll') _tab %10.2f (``x'_gp_interactions_ul') _n
 24. }
 25. }
(1,998 observations deleted)
(2,017 observations deleted)
(1,976 observations deleted)
(2,049 observations deleted)
(2,061 observations deleted)
(2,007 observations deleted)
(1,998 observations deleted)
(2,017 observations deleted)
(1,976 observations deleted)
(2,049 observations deleted)
(2,061 observations deleted)
(2,007 observations deleted)

. 
. file close tablecontent

. 
end of do-file

. do "C:\Users\lsh1703468\Documents\Repo\ckd-healthcare-use\analysis\relative_healthcare_use_transplant.do"

. sysdir set PLUS ./analysis/adofiles

. sysdir set PERSONAL ./analysis/adofiles

. pwd
C:\Users\lsh1703468\Documents\repo\ckd-healthcare-use

. **Loops through datasets for each year 2017-2018 to 2022-2023
. * `dataset' specifies year from project.yaml script
. local dataset `1'

. cap log close
