-----------------------------------------------------------------------------------------------------------------------------------------------------------------------------------------------------------------------
      name:  <unnamed>
       log:  C:\Users\lsh1703468\Documents\repo\ckd-healthcare-use\logs/relative_healthcare_use_overall.log
  log type:  text
 opened on:  22 Aug 2023, 14:12:14

. cap file close tablecontent

. **Creates output file for each year (`dataset')
. file open tablecontent using ./output/relative_healthcare_use_overall.csv, write text replace

. **Column headings
. *Ratios are per 1000 patients
. file write tablecontent ("Date") _tab ("stratum") _tab ("ip") _tab ("icu") _tab ("ed") _tab ("avf") _tab ("pd") _tab ("opd") _tab ("neph") _tab ("tx") _tab ("gp") _tab ("bp") _tab ("uacr") _tab ("scr") _n

. 
. local year "2017 2018 2019 2020 2021 2022"

. foreach x of local year {
  2. file write tablecontent ("01/04/`x'") _tab ("all") _tab
  3. use ./output/`x'_ckd_complete.dta, clear
  4. qui safecount
  5. local denom = round(r(N),5)
  6. foreach aggregate of varlist hospital_days critical_care_days emergency_days op_appts neph_appts tx_appts gp_interactions {
  7. qui su overall_`aggregate'
  8. local `x'_`aggregate' = (r(mean)/`denom')*1000
  9. }
 10. foreach binary of varlist fistula_formation pd_insertion blood_pressure albuminuria creatinine {
 11. qui safecount if `binary'==1
 12. local `x'_`binary' = (round(r(N),5)/`denom')*1000
 13. }
 14. file write tablecontent %4.2f (``x'_hospital_days') _tab %4.2f (``x'_critical_care_days') _tab %4.2f (``x'_emergency_days') _tab %4.2f (``x'_fistula_formation') _tab %4.2f (``x'_pd_insertion') _tab %4.2f (``x'_
> op_appts') _tab %4.2f (``x'_neph_appts') _tab %4.2f (``x'_tx_appts') _tab %4.2f (``x'_gp_interactions') _tab %4.2f (``x'_blood_pressure') _tab %4.2f (``x'_albuminuria') _tab %4.2f (``x'_creatinine') _n
 15. }

. 
. forvalues i=1/6 {
  2. local label`i': label ethnicity `i'
  3. foreach x of local year {
  4. file write tablecontent ("01/04/`x'") _tab ("`label`i''") _tab
  5. use ./output/`x'_ckd_complete.dta, clear
  6. qui safecount if ethnicity==`i'
  7. local denom = round(r(N),5)
  8. foreach aggregate of varlist hospital_days critical_care_days emergency_days op_appts neph_appts tx_appts gp_interactions {
  9. qui su ethnicity_`aggregate' if ethnicity==`i'
 10. local `x'_`aggregate' = (r(mean)/`denom')*1000
 11. }
 12. foreach binary of varlist fistula_formation pd_insertion blood_pressure albuminuria creatinine {
 13. qui safecount if `binary'==1 & ethnicity==`i'
 14. local `x'_`binary' = (round(r(N),5)/`denom')*1000
 15. }
 16. file write tablecontent %4.2f (``x'_hospital_days') _tab %4.2f (``x'_critical_care_days') _tab %4.2f (``x'_emergency_days') _tab %4.2f (``x'_fistula_formation') _tab %4.2f (``x'_pd_insertion') _tab %4.2f (``x'_
> op_appts') _tab %4.2f (``x'_neph_appts') _tab %4.2f (``x'_tx_appts') _tab %4.2f (``x'_gp_interactions') _tab %4.2f (``x'_blood_pressure') _tab %4.2f (``x'_albuminuria') _tab %4.2f (``x'_creatinine') _n
 17. }
 18. }

. 
. forvalues i=1/5 {
  2. local label`i': label imd `i'
  3. foreach x of local year {
  4. file write tablecontent ("01/04/`x'") _tab ("`label`i''") _tab
  5. use ./output/`x'_ckd_complete.dta, clear
  6. qui safecount if imd==`i'
  7. local denom = round(r(N),5)
  8. foreach aggregate of varlist hospital_days critical_care_days emergency_days op_appts neph_appts tx_appts gp_interactions {
  9. qui su imd_`aggregate' if imd==`i'
 10. local `x'_`aggregate' = (r(mean)/`denom')*1000
 11. }
 12. foreach binary of varlist fistula_formation pd_insertion blood_pressure albuminuria creatinine {
 13. qui safecount if `binary'==1 & imd==`i'
 14. local `x'_`binary' = (round(r(N),5)/`denom')*1000
 15. }
 16. file write tablecontent %4.2f (``x'_hospital_days') _tab %4.2f (``x'_critical_care_days') _tab %4.2f (``x'_emergency_days') _tab %4.2f (``x'_fistula_formation') _tab %4.2f (``x'_pd_insertion') _tab %4.2f (``x'_
> op_appts') _tab %4.2f (``x'_neph_appts') _tab %4.2f (``x'_tx_appts') _tab %4.2f (``x'_gp_interactions') _tab %4.2f (``x'_blood_pressure') _tab %4.2f (``x'_albuminuria') _tab %4.2f (``x'_creatinine') _n
 17. }
 18. }

. 
. forvalues i=1/9 {
  2. local label`i': label region `i'
  3. foreach x of local year {
  4. file write tablecontent ("01/04/`x'") _tab ("`label`i''") _tab
  5. use ./output/`x'_ckd_complete.dta, clear
  6. qui safecount if region==`i'
  7. local denom = round(r(N),5)
  8. foreach aggregate of varlist hospital_days critical_care_days emergency_days op_appts neph_appts tx_appts gp_interactions {
  9. qui su region_`aggregate' if region==`i'
 10. local `x'_`aggregate' = (r(mean)/`denom')*1000
 11. }
 12. foreach binary of varlist fistula_formation pd_insertion blood_pressure albuminuria creatinine {
 13. qui safecount if `binary'==1 & region==`i'
 14. local `x'_`binary' = (round(r(N),5)/`denom')*1000
 15. }
 16. file write tablecontent %4.2f (``x'_hospital_days') _tab %4.2f (``x'_critical_care_days') _tab %4.2f (``x'_emergency_days') _tab %4.2f (``x'_fistula_formation') _tab %4.2f (``x'_pd_insertion') _tab %4.2f (``x'_
> op_appts') _tab %4.2f (``x'_neph_appts') _tab %4.2f (``x'_tx_appts') _tab %4.2f (``x'_gp_interactions') _tab %4.2f (``x'_blood_pressure') _tab %4.2f (``x'_albuminuria') _tab %4.2f (``x'_creatinine') _n
 17. }
 18. }

. 
. forvalues i=0/1 {
  2. local label`i': label urban `i'
  3. foreach x of local year {
  4. file write tablecontent ("01/04/`x'") _tab ("`label`i''") _tab
  5. use ./output/`x'_ckd_complete.dta, clear
  6. qui safecount if urban==`i'
  7. local denom = round(r(N),5)
  8. foreach aggregate of varlist hospital_days critical_care_days emergency_days op_appts neph_appts tx_appts gp_interactions {
  9. qui su urban_`aggregate' if urban==`i'
 10. local `x'_`aggregate' = (r(mean)/`denom')*1000
 11. }
 12. foreach binary of varlist fistula_formation pd_insertion blood_pressure albuminuria creatinine {
 13. qui safecount if `binary'==1 & urban==`i'
 14. local `x'_`binary' = (round(r(N),5)/`denom')*1000
 15. }
 16. file write tablecontent %4.2f (``x'_hospital_days') _tab %4.2f (``x'_critical_care_days') _tab %4.2f (``x'_emergency_days') _tab %4.2f (``x'_fistula_formation') _tab %4.2f (``x'_pd_insertion') _tab %4.2f (``x'_
> op_appts') _tab %4.2f (``x'_neph_appts') _tab %4.2f (``x'_tx_appts') _tab %4.2f (``x'_gp_interactions') _tab %4.2f (``x'_blood_pressure') _tab %4.2f (``x'_albuminuria') _tab %4.2f (``x'_creatinine') _n
 17. }
 18. }

. file close tablecontent

. 
end of do-file

. do "C:\Users\lsh1703468\Documents\Repo\ckd-healthcare-use\analysis\relative_healthcare_use_albuminuria.do"

. sysdir set PLUS ./analysis/adofiles

. sysdir set PERSONAL ./analysis/adofiles

. pwd
C:\Users\lsh1703468\Documents\repo\ckd-healthcare-use

. **Loops through datasets for each year 2017-2018 to 2022-2023
. * `dataset' specifies year from project.yaml script
. local dataset `1'

. cap log close
