------------------------------------------------------------------------------------------------------------------------------------------------------------------------------------------------------------------------------------------------------------
      name:  <unnamed>
       log:  C:\Users\lsh1703468\Documents\repo\ckd-healthcare-use\logs/standardised_ckd_progression.log
  log type:  text
 opened on:   9 May 2024, 13:24:34

. 
. cap file close tablecontent

. file open tablecontent using ./output/standardised_ckd_progression.csv, write text replace

. 
. file write tablecontent ("stratum") _tab ("start_status") _tab ("end_status") _tab ("2017") _tab ("2017_ll") _tab ("2017_ul") _tab ("2018") _tab ("2018_ll") _tab ("2018_ul")  _tab ("2019") _tab ("2019_ll") _tab ("2019_ul") _tab ("2020") _tab ("2020_l
> l") _tab ("2020_ul") _tab ("2021") _tab ("2021_ll") _tab ("2021_ul") _tab ("2022") _tab ("2022_ll") _tab ("2022_ul") _n

. 
. local year "2017 2018 2019 2020 2021 2022"

. /*foreach x of local year {
> use ./output/`x'_ckd_complete.dta, clear
> drop _merge
> merge 1:1 patient_id using ./output/`x'_nockd_complete
> 
> replace ckd_group = 0 if ckd_group==1
> 
> **Overall
> total weight
> local baseline_ckd_`x' = r(table)[1,1]
> local baseline_ckd_`x'_ll = r(table)[5,1]
> local baseline_ckd_`x'_ul = r(table)[6,1]
> 
> total weight if ckd_progression==0
> local none_ckd_`x' = r(table)[1,1]
> local none_ckd_`x'_ll = r(table)[5,1]
> local none_ckd_`x'_ul = r(table)[6,1]
> 
> total weight if ckd_progression==1
> local ckd3_ckd_`x' = r(table)[1,1]
> local ckd3_ckd_`x'_ll = r(table)[5,1]
> local ckd3_ckd_`x'_ul = r(table)[6,1]
> 
> total weight if ckd_progression==2
> local ckd4_ckd_`x' = r(table)[1,1]
> local ckd4_ckd_`x'_ll = r(table)[5,1]
> local ckd4_ckd_`x'_ul = r(table)[6,1]
> 
> total weight if ckd_progression==3
> local dialysis_ckd_`x' = r(table)[1,1]
> local dialysis_ckd_`x'_ll = r(table)[5,1]
> local dialysis_ckd_`x'_ul = r(table)[6,1]
> 
> total weight if ckd_progression==4
> local kt_ckd_`x' = r(table)[1,1]
> local kt_ckd_`x'_ll = r(table)[5,1]
> local kt_ckd_`x'_ul = r(table)[6,1]
> 
> total weight if ckd_progression==6
> local deceased_ckd_`x' = r(table)[1,1]
> local deceased_ckd_`x'_ll = r(table)[5,1]
> local deceased_ckd_`x'_ul = r(table)[6,1]
> 
> total weight if cardiovascular==1
> local cardio_ckd_`x' = r(table)[1,1]
> local cardio_ckd_`x'_ll = r(table)[5,1]
> local cardio_ckd_`x'_ul = r(table)[6,1]
> 
> **No CKD
> total weight if ckd_group==0
> local baseline_nockd_`x' = r(table)[1,1]
> local baseline_nockd_`x'_ll = r(table)[5,1]
> local baseline_nockd_`x'_ul = r(table)[6,1]
> 
> total weight if ckd_group==0 & ckd_progression==0
> local none_nockd_`x' = r(table)[1,1]
> local none_nockd_`x'_ll = r(table)[5,1]
> local none_nockd_`x'_ul = r(table)[6,1]
> 
> total weight if ckd_group==0 & ckd_progression==1
> local ckd3_nockd_`x' = r(table)[1,1]
> local ckd3_nockd_`x'_ll = r(table)[5,1]
> local ckd3_nockd_`x'_ul = r(table)[6,1]
> 
> total weight if ckd_group==0 & ckd_progression==2
> local ckd4_nockd_`x' = r(table)[1,1]
> local ckd4_nockd_`x'_ll = r(table)[5,1]
> local ckd4_nockd_`x'_ul = r(table)[6,1]
> 
> total weight if ckd_group==0 & ckd_progression==3
> local dialysis_nockd_`x' = r(table)[1,1]
> local dialysis_nockd_`x'_ll = r(table)[5,1]
> local dialysis_nockd_`x'_ul = r(table)[6,1]
> 
> total weight if ckd_group==0 & ckd_progression==4
> local kt_nockd_`x' = r(table)[1,1]
> local kt_nockd_`x'_ll = r(table)[5,1]
> local kt_nockd_`x'_ul = r(table)[6,1]
> 
> total weight if ckd_group==0 & ckd_progression==6
> local deceased_nockd_`x' = r(table)[1,1]
> local deceased_nockd_`x'_ll = r(table)[5,1]
> local deceased_nockd_`x'_ul = r(table)[6,1]
> 
> total weight if cardiovascular==1 & ckd_group==0
> local cardio_nockd_`x' = r(table)[1,1]
> local cardio_nockd_`x'_ll = r(table)[5,1]
> local cardio_nockd_`x'_ul = r(table)[6,1]
> 
> **CKD stage 3
> total weight if ckd_group==2
> local baseline_ckd3_`x' = r(table)[1,1]
> local baseline_ckd3_`x'_ll = r(table)[5,1]
> local baseline_ckd3_`x'_ul = r(table)[6,1]
> 
> total weight if ckd_group==2 & ckd_progression==0
> local none_ckd3_`x' = r(table)[1,1]
> local none_ckd3_`x'_ll = r(table)[5,1]
> local none_ckd3_`x'_ul = r(table)[6,1]
> 
> total weight if ckd_group==2 & ckd_progression==2
> local ckd4_ckd3_`x' = r(table)[1,1]
> local ckd4_ckd3_`x'_ll = r(table)[5,1]
> local ckd4_ckd3_`x'_ul = r(table)[6,1]
> 
> total weight if ckd_group==2 & ckd_progression==3
> local dialysis_ckd3_`x' = r(table)[1,1]
> local dialysis_ckd3_`x'_ll = r(table)[5,1]
> local dialysis_ckd3_`x'_ul = r(table)[6,1]
> 
> total weight if ckd_group==2 & ckd_progression==4
> local kt_ckd3_`x' = r(table)[1,1]
> local kt_ckd3_`x'_ll = r(table)[5,1]
> local kt_ckd3_`x'_ul = r(table)[6,1]
> 
> total weight if ckd_group==2 & ckd_progression==6
> local deceased_ckd3_`x' = r(table)[1,1]
> local deceased_ckd3_`x'_ll = r(table)[5,1]
> local deceased_ckd3_`x'_ul = r(table)[6,1]
> 
> total weight if cardiovascular==1 & ckd_group==2
> local cardio_ckd3_`x' = r(table)[1,1]
> local cardio_ckd3_`x'_ll = r(table)[5,1]
> local cardio_ckd3_`x'_ul = r(table)[6,1]
> 
> **CKD stage 4/5
> total weight if ckd_group==3
> local baseline_ckd4_`x' = r(table)[1,1]
> local baseline_ckd4_`x'_ll = r(table)[5,1]
> local baseline_ckd4_`x'_ul = r(table)[6,1]
> 
> total weight if ckd_group==3 & ckd_progression==0
> local none_ckd4_`x' = r(table)[1,1]
> local none_ckd4_`x'_ll = r(table)[5,1]
> local none_ckd4_`x'_ul = r(table)[6,1]
> 
> total weight if ckd_group==3 & ckd_progression==3
> local dialysis_ckd4_`x' = r(table)[1,1]
> local dialysis_ckd4_`x'_ll = r(table)[5,1]
> local dialysis_ckd4_`x'_ul = r(table)[6,1]
> 
> total weight if ckd_group==3 & ckd_progression==4
> local kt_ckd4_`x' = r(table)[1,1]
> local kt_ckd4_`x'_ll = r(table)[5,1]
> local kt_ckd4_`x'_ul = r(table)[6,1]
> 
> total weight if ckd_group==3 & ckd_progression==6
> local deceased_ckd4_`x' = r(table)[1,1]
> local deceased_ckd4_`x'_ll = r(table)[5,1]
> local deceased_ckd4_`x'_ul = r(table)[6,1]
> 
> total weight if cardiovascular==1 & ckd_group==3
> local cardio_ckd4_`x' = r(table)[1,1]
> local cardio_ckd4_`x'_ll = r(table)[5,1]
> local cardio_ckd4_`x'_ul = r(table)[6,1]
> 
> **Dialysis
> total weight if ckd_group==4
> local baseline_dialysis_`x' = r(table)[1,1]
> local baseline_dialysis_`x'_ll = r(table)[5,1]
> local baseline_dialysis_`x'_ul = r(table)[6,1]
> 
> total weight if ckd_group==4 & ckd_progression==0
> local none_dialysis_`x' = r(table)[1,1]
> local none_dialysis_`x'_ll = r(table)[5,1]
> local none_dialysis_`x'_ul = r(table)[6,1]
> 
> total weight if ckd_group==4 & ckd_progression==4
> local kt_dialysis_`x' = r(table)[1,1]
> local kt_dialysis_`x'_ll = r(table)[5,1]
> local kt_dialysis_`x'_ul = r(table)[6,1]
> 
> total weight if ckd_group==4 & ckd_progression==6
> local deceased_dialysis_`x' = r(table)[1,1]
> local deceased_dialysis_`x'_ll = r(table)[5,1]
> local deceased_dialysis_`x'_ul = r(table)[6,1]
> 
> total weight if cardiovascular==1 & ckd_group==4
> local cardio_dialysis_`x' = r(table)[1,1]
> local cardio_dialysis_`x'_ll = r(table)[5,1]
> local cardio_dialysis_`x'_ul = r(table)[6,1]
> 
> **Kidney transplant
> total weight if ckd_group==5
> local baseline_kt_`x' = r(table)[1,1]
> local baseline_kt_`x'_ll = r(table)[5,1]
> local baseline_kt_`x'_ul = r(table)[6,1]
> 
> total weight if ckd_group==5 & ckd_progression==0
> local none_kt_`x' = r(table)[1,1]
> local none_kt_`x'_ll = r(table)[5,1]
> local none_kt_`x'_ul = r(table)[6,1]
> 
> total weight if ckd_group==5 & ckd_progression==3
> local dialysis_kt_`x' = r(table)[1,1]
> local dialysis_kt_`x'_ll = r(table)[5,1]
> local dialysis_kt_`x'_ul = r(table)[6,1]
> 
> total weight if ckd_group==5 & ckd_progression==6
> local deceased_kt_`x' = r(table)[1,1]
> local deceased_kt_`x'_ll = r(table)[5,1]
> local deceased_kt_`x'_ul = r(table)[6,1]
> 
> total weight if cardiovascular==1 & ckd_group==5
> local cardio_kt_`x' = r(table)[1,1]
> local cardio_kt_`x'_ll = r(table)[5,1]
> local cardio_kt_`x'_ul = r(table)[6,1]
> }
> 
> **Populate table with redacted counts
> *Overall
> file write tablecontent ("All") _tab ("Overall") _tab ("N/A") _tab %10.2f (`baseline_ckd_2017') _tab %10.2f (`baseline_ckd_2017_ll') _tab %10.2f (`baseline_ckd_2017_ul') _tab %10.2f (`baseline_ckd_2018') _tab %10.2f (`baseline_ckd_2018_ll') _tab %10.
> 2f (`baseline_ckd_2018_ul') _tab %10.2f (`baseline_ckd_2019') _tab %10.2f (`baseline_ckd_2019_ll') _tab %10.2f (`baseline_ckd_2019_ul') _tab %10.2f (`baseline_ckd_2020') _tab %10.2f (`baseline_ckd_2020_ll') _tab %10.2f (`baseline_ckd_2020_ul') _tab %
> 10.2f (`baseline_ckd_2021') _tab %10.2f (`baseline_ckd_2021_ll') _tab %10.2f (`baseline_ckd_2021_ul') _tab %10.2f (`baseline_ckd_2022') _tab %10.2f (`baseline_ckd_2022_ll') _tab %10.2f (`baseline_ckd_2022_ul') _n
> file write tablecontent ("All") _tab ("Overall") _tab ("No progression") _tab %10.2f (`none_ckd_2017') _tab %10.2f (`none_ckd_2017_ll') _tab %10.2f (`none_ckd_2017_ul') _tab %10.2f (`none_ckd_2018') _tab %10.2f (`none_ckd_2018_ll') _tab %10.2f (`none
> _ckd_2018_ul') _tab %10.2f (`none_ckd_2019') _tab %10.2f (`none_ckd_2019_ll') _tab %10.2f (`none_ckd_2019_ul') _tab %10.2f (`none_ckd_2020') _tab %10.2f (`none_ckd_2020_ll') _tab %10.2f (`none_ckd_2020_ul') _tab %10.2f (`none_ckd_2021') _tab %10.2f (
> `none_ckd_2021_ll') _tab %10.2f (`none_ckd_2021_ul') _tab %10.2f (`none_ckd_2022') _tab %10.2f (`none_ckd_2022_ll') _tab %10.2f (`none_ckd_2022_ul') _n
> file write tablecontent ("All") _tab ("Overall") _tab ("CKD stage 3") _tab %10.2f (`ckd3_ckd_2017') _tab %10.2f (`ckd3_ckd_2017_ll') _tab %10.2f (`ckd3_ckd_2017_ul') _tab %10.2f (`ckd3_ckd_2018') _tab %10.2f (`ckd3_ckd_2018_ll') _tab %10.2f (`ckd3_ck
> d_2018_ul') _tab %10.2f (`ckd3_ckd_2019') _tab %10.2f (`ckd3_ckd_2019_ll') _tab %10.2f (`ckd3_ckd_2019_ul') _tab %10.2f (`ckd3_ckd_2020') _tab %10.2f (`ckd3_ckd_2020_ll') _tab %10.2f (`ckd3_ckd_2020_ul') _tab %10.2f (`ckd3_ckd_2021') _tab %10.2f (`ck
> d3_ckd_2021_ll') _tab %10.2f (`ckd3_ckd_2021_ul') _tab %10.2f (`ckd3_ckd_2022') _tab %10.2f (`ckd3_ckd_2022_ll') _tab %10.2f (`ckd3_ckd_2022_ul') _n
> file write tablecontent ("All") _tab ("Overall") _tab ("CKD stage 4/5") _tab %10.2f (`ckd4_ckd_2017') _tab %10.2f (`ckd4_ckd_2017_ll') _tab %10.2f (`ckd4_ckd_2017_ul') _tab %10.2f (`ckd4_ckd_2018') _tab %10.2f (`ckd4_ckd_2018_ll') _tab %10.2f (`ckd4_
> ckd_2018_ul') _tab %10.2f (`ckd4_ckd_2019') _tab %10.2f (`ckd4_ckd_2019_ll') _tab %10.2f (`ckd4_ckd_2019_ul') _tab %10.2f (`ckd4_ckd_2020') _tab %10.2f (`ckd4_ckd_2020_ll') _tab %10.2f (`ckd4_ckd_2020_ul') _tab %10.2f (`ckd4_ckd_2021') _tab %10.2f (`
> ckd4_ckd_2021_ll') _tab %10.2f (`ckd4_ckd_2021_ul') _tab %10.2f (`ckd4_ckd_2022') _tab %10.2f (`ckd4_ckd_2022_ll') _tab %10.2f (`ckd4_ckd_2022_ul') _n
> file write tablecontent ("All") _tab ("Overall") _tab ("Dialysis") _tab %10.2f (`dialysis_ckd_2017') _tab %10.2f (`dialysis_ckd_2017_ll') _tab %10.2f (`dialysis_ckd_2017_ul') _tab %10.2f (`dialysis_ckd_2018') _tab %10.2f (`dialysis_ckd_2018_ll') _tab
>  %10.2f (`dialysis_ckd_2018_ul') _tab %10.2f (`dialysis_ckd_2019') _tab %10.2f (`dialysis_ckd_2019_ll') _tab %10.2f (`dialysis_ckd_2019_ul') _tab %10.2f (`dialysis_ckd_2020') _tab %10.2f (`dialysis_ckd_2020_ll') _tab %10.2f (`dialysis_ckd_2020_ul') _
> tab %10.2f (`dialysis_ckd_2021') _tab %10.2f (`dialysis_ckd_2021_ll') _tab %10.2f (`dialysis_ckd_2021_ul') _tab %10.2f (`dialysis_ckd_2022') _tab %10.2f (`dialysis_ckd_2022_ll') _tab %10.2f (`dialysis_ckd_2022_ul') _n
> file write tablecontent ("All") _tab ("Overall") _tab ("Transplant") _tab %10.2f (`kt_ckd_2017') _tab %10.2f (`kt_ckd_2017_ll') _tab %10.2f (`kt_ckd_2017_ul') _tab %10.2f (`kt_ckd_2018') _tab %10.2f (`kt_ckd_2018_ll') _tab %10.2f (`kt_ckd_2018_ul') _
> tab %10.2f (`kt_ckd_2019') _tab %10.2f (`kt_ckd_2019_ll') _tab %10.2f (`kt_ckd_2019_ul') _tab %10.2f (`kt_ckd_2020') _tab %10.2f (`kt_ckd_2020_ll') _tab %10.2f (`kt_ckd_2020_ul') _tab %10.2f (`kt_ckd_2021') _tab %10.2f (`kt_ckd_2021_ll') _tab %10.2f 
> (`kt_ckd_2021_ul') _tab %10.2f (`kt_ckd_2022') _tab %10.2f (`kt_ckd_2022_ll') _tab %10.2f (`kt_ckd_2022_ul') _n
> file write tablecontent ("All") _tab ("Overall") _tab ("Deceased") _tab %10.2f (`deceased_ckd_2017') _tab %10.2f (`deceased_ckd_2017_ll') _tab %10.2f (`deceased_ckd_2017_ul') _tab %10.2f (`deceased_ckd_2018') _tab %10.2f (`deceased_ckd_2018_ll') _tab
>  %10.2f (`deceased_ckd_2018_ul') _tab %10.2f (`deceased_ckd_2019') _tab %10.2f (`deceased_ckd_2019_ll') _tab %10.2f (`deceased_ckd_2019_ul') _tab %10.2f (`deceased_ckd_2020') _tab %10.2f (`deceased_ckd_2020_ll') _tab %10.2f (`deceased_ckd_2020_ul') _
> tab %10.2f (`deceased_ckd_2021') _tab %10.2f (`deceased_ckd_2021_ll') _tab %10.2f (`deceased_ckd_2021_ul') _tab %10.2f (`deceased_ckd_2022') _tab %10.2f (`deceased_ckd_2022_ll') _tab %10.2f (`deceased_ckd_2022_ul') _n
> file write tablecontent ("All") _tab ("Overall") _tab ("Cardiovascular admission") _tab %10.2f (`cardio_ckd_2017') _tab %10.2f (`cardio_ckd_2017_ll') _tab %10.2f (`cardio_ckd_2017_ul') _tab %10.2f (`cardio_ckd_2018') _tab %10.2f (`cardio_ckd_2018_ll'
> ) _tab %10.2f (`cardio_ckd_2018_ul') _tab %10.2f (`cardio_ckd_2019') _tab %10.2f (`cardio_ckd_2019_ll') _tab %10.2f (`cardio_ckd_2019_ul') _tab %10.2f (`cardio_ckd_2020') _tab %10.2f (`cardio_ckd_2020_ll') _tab %10.2f (`cardio_ckd_2020_ul') _tab %10.
> 2f (`cardio_ckd_2021') _tab %10.2f (`cardio_ckd_2021_ll') _tab %10.2f (`cardio_ckd_2021_ul') _tab %10.2f (`cardio_ckd_2022') _tab %10.2f (`cardio_ckd_2022_ll') _tab %10.2f (`cardio_ckd_2022_ul') _n
> 
> *No CKD
> file write tablecontent ("All") _tab ("No CKD") _tab ("N/A") _tab %10.2f (`baseline_nockd_2017') _tab %10.2f (`baseline_nockd_2017_ll') _tab %10.2f (`baseline_nockd_2017_ul') _tab %10.2f (`baseline_nockd_2018') _tab %10.2f (`baseline_nockd_2018_ll') 
> _tab %10.2f (`baseline_nockd_2018_ul') _tab %10.2f (`baseline_nockd_2019') _tab %10.2f (`baseline_nockd_2019_ll') _tab %10.2f (`baseline_nockd_2019_ul') _tab %10.2f (`baseline_nockd_2020') _tab %10.2f (`baseline_nockd_2020_ll') _tab %10.2f (`baseline
> _nockd_2020_ul') _tab %10.2f (`baseline_nockd_2021') _tab %10.2f (`baseline_nockd_2021_ll') _tab %10.2f (`baseline_nockd_2021_ul') _tab %10.2f (`baseline_nockd_2022') _tab %10.2f (`baseline_nockd_2022_ll') _tab %10.2f (`baseline_nockd_2022_ul') _n
> file write tablecontent ("All") _tab ("No CKD") _tab ("No progression") _tab %10.2f (`none_nockd_2017') _tab %10.2f (`none_nockd_2017_ll') _tab %10.2f (`none_nockd_2017_ul') _tab %10.2f (`none_nockd_2018') _tab %10.2f (`none_nockd_2018_ll') _tab %10.
> 2f (`none_nockd_2018_ul') _tab %10.2f (`none_nockd_2019') _tab %10.2f (`none_nockd_2019_ll') _tab %10.2f (`none_nockd_2019_ul') _tab %10.2f (`none_nockd_2020') _tab %10.2f (`none_nockd_2020_ll') _tab %10.2f (`none_nockd_2020_ul') _tab %10.2f (`none_n
> ockd_2021') _tab %10.2f (`none_nockd_2021_ll') _tab %10.2f (`none_nockd_2021_ul') _tab %10.2f (`none_nockd_2022') _tab %10.2f (`none_nockd_2022_ll') _tab %10.2f (`none_nockd_2022_ul') _n
> file write tablecontent ("All") _tab ("No CKD") _tab ("CKD stage 3") _tab %10.2f (`ckd3_nockd_2017') _tab %10.2f (`ckd3_nockd_2017_ll') _tab %10.2f (`ckd3_nockd_2017_ul') _tab %10.2f (`ckd3_nockd_2018') _tab %10.2f (`ckd3_nockd_2018_ll') _tab %10.2f 
> (`ckd3_nockd_2018_ul') _tab %10.2f (`ckd3_nockd_2019') _tab %10.2f (`ckd3_nockd_2019_ll') _tab %10.2f (`ckd3_nockd_2019_ul') _tab %10.2f (`ckd3_nockd_2020') _tab %10.2f (`ckd3_nockd_2020_ll') _tab %10.2f (`ckd3_nockd_2020_ul') _tab %10.2f (`ckd3_nock
> d_2021') _tab %10.2f (`ckd3_nockd_2021_ll') _tab %10.2f (`ckd3_nockd_2021_ul') _tab %10.2f (`ckd3_nockd_2022') _tab %10.2f (`ckd3_nockd_2022_ll') _tab %10.2f (`ckd3_nockd_2022_ul') _n
> file write tablecontent ("All") _tab ("No CKD") _tab ("CKD stage 4/5") _tab %10.2f (`ckd4_nockd_2017') _tab %10.2f (`ckd4_nockd_2017_ll') _tab %10.2f (`ckd4_nockd_2017_ul') _tab %10.2f (`ckd4_nockd_2018') _tab %10.2f (`ckd4_nockd_2018_ll') _tab %10.2
> f (`ckd4_nockd_2018_ul') _tab %10.2f (`ckd4_nockd_2019') _tab %10.2f (`ckd4_nockd_2019_ll') _tab %10.2f (`ckd4_nockd_2019_ul') _tab %10.2f (`ckd4_nockd_2020') _tab %10.2f (`ckd4_nockd_2020_ll') _tab %10.2f (`ckd4_nockd_2020_ul') _tab %10.2f (`ckd4_no
> ckd_2021') _tab %10.2f (`ckd4_nockd_2021_ll') _tab %10.2f (`ckd4_nockd_2021_ul') _tab %10.2f (`ckd4_nockd_2022') _tab %10.2f (`ckd4_nockd_2022_ll') _tab %10.2f (`ckd4_nockd_2022_ul') _n
> file write tablecontent ("All") _tab ("No CKD") _tab ("Dialysis") _tab %10.2f (`dialysis_nockd_2017') _tab %10.2f (`dialysis_nockd_2017_ll') _tab %10.2f (`dialysis_nockd_2017_ul') _tab %10.2f (`dialysis_nockd_2018') _tab %10.2f (`dialysis_nockd_2018_
> ll') _tab %10.2f (`dialysis_nockd_2018_ul') _tab %10.2f (`dialysis_nockd_2019') _tab %10.2f (`dialysis_nockd_2019_ll') _tab %10.2f (`dialysis_nockd_2019_ul') _tab %10.2f (`dialysis_nockd_2020') _tab %10.2f (`dialysis_nockd_2020_ll') _tab %10.2f (`dia
> lysis_nockd_2020_ul') _tab %10.2f (`dialysis_nockd_2021') _tab %10.2f (`dialysis_nockd_2021_ll') _tab %10.2f (`dialysis_nockd_2021_ul') _tab %10.2f (`dialysis_nockd_2022') _tab %10.2f (`dialysis_nockd_2022_ll') _tab %10.2f (`dialysis_nockd_2022_ul') 
> _n
> file write tablecontent ("All") _tab ("No CKD") _tab ("Transplant") _tab %10.2f (`kt_nockd_2017') _tab %10.2f (`kt_nockd_2017_ll') _tab %10.2f (`kt_nockd_2017_ul') _tab %10.2f (`kt_nockd_2018') _tab %10.2f (`kt_nockd_2018_ll') _tab %10.2f (`kt_nockd_
> 2018_ul') _tab %10.2f (`kt_nockd_2019') _tab %10.2f (`kt_nockd_2019_ll') _tab %10.2f (`kt_nockd_2019_ul') _tab %10.2f (`kt_nockd_2020') _tab %10.2f (`kt_nockd_2020_ll') _tab %10.2f (`kt_nockd_2020_ul') _tab %10.2f (`kt_nockd_2021') _tab %10.2f (`kt_n
> ockd_2021_ll') _tab %10.2f (`kt_nockd_2021_ul') _tab %10.2f (`kt_nockd_2022') _tab %10.2f (`kt_nockd_2022_ll') _tab %10.2f (`kt_nockd_2022_ul') _n
> file write tablecontent ("All") _tab ("No CKD") _tab ("Deceased") _tab %10.2f (`deceased_nockd_2017') _tab %10.2f (`deceased_nockd_2017_ll') _tab %10.2f (`deceased_nockd_2017_ul') _tab %10.2f (`deceased_nockd_2018') _tab %10.2f (`deceased_nockd_2018_
> ll') _tab %10.2f (`deceased_nockd_2018_ul') _tab %10.2f (`deceased_nockd_2019') _tab %10.2f (`deceased_nockd_2019_ll') _tab %10.2f (`deceased_nockd_2019_ul') _tab %10.2f (`deceased_nockd_2020') _tab %10.2f (`deceased_nockd_2020_ll') _tab %10.2f (`dec
> eased_nockd_2020_ul') _tab %10.2f (`deceased_nockd_2021') _tab %10.2f (`deceased_nockd_2021_ll') _tab %10.2f (`deceased_nockd_2021_ul') _tab %10.2f (`deceased_nockd_2022') _tab %10.2f (`deceased_nockd_2022_ll') _tab %10.2f (`deceased_nockd_2022_ul') 
> _n
> file write tablecontent ("All") _tab ("No CKD") _tab ("Cardiovascular admission") _tab %10.2f (`cardio_nockd_2017') _tab %10.2f (`cardio_nockd_2017_ll') _tab %10.2f (`cardio_nockd_2017_ul') _tab %10.2f (`cardio_nockd_2018') _tab %10.2f (`cardio_nockd
> _2018_ll') _tab %10.2f (`cardio_nockd_2018_ul') _tab %10.2f (`cardio_nockd_2019') _tab %10.2f (`cardio_nockd_2019_ll') _tab %10.2f (`cardio_nockd_2019_ul') _tab %10.2f (`cardio_nockd_2020') _tab %10.2f (`cardio_nockd_2020_ll') _tab %10.2f (`cardio_no
> ckd_2020_ul') _tab %10.2f (`cardio_nockd_2021') _tab %10.2f (`cardio_nockd_2021_ll') _tab %10.2f (`cardio_nockd_2021_ul') _tab %10.2f (`cardio_nockd_2022') _tab %10.2f (`cardio_nockd_2022_ll') _tab %10.2f (`cardio_nockd_2022_ul') _n
> 
> *CKD stage 3
> file write tablecontent ("All") _tab ("CKD stage 3") _tab ("N/A") _tab %10.2f (`baseline_ckd3_2017') _tab %10.2f (`baseline_ckd3_2017_ll') _tab %10.2f (`baseline_ckd3_2017_ul') _tab %10.2f (`baseline_ckd3_2018') _tab %10.2f (`baseline_ckd3_2018_ll') 
> _tab %10.2f (`baseline_ckd3_2018_ul') _tab %10.2f (`baseline_ckd3_2019') _tab %10.2f (`baseline_ckd3_2019_ll') _tab %10.2f (`baseline_ckd3_2019_ul') _tab %10.2f (`baseline_ckd3_2020') _tab %10.2f (`baseline_ckd3_2020_ll') _tab %10.2f (`baseline_ckd3_
> 2020_ul') _tab %10.2f (`baseline_ckd3_2021') _tab %10.2f (`baseline_ckd3_2021_ll') _tab %10.2f (`baseline_ckd3_2021_ul') _tab %10.2f (`baseline_ckd3_2022') _tab %10.2f (`baseline_ckd3_2022_ll') _tab %10.2f (`baseline_ckd3_2022_ul') _n
> file write tablecontent ("All") _tab ("CKD stage 3") _tab ("No progression") _tab %10.2f (`none_ckd3_2017') _tab %10.2f (`none_ckd3_2017_ll') _tab %10.2f (`none_ckd3_2017_ul') _tab %10.2f (`none_ckd3_2018') _tab %10.2f (`none_ckd3_2018_ll') _tab %10.
> 2f (`none_ckd3_2018_ul') _tab %10.2f (`none_ckd3_2019') _tab %10.2f (`none_ckd3_2019_ll') _tab %10.2f (`none_ckd3_2019_ul') _tab %10.2f (`none_ckd3_2020') _tab %10.2f (`none_ckd3_2020_ll') _tab %10.2f (`none_ckd3_2020_ul') _tab %10.2f (`none_ckd3_202
> 1') _tab %10.2f (`none_ckd3_2021_ll') _tab %10.2f (`none_ckd3_2021_ul') _tab %10.2f (`none_ckd3_2022') _tab %10.2f (`none_ckd3_2022_ll') _tab %10.2f (`none_ckd3_2022_ul') _n
> file write tablecontent ("All") _tab ("CKD stage 3") _tab ("CKD stage 4/5") _tab %10.2f (`ckd4_ckd3_2017') _tab %10.2f (`ckd4_ckd3_2017_ll') _tab %10.2f (`ckd4_ckd3_2017_ul') _tab %10.2f (`ckd4_ckd3_2018') _tab %10.2f (`ckd4_ckd3_2018_ll') _tab %10.2
> f (`ckd4_ckd3_2018_ul') _tab %10.2f (`ckd4_ckd3_2019') _tab %10.2f (`ckd4_ckd3_2019_ll') _tab %10.2f (`ckd4_ckd3_2019_ul') _tab %10.2f (`ckd4_ckd3_2020') _tab %10.2f (`ckd4_ckd3_2020_ll') _tab %10.2f (`ckd4_ckd3_2020_ul') _tab %10.2f (`ckd4_ckd3_2021
> ') _tab %10.2f (`ckd4_ckd3_2021_ll') _tab %10.2f (`ckd4_ckd3_2021_ul') _tab %10.2f (`ckd4_ckd3_2022') _tab %10.2f (`ckd4_ckd3_2022_ll') _tab %10.2f (`ckd4_ckd3_2022_ul') _n
> file write tablecontent ("All") _tab ("CKD stage 3") _tab ("Dialysis") _tab %10.2f (`dialysis_ckd3_2017') _tab %10.2f (`dialysis_ckd3_2017_ll') _tab %10.2f (`dialysis_ckd3_2017_ul') _tab %10.2f (`dialysis_ckd3_2018') _tab %10.2f (`dialysis_ckd3_2018_
> ll') _tab %10.2f (`dialysis_ckd3_2018_ul') _tab %10.2f (`dialysis_ckd3_2019') _tab %10.2f (`dialysis_ckd3_2019_ll') _tab %10.2f (`dialysis_ckd3_2019_ul') _tab %10.2f (`dialysis_ckd3_2020') _tab %10.2f (`dialysis_ckd3_2020_ll') _tab %10.2f (`dialysis_
> ckd3_2020_ul') _tab %10.2f (`dialysis_ckd3_2021') _tab %10.2f (`dialysis_ckd3_2021_ll') _tab %10.2f (`dialysis_ckd3_2021_ul') _tab %10.2f (`dialysis_ckd3_2022') _tab %10.2f (`dialysis_ckd3_2022_ll') _tab %10.2f (`dialysis_ckd3_2022_ul') _n
> file write tablecontent ("All") _tab ("CKD stage 3") _tab ("Transplant") _tab %10.2f (`kt_ckd3_2017') _tab %10.2f (`kt_ckd3_2017_ll') _tab %10.2f (`kt_ckd3_2017_ul') _tab %10.2f (`kt_ckd3_2018') _tab %10.2f (`kt_ckd3_2018_ll') _tab %10.2f (`kt_ckd3_2
> 018_ul') _tab %10.2f (`kt_ckd3_2019') _tab %10.2f (`kt_ckd3_2019_ll') _tab %10.2f (`kt_ckd3_2019_ul') _tab %10.2f (`kt_ckd3_2020') _tab %10.2f (`kt_ckd3_2020_ll') _tab %10.2f (`kt_ckd3_2020_ul') _tab %10.2f (`kt_ckd3_2021') _tab %10.2f (`kt_ckd3_2021
> _ll') _tab %10.2f (`kt_ckd3_2021_ul') _tab %10.2f (`kt_ckd3_2022') _tab %10.2f (`kt_ckd3_2022_ll') _tab %10.2f (`kt_ckd3_2022_ul') _n
> file write tablecontent ("All") _tab ("CKD stage 3") _tab ("Deceased") _tab %10.2f (`deceased_ckd3_2017') _tab %10.2f (`deceased_ckd3_2017_ll') _tab %10.2f (`deceased_ckd3_2017_ul') _tab %10.2f (`deceased_ckd3_2018') _tab %10.2f (`deceased_ckd3_2018_
> ll') _tab %10.2f (`deceased_ckd3_2018_ul') _tab %10.2f (`deceased_ckd3_2019') _tab %10.2f (`deceased_ckd3_2019_ll') _tab %10.2f (`deceased_ckd3_2019_ul') _tab %10.2f (`deceased_ckd3_2020') _tab %10.2f (`deceased_ckd3_2020_ll') _tab %10.2f (`deceased_
> ckd3_2020_ul') _tab %10.2f (`deceased_ckd3_2021') _tab %10.2f (`deceased_ckd3_2021_ll') _tab %10.2f (`deceased_ckd3_2021_ul') _tab %10.2f (`deceased_ckd3_2022') _tab %10.2f (`deceased_ckd3_2022_ll') _tab %10.2f (`deceased_ckd3_2022_ul') _n
> file write tablecontent ("All") _tab ("CKD stage 3") _tab ("Cardiovascular admission") _tab %10.2f (`cardio_ckd3_2017') _tab %10.2f (`cardio_ckd3_2017_ll') _tab %10.2f (`cardio_ckd3_2017_ul') _tab %10.2f (`cardio_ckd3_2018') _tab %10.2f (`cardio_ckd3
> _2018_ll') _tab %10.2f (`cardio_ckd3_2018_ul') _tab %10.2f (`cardio_ckd3_2019') _tab %10.2f (`cardio_ckd3_2019_ll') _tab %10.2f (`cardio_ckd3_2019_ul') _tab %10.2f (`cardio_ckd3_2020') _tab %10.2f (`cardio_ckd3_2020_ll') _tab %10.2f (`cardio_ckd3_202
> 0_ul') _tab %10.2f (`cardio_ckd3_2021') _tab %10.2f (`cardio_ckd3_2021_ll') _tab %10.2f (`cardio_ckd3_2021_ul') _tab %10.2f (`cardio_ckd3_2022') _tab %10.2f (`cardio_ckd3_2022_ll') _tab %10.2f (`cardio_ckd3_2022_ul') _n
> 
> *CKD stage 4/5 without RRT
> file write tablecontent ("All") _tab ("CKD stage 4/5") _tab ("N/A") _tab %10.2f (`baseline_ckd4_2017') _tab %10.2f (`baseline_ckd4_2017_ll') _tab %10.2f (`baseline_ckd4_2017_ul') _tab %10.2f (`baseline_ckd4_2018') _tab %10.2f (`baseline_ckd4_2018_ll'
> ) _tab %10.2f (`baseline_ckd4_2018_ul') _tab %10.2f (`baseline_ckd4_2019') _tab %10.2f (`baseline_ckd4_2019_ll') _tab %10.2f (`baseline_ckd4_2019_ul') _tab %10.2f (`baseline_ckd4_2020') _tab %10.2f (`baseline_ckd4_2020_ll') _tab %10.2f (`baseline_ckd
> 4_2020_ul') _tab %10.2f (`baseline_ckd4_2021') _tab %10.2f (`baseline_ckd4_2021_ll') _tab %10.2f (`baseline_ckd4_2021_ul') _tab %10.2f (`baseline_ckd4_2022') _tab %10.2f (`baseline_ckd4_2022_ll') _tab %10.2f (`baseline_ckd4_2022_ul') _n
> file write tablecontent ("All") _tab ("CKD stage 4/5") _tab ("No progression") _tab %10.2f (`none_ckd4_2017') _tab %10.2f (`none_ckd4_2017_ll') _tab %10.2f (`none_ckd4_2017_ul') _tab %10.2f (`none_ckd4_2018') _tab %10.2f (`none_ckd4_2018_ll') _tab %1
> 0.2f (`none_ckd4_2018_ul') _tab %10.2f (`none_ckd4_2019') _tab %10.2f (`none_ckd4_2019_ll') _tab %10.2f (`none_ckd4_2019_ul') _tab %10.2f (`none_ckd4_2020') _tab %10.2f (`none_ckd4_2020_ll') _tab %10.2f (`none_ckd4_2020_ul') _tab %10.2f (`none_ckd4_2
> 021') _tab %10.2f (`none_ckd4_2021_ll') _tab %10.2f (`none_ckd4_2021_ul') _tab %10.2f (`none_ckd4_2022') _tab %10.2f (`none_ckd4_2022_ll') _tab %10.2f (`none_ckd4_2022_ul') _n
> file write tablecontent ("All") _tab ("CKD stage 4/5") _tab ("Dialysis") _tab %10.2f (`dialysis_ckd4_2017') _tab %10.2f (`dialysis_ckd4_2017_ll') _tab %10.2f (`dialysis_ckd4_2017_ul') _tab %10.2f (`dialysis_ckd4_2018') _tab %10.2f (`dialysis_ckd4_201
> 8_ll') _tab %10.2f (`dialysis_ckd4_2018_ul') _tab %10.2f (`dialysis_ckd4_2019') _tab %10.2f (`dialysis_ckd4_2019_ll') _tab %10.2f (`dialysis_ckd4_2019_ul') _tab %10.2f (`dialysis_ckd4_2020') _tab %10.2f (`dialysis_ckd4_2020_ll') _tab %10.2f (`dialysi
> s_ckd4_2020_ul') _tab %10.2f (`dialysis_ckd4_2021') _tab %10.2f (`dialysis_ckd4_2021_ll') _tab %10.2f (`dialysis_ckd4_2021_ul') _tab %10.2f (`dialysis_ckd4_2022') _tab %10.2f (`dialysis_ckd4_2022_ll') _tab %10.2f (`dialysis_ckd4_2022_ul') _n
> file write tablecontent ("All") _tab ("CKD stage 4/5") _tab ("Transplant") _tab %10.2f (`kt_ckd4_2017') _tab %10.2f (`kt_ckd4_2017_ll') _tab %10.2f (`kt_ckd4_2017_ul') _tab %10.2f (`kt_ckd4_2018') _tab %10.2f (`kt_ckd4_2018_ll') _tab %10.2f (`kt_ckd4
> _2018_ul') _tab %10.2f (`kt_ckd4_2019') _tab %10.2f (`kt_ckd4_2019_ll') _tab %10.2f (`kt_ckd4_2019_ul') _tab %10.2f (`kt_ckd4_2020') _tab %10.2f (`kt_ckd4_2020_ll') _tab %10.2f (`kt_ckd4_2020_ul') _tab %10.2f (`kt_ckd4_2021') _tab %10.2f (`kt_ckd4_20
> 21_ll') _tab %10.2f (`kt_ckd4_2021_ul') _tab %10.2f (`kt_ckd4_2022') _tab %10.2f (`kt_ckd4_2022_ll') _tab %10.2f (`kt_ckd4_2022_ul') _n
> file write tablecontent ("All") _tab ("CKD stage 4/5") _tab ("Deceased") _tab %10.2f (`deceased_ckd4_2017') _tab %10.2f (`deceased_ckd4_2017_ll') _tab %10.2f (`deceased_ckd4_2017_ul') _tab %10.2f (`deceased_ckd4_2018') _tab %10.2f (`deceased_ckd4_201
> 8_ll') _tab %10.2f (`deceased_ckd4_2018_ul') _tab %10.2f (`deceased_ckd4_2019') _tab %10.2f (`deceased_ckd4_2019_ll') _tab %10.2f (`deceased_ckd4_2019_ul') _tab %10.2f (`deceased_ckd4_2020') _tab %10.2f (`deceased_ckd4_2020_ll') _tab %10.2f (`decease
> d_ckd4_2020_ul') _tab %10.2f (`deceased_ckd4_2021') _tab %10.2f (`deceased_ckd4_2021_ll') _tab %10.2f (`deceased_ckd4_2021_ul') _tab %10.2f (`deceased_ckd4_2022') _tab %10.2f (`deceased_ckd4_2022_ll') _tab %10.2f (`deceased_ckd4_2022_ul') _n
> file write tablecontent ("All") _tab ("CKD stage 4/5") _tab ("Cardiovascular admission") _tab %10.2f (`cardio_ckd4_2017') _tab %10.2f (`cardio_ckd4_2017_ll') _tab %10.2f (`cardio_ckd4_2017_ul') _tab %10.2f (`cardio_ckd4_2018') _tab %10.2f (`cardio_ck
> d4_2018_ll') _tab %10.2f (`cardio_ckd4_2018_ul') _tab %10.2f (`cardio_ckd4_2019') _tab %10.2f (`cardio_ckd4_2019_ll') _tab %10.2f (`cardio_ckd4_2019_ul') _tab %10.2f (`cardio_ckd4_2020') _tab %10.2f (`cardio_ckd4_2020_ll') _tab %10.2f (`cardio_ckd4_2
> 020_ul') _tab %10.2f (`cardio_ckd4_2021') _tab %10.2f (`cardio_ckd4_2021_ll') _tab %10.2f (`cardio_ckd4_2021_ul') _tab %10.2f (`cardio_ckd4_2022') _tab %10.2f (`cardio_ckd4_2022_ll') _tab %10.2f (`cardio_ckd4_2022_ul') _n
> 
> *Dialysis
> file write tablecontent ("All") _tab ("Dialysis") _tab ("N/A") _tab %10.2f (`baseline_dialysis_2017') _tab %10.2f (`baseline_dialysis_2017_ll') _tab %10.2f (`baseline_dialysis_2017_ul') _tab %10.2f (`baseline_dialysis_2018') _tab %10.2f (`baseline_di
> alysis_2018_ll') _tab %10.2f (`baseline_dialysis_2018_ul') _tab %10.2f (`baseline_dialysis_2019') _tab %10.2f (`baseline_dialysis_2019_ll') _tab %10.2f (`baseline_dialysis_2019_ul') _tab %10.2f (`baseline_dialysis_2020') _tab %10.2f (`baseline_dialys
> is_2020_ll') _tab %10.2f (`baseline_dialysis_2020_ul') _tab %10.2f (`baseline_dialysis_2021') _tab %10.2f (`baseline_dialysis_2021_ll') _tab %10.2f (`baseline_dialysis_2021_ul') _tab %10.2f (`baseline_dialysis_2022') _tab %10.2f (`baseline_dialysis_2
> 022_ll') _tab %10.2f (`baseline_dialysis_2022_ul') _n
> file write tablecontent ("All") _tab ("Dialysis") _tab ("No progression") _tab %10.2f (`none_dialysis_2017') _tab %10.2f (`none_dialysis_2017_ll') _tab %10.2f (`none_dialysis_2017_ul') _tab %10.2f (`none_dialysis_2018') _tab %10.2f (`none_dialysis_20
> 18_ll') _tab %10.2f (`none_dialysis_2018_ul') _tab %10.2f (`none_dialysis_2019') _tab %10.2f (`none_dialysis_2019_ll') _tab %10.2f (`none_dialysis_2019_ul') _tab %10.2f (`none_dialysis_2020') _tab %10.2f (`none_dialysis_2020_ll') _tab %10.2f (`none_d
> ialysis_2020_ul') _tab %10.2f (`none_dialysis_2021') _tab %10.2f (`none_dialysis_2021_ll') _tab %10.2f (`none_dialysis_2021_ul') _tab %10.2f (`none_dialysis_2022') _tab %10.2f (`none_dialysis_2022_ll') _tab %10.2f (`none_dialysis_2022_ul') _n
> file write tablecontent ("All") _tab ("Dialysis") _tab ("Transplant") _tab %10.2f (`kt_dialysis_2017') _tab %10.2f (`kt_dialysis_2017_ll') _tab %10.2f (`kt_dialysis_2017_ul') _tab %10.2f (`kt_dialysis_2018') _tab %10.2f (`kt_dialysis_2018_ll') _tab %
> 10.2f (`kt_dialysis_2018_ul') _tab %10.2f (`kt_dialysis_2019') _tab %10.2f (`kt_dialysis_2019_ll') _tab %10.2f (`kt_dialysis_2019_ul') _tab %10.2f (`kt_dialysis_2020') _tab %10.2f (`kt_dialysis_2020_ll') _tab %10.2f (`kt_dialysis_2020_ul') _tab %10.2
> f (`kt_dialysis_2021') _tab %10.2f (`kt_dialysis_2021_ll') _tab %10.2f (`kt_dialysis_2021_ul') _tab %10.2f (`kt_dialysis_2022') _tab %10.2f (`kt_dialysis_2022_ll') _tab %10.2f (`kt_dialysis_2022_ul') _n
> file write tablecontent ("All") _tab ("Dialysis") _tab ("Deceased") _tab %10.2f (`deceased_dialysis_2017') _tab %10.2f (`deceased_dialysis_2017_ll') _tab %10.2f (`deceased_dialysis_2017_ul') _tab %10.2f (`deceased_dialysis_2018') _tab %10.2f (`deceas
> ed_dialysis_2018_ll') _tab %10.2f (`deceased_dialysis_2018_ul') _tab %10.2f (`deceased_dialysis_2019') _tab %10.2f (`deceased_dialysis_2019_ll') _tab %10.2f (`deceased_dialysis_2019_ul') _tab %10.2f (`deceased_dialysis_2020') _tab %10.2f (`deceased_d
> ialysis_2020_ll') _tab %10.2f (`deceased_dialysis_2020_ul') _tab %10.2f (`deceased_dialysis_2021') _tab %10.2f (`deceased_dialysis_2021_ll') _tab %10.2f (`deceased_dialysis_2021_ul') _tab %10.2f (`deceased_dialysis_2022') _tab %10.2f (`deceased_dialy
> sis_2022_ll') _tab %10.2f (`deceased_dialysis_2022_ul') _n
> file write tablecontent ("All") _tab ("Dialysis") _tab ("Cardiovascular admission") _tab %10.2f (`cardio_dialysis_2017') _tab %10.2f (`cardio_dialysis_2017_ll') _tab %10.2f (`cardio_dialysis_2017_ul') _tab %10.2f (`cardio_dialysis_2018') _tab %10.2f 
> (`cardio_dialysis_2018_ll') _tab %10.2f (`cardio_dialysis_2018_ul') _tab %10.2f (`cardio_dialysis_2019') _tab %10.2f (`cardio_dialysis_2019_ll') _tab %10.2f (`cardio_dialysis_2019_ul') _tab %10.2f (`cardio_dialysis_2020') _tab %10.2f (`cardio_dialysi
> s_2020_ll') _tab %10.2f (`cardio_dialysis_2020_ul') _tab %10.2f (`cardio_dialysis_2021') _tab %10.2f (`cardio_dialysis_2021_ll') _tab %10.2f (`cardio_dialysis_2021_ul') _tab %10.2f (`cardio_dialysis_2022') _tab %10.2f (`cardio_dialysis_2022_ll') _tab
>  %10.2f (`cardio_dialysis_2022_ul') _n
> 
> *Kidney transplant
> file write tablecontent ("All") _tab ("Transplant") _tab ("N/A") _tab %10.2f (`baseline_kt_2017') _tab %10.2f (`baseline_kt_2017_ll') _tab %10.2f (`baseline_kt_2017_ul') _tab %10.2f (`baseline_kt_2018') _tab %10.2f (`baseline_kt_2018_ll') _tab %10.2f
>  (`baseline_kt_2018_ul') _tab %10.2f (`baseline_kt_2019') _tab %10.2f (`baseline_kt_2019_ll') _tab %10.2f (`baseline_kt_2019_ul') _tab %10.2f (`baseline_kt_2020') _tab %10.2f (`baseline_kt_2020_ll') _tab %10.2f (`baseline_kt_2020_ul') _tab %10.2f (`b
> aseline_kt_2021') _tab %10.2f (`baseline_kt_2021_ll') _tab %10.2f (`baseline_kt_2021_ul') _tab %10.2f (`baseline_kt_2022') _tab %10.2f (`baseline_kt_2022_ll') _tab %10.2f (`baseline_kt_2022_ul') _n
> file write tablecontent ("All") _tab ("Transplant") _tab ("No progression") _tab %10.2f (`none_kt_2017') _tab %10.2f (`none_kt_2017_ll') _tab %10.2f (`none_kt_2017_ul') _tab %10.2f (`none_kt_2018') _tab %10.2f (`none_kt_2018_ll') _tab %10.2f (`none_k
> t_2018_ul') _tab %10.2f (`none_kt_2019') _tab %10.2f (`none_kt_2019_ll') _tab %10.2f (`none_kt_2019_ul') _tab %10.2f (`none_kt_2020') _tab %10.2f (`none_kt_2020_ll') _tab %10.2f (`none_kt_2020_ul') _tab %10.2f (`none_kt_2021') _tab %10.2f (`none_kt_2
> 021_ll') _tab %10.2f (`none_kt_2021_ul') _tab %10.2f (`none_kt_2022') _tab %10.2f (`none_kt_2022_ll') _tab %10.2f (`none_kt_2022_ul') _n
> file write tablecontent ("All") _tab ("Transplant") _tab ("Dialysis") _tab %10.2f (`dialysis_kt_2017') _tab %10.2f (`dialysis_kt_2017_ll') _tab %10.2f (`dialysis_kt_2017_ul') _tab %10.2f (`dialysis_kt_2018') _tab %10.2f (`dialysis_kt_2018_ll') _tab %
> 10.2f (`dialysis_kt_2018_ul') _tab %10.2f (`dialysis_kt_2019') _tab %10.2f (`dialysis_kt_2019_ll') _tab %10.2f (`dialysis_kt_2019_ul') _tab %10.2f (`dialysis_kt_2020') _tab %10.2f (`dialysis_kt_2020_ll') _tab %10.2f (`dialysis_kt_2020_ul') _tab %10.2
> f (`dialysis_kt_2021') _tab %10.2f (`dialysis_kt_2021_ll') _tab %10.2f (`dialysis_kt_2021_ul') _tab %10.2f (`dialysis_kt_2022') _tab %10.2f (`dialysis_kt_2022_ll') _tab %10.2f (`dialysis_kt_2022_ul') _n
> file write tablecontent ("All") _tab ("Transplant") _tab ("Deceased") _tab %10.2f (`deceased_kt_2017') _tab %10.2f (`deceased_kt_2017_ll') _tab %10.2f (`deceased_kt_2017_ul') _tab %10.2f (`deceased_kt_2018') _tab %10.2f (`deceased_kt_2018_ll') _tab %
> 10.2f (`deceased_kt_2018_ul') _tab %10.2f (`deceased_kt_2019') _tab %10.2f (`deceased_kt_2019_ll') _tab %10.2f (`deceased_kt_2019_ul') _tab %10.2f (`deceased_kt_2020') _tab %10.2f (`deceased_kt_2020_ll') _tab %10.2f (`deceased_kt_2020_ul') _tab %10.2
> f (`deceased_kt_2021') _tab %10.2f (`deceased_kt_2021_ll') _tab %10.2f (`deceased_kt_2021_ul') _tab %10.2f (`deceased_kt_2022') _tab %10.2f (`deceased_kt_2022_ll') _tab %10.2f (`deceased_kt_2022_ul') _n
> file write tablecontent ("All") _tab ("Transplant") _tab ("Cardiovascular admission") _tab %10.2f (`cardio_kt_2017') _tab %10.2f (`cardio_kt_2017_ll') _tab %10.2f (`cardio_kt_2017_ul') _tab %10.2f (`cardio_kt_2018') _tab %10.2f (`cardio_kt_2018_ll') 
> _tab %10.2f (`cardio_kt_2018_ul') _tab %10.2f (`cardio_kt_2019') _tab %10.2f (`cardio_kt_2019_ll') _tab %10.2f (`cardio_kt_2019_ul') _tab %10.2f (`cardio_kt_2020') _tab %10.2f (`cardio_kt_2020_ll') _tab %10.2f (`cardio_kt_2020_ul') _tab %10.2f (`card
> io_kt_2021') _tab %10.2f (`cardio_kt_2021_ll') _tab %10.2f (`cardio_kt_2021_ul') _tab %10.2f (`cardio_kt_2022') _tab %10.2f (`cardio_kt_2022_ll') _tab %10.2f (`cardio_kt_2022_ul') _n
> 
> 
> forvalues i=1/2 {
> local label`i': label ethnicity `i'
> foreach x of local year {
> use ./output/`x'_ckd_complete.dta, clear
> drop _merge
> merge 1:1 patient_id using ./output/`x'_nockd_complete
> drop if ethnicity!=`i'
> 
> replace ckd_group = 0 if ckd_group==1
> 
> **Overall
> total weight
> local baseline_ckd_`x' = r(table)[1,1]
> local baseline_ckd_`x'_ll = r(table)[5,1]
> local baseline_ckd_`x'_ul = r(table)[6,1]
> 
> total weight if ckd_progression==0
> local none_ckd_`x' = r(table)[1,1]
> local none_ckd_`x'_ll = r(table)[5,1]
> local none_ckd_`x'_ul = r(table)[6,1]
> 
> total weight if ckd_progression==1
> local ckd3_ckd_`x' = r(table)[1,1]
> local ckd3_ckd_`x'_ll = r(table)[5,1]
> local ckd3_ckd_`x'_ul = r(table)[6,1]
> 
> total weight if ckd_progression==2
> local ckd4_ckd_`x' = r(table)[1,1]
> local ckd4_ckd_`x'_ll = r(table)[5,1]
> local ckd4_ckd_`x'_ul = r(table)[6,1]
> 
> total weight if ckd_progression==3
> local dialysis_ckd_`x' = r(table)[1,1]
> local dialysis_ckd_`x'_ll = r(table)[5,1]
> local dialysis_ckd_`x'_ul = r(table)[6,1]
> 
> total weight if ckd_progression==4
> local kt_ckd_`x' = r(table)[1,1]
> local kt_ckd_`x'_ll = r(table)[5,1]
> local kt_ckd_`x'_ul = r(table)[6,1]
> 
> total weight if ckd_progression==6
> local deceased_ckd_`x' = r(table)[1,1]
> local deceased_ckd_`x'_ll = r(table)[5,1]
> local deceased_ckd_`x'_ul = r(table)[6,1]
> 
> total weight if cardiovascular==1
> local cardio_ckd_`x' = r(table)[1,1]
> local cardio_ckd_`x'_ll = r(table)[5,1]
> local cardio_ckd_`x'_ul = r(table)[6,1]
> 
> **No CKD
> total weight if ckd_group==0
> local baseline_nockd_`x' = r(table)[1,1]
> local baseline_nockd_`x'_ll = r(table)[5,1]
> local baseline_nockd_`x'_ul = r(table)[6,1]
> 
> total weight if ckd_group==0 & ckd_progression==0
> local none_nockd_`x' = r(table)[1,1]
> local none_nockd_`x'_ll = r(table)[5,1]
> local none_nockd_`x'_ul = r(table)[6,1]
> 
> total weight if ckd_group==0 & ckd_progression==1
> local ckd3_nockd_`x' = r(table)[1,1]
> local ckd3_nockd_`x'_ll = r(table)[5,1]
> local ckd3_nockd_`x'_ul = r(table)[6,1]
> 
> total weight if ckd_group==0 & ckd_progression==2
> local ckd4_nockd_`x' = r(table)[1,1]
> local ckd4_nockd_`x'_ll = r(table)[5,1]
> local ckd4_nockd_`x'_ul = r(table)[6,1]
> 
> total weight if ckd_group==0 & ckd_progression==3
> local dialysis_nockd_`x' = r(table)[1,1]
> local dialysis_nockd_`x'_ll = r(table)[5,1]
> local dialysis_nockd_`x'_ul = r(table)[6,1]
> 
> total weight if ckd_group==0 & ckd_progression==6
> local deceased_nockd_`x' = r(table)[1,1]
> local deceased_nockd_`x'_ll = r(table)[5,1]
> local deceased_nockd_`x'_ul = r(table)[6,1]
> 
> total weight if cardiovascular==1 & ckd_group==0
> local cardio_nockd_`x' = r(table)[1,1]
> local cardio_nockd_`x'_ll = r(table)[5,1]
> local cardio_nockd_`x'_ul = r(table)[6,1]
> 
> **CKD stage 3
> total weight if ckd_group==2
> local baseline_ckd3_`x' = r(table)[1,1]
> local baseline_ckd3_`x'_ll = r(table)[5,1]
> local baseline_ckd3_`x'_ul = r(table)[6,1]
> 
> total weight if ckd_group==2 & ckd_progression==0
> local none_ckd3_`x' = r(table)[1,1]
> local none_ckd3_`x'_ll = r(table)[5,1]
> local none_ckd3_`x'_ul = r(table)[6,1]
> 
> total weight if ckd_group==2 & ckd_progression==2
> local ckd4_ckd3_`x' = r(table)[1,1]
> local ckd4_ckd3_`x'_ll = r(table)[5,1]
> local ckd4_ckd3_`x'_ul = r(table)[6,1]
> 
> total weight if ckd_group==2 & ckd_progression==3
> local dialysis_ckd3_`x' = r(table)[1,1]
> local dialysis_ckd3_`x'_ll = r(table)[5,1]
> local dialysis_ckd3_`x'_ul = r(table)[6,1]
> 
> total weight if ckd_group==2 & ckd_progression==6
> local deceased_ckd3_`x' = r(table)[1,1]
> local deceased_ckd3_`x'_ll = r(table)[5,1]
> local deceased_ckd3_`x'_ul = r(table)[6,1]
> 
> total weight if cardiovascular==1 & ckd_group==2
> local cardio_ckd3_`x' = r(table)[1,1]
> local cardio_ckd3_`x'_ll = r(table)[5,1]
> local cardio_ckd3_`x'_ul = r(table)[6,1]
> 
> **CKD stage 4/5
> total weight if ckd_group==3
> local baseline_ckd4_`x' = r(table)[1,1]
> local baseline_ckd4_`x'_ll = r(table)[5,1]
> local baseline_ckd4_`x'_ul = r(table)[6,1]
> 
> total weight if ckd_group==3 & ckd_progression==0
> local none_ckd4_`x' = r(table)[1,1]
> local none_ckd4_`x'_ll = r(table)[5,1]
> local none_ckd4_`x'_ul = r(table)[6,1]
> 
> total weight if ckd_group==3 & ckd_progression==3
> local dialysis_ckd4_`x' = r(table)[1,1]
> local dialysis_ckd4_`x'_ll = r(table)[5,1]
> local dialysis_ckd4_`x'_ul = r(table)[6,1]
> 
> total weight if ckd_group==3 & ckd_progression==4
> local kt_ckd4_`x' = r(table)[1,1]
> local kt_ckd4_`x'_ll = r(table)[5,1]
> local kt_ckd4_`x'_ul = r(table)[6,1]
> 
> total weight if ckd_group==3 & ckd_progression==6
> local deceased_ckd4_`x' = r(table)[1,1]
> local deceased_ckd4_`x'_ll = r(table)[5,1]
> local deceased_ckd4_`x'_ul = r(table)[6,1]
> 
> total weight if cardiovascular==1 & ckd_group==3
> local cardio_ckd4_`x' = r(table)[1,1]
> local cardio_ckd4_`x'_ll = r(table)[5,1]
> local cardio_ckd4_`x'_ul = r(table)[6,1]
> 
> **Dialysis
> total weight if ckd_group==4
> local baseline_dialysis_`x' = r(table)[1,1]
> local baseline_dialysis_`x'_ll = r(table)[5,1]
> local baseline_dialysis_`x'_ul = r(table)[6,1]
> 
> total weight if ckd_group==4 & ckd_progression==0
> local none_dialysis_`x' = r(table)[1,1]
> local none_dialysis_`x'_ll = r(table)[5,1]
> local none_dialysis_`x'_ul = r(table)[6,1]
> 
> total weight if ckd_group==4 & ckd_progression==4
> local kt_dialysis_`x' = r(table)[1,1]
> local kt_dialysis_`x'_ll = r(table)[5,1]
> local kt_dialysis_`x'_ul = r(table)[6,1]
> 
> total weight if ckd_group==4 & ckd_progression==6
> local deceased_dialysis_`x' = r(table)[1,1]
> local deceased_dialysis_`x'_ll = r(table)[5,1]
> local deceased_dialysis_`x'_ul = r(table)[6,1]
> 
> total weight if cardiovascular==1 & ckd_group==4
> local cardio_dialysis_`x' = r(table)[1,1]
> local cardio_dialysis_`x'_ll = r(table)[5,1]
> local cardio_dialysis_`x'_ul = r(table)[6,1]
> 
> **Kidney transplant
> total weight if ckd_group==5
> local baseline_kt_`x' = r(table)[1,1]
> local baseline_kt_`x'_ll = r(table)[5,1]
> local baseline_kt_`x'_ul = r(table)[6,1]
> 
> total weight if ckd_group==5 & ckd_progression==0
> local none_kt_`x' = r(table)[1,1]
> local none_kt_`x'_ll = r(table)[5,1]
> local none_kt_`x'_ul = r(table)[6,1]
> 
> total weight if ckd_group==5 & ckd_progression==3
> local dialysis_kt_`x' = r(table)[1,1]
> local dialysis_kt_`x'_ll = r(table)[5,1]
> local dialysis_kt_`x'_ul = r(table)[6,1]
> 
> total weight if ckd_group==5 & ckd_progression==6
> local deceased_kt_`x' = r(table)[1,1]
> local deceased_kt_`x'_ll = r(table)[5,1]
> local deceased_kt_`x'_ul = r(table)[6,1]
> 
> total weight if cardiovascular==1 & ckd_group==5
> local cardio_kt_`x' = r(table)[1,1]
> local cardio_kt_`x'_ll = r(table)[5,1]
> local cardio_kt_`x'_ul = r(table)[6,1]
> }
> *Overall
> file write tablecontent ("`label`i''") _tab ("Overall") _tab ("N/A") _tab %10.2f (`baseline_ckd_2017') _tab %10.2f (`baseline_ckd_2017_ll') _tab %10.2f (`baseline_ckd_2017_ul') _tab %10.2f (`baseline_ckd_2018') _tab %10.2f (`baseline_ckd_2018_ll') _t
> ab %10.2f (`baseline_ckd_2018_ul') _tab %10.2f (`baseline_ckd_2019') _tab %10.2f (`baseline_ckd_2019_ll') _tab %10.2f (`baseline_ckd_2019_ul') _tab %10.2f (`baseline_ckd_2020') _tab %10.2f (`baseline_ckd_2020_ll') _tab %10.2f (`baseline_ckd_2020_ul')
>  _tab %10.2f (`baseline_ckd_2021') _tab %10.2f (`baseline_ckd_2021_ll') _tab %10.2f (`baseline_ckd_2021_ul') _tab %10.2f (`baseline_ckd_2022') _tab %10.2f (`baseline_ckd_2022_ll') _tab %10.2f (`baseline_ckd_2022_ul') _n
> file write tablecontent ("`label`i''") _tab ("Overall") _tab ("No progression") _tab %10.2f (`none_ckd_2017') _tab %10.2f (`none_ckd_2017_ll') _tab %10.2f (`none_ckd_2017_ul') _tab %10.2f (`none_ckd_2018') _tab %10.2f (`none_ckd_2018_ll') _tab %10.2f
>  (`none_ckd_2018_ul') _tab %10.2f (`none_ckd_2019') _tab %10.2f (`none_ckd_2019_ll') _tab %10.2f (`none_ckd_2019_ul') _tab %10.2f (`none_ckd_2020') _tab %10.2f (`none_ckd_2020_ll') _tab %10.2f (`none_ckd_2020_ul') _tab %10.2f (`none_ckd_2021') _tab %
> 10.2f (`none_ckd_2021_ll') _tab %10.2f (`none_ckd_2021_ul') _tab %10.2f (`none_ckd_2022') _tab %10.2f (`none_ckd_2022_ll') _tab %10.2f (`none_ckd_2022_ul') _n
> file write tablecontent ("`label`i''") _tab ("Overall") _tab ("CKD stage 3") _tab %10.2f (`ckd3_ckd_2017') _tab %10.2f (`ckd3_ckd_2017_ll') _tab %10.2f (`ckd3_ckd_2017_ul') _tab %10.2f (`ckd3_ckd_2018') _tab %10.2f (`ckd3_ckd_2018_ll') _tab %10.2f (`
> ckd3_ckd_2018_ul') _tab %10.2f (`ckd3_ckd_2019') _tab %10.2f (`ckd3_ckd_2019_ll') _tab %10.2f (`ckd3_ckd_2019_ul') _tab %10.2f (`ckd3_ckd_2020') _tab %10.2f (`ckd3_ckd_2020_ll') _tab %10.2f (`ckd3_ckd_2020_ul') _tab %10.2f (`ckd3_ckd_2021') _tab %10.
> 2f (`ckd3_ckd_2021_ll') _tab %10.2f (`ckd3_ckd_2021_ul') _tab %10.2f (`ckd3_ckd_2022') _tab %10.2f (`ckd3_ckd_2022_ll') _tab %10.2f (`ckd3_ckd_2022_ul') _n
> file write tablecontent ("`label`i''") _tab ("Overall") _tab ("CKD stage 4/5") _tab %10.2f (`ckd4_ckd_2017') _tab %10.2f (`ckd4_ckd_2017_ll') _tab %10.2f (`ckd4_ckd_2017_ul') _tab %10.2f (`ckd4_ckd_2018') _tab %10.2f (`ckd4_ckd_2018_ll') _tab %10.2f 
> (`ckd4_ckd_2018_ul') _tab %10.2f (`ckd4_ckd_2019') _tab %10.2f (`ckd4_ckd_2019_ll') _tab %10.2f (`ckd4_ckd_2019_ul') _tab %10.2f (`ckd4_ckd_2020') _tab %10.2f (`ckd4_ckd_2020_ll') _tab %10.2f (`ckd4_ckd_2020_ul') _tab %10.2f (`ckd4_ckd_2021') _tab %1
> 0.2f (`ckd4_ckd_2021_ll') _tab %10.2f (`ckd4_ckd_2021_ul') _tab %10.2f (`ckd4_ckd_2022') _tab %10.2f (`ckd4_ckd_2022_ll') _tab %10.2f (`ckd4_ckd_2022_ul') _n
> file write tablecontent ("`label`i''") _tab ("Overall") _tab ("Dialysis") _tab %10.2f (`dialysis_ckd_2017') _tab %10.2f (`dialysis_ckd_2017_ll') _tab %10.2f (`dialysis_ckd_2017_ul') _tab %10.2f (`dialysis_ckd_2018') _tab %10.2f (`dialysis_ckd_2018_ll
> ') _tab %10.2f (`dialysis_ckd_2018_ul') _tab %10.2f (`dialysis_ckd_2019') _tab %10.2f (`dialysis_ckd_2019_ll') _tab %10.2f (`dialysis_ckd_2019_ul') _tab %10.2f (`dialysis_ckd_2020') _tab %10.2f (`dialysis_ckd_2020_ll') _tab %10.2f (`dialysis_ckd_2020
> _ul') _tab %10.2f (`dialysis_ckd_2021') _tab %10.2f (`dialysis_ckd_2021_ll') _tab %10.2f (`dialysis_ckd_2021_ul') _tab %10.2f (`dialysis_ckd_2022') _tab %10.2f (`dialysis_ckd_2022_ll') _tab %10.2f (`dialysis_ckd_2022_ul') _n
> file write tablecontent ("`label`i''") _tab ("Overall") _tab ("Transplant") _tab %10.2f (`kt_ckd_2017') _tab %10.2f (`kt_ckd_2017_ll') _tab %10.2f (`kt_ckd_2017_ul') _tab %10.2f (`kt_ckd_2018') _tab %10.2f (`kt_ckd_2018_ll') _tab %10.2f (`kt_ckd_2018
> _ul') _tab %10.2f (`kt_ckd_2019') _tab %10.2f (`kt_ckd_2019_ll') _tab %10.2f (`kt_ckd_2019_ul') _tab %10.2f (`kt_ckd_2020') _tab %10.2f (`kt_ckd_2020_ll') _tab %10.2f (`kt_ckd_2020_ul') _tab %10.2f (`kt_ckd_2021') _tab %10.2f (`kt_ckd_2021_ll') _tab 
> %10.2f (`kt_ckd_2021_ul') _tab %10.2f (`kt_ckd_2022') _tab %10.2f (`kt_ckd_2022_ll') _tab %10.2f (`kt_ckd_2022_ul') _n
> file write tablecontent ("`label`i''") _tab ("Overall") _tab ("Deceased") _tab %10.2f (`deceased_ckd_2017') _tab %10.2f (`deceased_ckd_2017_ll') _tab %10.2f (`deceased_ckd_2017_ul') _tab %10.2f (`deceased_ckd_2018') _tab %10.2f (`deceased_ckd_2018_ll
> ') _tab %10.2f (`deceased_ckd_2018_ul') _tab %10.2f (`deceased_ckd_2019') _tab %10.2f (`deceased_ckd_2019_ll') _tab %10.2f (`deceased_ckd_2019_ul') _tab %10.2f (`deceased_ckd_2020') _tab %10.2f (`deceased_ckd_2020_ll') _tab %10.2f (`deceased_ckd_2020
> _ul') _tab %10.2f (`deceased_ckd_2021') _tab %10.2f (`deceased_ckd_2021_ll') _tab %10.2f (`deceased_ckd_2021_ul') _tab %10.2f (`deceased_ckd_2022') _tab %10.2f (`deceased_ckd_2022_ll') _tab %10.2f (`deceased_ckd_2022_ul') _n
> file write tablecontent ("`label`i''") _tab ("Overall") _tab ("Cardiovascular admission") _tab %10.2f (`cardio_ckd_2017') _tab %10.2f (`cardio_ckd_2017_ll') _tab %10.2f (`cardio_ckd_2017_ul') _tab %10.2f (`cardio_ckd_2018') _tab %10.2f (`cardio_ckd_2
> 018_ll') _tab %10.2f (`cardio_ckd_2018_ul') _tab %10.2f (`cardio_ckd_2019') _tab %10.2f (`cardio_ckd_2019_ll') _tab %10.2f (`cardio_ckd_2019_ul') _tab %10.2f (`cardio_ckd_2020') _tab %10.2f (`cardio_ckd_2020_ll') _tab %10.2f (`cardio_ckd_2020_ul') _t
> ab %10.2f (`cardio_ckd_2021') _tab %10.2f (`cardio_ckd_2021_ll') _tab %10.2f (`cardio_ckd_2021_ul') _tab %10.2f (`cardio_ckd_2022') _tab %10.2f (`cardio_ckd_2022_ll') _tab %10.2f (`cardio_ckd_2022_ul') _n
> 
> *No CKD
> file write tablecontent ("`label`i''") _tab ("No CKD") _tab ("N/A") _tab %10.2f (`baseline_nockd_2017') _tab %10.2f (`baseline_nockd_2017_ll') _tab %10.2f (`baseline_nockd_2017_ul') _tab %10.2f (`baseline_nockd_2018') _tab %10.2f (`baseline_nockd_201
> 8_ll') _tab %10.2f (`baseline_nockd_2018_ul') _tab %10.2f (`baseline_nockd_2019') _tab %10.2f (`baseline_nockd_2019_ll') _tab %10.2f (`baseline_nockd_2019_ul') _tab %10.2f (`baseline_nockd_2020') _tab %10.2f (`baseline_nockd_2020_ll') _tab %10.2f (`b
> aseline_nockd_2020_ul') _tab %10.2f (`baseline_nockd_2021') _tab %10.2f (`baseline_nockd_2021_ll') _tab %10.2f (`baseline_nockd_2021_ul') _tab %10.2f (`baseline_nockd_2022') _tab %10.2f (`baseline_nockd_2022_ll') _tab %10.2f (`baseline_nockd_2022_ul'
> ) _n
> file write tablecontent ("`label`i''") _tab ("No CKD") _tab ("No progression") _tab %10.2f (`none_nockd_2017') _tab %10.2f (`none_nockd_2017_ll') _tab %10.2f (`none_nockd_2017_ul') _tab %10.2f (`none_nockd_2018') _tab %10.2f (`none_nockd_2018_ll') _t
> ab %10.2f (`none_nockd_2018_ul') _tab %10.2f (`none_nockd_2019') _tab %10.2f (`none_nockd_2019_ll') _tab %10.2f (`none_nockd_2019_ul') _tab %10.2f (`none_nockd_2020') _tab %10.2f (`none_nockd_2020_ll') _tab %10.2f (`none_nockd_2020_ul') _tab %10.2f (
> `none_nockd_2021') _tab %10.2f (`none_nockd_2021_ll') _tab %10.2f (`none_nockd_2021_ul') _tab %10.2f (`none_nockd_2022') _tab %10.2f (`none_nockd_2022_ll') _tab %10.2f (`none_nockd_2022_ul') _n
> file write tablecontent ("`label`i''") _tab ("No CKD") _tab ("CKD stage 3") _tab %10.2f (`ckd3_nockd_2017') _tab %10.2f (`ckd3_nockd_2017_ll') _tab %10.2f (`ckd3_nockd_2017_ul') _tab %10.2f (`ckd3_nockd_2018') _tab %10.2f (`ckd3_nockd_2018_ll') _tab 
> %10.2f (`ckd3_nockd_2018_ul') _tab %10.2f (`ckd3_nockd_2019') _tab %10.2f (`ckd3_nockd_2019_ll') _tab %10.2f (`ckd3_nockd_2019_ul') _tab %10.2f (`ckd3_nockd_2020') _tab %10.2f (`ckd3_nockd_2020_ll') _tab %10.2f (`ckd3_nockd_2020_ul') _tab %10.2f (`ck
> d3_nockd_2021') _tab %10.2f (`ckd3_nockd_2021_ll') _tab %10.2f (`ckd3_nockd_2021_ul') _tab %10.2f (`ckd3_nockd_2022') _tab %10.2f (`ckd3_nockd_2022_ll') _tab %10.2f (`ckd3_nockd_2022_ul') _n
> file write tablecontent ("`label`i''") _tab ("No CKD") _tab ("CKD stage 4/5") _tab %10.2f (`ckd4_nockd_2017') _tab %10.2f (`ckd4_nockd_2017_ll') _tab %10.2f (`ckd4_nockd_2017_ul') _tab %10.2f (`ckd4_nockd_2018') _tab %10.2f (`ckd4_nockd_2018_ll') _ta
> b %10.2f (`ckd4_nockd_2018_ul') _tab %10.2f (`ckd4_nockd_2019') _tab %10.2f (`ckd4_nockd_2019_ll') _tab %10.2f (`ckd4_nockd_2019_ul') _tab %10.2f (`ckd4_nockd_2020') _tab %10.2f (`ckd4_nockd_2020_ll') _tab %10.2f (`ckd4_nockd_2020_ul') _tab %10.2f (`
> ckd4_nockd_2021') _tab %10.2f (`ckd4_nockd_2021_ll') _tab %10.2f (`ckd4_nockd_2021_ul') _tab %10.2f (`ckd4_nockd_2022') _tab %10.2f (`ckd4_nockd_2022_ll') _tab %10.2f (`ckd4_nockd_2022_ul') _n
> file write tablecontent ("`label`i''") _tab ("No CKD") _tab ("Dialysis") _tab %10.2f (`dialysis_nockd_2017') _tab %10.2f (`dialysis_nockd_2017_ll') _tab %10.2f (`dialysis_nockd_2017_ul') _tab %10.2f (`dialysis_nockd_2018') _tab %10.2f (`dialysis_nock
> d_2018_ll') _tab %10.2f (`dialysis_nockd_2018_ul') _tab %10.2f (`dialysis_nockd_2019') _tab %10.2f (`dialysis_nockd_2019_ll') _tab %10.2f (`dialysis_nockd_2019_ul') _tab %10.2f (`dialysis_nockd_2020') _tab %10.2f (`dialysis_nockd_2020_ll') _tab %10.2
> f (`dialysis_nockd_2020_ul') _tab %10.2f (`dialysis_nockd_2021') _tab %10.2f (`dialysis_nockd_2021_ll') _tab %10.2f (`dialysis_nockd_2021_ul') _tab %10.2f (`dialysis_nockd_2022') _tab %10.2f (`dialysis_nockd_2022_ll') _tab %10.2f (`dialysis_nockd_202
> 2_ul') _n
> file write tablecontent ("`label`i''") _tab ("No CKD") _tab ("Deceased") _tab %10.2f (`deceased_nockd_2017') _tab %10.2f (`deceased_nockd_2017_ll') _tab %10.2f (`deceased_nockd_2017_ul') _tab %10.2f (`deceased_nockd_2018') _tab %10.2f (`deceased_nock
> d_2018_ll') _tab %10.2f (`deceased_nockd_2018_ul') _tab %10.2f (`deceased_nockd_2019') _tab %10.2f (`deceased_nockd_2019_ll') _tab %10.2f (`deceased_nockd_2019_ul') _tab %10.2f (`deceased_nockd_2020') _tab %10.2f (`deceased_nockd_2020_ll') _tab %10.2
> f (`deceased_nockd_2020_ul') _tab %10.2f (`deceased_nockd_2021') _tab %10.2f (`deceased_nockd_2021_ll') _tab %10.2f (`deceased_nockd_2021_ul') _tab %10.2f (`deceased_nockd_2022') _tab %10.2f (`deceased_nockd_2022_ll') _tab %10.2f (`deceased_nockd_202
> 2_ul') _n
> file write tablecontent ("`label`i''") _tab ("No CKD") _tab ("Cardiovascular admission") _tab %10.2f (`cardio_nockd_2017') _tab %10.2f (`cardio_nockd_2017_ll') _tab %10.2f (`cardio_nockd_2017_ul') _tab %10.2f (`cardio_nockd_2018') _tab %10.2f (`cardi
> o_nockd_2018_ll') _tab %10.2f (`cardio_nockd_2018_ul') _tab %10.2f (`cardio_nockd_2019') _tab %10.2f (`cardio_nockd_2019_ll') _tab %10.2f (`cardio_nockd_2019_ul') _tab %10.2f (`cardio_nockd_2020') _tab %10.2f (`cardio_nockd_2020_ll') _tab %10.2f (`ca
> rdio_nockd_2020_ul') _tab %10.2f (`cardio_nockd_2021') _tab %10.2f (`cardio_nockd_2021_ll') _tab %10.2f (`cardio_nockd_2021_ul') _tab %10.2f (`cardio_nockd_2022') _tab %10.2f (`cardio_nockd_2022_ll') _tab %10.2f (`cardio_nockd_2022_ul') _n
> 
> *CKD stage 3
> file write tablecontent ("`label`i''") _tab ("CKD stage 3") _tab ("N/A") _tab %10.2f (`baseline_ckd3_2017') _tab %10.2f (`baseline_ckd3_2017_ll') _tab %10.2f (`baseline_ckd3_2017_ul') _tab %10.2f (`baseline_ckd3_2018') _tab %10.2f (`baseline_ckd3_201
> 8_ll') _tab %10.2f (`baseline_ckd3_2018_ul') _tab %10.2f (`baseline_ckd3_2019') _tab %10.2f (`baseline_ckd3_2019_ll') _tab %10.2f (`baseline_ckd3_2019_ul') _tab %10.2f (`baseline_ckd3_2020') _tab %10.2f (`baseline_ckd3_2020_ll') _tab %10.2f (`baselin
> e_ckd3_2020_ul') _tab %10.2f (`baseline_ckd3_2021') _tab %10.2f (`baseline_ckd3_2021_ll') _tab %10.2f (`baseline_ckd3_2021_ul') _tab %10.2f (`baseline_ckd3_2022') _tab %10.2f (`baseline_ckd3_2022_ll') _tab %10.2f (`baseline_ckd3_2022_ul') _n
> file write tablecontent ("`label`i''") _tab ("CKD stage 3") _tab ("No progression") _tab %10.2f (`none_ckd3_2017') _tab %10.2f (`none_ckd3_2017_ll') _tab %10.2f (`none_ckd3_2017_ul') _tab %10.2f (`none_ckd3_2018') _tab %10.2f (`none_ckd3_2018_ll') _t
> ab %10.2f (`none_ckd3_2018_ul') _tab %10.2f (`none_ckd3_2019') _tab %10.2f (`none_ckd3_2019_ll') _tab %10.2f (`none_ckd3_2019_ul') _tab %10.2f (`none_ckd3_2020') _tab %10.2f (`none_ckd3_2020_ll') _tab %10.2f (`none_ckd3_2020_ul') _tab %10.2f (`none_c
> kd3_2021') _tab %10.2f (`none_ckd3_2021_ll') _tab %10.2f (`none_ckd3_2021_ul') _tab %10.2f (`none_ckd3_2022') _tab %10.2f (`none_ckd3_2022_ll') _tab %10.2f (`none_ckd3_2022_ul') _n
> file write tablecontent ("`label`i''") _tab ("CKD stage 3") _tab ("CKD stage 4/5") _tab %10.2f (`ckd4_ckd3_2017') _tab %10.2f (`ckd4_ckd3_2017_ll') _tab %10.2f (`ckd4_ckd3_2017_ul') _tab %10.2f (`ckd4_ckd3_2018') _tab %10.2f (`ckd4_ckd3_2018_ll') _ta
> b %10.2f (`ckd4_ckd3_2018_ul') _tab %10.2f (`ckd4_ckd3_2019') _tab %10.2f (`ckd4_ckd3_2019_ll') _tab %10.2f (`ckd4_ckd3_2019_ul') _tab %10.2f (`ckd4_ckd3_2020') _tab %10.2f (`ckd4_ckd3_2020_ll') _tab %10.2f (`ckd4_ckd3_2020_ul') _tab %10.2f (`ckd4_ck
> d3_2021') _tab %10.2f (`ckd4_ckd3_2021_ll') _tab %10.2f (`ckd4_ckd3_2021_ul') _tab %10.2f (`ckd4_ckd3_2022') _tab %10.2f (`ckd4_ckd3_2022_ll') _tab %10.2f (`ckd4_ckd3_2022_ul') _n
> file write tablecontent ("`label`i''") _tab ("CKD stage 3") _tab ("Dialysis") _tab %10.2f (`dialysis_ckd3_2017') _tab %10.2f (`dialysis_ckd3_2017_ll') _tab %10.2f (`dialysis_ckd3_2017_ul') _tab %10.2f (`dialysis_ckd3_2018') _tab %10.2f (`dialysis_ckd
> 3_2018_ll') _tab %10.2f (`dialysis_ckd3_2018_ul') _tab %10.2f (`dialysis_ckd3_2019') _tab %10.2f (`dialysis_ckd3_2019_ll') _tab %10.2f (`dialysis_ckd3_2019_ul') _tab %10.2f (`dialysis_ckd3_2020') _tab %10.2f (`dialysis_ckd3_2020_ll') _tab %10.2f (`di
> alysis_ckd3_2020_ul') _tab %10.2f (`dialysis_ckd3_2021') _tab %10.2f (`dialysis_ckd3_2021_ll') _tab %10.2f (`dialysis_ckd3_2021_ul') _tab %10.2f (`dialysis_ckd3_2022') _tab %10.2f (`dialysis_ckd3_2022_ll') _tab %10.2f (`dialysis_ckd3_2022_ul') _n
> file write tablecontent ("`label`i''") _tab ("CKD stage 3") _tab ("Deceased") _tab %10.2f (`deceased_ckd3_2017') _tab %10.2f (`deceased_ckd3_2017_ll') _tab %10.2f (`deceased_ckd3_2017_ul') _tab %10.2f (`deceased_ckd3_2018') _tab %10.2f (`deceased_ckd
> 3_2018_ll') _tab %10.2f (`deceased_ckd3_2018_ul') _tab %10.2f (`deceased_ckd3_2019') _tab %10.2f (`deceased_ckd3_2019_ll') _tab %10.2f (`deceased_ckd3_2019_ul') _tab %10.2f (`deceased_ckd3_2020') _tab %10.2f (`deceased_ckd3_2020_ll') _tab %10.2f (`de
> ceased_ckd3_2020_ul') _tab %10.2f (`deceased_ckd3_2021') _tab %10.2f (`deceased_ckd3_2021_ll') _tab %10.2f (`deceased_ckd3_2021_ul') _tab %10.2f (`deceased_ckd3_2022') _tab %10.2f (`deceased_ckd3_2022_ll') _tab %10.2f (`deceased_ckd3_2022_ul') _n
> file write tablecontent ("`label`i''") _tab ("CKD stage 3") _tab ("Cardiovascular admission") _tab %10.2f (`cardio_ckd3_2017') _tab %10.2f (`cardio_ckd3_2017_ll') _tab %10.2f (`cardio_ckd3_2017_ul') _tab %10.2f (`cardio_ckd3_2018') _tab %10.2f (`card
> io_ckd3_2018_ll') _tab %10.2f (`cardio_ckd3_2018_ul') _tab %10.2f (`cardio_ckd3_2019') _tab %10.2f (`cardio_ckd3_2019_ll') _tab %10.2f (`cardio_ckd3_2019_ul') _tab %10.2f (`cardio_ckd3_2020') _tab %10.2f (`cardio_ckd3_2020_ll') _tab %10.2f (`cardio_c
> kd3_2020_ul') _tab %10.2f (`cardio_ckd3_2021') _tab %10.2f (`cardio_ckd3_2021_ll') _tab %10.2f (`cardio_ckd3_2021_ul') _tab %10.2f (`cardio_ckd3_2022') _tab %10.2f (`cardio_ckd3_2022_ll') _tab %10.2f (`cardio_ckd3_2022_ul') _n
> 
> *CKD stage 4/5 without RRT
> file write tablecontent ("`label`i''") _tab ("CKD stage 4/5") _tab ("N/A") _tab %10.2f (`baseline_ckd4_2017') _tab %10.2f (`baseline_ckd4_2017_ll') _tab %10.2f (`baseline_ckd4_2017_ul') _tab %10.2f (`baseline_ckd4_2018') _tab %10.2f (`baseline_ckd4_2
> 018_ll') _tab %10.2f (`baseline_ckd4_2018_ul') _tab %10.2f (`baseline_ckd4_2019') _tab %10.2f (`baseline_ckd4_2019_ll') _tab %10.2f (`baseline_ckd4_2019_ul') _tab %10.2f (`baseline_ckd4_2020') _tab %10.2f (`baseline_ckd4_2020_ll') _tab %10.2f (`basel
> ine_ckd4_2020_ul') _tab %10.2f (`baseline_ckd4_2021') _tab %10.2f (`baseline_ckd4_2021_ll') _tab %10.2f (`baseline_ckd4_2021_ul') _tab %10.2f (`baseline_ckd4_2022') _tab %10.2f (`baseline_ckd4_2022_ll') _tab %10.2f (`baseline_ckd4_2022_ul') _n
> file write tablecontent ("`label`i''") _tab ("CKD stage 4/5") _tab ("No progression") _tab %10.2f (`none_ckd4_2017') _tab %10.2f (`none_ckd4_2017_ll') _tab %10.2f (`none_ckd4_2017_ul') _tab %10.2f (`none_ckd4_2018') _tab %10.2f (`none_ckd4_2018_ll') 
> _tab %10.2f (`none_ckd4_2018_ul') _tab %10.2f (`none_ckd4_2019') _tab %10.2f (`none_ckd4_2019_ll') _tab %10.2f (`none_ckd4_2019_ul') _tab %10.2f (`none_ckd4_2020') _tab %10.2f (`none_ckd4_2020_ll') _tab %10.2f (`none_ckd4_2020_ul') _tab %10.2f (`none
> _ckd4_2021') _tab %10.2f (`none_ckd4_2021_ll') _tab %10.2f (`none_ckd4_2021_ul') _tab %10.2f (`none_ckd4_2022') _tab %10.2f (`none_ckd4_2022_ll') _tab %10.2f (`none_ckd4_2022_ul') _n
> file write tablecontent ("`label`i''") _tab ("CKD stage 4/5") _tab ("Dialysis") _tab %10.2f (`dialysis_ckd4_2017') _tab %10.2f (`dialysis_ckd4_2017_ll') _tab %10.2f (`dialysis_ckd4_2017_ul') _tab %10.2f (`dialysis_ckd4_2018') _tab %10.2f (`dialysis_c
> kd4_2018_ll') _tab %10.2f (`dialysis_ckd4_2018_ul') _tab %10.2f (`dialysis_ckd4_2019') _tab %10.2f (`dialysis_ckd4_2019_ll') _tab %10.2f (`dialysis_ckd4_2019_ul') _tab %10.2f (`dialysis_ckd4_2020') _tab %10.2f (`dialysis_ckd4_2020_ll') _tab %10.2f (`
> dialysis_ckd4_2020_ul') _tab %10.2f (`dialysis_ckd4_2021') _tab %10.2f (`dialysis_ckd4_2021_ll') _tab %10.2f (`dialysis_ckd4_2021_ul') _tab %10.2f (`dialysis_ckd4_2022') _tab %10.2f (`dialysis_ckd4_2022_ll') _tab %10.2f (`dialysis_ckd4_2022_ul') _n
> file write tablecontent ("`label`i''") _tab ("CKD stage 4/5") _tab ("Transplant") _tab %10.2f (`kt_ckd4_2017') _tab %10.2f (`kt_ckd4_2017_ll') _tab %10.2f (`kt_ckd4_2017_ul') _tab %10.2f (`kt_ckd4_2018') _tab %10.2f (`kt_ckd4_2018_ll') _tab %10.2f (`
> kt_ckd4_2018_ul') _tab %10.2f (`kt_ckd4_2019') _tab %10.2f (`kt_ckd4_2019_ll') _tab %10.2f (`kt_ckd4_2019_ul') _tab %10.2f (`kt_ckd4_2020') _tab %10.2f (`kt_ckd4_2020_ll') _tab %10.2f (`kt_ckd4_2020_ul') _tab %10.2f (`kt_ckd4_2021') _tab %10.2f (`kt_
> ckd4_2021_ll') _tab %10.2f (`kt_ckd4_2021_ul') _tab %10.2f (`kt_ckd4_2022') _tab %10.2f (`kt_ckd4_2022_ll') _tab %10.2f (`kt_ckd4_2022_ul') _n
> file write tablecontent ("`label`i''") _tab ("CKD stage 4/5") _tab ("Deceased") _tab %10.2f (`deceased_ckd4_2017') _tab %10.2f (`deceased_ckd4_2017_ll') _tab %10.2f (`deceased_ckd4_2017_ul') _tab %10.2f (`deceased_ckd4_2018') _tab %10.2f (`deceased_c
> kd4_2018_ll') _tab %10.2f (`deceased_ckd4_2018_ul') _tab %10.2f (`deceased_ckd4_2019') _tab %10.2f (`deceased_ckd4_2019_ll') _tab %10.2f (`deceased_ckd4_2019_ul') _tab %10.2f (`deceased_ckd4_2020') _tab %10.2f (`deceased_ckd4_2020_ll') _tab %10.2f (`
> deceased_ckd4_2020_ul') _tab %10.2f (`deceased_ckd4_2021') _tab %10.2f (`deceased_ckd4_2021_ll') _tab %10.2f (`deceased_ckd4_2021_ul') _tab %10.2f (`deceased_ckd4_2022') _tab %10.2f (`deceased_ckd4_2022_ll') _tab %10.2f (`deceased_ckd4_2022_ul') _n
> file write tablecontent ("`label`i''") _tab ("CKD stage 4/5") _tab ("Cardiovascular admission") _tab %10.2f (`cardio_ckd4_2017') _tab %10.2f (`cardio_ckd4_2017_ll') _tab %10.2f (`cardio_ckd4_2017_ul') _tab %10.2f (`cardio_ckd4_2018') _tab %10.2f (`ca
> rdio_ckd4_2018_ll') _tab %10.2f (`cardio_ckd4_2018_ul') _tab %10.2f (`cardio_ckd4_2019') _tab %10.2f (`cardio_ckd4_2019_ll') _tab %10.2f (`cardio_ckd4_2019_ul') _tab %10.2f (`cardio_ckd4_2020') _tab %10.2f (`cardio_ckd4_2020_ll') _tab %10.2f (`cardio
> _ckd4_2020_ul') _tab %10.2f (`cardio_ckd4_2021') _tab %10.2f (`cardio_ckd4_2021_ll') _tab %10.2f (`cardio_ckd4_2021_ul') _tab %10.2f (`cardio_ckd4_2022') _tab %10.2f (`cardio_ckd4_2022_ll') _tab %10.2f (`cardio_ckd4_2022_ul') _n
> 
> *Dialysis
> file write tablecontent ("`label`i''") _tab ("Dialysis") _tab ("N/A") _tab %10.2f (`baseline_dialysis_2017') _tab %10.2f (`baseline_dialysis_2017_ll') _tab %10.2f (`baseline_dialysis_2017_ul') _tab %10.2f (`baseline_dialysis_2018') _tab %10.2f (`base
> line_dialysis_2018_ll') _tab %10.2f (`baseline_dialysis_2018_ul') _tab %10.2f (`baseline_dialysis_2019') _tab %10.2f (`baseline_dialysis_2019_ll') _tab %10.2f (`baseline_dialysis_2019_ul') _tab %10.2f (`baseline_dialysis_2020') _tab %10.2f (`baseline
> _dialysis_2020_ll') _tab %10.2f (`baseline_dialysis_2020_ul') _tab %10.2f (`baseline_dialysis_2021') _tab %10.2f (`baseline_dialysis_2021_ll') _tab %10.2f (`baseline_dialysis_2021_ul') _tab %10.2f (`baseline_dialysis_2022') _tab %10.2f (`baseline_dia
> lysis_2022_ll') _tab %10.2f (`baseline_dialysis_2022_ul') _n
> file write tablecontent ("`label`i''") _tab ("Dialysis") _tab ("No progression") _tab %10.2f (`none_dialysis_2017') _tab %10.2f (`none_dialysis_2017_ll') _tab %10.2f (`none_dialysis_2017_ul') _tab %10.2f (`none_dialysis_2018') _tab %10.2f (`none_dial
> ysis_2018_ll') _tab %10.2f (`none_dialysis_2018_ul') _tab %10.2f (`none_dialysis_2019') _tab %10.2f (`none_dialysis_2019_ll') _tab %10.2f (`none_dialysis_2019_ul') _tab %10.2f (`none_dialysis_2020') _tab %10.2f (`none_dialysis_2020_ll') _tab %10.2f (
> `none_dialysis_2020_ul') _tab %10.2f (`none_dialysis_2021') _tab %10.2f (`none_dialysis_2021_ll') _tab %10.2f (`none_dialysis_2021_ul') _tab %10.2f (`none_dialysis_2022') _tab %10.2f (`none_dialysis_2022_ll') _tab %10.2f (`none_dialysis_2022_ul') _n
> file write tablecontent ("`label`i''") _tab ("Dialysis") _tab ("Transplant") _tab %10.2f (`kt_dialysis_2017') _tab %10.2f (`kt_dialysis_2017_ll') _tab %10.2f (`kt_dialysis_2017_ul') _tab %10.2f (`kt_dialysis_2018') _tab %10.2f (`kt_dialysis_2018_ll')
>  _tab %10.2f (`kt_dialysis_2018_ul') _tab %10.2f (`kt_dialysis_2019') _tab %10.2f (`kt_dialysis_2019_ll') _tab %10.2f (`kt_dialysis_2019_ul') _tab %10.2f (`kt_dialysis_2020') _tab %10.2f (`kt_dialysis_2020_ll') _tab %10.2f (`kt_dialysis_2020_ul') _ta
> b %10.2f (`kt_dialysis_2021') _tab %10.2f (`kt_dialysis_2021_ll') _tab %10.2f (`kt_dialysis_2021_ul') _tab %10.2f (`kt_dialysis_2022') _tab %10.2f (`kt_dialysis_2022_ll') _tab %10.2f (`kt_dialysis_2022_ul') _n
> file write tablecontent ("`label`i''") _tab ("Dialysis") _tab ("Deceased") _tab %10.2f (`deceased_dialysis_2017') _tab %10.2f (`deceased_dialysis_2017_ll') _tab %10.2f (`deceased_dialysis_2017_ul') _tab %10.2f (`deceased_dialysis_2018') _tab %10.2f (
> `deceased_dialysis_2018_ll') _tab %10.2f (`deceased_dialysis_2018_ul') _tab %10.2f (`deceased_dialysis_2019') _tab %10.2f (`deceased_dialysis_2019_ll') _tab %10.2f (`deceased_dialysis_2019_ul') _tab %10.2f (`deceased_dialysis_2020') _tab %10.2f (`dec
> eased_dialysis_2020_ll') _tab %10.2f (`deceased_dialysis_2020_ul') _tab %10.2f (`deceased_dialysis_2021') _tab %10.2f (`deceased_dialysis_2021_ll') _tab %10.2f (`deceased_dialysis_2021_ul') _tab %10.2f (`deceased_dialysis_2022') _tab %10.2f (`decease
> d_dialysis_2022_ll') _tab %10.2f (`deceased_dialysis_2022_ul') _n
> file write tablecontent ("`label`i''") _tab ("Dialysis") _tab ("Cardiovascular admission") _tab %10.2f (`cardio_dialysis_2017') _tab %10.2f (`cardio_dialysis_2017_ll') _tab %10.2f (`cardio_dialysis_2017_ul') _tab %10.2f (`cardio_dialysis_2018') _tab 
> %10.2f (`cardio_dialysis_2018_ll') _tab %10.2f (`cardio_dialysis_2018_ul') _tab %10.2f (`cardio_dialysis_2019') _tab %10.2f (`cardio_dialysis_2019_ll') _tab %10.2f (`cardio_dialysis_2019_ul') _tab %10.2f (`cardio_dialysis_2020') _tab %10.2f (`cardio_
> dialysis_2020_ll') _tab %10.2f (`cardio_dialysis_2020_ul') _tab %10.2f (`cardio_dialysis_2021') _tab %10.2f (`cardio_dialysis_2021_ll') _tab %10.2f (`cardio_dialysis_2021_ul') _tab %10.2f (`cardio_dialysis_2022') _tab %10.2f (`cardio_dialysis_2022_ll
> ') _tab %10.2f (`cardio_dialysis_2022_ul') _n
> 
> *Kidney transplant
> file write tablecontent ("`label`i''") _tab ("Transplant") _tab ("N/A") _tab %10.2f (`baseline_kt_2017') _tab %10.2f (`baseline_kt_2017_ll') _tab %10.2f (`baseline_kt_2017_ul') _tab %10.2f (`baseline_kt_2018') _tab %10.2f (`baseline_kt_2018_ll') _tab
>  %10.2f (`baseline_kt_2018_ul') _tab %10.2f (`baseline_kt_2019') _tab %10.2f (`baseline_kt_2019_ll') _tab %10.2f (`baseline_kt_2019_ul') _tab %10.2f (`baseline_kt_2020') _tab %10.2f (`baseline_kt_2020_ll') _tab %10.2f (`baseline_kt_2020_ul') _tab %10
> .2f (`baseline_kt_2021') _tab %10.2f (`baseline_kt_2021_ll') _tab %10.2f (`baseline_kt_2021_ul') _tab %10.2f (`baseline_kt_2022') _tab %10.2f (`baseline_kt_2022_ll') _tab %10.2f (`baseline_kt_2022_ul') _n
> file write tablecontent ("`label`i''") _tab ("Transplant") _tab ("No progression") _tab %10.2f (`none_kt_2017') _tab %10.2f (`none_kt_2017_ll') _tab %10.2f (`none_kt_2017_ul') _tab %10.2f (`none_kt_2018') _tab %10.2f (`none_kt_2018_ll') _tab %10.2f (
> `none_kt_2018_ul') _tab %10.2f (`none_kt_2019') _tab %10.2f (`none_kt_2019_ll') _tab %10.2f (`none_kt_2019_ul') _tab %10.2f (`none_kt_2020') _tab %10.2f (`none_kt_2020_ll') _tab %10.2f (`none_kt_2020_ul') _tab %10.2f (`none_kt_2021') _tab %10.2f (`no
> ne_kt_2021_ll') _tab %10.2f (`none_kt_2021_ul') _tab %10.2f (`none_kt_2022') _tab %10.2f (`none_kt_2022_ll') _tab %10.2f (`none_kt_2022_ul') _n
> file write tablecontent ("`label`i''") _tab ("Transplant") _tab ("Dialysis") _tab %10.2f (`dialysis_kt_2017') _tab %10.2f (`dialysis_kt_2017_ll') _tab %10.2f (`dialysis_kt_2017_ul') _tab %10.2f (`dialysis_kt_2018') _tab %10.2f (`dialysis_kt_2018_ll')
>  _tab %10.2f (`dialysis_kt_2018_ul') _tab %10.2f (`dialysis_kt_2019') _tab %10.2f (`dialysis_kt_2019_ll') _tab %10.2f (`dialysis_kt_2019_ul') _tab %10.2f (`dialysis_kt_2020') _tab %10.2f (`dialysis_kt_2020_ll') _tab %10.2f (`dialysis_kt_2020_ul') _ta
> b %10.2f (`dialysis_kt_2021') _tab %10.2f (`dialysis_kt_2021_ll') _tab %10.2f (`dialysis_kt_2021_ul') _tab %10.2f (`dialysis_kt_2022') _tab %10.2f (`dialysis_kt_2022_ll') _tab %10.2f (`dialysis_kt_2022_ul') _n
> file write tablecontent ("`label`i''") _tab ("Transplant") _tab ("Deceased") _tab %10.2f (`deceased_kt_2017') _tab %10.2f (`deceased_kt_2017_ll') _tab %10.2f (`deceased_kt_2017_ul') _tab %10.2f (`deceased_kt_2018') _tab %10.2f (`deceased_kt_2018_ll')
>  _tab %10.2f (`deceased_kt_2018_ul') _tab %10.2f (`deceased_kt_2019') _tab %10.2f (`deceased_kt_2019_ll') _tab %10.2f (`deceased_kt_2019_ul') _tab %10.2f (`deceased_kt_2020') _tab %10.2f (`deceased_kt_2020_ll') _tab %10.2f (`deceased_kt_2020_ul') _ta
> b %10.2f (`deceased_kt_2021') _tab %10.2f (`deceased_kt_2021_ll') _tab %10.2f (`deceased_kt_2021_ul') _tab %10.2f (`deceased_kt_2022') _tab %10.2f (`deceased_kt_2022_ll') _tab %10.2f (`deceased_kt_2022_ul') _n
> file write tablecontent ("`label`i''") _tab ("Transplant") _tab ("Cardiovascular admission") _tab %10.2f (`cardio_kt_2017') _tab %10.2f (`cardio_kt_2017_ll') _tab %10.2f (`cardio_kt_2017_ul') _tab %10.2f (`cardio_kt_2018') _tab %10.2f (`cardio_kt_201
> 8_ll') _tab %10.2f (`cardio_kt_2018_ul') _tab %10.2f (`cardio_kt_2019') _tab %10.2f (`cardio_kt_2019_ll') _tab %10.2f (`cardio_kt_2019_ul') _tab %10.2f (`cardio_kt_2020') _tab %10.2f (`cardio_kt_2020_ll') _tab %10.2f (`cardio_kt_2020_ul') _tab %10.2f
>  (`cardio_kt_2021') _tab %10.2f (`cardio_kt_2021_ll') _tab %10.2f (`cardio_kt_2021_ul') _tab %10.2f (`cardio_kt_2022') _tab %10.2f (`cardio_kt_2022_ll') _tab %10.2f (`cardio_kt_2022_ul') _n
> }
> */
. *Black ethnicity
. foreach x of local year {
  2. use ./output/`x'_ckd_complete.dta, clear
  3. drop _merge
  4. merge 1:1 patient_id using ./output/`x'_nockd_complete
  5. drop if ethnicity!=3
  6. 
. replace ckd_group = 0 if ckd_group==1
  7. 
. **Overall
. total weight
  8. local baseline_ckd_`x' = r(table)[1,1]
  9. local baseline_ckd_`x'_ll = r(table)[5,1]
 10. local baseline_ckd_`x'_ul = r(table)[6,1]
 11. 
. total weight if ckd_progression==0
 12. local none_ckd_`x' = r(table)[1,1]
 13. local none_ckd_`x'_ll = r(table)[5,1]
 14. local none_ckd_`x'_ul = r(table)[6,1]
 15. 
. total weight if ckd_progression==1
 16. local ckd3_ckd_`x' = r(table)[1,1]
 17. local ckd3_ckd_`x'_ll = r(table)[5,1]
 18. local ckd3_ckd_`x'_ul = r(table)[6,1]
 19. 
. total weight if ckd_progression==2
 20. local ckd4_ckd_`x' = r(table)[1,1]
 21. local ckd4_ckd_`x'_ll = r(table)[5,1]
 22. local ckd4_ckd_`x'_ul = r(table)[6,1]
 23. 
. total weight if ckd_progression==3
 24. local dialysis_ckd_`x' = r(table)[1,1]
 25. local dialysis_ckd_`x'_ll = r(table)[5,1]
 26. local dialysis_ckd_`x'_ul = r(table)[6,1]
 27. 
. total weight if ckd_progression==4
 28. local kt_ckd_`x' = r(table)[1,1]
 29. local kt_ckd_`x'_ll = r(table)[5,1]
 30. local kt_ckd_`x'_ul = r(table)[6,1]
 31. 
. total weight if ckd_progression==6
 32. local deceased_ckd_`x' = r(table)[1,1]
 33. local deceased_ckd_`x'_ll = r(table)[5,1]
 34. local deceased_ckd_`x'_ul = r(table)[6,1]
 35. 
. total weight if cardiovascular==1
 36. local cardio_ckd_`x' = r(table)[1,1]
 37. local cardio_ckd_`x'_ll = r(table)[5,1]
 38. local cardio_ckd_`x'_ul = r(table)[6,1]
 39. 
. **No CKD
. total weight if ckd_group==0
 40. local baseline_nockd_`x' = r(table)[1,1]
 41. local baseline_nockd_`x'_ll = r(table)[5,1]
 42. local baseline_nockd_`x'_ul = r(table)[6,1]
 43. 
. total weight if ckd_group==0 & ckd_progression==0
 44. local none_nockd_`x' = r(table)[1,1]
 45. local none_nockd_`x'_ll = r(table)[5,1]
 46. local none_nockd_`x'_ul = r(table)[6,1]
 47. 
. total weight if ckd_group==0 & ckd_progression==1
 48. local ckd3_nockd_`x' = r(table)[1,1]
 49. local ckd3_nockd_`x'_ll = r(table)[5,1]
 50. local ckd3_nockd_`x'_ul = r(table)[6,1]
 51. 
. total weight if ckd_group==0 & ckd_progression==2
 52. local ckd4_nockd_`x' = r(table)[1,1]
 53. local ckd4_nockd_`x'_ll = r(table)[5,1]
 54. local ckd4_nockd_`x'_ul = r(table)[6,1]
 55. 
. total weight if ckd_group==0 & ckd_progression==3
 56. local dialysis_nockd_`x' = r(table)[1,1]
 57. local dialysis_nockd_`x'_ll = r(table)[5,1]
 58. local dialysis_nockd_`x'_ul = r(table)[6,1]
 59. 
. total weight if ckd_group==0 & ckd_progression==6
 60. local deceased_nockd_`x' = r(table)[1,1]
 61. local deceased_nockd_`x'_ll = r(table)[5,1]
 62. local deceased_nockd_`x'_ul = r(table)[6,1]
 63. 
. total weight if cardiovascular==1 & ckd_group==0
 64. local cardio_nockd_`x' = r(table)[1,1]
 65. local cardio_nockd_`x'_ll = r(table)[5,1]
 66. local cardio_nockd_`x'_ul = r(table)[6,1]
 67. 
. **CKD stage 3
. total weight if ckd_group==2
 68. local baseline_ckd3_`x' = r(table)[1,1]
 69. local baseline_ckd3_`x'_ll = r(table)[5,1]
 70. local baseline_ckd3_`x'_ul = r(table)[6,1]
 71. 
. total weight if ckd_group==2 & ckd_progression==0
 72. local none_ckd3_`x' = r(table)[1,1]
 73. local none_ckd3_`x'_ll = r(table)[5,1]
 74. local none_ckd3_`x'_ul = r(table)[6,1]
 75. 
. total weight if ckd_group==2 & ckd_progression==2
 76. local ckd4_ckd3_`x' = r(table)[1,1]
 77. local ckd4_ckd3_`x'_ll = r(table)[5,1]
 78. local ckd4_ckd3_`x'_ul = r(table)[6,1]
 79. 
. total weight if ckd_group==2 & ckd_progression==3
 80. local dialysis_ckd3_`x' = r(table)[1,1]
 81. local dialysis_ckd3_`x'_ll = r(table)[5,1]
 82. local dialysis_ckd3_`x'_ul = r(table)[6,1]
 83. 
. total weight if ckd_group==2 & ckd_progression==6
 84. local deceased_ckd3_`x' = r(table)[1,1]
 85. local deceased_ckd3_`x'_ll = r(table)[5,1]
 86. local deceased_ckd3_`x'_ul = r(table)[6,1]
 87. 
. total weight if cardiovascular==1 & ckd_group==2
 88. local cardio_ckd3_`x' = r(table)[1,1]
 89. local cardio_ckd3_`x'_ll = r(table)[5,1]
 90. local cardio_ckd3_`x'_ul = r(table)[6,1]
 91. 
. **CKD stage 4/5
. total weight if ckd_group==3
 92. local baseline_ckd4_`x' = r(table)[1,1]
 93. local baseline_ckd4_`x'_ll = r(table)[5,1]
 94. local baseline_ckd4_`x'_ul = r(table)[6,1]
 95. 
. total weight if ckd_group==3 & ckd_progression==0
 96. local none_ckd4_`x' = r(table)[1,1]
 97. local none_ckd4_`x'_ll = r(table)[5,1]
 98. local none_ckd4_`x'_ul = r(table)[6,1]
 99. 
. total weight if ckd_group==3 & ckd_progression==3
100. local dialysis_ckd4_`x' = r(table)[1,1]
101. local dialysis_ckd4_`x'_ll = r(table)[5,1]
102. local dialysis_ckd4_`x'_ul = r(table)[6,1]
103. 
. total weight if ckd_group==3 & ckd_progression==4
104. local kt_ckd4_`x' = r(table)[1,1]
105. local kt_ckd4_`x'_ll = r(table)[5,1]
106. local kt_ckd4_`x'_ul = r(table)[6,1]
107. 
. total weight if ckd_group==3 & ckd_progression==6
108. local deceased_ckd4_`x' = r(table)[1,1]
109. local deceased_ckd4_`x'_ll = r(table)[5,1]
110. local deceased_ckd4_`x'_ul = r(table)[6,1]
111. 
. total weight if cardiovascular==1 & ckd_group==3
112. local cardio_ckd4_`x' = r(table)[1,1]
113. local cardio_ckd4_`x'_ll = r(table)[5,1]
114. local cardio_ckd4_`x'_ul = r(table)[6,1]
115. 
. **Dialysis
. total weight if ckd_group==4
116. local baseline_dialysis_`x' = r(table)[1,1]
117. local baseline_dialysis_`x'_ll = r(table)[5,1]
118. local baseline_dialysis_`x'_ul = r(table)[6,1]
119. 
. total weight if ckd_group==4 & ckd_progression==0
120. local none_dialysis_`x' = r(table)[1,1]
121. local none_dialysis_`x'_ll = r(table)[5,1]
122. local none_dialysis_`x'_ul = r(table)[6,1]
123. 
. total weight if ckd_group==4 & ckd_progression==4
124. local kt_dialysis_`x' = r(table)[1,1]
125. local kt_dialysis_`x'_ll = r(table)[5,1]
126. local kt_dialysis_`x'_ul = r(table)[6,1]
127. 
. total weight if ckd_group==4 & ckd_progression==6
128. local deceased_dialysis_`x' = r(table)[1,1]
129. local deceased_dialysis_`x'_ll = r(table)[5,1]
130. local deceased_dialysis_`x'_ul = r(table)[6,1]
131. 
. total weight if cardiovascular==1 & ckd_group==4
132. local cardio_dialysis_`x' = r(table)[1,1]
133. local cardio_dialysis_`x'_ll = r(table)[5,1]
134. local cardio_dialysis_`x'_ul = r(table)[6,1]
135. 
. **Kidney transplant
. total weight if ckd_group==5
136. local baseline_kt_`x' = r(table)[1,1]
137. local baseline_kt_`x'_ll = r(table)[5,1]
138. local baseline_kt_`x'_ul = r(table)[6,1]
139. 
. total weight if ckd_group==5 & ckd_progression==0
140. local none_kt_`x' = r(table)[1,1]
141. local none_kt_`x'_ll = r(table)[5,1]
142. local none_kt_`x'_ul = r(table)[6,1]
143. 
. total weight if ckd_group==5 & ckd_progression==3
144. local dialysis_kt_`x' = r(table)[1,1]
145. local dialysis_kt_`x'_ll = r(table)[5,1]
146. local dialysis_kt_`x'_ul = r(table)[6,1]
147. 
. total weight if cardiovascular==1 & ckd_group==5
148. local cardio_kt_`x' = r(table)[1,1]
149. local cardio_kt_`x'_ll = r(table)[5,1]
150. local cardio_kt_`x'_ul = r(table)[6,1]
151. }
(label sex already defined)
(label egfr_end already defined)
(label ckd_progression already defined)
(label ethnicity already defined)
(label imd already defined)
(label region already defined)
(label urban already defined)

    Result                      Number of obs
    -----------------------------------------
    Not matched                         2,125
        from master                     2,125  (_merge==1)
        from using                          0  (_merge==2)

    Matched                             1,084  (_merge==3)
    -----------------------------------------
(3,070 observations deleted)
(64 real changes made)

Total estimation                           Number of obs = 139

--------------------------------------------------------------
             |      Total   Std. err.     [95% conf. interval]
-------------+------------------------------------------------
      weight |   10.06813   .1968824      9.678834    10.45743
--------------------------------------------------------------

Total estimation                           Number of obs = 101

--------------------------------------------------------------
             |      Total   Std. err.     [95% conf. interval]
-------------+------------------------------------------------
      weight |    7.25277   .1708738      6.913761    7.591779
--------------------------------------------------------------

Total estimation                            Number of obs = 14

--------------------------------------------------------------
             |      Total   Std. err.     [95% conf. interval]
-------------+------------------------------------------------
      weight |   1.016107   .0548816      .8975425    1.134671
--------------------------------------------------------------
no observations
r(2000);

end of do-file

r(2000);

. browse

. use ./output/2017_ckd_complete.dta, clear

. do "C:\Users\LSH170~1\AppData\Local\Temp\STD60d8_000000.tmp"

. sysdir set PLUS ./analysis/adofiles

. sysdir set PERSONAL ./analysis/adofiles

. pwd
C:\Users\lsh1703468\Documents\repo\ckd-healthcare-use

. cap log close
