------------------------------------------------------------------------------------------------------------------------------------------------------------------------------------------------------------------------------------------------------------
      name:  <unnamed>
       log:  C:\Users\lsh1703468\Documents\repo\ckd-healthcare-use\logs/standardised_healthcare_use_dialysis.log
  log type:  text
 opened on:  23 Apr 2024, 15:07:57

. cap file close tablecontent

. **Creates output file for each year (`dataset')
. file open tablecontent using ./output/standardised_healthcare_use_dialysis.csv, write text replace

. **Column headings
. *Ratios are per 100 patients
. file write tablecontent ("Date") _tab ("stratum") _tab ("ip") _tab ("ip_ll") _tab ("ip_ul") _tab ("icu") _tab ("icu_ll") _tab ("icu_ul") _tab ("ed") _tab ("ed_ll") _tab ("ed_ul") _tab ("avf") _tab ("avf_ll") _tab ("avf_ul") _tab ("pd") _tab ("pd_ll")
>  _tab ("pd_ul") _tab ("opd") _tab ("opd_ll") _tab ("opd_ul") _tab ("neph") _tab ("neph_ll") _tab ("neph_ul") _tab ("tx") _tab ("tx_ll") _tab ("tx_ul") _tab ("gp") _tab ("gp_ll") _tab ("gp_ul")_tab ("icd1") _tab ("icd2") _tab ("icd3") _tab ("icd4") _t
> ab ("icd5") _tab ("icd6") _tab ("icd7") _tab ("icd8") _tab ("icd9") _tab ("icd10") _tab ("icd11") _tab ("icd12") _tab ("icd13") _tab ("icd14") _tab ("icd15") _tab ("icd16") _tab ("icd17") _tab ("icd18") _tab ("icd19") _tab ("icd20") _tab ("icd21") _t
> ab ("icd22") _tab ("icd1_ll") _tab ("icd2_ll") _tab ("icd3_ll") _tab ("icd4_ll") _tab ("icd5_ll") _tab ("icd6_ll") _tab ("icd7_ll") _tab ("icd8_ll") _tab ("icd9_ll") _tab ("icd10_ll") _tab ("icd11_ll") _tab ("icd12_ll") _tab ("icd13_ll") _tab ("icd14
> _ll") _tab ("icd15_ll") _tab ("icd16_ll") _tab ("icd17_ll") _tab ("icd18_ll") _tab ("icd19_ll") _tab ("icd20_ll") _tab ("icd21_ll") _tab ("icd22_ll") _tab ("icd1_ul") _tab ("icd2_ul") _tab ("icd3_ul") _tab ("icd4_ul") _tab ("icd5_ul") _tab ("icd6_ul"
> ) _tab ("icd7_ul") _tab ("icd8_ul") _tab ("icd9_ul") _tab ("icd10_ul") _tab ("icd11_ul") _tab ("icd12_ul") _tab ("icd13_ul") _tab ("icd14_ul") _tab ("icd15_ul") _tab ("icd16_ul") _tab ("icd17_ul") _tab ("icd18_ul") _tab ("icd19_ul") _tab ("icd20_ul")
>  _tab ("icd21_ul") _tab ("icd22_ul") _n
unknown function ()
r(133);

end of do-file

r(133);

. do "C:\Users\lsh1703468\Documents\Repos\analysis\dummy_only_create_multiple_stps_2020.do"

. sysdir set PLUS ./analysis/adofiles

. sysdir set PERSONAL ./analysis/adofiles

. pwd
C:\Users\lsh1703468\Documents\repo\ckd-healthcare-use

. 
. 
. * Open a log file
. cap log close
