-----------------------------------------------------------------------------------------------------------------------------------------------------------------------------------------------------------------
      name:  <unnamed>
       log:  C:\Users\lsh1703468\Documents\repo\ckd-healthcare-use\logs/weighted_healthcare_use_overall.log
  log type:  text
 opened on:  16 Jun 2024, 15:54:21

. cap file close tablecontent

. **Creates output file for each year (`dataset')
. file open tablecontent using ./output/weighted_healthcare_use_overall.csv, write text replace
(file ./output/weighted_healthcare_use_overall.csv not found)

. **Column headings
. *Ratios are per 100 patients
. file write tablecontent ("Date") _tab ("stratum") _tab ("ip") _tab ("ip_ll") _tab ("ip_ul") _tab ("icu") _tab ("icu_ll") _tab ("icu_ul") _tab ("ed") _tab ("ed_ll") _tab ("ed_ul") _tab ("avf") _tab ("avf_ll")
>  _tab ("avf_ul") _tab ("pd") _tab ("pd_ll") _tab ("pd_ul") _tab ("opd") _tab ("opd_ll") _tab ("opd_ul") _tab ("neph") _tab ("neph_ll") _tab ("neph_ul") _tab ("tx") _tab ("tx_ll") _tab ("tx_ul") _tab ("gp") _
> tab ("gp_ll") _tab ("gp_ul") _tab ("bp") _tab ("bp_ll") _tab ("bp_ul") _tab ("uacr") _tab ("uacr_ll") _tab ("uacr_ul") _tab ("scr") _tab ("scr_ll") _tab ("scr_ul") _tab ("icd1") _tab ("icd2") _tab ("icd3") _
> tab ("icd4") _tab ("icd5") _tab ("icd6") _tab ("icd7") _tab ("icd8") _tab ("icd9") _tab ("icd10") _tab ("icd11") _tab ("icd12") _tab ("icd13") _tab ("icd14") _tab ("icd15") _tab ("icd16") _tab ("icd17") _tab
>  ("icd18") _tab ("icd19") _tab ("icd20") _tab ("icd21") _tab ("icd22") _tab ("icd1_ll") _tab ("icd2_ll") _tab ("icd3_ll") _tab ("icd4_ll") _tab ("icd5_ll") _tab ("icd6_ll") _tab ("icd7_ll") _tab ("icd8_ll") 
> _tab ("icd9_ll") _tab ("icd10_ll") _tab ("icd11_ll") _tab ("icd12_ll") _tab ("icd13_ll") _tab ("icd14_ll") _tab ("icd15_ll") _tab ("icd16_ll") _tab ("icd17_ll") _tab ("icd18_ll") _tab ("icd19_ll") _tab ("icd
> 20_ll") _tab ("icd21_ll") _tab ("icd22_ll") _tab ("icd1_ul") _tab ("icd2_ul") _tab ("icd3_ul") _tab ("icd4_ul") _tab ("icd5_ul") _tab ("icd6_ul") _tab ("icd7_ul") _tab ("icd8_ul") _tab ("icd9_ul") _tab ("icd
> 10_ul") _tab ("icd11_ul") _tab ("icd12_ul") _tab ("icd13_ul") _tab ("icd14_ul") _tab ("icd15_ul") _tab ("icd16_ul") _tab ("icd17_ul") _tab ("icd18_ul") _tab ("icd19_ul") _tab ("icd20_ul") _tab ("icd21_ul") _
> tab ("icd22_ul") _n

. 
. local year "2017 2018 2019 2020 2021 2022"

. 
. foreach x of local year {
  2. file write tablecontent ("01/04/`x'") _tab ("all") _tab
  3. use ./output/`x'_ckd_complete.dta, clear
  4. total weight
  5. local denom = r(table)[1,1]
  6. 
. foreach outcome of varlist hospital_days critical_care_days emergency_days op_appts neph_appts tx_appts gp_interactions fistula_formation pd_insertion blood_pressure albuminuria creatinine icd1_days icd2_day
> s icd3_days icd4_days icd5_days icd6_days icd7_days icd8_days icd9_days icd10_days icd11_days icd12_days icd13_days icd14_days icd15_days icd16_days icd17_days icd18_days icd19_days icd20_days icd21_days icd
> 22_days {
  7. qui su overall_std_`outcome'
  8. local `x'_`outcome' = (r(mean)/`denom')*100000
  9. local `x'_`outcome'_ef = exp(1.96 * sqrt(1 / ``x'_`outcome''))
 10. local `x'_`outcome'_ul = ``x'_`outcome'' * ``x'_`outcome'_ef'
 11. local `x'_`outcome'_ll = ``x'_`outcome'' / ``x'_`outcome'_ef'
 12. }
 13. 
. file write tablecontent %10.2f (``x'_hospital_days') _tab %10.2f (``x'_hospital_days_ll') _tab %10.2f (``x'_hospital_days_ul') _tab %10.2f (``x'_critical_care_days') _tab %10.2f (``x'_critical_care_days_ll')
>  _tab %10.2f (``x'_critical_care_days_ul') _tab %10.2f (``x'_emergency_days') _tab %10.2f (``x'_emergency_days_ll') _tab %10.2f (``x'_emergency_days_ul') _tab %10.2f (``x'_fistula_formation') _tab %10.2f (``
> x'_fistula_formation_ll') _tab %10.2f (``x'_fistula_formation_ul') _tab %10.2f (``x'_pd_insertion') _tab %10.2f (``x'_pd_insertion_ll') _tab %10.2f (``x'_pd_insertion_ul') _tab %10.2f (``x'_op_appts') _tab %
> 10.2f (``x'_op_appts_ll') _tab %10.2f (``x'_op_appts_ul') _tab %10.2f (``x'_neph_appts') _tab %10.2f (``x'_neph_appts_ll') _tab %10.2f (``x'_neph_appts_ul') _tab %10.2f (``x'_tx_appts') _tab %10.2f (``x'_tx_
> appts_ll') _tab %10.2f (``x'_tx_appts_ul') _tab %10.2f (``x'_gp_interactions') _tab %10.2f (``x'_gp_interactions_ll') _tab %10.2f (``x'_gp_interactions_ul') _tab %10.2f (``x'_blood_pressure') _tab %10.2f (``
> x'_blood_pressure_ll') _tab %10.2f (``x'_blood_pressure_ul') _tab %10.2f (``x'_albuminuria') _tab %10.2f (``x'_albuminuria_ll') _tab %10.2f (``x'_albuminuria_ul') _tab %10.2f (``x'_creatinine') _tab %10.2f (
> ``x'_creatinine_ll') _tab %10.2f (``x'_creatinine_ul') _tab %10.2f (``x'_icd1_days') _tab %10.2f (``x'_icd2_days') _tab %10.2f (``x'_icd3_days') _tab %10.2f (``x'_icd4_days') _tab %10.2f (``x'_icd5_days') _t
> ab %10.2f (``x'_icd6_days') _tab %10.2f (``x'_icd7_days') _tab %10.2f (``x'_icd8_days') _tab %10.2f (``x'_icd9_days') _tab %10.2f (``x'_icd10_days') _tab %10.2f (``x'_icd11_days') _tab %10.2f (``x'_icd12_day
> s') _tab %10.2f (``x'_icd13_days') _tab %10.2f (``x'_icd14_days') _tab %10.2f (``x'_icd15_days') _tab %10.2f (``x'_icd16_days') _tab %10.2f (``x'_icd17_days') _tab %10.2f (``x'_icd18_days') _tab %10.2f (``x'
> _icd19_days') _tab %10.2f (``x'_icd20_days') _tab %10.2f (``x'_icd21_days') _tab %10.2f (``x'_icd22_days') _tab %10.2f (``x'_icd1_days_ll') _tab %10.2f (``x'_icd2_days_ll') _tab %10.2f (``x'_icd3_days_ll') _
> tab %10.2f (``x'_icd4_days_ll') _tab %10.2f (``x'_icd5_days_ll') _tab %10.2f (``x'_icd6_days_ll') _tab %10.2f (``x'_icd7_days_ll') _tab %10.2f (``x'_icd8_days_ll') _tab %10.2f (``x'_icd9_days_ll') _tab %10.2
> f (``x'_icd10_days_ll') _tab %10.2f (``x'_icd11_days_ll') _tab %10.2f (``x'_icd12_days_ll') _tab %10.2f (``x'_icd13_days_ll') _tab %10.2f (``x'_icd14_days_ll') _tab %10.2f (``x'_icd15_days_ll') _tab %10.2f (
> ``x'_icd16_days_ll') _tab %10.2f (``x'_icd17_days_ll') _tab %10.2f (``x'_icd18_days_ll') _tab %10.2f (``x'_icd19_days_ll') _tab %10.2f (``x'_icd20_days_ll') _tab %10.2f (``x'_icd21_days_ll') _tab %10.2f (``x
> '_icd22_days_ll') _tab %10.2f (``x'_icd1_days_ul') _tab %10.2f (``x'_icd2_days_ul') _tab %10.2f (``x'_icd3_days_ul') _tab %10.2f (``x'_icd4_days_ul') _tab %10.2f (``x'_icd5_days_ul') _tab %10.2f (``x'_icd6_d
> ays_ul') _tab %10.2f (``x'_icd7_days_ul') _tab %10.2f (``x'_icd8_days_ul') _tab %10.2f (``x'_icd9_days_ul') _tab %10.2f (``x'_icd10_days_ul') _tab %10.2f (``x'_icd11_days_ul') _tab %10.2f (``x'_icd12_days_ul
> ') _tab %10.2f (``x'_icd13_days_ul') _tab %10.2f (``x'_icd14_days_ul') _tab %10.2f (``x'_icd15_days_ul') _tab %10.2f (``x'_icd16_days_ul') _tab %10.2f (``x'_icd17_days_ul') _tab %10.2f (``x'_icd18_days_ul') 
> _tab %10.2f (``x'_icd19_days_ul') _tab %10.2f (``x'_icd20_days_ul') _tab %10.2f (``x'_icd21_days_ul') _tab %10.2f (``x'_icd22_days_ul') _n
 14. }

Total estimation                         Number of obs = 3,209

--------------------------------------------------------------
             |      Total   Std. err.     [95% conf. interval]
-------------+------------------------------------------------
      weight |   233.6897   1.007379      231.7146    235.6649
--------------------------------------------------------------

Total estimation                         Number of obs = 2,077

--------------------------------------------------------------
             |      Total   Std. err.     [95% conf. interval]
-------------+------------------------------------------------
      weight |    150.675   .8233571      149.0603    152.2897
--------------------------------------------------------------

Total estimation                         Number of obs = 3,239

--------------------------------------------------------------
             |      Total   Std. err.     [95% conf. interval]
-------------+------------------------------------------------
      weight |   235.6885   1.010953      233.7063    237.6707
--------------------------------------------------------------

Total estimation                         Number of obs = 3,163

--------------------------------------------------------------
             |      Total   Std. err.     [95% conf. interval]
-------------+------------------------------------------------
      weight |   230.4184   1.008543       228.441    232.3959
--------------------------------------------------------------

Total estimation                         Number of obs = 3,273

--------------------------------------------------------------
             |      Total   Std. err.     [95% conf. interval]
-------------+------------------------------------------------
      weight |   238.4233   1.021034      236.4214    240.4252
--------------------------------------------------------------

Total estimation                         Number of obs = 3,179

--------------------------------------------------------------
             |      Total   Std. err.     [95% conf. interval]
-------------+------------------------------------------------
      weight |   233.4332   .9784503      231.5148    235.3517
--------------------------------------------------------------

. 
. forvalues i=1/6 {
  2. local label`i': label ethnicity `i'
  3. foreach x of local year {
  4. file write tablecontent ("01/04/`x'") _tab ("`label`i''") _tab
  5. use ./output/`x'_ckd_complete.dta, clear
  6. total weight if ethnicity==`i'
  7. local denom = r(table)[1,1]
  8. 
. foreach outcome of varlist hospital_days critical_care_days emergency_days op_appts neph_appts tx_appts gp_interactions fistula_formation pd_insertion blood_pressure albuminuria creatinine icd1_days icd2_day
> s icd3_days icd4_days icd5_days icd6_days icd7_days icd8_days icd9_days icd10_days icd11_days icd12_days icd13_days icd14_days icd15_days icd16_days icd17_days icd18_days icd19_days icd20_days icd21_days icd
> 22_days {
  9. qui su ethnicity_`outcome' if ethnicity==`i' 
 10. local `x'_`outcome' = (r(mean)/`denom')*100000
 11. local `x'_`outcome'_ef = exp(1.96 * sqrt(1 / ``x'_`outcome''))
 12. local `x'_`outcome'_ul = ``x'_`outcome'' * ``x'_`outcome'_ef'
 13. local `x'_`outcome'_ll = ``x'_`outcome'' / ``x'_`outcome'_ef'
 14. }
 15. 
. file write tablecontent %10.2f (``x'_hospital_days') _tab %10.2f (``x'_hospital_days_ll') _tab %10.2f (``x'_hospital_days_ul') _tab %10.2f (``x'_critical_care_days') _tab %10.2f (``x'_critical_care_days_ll')
>  _tab %10.2f (``x'_critical_care_days_ul') _tab %10.2f (``x'_emergency_days') _tab %10.2f (``x'_emergency_days_ll') _tab %10.2f (``x'_emergency_days_ul') _tab %10.2f (``x'_fistula_formation') _tab %10.2f (``
> x'_fistula_formation_ll') _tab %10.2f (``x'_fistula_formation_ul') _tab %10.2f (``x'_pd_insertion') _tab %10.2f (``x'_pd_insertion_ll') _tab %10.2f (``x'_pd_insertion_ul') _tab %10.2f (``x'_op_appts') _tab %
> 10.2f (``x'_op_appts_ll') _tab %10.2f (``x'_op_appts_ul') _tab %10.2f (``x'_neph_appts') _tab %10.2f (``x'_neph_appts_ll') _tab %10.2f (``x'_neph_appts_ul') _tab %10.2f (``x'_tx_appts') _tab %10.2f (``x'_tx_
> appts_ll') _tab %10.2f (``x'_tx_appts_ul') _tab %10.2f (``x'_gp_interactions') _tab %10.2f (``x'_gp_interactions_ll') _tab %10.2f (``x'_gp_interactions_ul') _tab %10.2f (``x'_blood_pressure') _tab %10.2f (``
> x'_blood_pressure_ll') _tab %10.2f (``x'_blood_pressure_ul') _tab %10.2f (``x'_albuminuria') _tab %10.2f (``x'_albuminuria_ll') _tab %10.2f (``x'_albuminuria_ul') _tab %10.2f (``x'_creatinine') _tab %10.2f (
> ``x'_creatinine_ll') _tab %10.2f (``x'_creatinine_ul') _tab %10.2f (``x'_icd1_days') _tab %10.2f (``x'_icd2_days') _tab %10.2f (``x'_icd3_days') _tab %10.2f (``x'_icd4_days') _tab %10.2f (``x'_icd5_days') _t
> ab %10.2f (``x'_icd6_days') _tab %10.2f (``x'_icd7_days') _tab %10.2f (``x'_icd8_days') _tab %10.2f (``x'_icd9_days') _tab %10.2f (``x'_icd10_days') _tab %10.2f (``x'_icd11_days') _tab %10.2f (``x'_icd12_day
> s') _tab %10.2f (``x'_icd13_days') _tab %10.2f (``x'_icd14_days') _tab %10.2f (``x'_icd15_days') _tab %10.2f (``x'_icd16_days') _tab %10.2f (``x'_icd17_days') _tab %10.2f (``x'_icd18_days') _tab %10.2f (``x'
> _icd19_days') _tab %10.2f (``x'_icd20_days') _tab %10.2f (``x'_icd21_days') _tab %10.2f (``x'_icd22_days') _tab %10.2f (``x'_icd1_days_ll') _tab %10.2f (``x'_icd2_days_ll') _tab %10.2f (``x'_icd3_days_ll') _
> tab %10.2f (``x'_icd4_days_ll') _tab %10.2f (``x'_icd5_days_ll') _tab %10.2f (``x'_icd6_days_ll') _tab %10.2f (``x'_icd7_days_ll') _tab %10.2f (``x'_icd8_days_ll') _tab %10.2f (``x'_icd9_days_ll') _tab %10.2
> f (``x'_icd10_days_ll') _tab %10.2f (``x'_icd11_days_ll') _tab %10.2f (``x'_icd12_days_ll') _tab %10.2f (``x'_icd13_days_ll') _tab %10.2f (``x'_icd14_days_ll') _tab %10.2f (``x'_icd15_days_ll') _tab %10.2f (
> ``x'_icd16_days_ll') _tab %10.2f (``x'_icd17_days_ll') _tab %10.2f (``x'_icd18_days_ll') _tab %10.2f (``x'_icd19_days_ll') _tab %10.2f (``x'_icd20_days_ll') _tab %10.2f (``x'_icd21_days_ll') _tab %10.2f (``x
> '_icd22_days_ll') _tab %10.2f (``x'_icd1_days_ul') _tab %10.2f (``x'_icd2_days_ul') _tab %10.2f (``x'_icd3_days_ul') _tab %10.2f (``x'_icd4_days_ul') _tab %10.2f (``x'_icd5_days_ul') _tab %10.2f (``x'_icd6_d
> ays_ul') _tab %10.2f (``x'_icd7_days_ul') _tab %10.2f (``x'_icd8_days_ul') _tab %10.2f (``x'_icd9_days_ul') _tab %10.2f (``x'_icd10_days_ul') _tab %10.2f (``x'_icd11_days_ul') _tab %10.2f (``x'_icd12_days_ul
> ') _tab %10.2f (``x'_icd13_days_ul') _tab %10.2f (``x'_icd14_days_ul') _tab %10.2f (``x'_icd15_days_ul') _tab %10.2f (``x'_icd16_days_ul') _tab %10.2f (``x'_icd17_days_ul') _tab %10.2f (``x'_icd18_days_ul') 
> _tab %10.2f (``x'_icd19_days_ul') _tab %10.2f (``x'_icd20_days_ul') _tab %10.2f (``x'_icd21_days_ul') _tab %10.2f (``x'_icd22_days_ul') _n
 16. }
 17. }

Total estimation                         Number of obs = 1,899

--------------------------------------------------------------
             |      Total   Std. err.     [95% conf. interval]
-------------+------------------------------------------------
      weight |   139.0121   .7612549      137.5191    140.5051
--------------------------------------------------------------

Total estimation                         Number of obs = 1,280

--------------------------------------------------------------
             |      Total   Std. err.     [95% conf. interval]
-------------+------------------------------------------------
      weight |   93.27491   .6347637      92.02962    94.52021
--------------------------------------------------------------

Total estimation                         Number of obs = 1,907

--------------------------------------------------------------
             |      Total   Std. err.     [95% conf. interval]
-------------+------------------------------------------------
      weight |   138.2674   .7855038      136.7269    139.8079
--------------------------------------------------------------

Total estimation                         Number of obs = 1,891

--------------------------------------------------------------
             |      Total   Std. err.     [95% conf. interval]
-------------+------------------------------------------------
      weight |   137.0939   .7908312      135.5429    138.6449
--------------------------------------------------------------

Total estimation                         Number of obs = 1,972

--------------------------------------------------------------
             |      Total   Std. err.     [95% conf. interval]
-------------+------------------------------------------------
      weight |   144.7209   .7733278      143.2043    146.2375
--------------------------------------------------------------

Total estimation                         Number of obs = 1,877

--------------------------------------------------------------
             |      Total   Std. err.     [95% conf. interval]
-------------+------------------------------------------------
      weight |   137.8523   .7518539      136.3777    139.3268
--------------------------------------------------------------

Total estimation                           Number of obs = 122

--------------------------------------------------------------
             |      Total   Std. err.     [95% conf. interval]
-------------+------------------------------------------------
      weight |    8.97148   .1889797      8.597345    9.345615
--------------------------------------------------------------

Total estimation                            Number of obs = 69

--------------------------------------------------------------
             |      Total   Std. err.     [95% conf. interval]
-------------+------------------------------------------------
      weight |   4.805441    .160733      4.484703    5.126179
--------------------------------------------------------------

Total estimation                           Number of obs = 137

--------------------------------------------------------------
             |      Total   Std. err.     [95% conf. interval]
-------------+------------------------------------------------
      weight |   10.06937   .2083624      9.657325    10.48142
--------------------------------------------------------------

Total estimation                           Number of obs = 118

--------------------------------------------------------------
             |      Total   Std. err.     [95% conf. interval]
-------------+------------------------------------------------
      weight |   8.850049   .1644426      8.524379    9.175719
--------------------------------------------------------------

Total estimation                           Number of obs = 100

--------------------------------------------------------------
             |      Total   Std. err.     [95% conf. interval]
-------------+------------------------------------------------
      weight |   7.008656   .2146235      6.582797    7.434516
--------------------------------------------------------------

Total estimation                           Number of obs = 111

--------------------------------------------------------------
             |      Total   Std. err.     [95% conf. interval]
-------------+------------------------------------------------
      weight |   8.262684   .1645534      7.936578     8.58879
--------------------------------------------------------------

Total estimation                           Number of obs = 139

--------------------------------------------------------------
             |      Total   Std. err.     [95% conf. interval]
-------------+------------------------------------------------
      weight |   10.06813   .1968824      9.678834    10.45743
--------------------------------------------------------------

Total estimation                            Number of obs = 72

--------------------------------------------------------------
             |      Total   Std. err.     [95% conf. interval]
-------------+------------------------------------------------
      weight |   5.166036   .1517895      4.863376    5.468696
--------------------------------------------------------------

Total estimation                           Number of obs = 110

--------------------------------------------------------------
             |      Total   Std. err.     [95% conf. interval]
-------------+------------------------------------------------
      weight |     8.0322   .1776548      7.680094    8.384306
--------------------------------------------------------------

Total estimation                           Number of obs = 118

--------------------------------------------------------------
             |      Total   Std. err.     [95% conf. interval]
-------------+------------------------------------------------
      weight |   8.156117   .2250769      7.710364     8.60187
--------------------------------------------------------------

Total estimation                           Number of obs = 145

--------------------------------------------------------------
             |      Total   Std. err.     [95% conf. interval]
-------------+------------------------------------------------
      weight |   10.27631   .2289732       9.82373     10.7289
--------------------------------------------------------------

Total estimation                           Number of obs = 118

--------------------------------------------------------------
             |      Total   Std. err.     [95% conf. interval]
-------------+------------------------------------------------
      weight |   8.869872   .1647397      8.543614     9.19613
--------------------------------------------------------------

Total estimation                            Number of obs = 91

--------------------------------------------------------------
             |      Total   Std. err.     [95% conf. interval]
-------------+------------------------------------------------
      weight |   6.566286    .193227      6.182407    6.950165
--------------------------------------------------------------

Total estimation                            Number of obs = 77

--------------------------------------------------------------
             |      Total   Std. err.     [95% conf. interval]
-------------+------------------------------------------------
      weight |   5.209407   .1896141      4.831758    5.587056
--------------------------------------------------------------

Total estimation                           Number of obs = 127

--------------------------------------------------------------
             |      Total   Std. err.     [95% conf. interval]
-------------+------------------------------------------------
      weight |   9.557606   .1786996      9.203965    9.911247
--------------------------------------------------------------

Total estimation                           Number of obs = 122

--------------------------------------------------------------
             |      Total   Std. err.     [95% conf. interval]
-------------+------------------------------------------------
      weight |    8.89342   .2131712      8.471392    9.315449
--------------------------------------------------------------

Total estimation                           Number of obs = 117

--------------------------------------------------------------
             |      Total   Std. err.     [95% conf. interval]
-------------+------------------------------------------------
      weight |   8.521669   .2116152      8.102538      8.9408
--------------------------------------------------------------

Total estimation                           Number of obs = 114

--------------------------------------------------------------
             |      Total   Std. err.     [95% conf. interval]
-------------+------------------------------------------------
      weight |   8.376688   .1739982      8.031966     8.72141
--------------------------------------------------------------

Total estimation                           Number of obs = 109

--------------------------------------------------------------
             |      Total   Std. err.     [95% conf. interval]
-------------+------------------------------------------------
      weight |   8.257731   .1601352      7.940315    8.575147
--------------------------------------------------------------

Total estimation                            Number of obs = 86

--------------------------------------------------------------
             |      Total   Std. err.     [95% conf. interval]
-------------+------------------------------------------------
      weight |   6.396517   .1715546      6.055421    6.737614
--------------------------------------------------------------

Total estimation                           Number of obs = 125

--------------------------------------------------------------
             |      Total   Std. err.     [95% conf. interval]
-------------+------------------------------------------------
      weight |   9.172223   .2035502       8.76934    9.575106
--------------------------------------------------------------

Total estimation                           Number of obs = 127

--------------------------------------------------------------
             |      Total   Std. err.     [95% conf. interval]
-------------+------------------------------------------------
      weight |   9.304817   .2023892      8.904295    9.705339
--------------------------------------------------------------

Total estimation                           Number of obs = 111

--------------------------------------------------------------
             |      Total   Std. err.     [95% conf. interval]
-------------+------------------------------------------------
      weight |   8.360577   .1485978      8.066091    8.655063
--------------------------------------------------------------

Total estimation                           Number of obs = 119

--------------------------------------------------------------
             |      Total   Std. err.     [95% conf. interval]
-------------+------------------------------------------------
      weight |   8.682763   .1812738      8.323792    9.041735
--------------------------------------------------------------

Total estimation                           Number of obs = 849

--------------------------------------------------------------
             |      Total   Std. err.     [95% conf. interval]
-------------+------------------------------------------------
      weight |     60.814   .5448472      59.74459    61.88341
--------------------------------------------------------------

Total estimation                           Number of obs = 493

--------------------------------------------------------------
             |      Total   Std. err.     [95% conf. interval]
-------------+------------------------------------------------
      weight |   35.82272   .3995605      35.03767    36.60778
--------------------------------------------------------------

Total estimation                           Number of obs = 833

--------------------------------------------------------------
             |      Total   Std. err.     [95% conf. interval]
-------------+------------------------------------------------
      weight |   60.58971   .5070752      59.59441    61.58501
--------------------------------------------------------------

Total estimation                           Number of obs = 787

--------------------------------------------------------------
             |      Total   Std. err.     [95% conf. interval]
-------------+------------------------------------------------
      weight |    58.1201   .4754564      57.18678    59.05341
--------------------------------------------------------------

Total estimation                           Number of obs = 828

--------------------------------------------------------------
             |      Total   Std. err.     [95% conf. interval]
-------------+------------------------------------------------
      weight |   59.53519   .5268023      58.50117    60.56922
--------------------------------------------------------------

Total estimation                           Number of obs = 840

--------------------------------------------------------------
             |      Total   Std. err.     [95% conf. interval]
-------------+------------------------------------------------
      weight |   61.38897   .5248564      60.35878    62.41915
--------------------------------------------------------------

. 
. forvalues i=1/5 {
  2. local label`i': label imd `i'
  3. foreach x of local year {
  4. file write tablecontent ("01/04/`x'") _tab ("`label`i''") _tab
  5. use ./output/`x'_ckd_complete.dta, clear
  6. total weight if imd==`i'
  7. local denom = r(table)[1,1]
  8. 
. foreach outcome of varlist hospital_days critical_care_days emergency_days op_appts neph_appts tx_appts gp_interactions fistula_formation pd_insertion blood_pressure albuminuria creatinine icd1_days icd2_day
> s icd3_days icd4_days icd5_days icd6_days icd7_days icd8_days icd9_days icd10_days icd11_days icd12_days icd13_days icd14_days icd15_days icd16_days icd17_days icd18_days icd19_days icd20_days icd21_days icd
> 22_days {
  9. qui su imd_`outcome' if imd==`i' 
 10. local `x'_`outcome' = (r(mean)/`denom')*100000
 11. local `x'_`outcome'_ef = exp(1.96 * sqrt(1 / ``x'_`outcome''))
 12. local `x'_`outcome'_ul = ``x'_`outcome'' * ``x'_`outcome'_ef'
 13. local `x'_`outcome'_ll = ``x'_`outcome'' / ``x'_`outcome'_ef'
 14. }
 15. 
. file write tablecontent %10.2f (``x'_hospital_days') _tab %10.2f (``x'_hospital_days_ll') _tab %10.2f (``x'_hospital_days_ul') _tab %10.2f (``x'_critical_care_days') _tab %10.2f (``x'_critical_care_days_ll')
>  _tab %10.2f (``x'_critical_care_days_ul') _tab %10.2f (``x'_emergency_days') _tab %10.2f (``x'_emergency_days_ll') _tab %10.2f (``x'_emergency_days_ul') _tab %10.2f (``x'_fistula_formation') _tab %10.2f (``
> x'_fistula_formation_ll') _tab %10.2f (``x'_fistula_formation_ul') _tab %10.2f (``x'_pd_insertion') _tab %10.2f (``x'_pd_insertion_ll') _tab %10.2f (``x'_pd_insertion_ul') _tab %10.2f (``x'_op_appts') _tab %
> 10.2f (``x'_op_appts_ll') _tab %10.2f (``x'_op_appts_ul') _tab %10.2f (``x'_neph_appts') _tab %10.2f (``x'_neph_appts_ll') _tab %10.2f (``x'_neph_appts_ul') _tab %10.2f (``x'_tx_appts') _tab %10.2f (``x'_tx_
> appts_ll') _tab %10.2f (``x'_tx_appts_ul') _tab %10.2f (``x'_gp_interactions') _tab %10.2f (``x'_gp_interactions_ll') _tab %10.2f (``x'_gp_interactions_ul') _tab %10.2f (``x'_blood_pressure') _tab %10.2f (``
> x'_blood_pressure_ll') _tab %10.2f (``x'_blood_pressure_ul') _tab %10.2f (``x'_albuminuria') _tab %10.2f (``x'_albuminuria_ll') _tab %10.2f (``x'_albuminuria_ul') _tab %10.2f (``x'_creatinine') _tab %10.2f (
> ``x'_creatinine_ll') _tab %10.2f (``x'_creatinine_ul') _tab %10.2f (``x'_icd1_days') _tab %10.2f (``x'_icd2_days') _tab %10.2f (``x'_icd3_days') _tab %10.2f (``x'_icd4_days') _tab %10.2f (``x'_icd5_days') _t
> ab %10.2f (``x'_icd6_days') _tab %10.2f (``x'_icd7_days') _tab %10.2f (``x'_icd8_days') _tab %10.2f (``x'_icd9_days') _tab %10.2f (``x'_icd10_days') _tab %10.2f (``x'_icd11_days') _tab %10.2f (``x'_icd12_day
> s') _tab %10.2f (``x'_icd13_days') _tab %10.2f (``x'_icd14_days') _tab %10.2f (``x'_icd15_days') _tab %10.2f (``x'_icd16_days') _tab %10.2f (``x'_icd17_days') _tab %10.2f (``x'_icd18_days') _tab %10.2f (``x'
> _icd19_days') _tab %10.2f (``x'_icd20_days') _tab %10.2f (``x'_icd21_days') _tab %10.2f (``x'_icd22_days') _tab %10.2f (``x'_icd1_days_ll') _tab %10.2f (``x'_icd2_days_ll') _tab %10.2f (``x'_icd3_days_ll') _
> tab %10.2f (``x'_icd4_days_ll') _tab %10.2f (``x'_icd5_days_ll') _tab %10.2f (``x'_icd6_days_ll') _tab %10.2f (``x'_icd7_days_ll') _tab %10.2f (``x'_icd8_days_ll') _tab %10.2f (``x'_icd9_days_ll') _tab %10.2
> f (``x'_icd10_days_ll') _tab %10.2f (``x'_icd11_days_ll') _tab %10.2f (``x'_icd12_days_ll') _tab %10.2f (``x'_icd13_days_ll') _tab %10.2f (``x'_icd14_days_ll') _tab %10.2f (``x'_icd15_days_ll') _tab %10.2f (
> ``x'_icd16_days_ll') _tab %10.2f (``x'_icd17_days_ll') _tab %10.2f (``x'_icd18_days_ll') _tab %10.2f (``x'_icd19_days_ll') _tab %10.2f (``x'_icd20_days_ll') _tab %10.2f (``x'_icd21_days_ll') _tab %10.2f (``x
> '_icd22_days_ll') _tab %10.2f (``x'_icd1_days_ul') _tab %10.2f (``x'_icd2_days_ul') _tab %10.2f (``x'_icd3_days_ul') _tab %10.2f (``x'_icd4_days_ul') _tab %10.2f (``x'_icd5_days_ul') _tab %10.2f (``x'_icd6_d
> ays_ul') _tab %10.2f (``x'_icd7_days_ul') _tab %10.2f (``x'_icd8_days_ul') _tab %10.2f (``x'_icd9_days_ul') _tab %10.2f (``x'_icd10_days_ul') _tab %10.2f (``x'_icd11_days_ul') _tab %10.2f (``x'_icd12_days_ul
> ') _tab %10.2f (``x'_icd13_days_ul') _tab %10.2f (``x'_icd14_days_ul') _tab %10.2f (``x'_icd15_days_ul') _tab %10.2f (``x'_icd16_days_ul') _tab %10.2f (``x'_icd17_days_ul') _tab %10.2f (``x'_icd18_days_ul') 
> _tab %10.2f (``x'_icd19_days_ul') _tab %10.2f (``x'_icd20_days_ul') _tab %10.2f (``x'_icd21_days_ul') _tab %10.2f (``x'_icd22_days_ul') _n
 16. }
 17. }

Total estimation                           Number of obs = 642

--------------------------------------------------------------
             |      Total   Std. err.     [95% conf. interval]
-------------+------------------------------------------------
      weight |   47.39272   .4290097      46.55028    48.23515
--------------------------------------------------------------

Total estimation                           Number of obs = 444

--------------------------------------------------------------
             |      Total   Std. err.     [95% conf. interval]
-------------+------------------------------------------------
      weight |   31.32459   .4093854      30.52001    32.12917
--------------------------------------------------------------

Total estimation                           Number of obs = 672

--------------------------------------------------------------
             |      Total   Std. err.     [95% conf. interval]
-------------+------------------------------------------------
      weight |   49.12753   .4716157      48.20151    50.05355
--------------------------------------------------------------

Total estimation                           Number of obs = 611

--------------------------------------------------------------
             |      Total   Std. err.     [95% conf. interval]
-------------+------------------------------------------------
      weight |   43.81651   .4588042      42.91549    44.71754
--------------------------------------------------------------

Total estimation                           Number of obs = 630

--------------------------------------------------------------
             |      Total   Std. err.     [95% conf. interval]
-------------+------------------------------------------------
      weight |   46.99495   .3882065      46.23261    47.75728
--------------------------------------------------------------

Total estimation                           Number of obs = 641

--------------------------------------------------------------
             |      Total   Std. err.     [95% conf. interval]
-------------+------------------------------------------------
      weight |   47.47946   .4194295      46.65584    48.30309
--------------------------------------------------------------

Total estimation                           Number of obs = 648

--------------------------------------------------------------
             |      Total   Std. err.     [95% conf. interval]
-------------+------------------------------------------------
      weight |   46.36422    .469911      45.44149    47.28696
--------------------------------------------------------------

Total estimation                           Number of obs = 412

--------------------------------------------------------------
             |      Total   Std. err.     [95% conf. interval]
-------------+------------------------------------------------
      weight |   30.38656   .3512831      29.69603     31.0771
--------------------------------------------------------------

Total estimation                           Number of obs = 662

--------------------------------------------------------------
             |      Total   Std. err.     [95% conf. interval]
-------------+------------------------------------------------
      weight |   47.68144   .4765039       46.7458    48.61708
--------------------------------------------------------------

Total estimation                           Number of obs = 620

--------------------------------------------------------------
             |      Total   Std. err.     [95% conf. interval]
-------------+------------------------------------------------
      weight |   45.82149   .4235942      44.98963    46.65335
--------------------------------------------------------------

Total estimation                           Number of obs = 697

--------------------------------------------------------------
             |      Total   Std. err.     [95% conf. interval]
-------------+------------------------------------------------
      weight |   50.01725   .4913571      49.05253    50.98197
--------------------------------------------------------------

Total estimation                           Number of obs = 648

--------------------------------------------------------------
             |      Total   Std. err.     [95% conf. interval]
-------------+------------------------------------------------
      weight |    47.4869   .4371707      46.62846    48.34535
--------------------------------------------------------------

Total estimation                           Number of obs = 614

--------------------------------------------------------------
             |      Total   Std. err.     [95% conf. interval]
-------------+------------------------------------------------
      weight |   45.17834   .4182081      44.35705    45.99964
--------------------------------------------------------------

Total estimation                           Number of obs = 410

--------------------------------------------------------------
             |      Total   Std. err.     [95% conf. interval]
-------------+------------------------------------------------
      weight |   30.16351   .3554946      29.46469    30.86234
--------------------------------------------------------------

Total estimation                           Number of obs = 640

--------------------------------------------------------------
             |      Total   Std. err.     [95% conf. interval]
-------------+------------------------------------------------
      weight |   46.91193    .422348      46.08257    47.74129
--------------------------------------------------------------

Total estimation                           Number of obs = 672

--------------------------------------------------------------
             |      Total   Std. err.     [95% conf. interval]
-------------+------------------------------------------------
      weight |   48.85122   .4785388       47.9116    49.79083
--------------------------------------------------------------

Total estimation                           Number of obs = 666

--------------------------------------------------------------
             |      Total   Std. err.     [95% conf. interval]
-------------+------------------------------------------------
      weight |   48.53894   .4529335      47.64959    49.42829
--------------------------------------------------------------

Total estimation                           Number of obs = 641

--------------------------------------------------------------
             |      Total   Std. err.     [95% conf. interval]
-------------+------------------------------------------------
      weight |   47.46582   .4225129      46.63614     48.2955
--------------------------------------------------------------

Total estimation                           Number of obs = 689

--------------------------------------------------------------
             |      Total   Std. err.     [95% conf. interval]
-------------+------------------------------------------------
      weight |   49.65665   .4796657      48.71487    50.59843
--------------------------------------------------------------

Total estimation                           Number of obs = 400

--------------------------------------------------------------
             |      Total   Std. err.     [95% conf. interval]
-------------+------------------------------------------------
      weight |   28.93922   .3712911      28.20929    29.66916
--------------------------------------------------------------

Total estimation                           Number of obs = 631

--------------------------------------------------------------
             |      Total   Std. err.     [95% conf. interval]
-------------+------------------------------------------------
      weight |   45.73721   .4472248      44.85897    46.61544
--------------------------------------------------------------

Total estimation                           Number of obs = 626

--------------------------------------------------------------
             |      Total   Std. err.     [95% conf. interval]
-------------+------------------------------------------------
      weight |   45.58231   .4406553      44.71697    46.44766
--------------------------------------------------------------

Total estimation                           Number of obs = 648

--------------------------------------------------------------
             |      Total   Std. err.     [95% conf. interval]
-------------+------------------------------------------------
      weight |   47.21923   .4657746      46.30462    48.13384
--------------------------------------------------------------

Total estimation                           Number of obs = 629

--------------------------------------------------------------
             |      Total   Std. err.     [95% conf. interval]
-------------+------------------------------------------------
      weight |   46.43981   .4233218      45.60851    47.27111
--------------------------------------------------------------

Total estimation                           Number of obs = 616

--------------------------------------------------------------
             |      Total   Std. err.     [95% conf. interval]
-------------+------------------------------------------------
      weight |   45.09781   .4513387      44.21146    45.98416
--------------------------------------------------------------

Total estimation                           Number of obs = 411

--------------------------------------------------------------
             |      Total   Std. err.     [95% conf. interval]
-------------+------------------------------------------------
      weight |   29.86115   .3480904      29.17689    30.54542
--------------------------------------------------------------

Total estimation                           Number of obs = 634

--------------------------------------------------------------
             |      Total   Std. err.     [95% conf. interval]
-------------+------------------------------------------------
      weight |    46.2304   .4412876      45.36383    47.09696
--------------------------------------------------------------

Total estimation                           Number of obs = 634

--------------------------------------------------------------
             |      Total   Std. err.     [95% conf. interval]
-------------+------------------------------------------------
      weight |   46.34688   .4514369      45.46039    47.23338
--------------------------------------------------------------

Total estimation                           Number of obs = 632

--------------------------------------------------------------
             |      Total   Std. err.     [95% conf. interval]
-------------+------------------------------------------------
      weight |   45.65295    .475986      44.71824    46.58766
--------------------------------------------------------------

Total estimation                           Number of obs = 620

--------------------------------------------------------------
             |      Total   Std. err.     [95% conf. interval]
-------------+------------------------------------------------
      weight |   44.56125   .4813363        43.616     45.5065
--------------------------------------------------------------

. 
. forvalues i=1/9 {
  2. local label`i': label region `i'
  3. foreach x of local year {
  4. file write tablecontent ("01/04/`x'") _tab ("`label`i''") _tab
  5. use ./output/`x'_ckd_complete.dta, clear
  6. total weight if region==`i'
  7. local denom = r(table)[1,1]
  8. 
. foreach outcome of varlist hospital_days critical_care_days emergency_days op_appts neph_appts tx_appts gp_interactions fistula_formation pd_insertion blood_pressure albuminuria creatinine icd1_days icd2_day
> s icd3_days icd4_days icd5_days icd6_days icd7_days icd8_days icd9_days icd10_days icd11_days icd12_days icd13_days icd14_days icd15_days icd16_days icd17_days icd18_days icd19_days icd20_days icd21_days icd
> 22_days {
  9. qui su region_`outcome' if region==`i'
 10. local `x'_`outcome' = (r(mean)/`denom')*100000
 11. local `x'_`outcome'_ef = exp(1.96 * sqrt(1 / ``x'_`outcome''))
 12. local `x'_`outcome'_ul = ``x'_`outcome'' * ``x'_`outcome'_ef'
 13. local `x'_`outcome'_ll = ``x'_`outcome'' / ``x'_`outcome'_ef'
 14. }
 15. 
. file write tablecontent %10.2f (``x'_hospital_days') _tab %10.2f (``x'_hospital_days_ll') _tab %10.2f (``x'_hospital_days_ul') _tab %10.2f (``x'_critical_care_days') _tab %10.2f (``x'_critical_care_days_ll')
>  _tab %10.2f (``x'_critical_care_days_ul') _tab %10.2f (``x'_emergency_days') _tab %10.2f (``x'_emergency_days_ll') _tab %10.2f (``x'_emergency_days_ul') _tab %10.2f (``x'_fistula_formation') _tab %10.2f (``
> x'_fistula_formation_ll') _tab %10.2f (``x'_fistula_formation_ul') _tab %10.2f (``x'_pd_insertion') _tab %10.2f (``x'_pd_insertion_ll') _tab %10.2f (``x'_pd_insertion_ul') _tab %10.2f (``x'_op_appts') _tab %
> 10.2f (``x'_op_appts_ll') _tab %10.2f (``x'_op_appts_ul') _tab %10.2f (``x'_neph_appts') _tab %10.2f (``x'_neph_appts_ll') _tab %10.2f (``x'_neph_appts_ul') _tab %10.2f (``x'_tx_appts') _tab %10.2f (``x'_tx_
> appts_ll') _tab %10.2f (``x'_tx_appts_ul') _tab %10.2f (``x'_gp_interactions') _tab %10.2f (``x'_gp_interactions_ll') _tab %10.2f (``x'_gp_interactions_ul') _tab %10.2f (``x'_blood_pressure') _tab %10.2f (``
> x'_blood_pressure_ll') _tab %10.2f (``x'_blood_pressure_ul') _tab %10.2f (``x'_albuminuria') _tab %10.2f (``x'_albuminuria_ll') _tab %10.2f (``x'_albuminuria_ul') _tab %10.2f (``x'_creatinine') _tab %10.2f (
> ``x'_creatinine_ll') _tab %10.2f (``x'_creatinine_ul') _tab %10.2f (``x'_icd1_days') _tab %10.2f (``x'_icd2_days') _tab %10.2f (``x'_icd3_days') _tab %10.2f (``x'_icd4_days') _tab %10.2f (``x'_icd5_days') _t
> ab %10.2f (``x'_icd6_days') _tab %10.2f (``x'_icd7_days') _tab %10.2f (``x'_icd8_days') _tab %10.2f (``x'_icd9_days') _tab %10.2f (``x'_icd10_days') _tab %10.2f (``x'_icd11_days') _tab %10.2f (``x'_icd12_day
> s') _tab %10.2f (``x'_icd13_days') _tab %10.2f (``x'_icd14_days') _tab %10.2f (``x'_icd15_days') _tab %10.2f (``x'_icd16_days') _tab %10.2f (``x'_icd17_days') _tab %10.2f (``x'_icd18_days') _tab %10.2f (``x'
> _icd19_days') _tab %10.2f (``x'_icd20_days') _tab %10.2f (``x'_icd21_days') _tab %10.2f (``x'_icd22_days') _tab %10.2f (``x'_icd1_days_ll') _tab %10.2f (``x'_icd2_days_ll') _tab %10.2f (``x'_icd3_days_ll') _
> tab %10.2f (``x'_icd4_days_ll') _tab %10.2f (``x'_icd5_days_ll') _tab %10.2f (``x'_icd6_days_ll') _tab %10.2f (``x'_icd7_days_ll') _tab %10.2f (``x'_icd8_days_ll') _tab %10.2f (``x'_icd9_days_ll') _tab %10.2
> f (``x'_icd10_days_ll') _tab %10.2f (``x'_icd11_days_ll') _tab %10.2f (``x'_icd12_days_ll') _tab %10.2f (``x'_icd13_days_ll') _tab %10.2f (``x'_icd14_days_ll') _tab %10.2f (``x'_icd15_days_ll') _tab %10.2f (
> ``x'_icd16_days_ll') _tab %10.2f (``x'_icd17_days_ll') _tab %10.2f (``x'_icd18_days_ll') _tab %10.2f (``x'_icd19_days_ll') _tab %10.2f (``x'_icd20_days_ll') _tab %10.2f (``x'_icd21_days_ll') _tab %10.2f (``x
> '_icd22_days_ll') _tab %10.2f (``x'_icd1_days_ul') _tab %10.2f (``x'_icd2_days_ul') _tab %10.2f (``x'_icd3_days_ul') _tab %10.2f (``x'_icd4_days_ul') _tab %10.2f (``x'_icd5_days_ul') _tab %10.2f (``x'_icd6_d
> ays_ul') _tab %10.2f (``x'_icd7_days_ul') _tab %10.2f (``x'_icd8_days_ul') _tab %10.2f (``x'_icd9_days_ul') _tab %10.2f (``x'_icd10_days_ul') _tab %10.2f (``x'_icd11_days_ul') _tab %10.2f (``x'_icd12_days_ul
> ') _tab %10.2f (``x'_icd13_days_ul') _tab %10.2f (``x'_icd14_days_ul') _tab %10.2f (``x'_icd15_days_ul') _tab %10.2f (``x'_icd16_days_ul') _tab %10.2f (``x'_icd17_days_ul') _tab %10.2f (``x'_icd18_days_ul') 
> _tab %10.2f (``x'_icd19_days_ul') _tab %10.2f (``x'_icd20_days_ul') _tab %10.2f (``x'_icd21_days_ul') _tab %10.2f (``x'_icd22_days_ul') _n
 16. }
 17. }

Total estimation                           Number of obs = 277

--------------------------------------------------------------
             |      Total   Std. err.     [95% conf. interval]
-------------+------------------------------------------------
      weight |   20.28745   .2872493      19.72197    20.85292
--------------------------------------------------------------

Total estimation                           Number of obs = 201

--------------------------------------------------------------
             |      Total   Std. err.     [95% conf. interval]
-------------+------------------------------------------------
      weight |    14.4659    .241894      13.98891    14.94289
--------------------------------------------------------------

Total estimation                           Number of obs = 340

--------------------------------------------------------------
             |      Total   Std. err.     [95% conf. interval]
-------------+------------------------------------------------
      weight |   25.00243    .315153      24.38252    25.62233
--------------------------------------------------------------

Total estimation                           Number of obs = 324

--------------------------------------------------------------
             |      Total   Std. err.     [95% conf. interval]
-------------+------------------------------------------------
      weight |   23.55882    .332433      22.90481    24.21283
--------------------------------------------------------------

Total estimation                           Number of obs = 337

--------------------------------------------------------------
             |      Total   Std. err.     [95% conf. interval]
-------------+------------------------------------------------
      weight |   24.12139   .3596011      23.41404    24.82874
--------------------------------------------------------------

Total estimation                           Number of obs = 314

--------------------------------------------------------------
             |      Total   Std. err.     [95% conf. interval]
-------------+------------------------------------------------
      weight |   23.30107   .2906316      22.72923    23.87291
--------------------------------------------------------------

Total estimation                           Number of obs = 355

--------------------------------------------------------------
             |      Total   Std. err.     [95% conf. interval]
-------------+------------------------------------------------
      weight |    25.9603   .3369807      25.29756    26.62303
--------------------------------------------------------------

Total estimation                           Number of obs = 221

--------------------------------------------------------------
             |      Total   Std. err.     [95% conf. interval]
-------------+------------------------------------------------
      weight |   15.92438   .2751184      15.38217    16.46658
--------------------------------------------------------------

Total estimation                           Number of obs = 331

--------------------------------------------------------------
             |      Total   Std. err.     [95% conf. interval]
-------------+------------------------------------------------
      weight |   23.88843   .3251711      23.24876     24.5281
--------------------------------------------------------------

Total estimation                           Number of obs = 295

--------------------------------------------------------------
             |      Total   Std. err.     [95% conf. interval]
-------------+------------------------------------------------
      weight |    21.3271   .3096114      20.71776    21.93643
--------------------------------------------------------------

Total estimation                           Number of obs = 341

--------------------------------------------------------------
             |      Total   Std. err.     [95% conf. interval]
-------------+------------------------------------------------
      weight |   24.62324   .3331737       23.9679    25.27859
--------------------------------------------------------------

Total estimation                           Number of obs = 355

--------------------------------------------------------------
             |      Total   Std. err.     [95% conf. interval]
-------------+------------------------------------------------
      weight |   25.82894   .3386844      25.16286    26.49503
--------------------------------------------------------------

Total estimation                           Number of obs = 673

--------------------------------------------------------------
             |      Total   Std. err.     [95% conf. interval]
-------------+------------------------------------------------
      weight |   48.68142   .4682574      47.76199    49.60084
--------------------------------------------------------------

Total estimation                           Number of obs = 411

--------------------------------------------------------------
             |      Total   Std. err.     [95% conf. interval]
-------------+------------------------------------------------
      weight |   30.15608   .3592943      29.44979    30.86237
--------------------------------------------------------------

Total estimation                           Number of obs = 624

--------------------------------------------------------------
             |      Total   Std. err.     [95% conf. interval]
-------------+------------------------------------------------
      weight |    45.2998   .4408723      44.43402    46.16558
--------------------------------------------------------------

Total estimation                           Number of obs = 609

--------------------------------------------------------------
             |      Total   Std. err.     [95% conf. interval]
-------------+------------------------------------------------
      weight |   44.14738   .4475138      43.26852    45.02624
--------------------------------------------------------------

Total estimation                           Number of obs = 621

--------------------------------------------------------------
             |      Total   Std. err.     [95% conf. interval]
-------------+------------------------------------------------
      weight |   45.17835   .4410662      44.31219    46.04452
--------------------------------------------------------------

Total estimation                           Number of obs = 628

--------------------------------------------------------------
             |      Total   Std. err.     [95% conf. interval]
-------------+------------------------------------------------
      weight |   46.70251   .4021458       45.9128    47.49223
--------------------------------------------------------------

Total estimation                           Number of obs = 320

--------------------------------------------------------------
             |      Total   Std. err.     [95% conf. interval]
-------------+------------------------------------------------
      weight |   23.53528   .3006617      22.94375    24.12681
--------------------------------------------------------------

Total estimation                           Number of obs = 227

--------------------------------------------------------------
             |      Total   Std. err.     [95% conf. interval]
-------------+------------------------------------------------
      weight |   16.84755   .2316714      16.39103    17.30406
--------------------------------------------------------------

Total estimation                           Number of obs = 326

--------------------------------------------------------------
             |      Total   Std. err.     [95% conf. interval]
-------------+------------------------------------------------
      weight |   23.48075   .3307793      22.83001    24.13149
--------------------------------------------------------------

Total estimation                           Number of obs = 321

--------------------------------------------------------------
             |      Total   Std. err.     [95% conf. interval]
-------------+------------------------------------------------
      weight |   23.63936   .3039658      23.04133    24.23738
--------------------------------------------------------------

Total estimation                           Number of obs = 330

--------------------------------------------------------------
             |      Total   Std. err.     [95% conf. interval]
-------------+------------------------------------------------
      weight |   23.74592   .3419321      23.07327    24.41857
--------------------------------------------------------------

Total estimation                           Number of obs = 307

--------------------------------------------------------------
             |      Total   Std. err.     [95% conf. interval]
-------------+------------------------------------------------
      weight |   22.47331   .3161706      21.85117    23.09546
--------------------------------------------------------------

Total estimation                           Number of obs = 297

--------------------------------------------------------------
             |      Total   Std. err.     [95% conf. interval]
-------------+------------------------------------------------
      weight |   22.01854   .2934034      21.44112    22.59596
--------------------------------------------------------------

Total estimation                           Number of obs = 202

--------------------------------------------------------------
             |      Total   Std. err.     [95% conf. interval]
-------------+------------------------------------------------
      weight |    14.9058   .2577219      14.39761    15.41398
--------------------------------------------------------------

Total estimation                           Number of obs = 337

--------------------------------------------------------------
             |      Total   Std. err.     [95% conf. interval]
-------------+------------------------------------------------
      weight |   24.80789   .3256327      24.16735    25.44842
--------------------------------------------------------------

Total estimation                           Number of obs = 325

--------------------------------------------------------------
             |      Total   Std. err.     [95% conf. interval]
-------------+------------------------------------------------
      weight |    24.0173   .3106919      23.40608    24.62853
--------------------------------------------------------------

Total estimation                           Number of obs = 343

--------------------------------------------------------------
             |      Total   Std. err.     [95% conf. interval]
-------------+------------------------------------------------
      weight |   25.09289   .3119806      24.47924    25.70653
--------------------------------------------------------------

Total estimation                           Number of obs = 317

--------------------------------------------------------------
             |      Total   Std. err.     [95% conf. interval]
-------------+------------------------------------------------
      weight |   22.86365   .3431764      22.18845    23.53884
--------------------------------------------------------------

Total estimation                           Number of obs = 339

--------------------------------------------------------------
             |      Total   Std. err.     [95% conf. interval]
-------------+------------------------------------------------
      weight |   24.57121   .3418533      23.89878    25.24363
--------------------------------------------------------------

Total estimation                           Number of obs = 195

--------------------------------------------------------------
             |      Total   Std. err.     [95% conf. interval]
-------------+------------------------------------------------
      weight |   13.66788   .2878065      13.10024    14.23551
--------------------------------------------------------------

Total estimation                           Number of obs = 326

--------------------------------------------------------------
             |      Total   Std. err.     [95% conf. interval]
-------------+------------------------------------------------
      weight |   23.93055   .3075117      23.32559    24.53552
--------------------------------------------------------------

Total estimation                           Number of obs = 303

--------------------------------------------------------------
             |      Total   Std. err.     [95% conf. interval]
-------------+------------------------------------------------
      weight |   21.81781   .3289912       21.1704    22.46521
--------------------------------------------------------------

Total estimation                           Number of obs = 329

--------------------------------------------------------------
             |      Total   Std. err.     [95% conf. interval]
-------------+------------------------------------------------
      weight |   24.10528   .3230789      23.46971    24.74085
--------------------------------------------------------------

Total estimation                           Number of obs = 291

--------------------------------------------------------------
             |      Total   Std. err.     [95% conf. interval]
-------------+------------------------------------------------
      weight |   21.37047   .3035325      20.77306    21.96787
--------------------------------------------------------------

Total estimation                           Number of obs = 306

--------------------------------------------------------------
             |      Total   Std. err.     [95% conf. interval]
-------------+------------------------------------------------
      weight |   21.90826   .3316525      21.25565    22.56088
--------------------------------------------------------------

Total estimation                           Number of obs = 222

--------------------------------------------------------------
             |      Total   Std. err.     [95% conf. interval]
-------------+------------------------------------------------
      weight |   16.04705   .2728166       15.5094    16.58471
--------------------------------------------------------------

Total estimation                           Number of obs = 309

--------------------------------------------------------------
             |      Total   Std. err.     [95% conf. interval]
-------------+------------------------------------------------
      weight |    21.7484   .3458196      21.06794    22.42887
--------------------------------------------------------------

Total estimation                           Number of obs = 325

--------------------------------------------------------------
             |      Total   Std. err.     [95% conf. interval]
-------------+------------------------------------------------
      weight |   23.67035   .3283478      23.02438    24.31631
--------------------------------------------------------------

Total estimation                           Number of obs = 321

--------------------------------------------------------------
             |      Total   Std. err.     [95% conf. interval]
-------------+------------------------------------------------
      weight |   23.42003   .3173078      22.79576     24.0443
--------------------------------------------------------------

Total estimation                           Number of obs = 323

--------------------------------------------------------------
             |      Total   Std. err.     [95% conf. interval]
-------------+------------------------------------------------
      weight |   23.61706   .3237862      22.98006    24.25406
--------------------------------------------------------------

Total estimation                           Number of obs = 312

--------------------------------------------------------------
             |      Total   Std. err.     [95% conf. interval]
-------------+------------------------------------------------
      weight |   22.61209   .3230133      21.97653    23.24766
--------------------------------------------------------------

Total estimation                           Number of obs = 218

--------------------------------------------------------------
             |      Total   Std. err.     [95% conf. interval]
-------------+------------------------------------------------
      weight |   15.73479   .2666036      15.20932    16.26025
--------------------------------------------------------------

Total estimation                           Number of obs = 350

--------------------------------------------------------------
             |      Total   Std. err.     [95% conf. interval]
-------------+------------------------------------------------
      weight |   25.64058   .3214778       25.0083    26.27286
--------------------------------------------------------------

Total estimation                           Number of obs = 351

--------------------------------------------------------------
             |      Total   Std. err.     [95% conf. interval]
-------------+------------------------------------------------
      weight |   25.32957   .3434143      24.65415    26.00498
--------------------------------------------------------------

Total estimation                           Number of obs = 299

--------------------------------------------------------------
             |      Total   Std. err.     [95% conf. interval]
-------------+------------------------------------------------
      weight |   22.01978   .3005315      21.42834    22.61121
--------------------------------------------------------------

Total estimation                           Number of obs = 318

--------------------------------------------------------------
             |      Total   Std. err.     [95% conf. interval]
-------------+------------------------------------------------
      weight |   23.74717   .2778416      23.20052    24.29381
--------------------------------------------------------------

Total estimation                           Number of obs = 330

--------------------------------------------------------------
             |      Total   Std. err.     [95% conf. interval]
-------------+------------------------------------------------
      weight |    24.1152   .3046969       23.5158     24.7146
--------------------------------------------------------------

Total estimation                           Number of obs = 180

--------------------------------------------------------------
             |      Total   Std. err.     [95% conf. interval]
-------------+------------------------------------------------
      weight |   12.92562   .2572257      12.41804    13.43321
--------------------------------------------------------------

Total estimation                           Number of obs = 296

--------------------------------------------------------------
             |      Total   Std. err.     [95% conf. interval]
-------------+------------------------------------------------
      weight |   21.88967   .2983786      21.30245    22.47689
--------------------------------------------------------------

Total estimation                           Number of obs = 310

--------------------------------------------------------------
             |      Total   Std. err.     [95% conf. interval]
-------------+------------------------------------------------
      weight |   22.91074   .2978616      22.32464    23.49683
--------------------------------------------------------------

Total estimation                           Number of obs = 352

--------------------------------------------------------------
             |      Total   Std. err.     [95% conf. interval]
-------------+------------------------------------------------
      weight |   26.11644   .3141676      25.49855    26.73432
--------------------------------------------------------------

Total estimation                           Number of obs = 326

--------------------------------------------------------------
             |      Total   Std. err.     [95% conf. interval]
-------------+------------------------------------------------
      weight |   23.52907   .3233024      22.89304     24.1651
--------------------------------------------------------------

. 
. forvalues i=0/1 {
  2. local label`i': label urban `i'
  3. foreach x of local year {
  4. file write tablecontent ("01/04/`x'") _tab ("`label`i''") _tab
  5. use ./output/`x'_ckd_complete.dta, clear
  6. total weight if urban==`i'
  7. local denom = r(table)[1,1]
  8. 
. foreach outcome of varlist hospital_days critical_care_days emergency_days op_appts neph_appts tx_appts gp_interactions fistula_formation pd_insertion blood_pressure albuminuria creatinine icd1_days icd2_day
> s icd3_days icd4_days icd5_days icd6_days icd7_days icd8_days icd9_days icd10_days icd11_days icd12_days icd13_days icd14_days icd15_days icd16_days icd17_days icd18_days icd19_days icd20_days icd21_days icd
> 22_days {
  9. qui su urban_`outcome' if urban==`i'
 10. local `x'_`outcome' = (r(mean)/`denom')*100000
 11. local `x'_`outcome'_ef = exp(1.96 * sqrt(1 / ``x'_`outcome''))
 12. local `x'_`outcome'_ul = ``x'_`outcome'' * ``x'_`outcome'_ef'
 13. local `x'_`outcome'_ll = ``x'_`outcome'' / ``x'_`outcome'_ef'
 14. }
 15. 
. file write tablecontent %10.2f (``x'_hospital_days') _tab %10.2f (``x'_hospital_days_ll') _tab %10.2f (``x'_hospital_days_ul') _tab %10.2f (``x'_critical_care_days') _tab %10.2f (``x'_critical_care_days_ll')
>  _tab %10.2f (``x'_critical_care_days_ul') _tab %10.2f (``x'_emergency_days') _tab %10.2f (``x'_emergency_days_ll') _tab %10.2f (``x'_emergency_days_ul') _tab %10.2f (``x'_fistula_formation') _tab %10.2f (``
> x'_fistula_formation_ll') _tab %10.2f (``x'_fistula_formation_ul') _tab %10.2f (``x'_pd_insertion') _tab %10.2f (``x'_pd_insertion_ll') _tab %10.2f (``x'_pd_insertion_ul') _tab %10.2f (``x'_op_appts') _tab %
> 10.2f (``x'_op_appts_ll') _tab %10.2f (``x'_op_appts_ul') _tab %10.2f (``x'_neph_appts') _tab %10.2f (``x'_neph_appts_ll') _tab %10.2f (``x'_neph_appts_ul') _tab %10.2f (``x'_tx_appts') _tab %10.2f (``x'_tx_
> appts_ll') _tab %10.2f (``x'_tx_appts_ul') _tab %10.2f (``x'_gp_interactions') _tab %10.2f (``x'_gp_interactions_ll') _tab %10.2f (``x'_gp_interactions_ul') _tab %10.2f (``x'_blood_pressure') _tab %10.2f (``
> x'_blood_pressure_ll') _tab %10.2f (``x'_blood_pressure_ul') _tab %10.2f (``x'_albuminuria') _tab %10.2f (``x'_albuminuria_ll') _tab %10.2f (``x'_albuminuria_ul') _tab %10.2f (``x'_creatinine') _tab %10.2f (
> ``x'_creatinine_ll') _tab %10.2f (``x'_creatinine_ul') _tab %10.2f (``x'_icd1_days') _tab %10.2f (``x'_icd2_days') _tab %10.2f (``x'_icd3_days') _tab %10.2f (``x'_icd4_days') _tab %10.2f (``x'_icd5_days') _t
> ab %10.2f (``x'_icd6_days') _tab %10.2f (``x'_icd7_days') _tab %10.2f (``x'_icd8_days') _tab %10.2f (``x'_icd9_days') _tab %10.2f (``x'_icd10_days') _tab %10.2f (``x'_icd11_days') _tab %10.2f (``x'_icd12_day
> s') _tab %10.2f (``x'_icd13_days') _tab %10.2f (``x'_icd14_days') _tab %10.2f (``x'_icd15_days') _tab %10.2f (``x'_icd16_days') _tab %10.2f (``x'_icd17_days') _tab %10.2f (``x'_icd18_days') _tab %10.2f (``x'
> _icd19_days') _tab %10.2f (``x'_icd20_days') _tab %10.2f (``x'_icd21_days') _tab %10.2f (``x'_icd22_days') _tab %10.2f (``x'_icd1_days_ll') _tab %10.2f (``x'_icd2_days_ll') _tab %10.2f (``x'_icd3_days_ll') _
> tab %10.2f (``x'_icd4_days_ll') _tab %10.2f (``x'_icd5_days_ll') _tab %10.2f (``x'_icd6_days_ll') _tab %10.2f (``x'_icd7_days_ll') _tab %10.2f (``x'_icd8_days_ll') _tab %10.2f (``x'_icd9_days_ll') _tab %10.2
> f (``x'_icd10_days_ll') _tab %10.2f (``x'_icd11_days_ll') _tab %10.2f (``x'_icd12_days_ll') _tab %10.2f (``x'_icd13_days_ll') _tab %10.2f (``x'_icd14_days_ll') _tab %10.2f (``x'_icd15_days_ll') _tab %10.2f (
> ``x'_icd16_days_ll') _tab %10.2f (``x'_icd17_days_ll') _tab %10.2f (``x'_icd18_days_ll') _tab %10.2f (``x'_icd19_days_ll') _tab %10.2f (``x'_icd20_days_ll') _tab %10.2f (``x'_icd21_days_ll') _tab %10.2f (``x
> '_icd22_days_ll') _tab %10.2f (``x'_icd1_days_ul') _tab %10.2f (``x'_icd2_days_ul') _tab %10.2f (``x'_icd3_days_ul') _tab %10.2f (``x'_icd4_days_ul') _tab %10.2f (``x'_icd5_days_ul') _tab %10.2f (``x'_icd6_d
> ays_ul') _tab %10.2f (``x'_icd7_days_ul') _tab %10.2f (``x'_icd8_days_ul') _tab %10.2f (``x'_icd9_days_ul') _tab %10.2f (``x'_icd10_days_ul') _tab %10.2f (``x'_icd11_days_ul') _tab %10.2f (``x'_icd12_days_ul
> ') _tab %10.2f (``x'_icd13_days_ul') _tab %10.2f (``x'_icd14_days_ul') _tab %10.2f (``x'_icd15_days_ul') _tab %10.2f (``x'_icd16_days_ul') _tab %10.2f (``x'_icd17_days_ul') _tab %10.2f (``x'_icd18_days_ul') 
> _tab %10.2f (``x'_icd19_days_ul') _tab %10.2f (``x'_icd20_days_ul') _tab %10.2f (``x'_icd21_days_ul') _tab %10.2f (``x'_icd22_days_ul') _n
 16. }
 17. }

Total estimation                         Number of obs = 1,926

--------------------------------------------------------------
             |      Total   Std. err.     [95% conf. interval]
-------------+------------------------------------------------
      weight |    140.162   .7864917      138.6196    141.7045
--------------------------------------------------------------

Total estimation                         Number of obs = 1,246

--------------------------------------------------------------
             |      Total   Std. err.     [95% conf. interval]
-------------+------------------------------------------------
      weight |   90.18197   .6431926      88.92011    91.44383
--------------------------------------------------------------

Total estimation                         Number of obs = 1,893

--------------------------------------------------------------
             |      Total   Std. err.     [95% conf. interval]
-------------+------------------------------------------------
      weight |   137.2438   .7845059      135.7053    138.7824
--------------------------------------------------------------

Total estimation                         Number of obs = 1,934

--------------------------------------------------------------
             |      Total   Std. err.     [95% conf. interval]
-------------+------------------------------------------------
      weight |   140.7048   .8028768      139.1302    142.2794
--------------------------------------------------------------

Total estimation                         Number of obs = 1,989

--------------------------------------------------------------
             |      Total   Std. err.     [95% conf. interval]
-------------+------------------------------------------------
      weight |    145.027   .7928558      143.4721    146.5819
--------------------------------------------------------------

Total estimation                         Number of obs = 1,863

--------------------------------------------------------------
             |      Total   Std. err.     [95% conf. interval]
-------------+------------------------------------------------
      weight |   135.8845   .7714353      134.3715    137.3974
--------------------------------------------------------------

Total estimation                         Number of obs = 1,283

--------------------------------------------------------------
             |      Total   Std. err.     [95% conf. interval]
-------------+------------------------------------------------
      weight |   93.52769   .6297188       92.2923    94.76309
--------------------------------------------------------------

Total estimation                           Number of obs = 831

--------------------------------------------------------------
             |      Total   Std. err.     [95% conf. interval]
-------------+------------------------------------------------
      weight |   60.49307   .5142536      59.48368    61.50246
--------------------------------------------------------------

Total estimation                         Number of obs = 1,346

--------------------------------------------------------------
             |      Total   Std. err.     [95% conf. interval]
-------------+------------------------------------------------
      weight |   98.44465   .6376269       97.1938    99.69551
--------------------------------------------------------------

Total estimation                         Number of obs = 1,229

--------------------------------------------------------------
             |      Total   Std. err.     [95% conf. interval]
-------------+------------------------------------------------
      weight |   89.71359   .6105881      88.51568    90.91151
--------------------------------------------------------------

Total estimation                         Number of obs = 1,284

--------------------------------------------------------------
             |      Total   Std. err.     [95% conf. interval]
-------------+------------------------------------------------
      weight |   93.39634   .6435725      92.13377    94.65891
--------------------------------------------------------------

Total estimation                         Number of obs = 1,316

--------------------------------------------------------------
             |      Total   Std. err.     [95% conf. interval]
-------------+------------------------------------------------
      weight |   97.54877    .601215      96.36932    98.72821
--------------------------------------------------------------

. 
. file close tablecontent

. 
end of do-file

. do "C:\Users\LSH170~1\AppData\Local\Temp\STD2120_000000.tmp"

. sysdir set PLUS ./analysis/adofiles

. sysdir set PERSONAL ./analysis/adofiles

. pwd
C:\Users\lsh1703468\Documents\repo\ckd-healthcare-use

. **Loops through datasets for each year 2017-2018 to 2022-2023
. * `dataset' specifies year from project.yaml script
. local dataset `1'

. cap log close
